spk_ver/v00/v0000	SES146	0.836305	-7.17106	-8.00737
spk_ver/v00/v0001	SES002	-5.83929	-14.6892	-8.84992
spk_ver/v00/v0002	SES002	-2.61501	-10.2661	-7.65113
spk_ver/v00/v0003	SES002	-4.44553	-12.2605	-7.81498
spk_ver/v00/v0004	SES002	-1.86871	-10.0596	-8.1909
spk_ver/v00/v0005	SES002	-2.33115	-9.69048	-7.35932
spk_ver/v00/v0006	SES002	-4.06874	-12.2742	-8.20544
spk_ver/v00/v0007	SES002	-1.09425	-8.62205	-7.5278
spk_ver/v00/v0008	SES146	0.0432739	-8.24089	-8.28416
spk_ver/v00/v0009	SES002	-0.869564	-8.46955	-7.59998
spk_ver/v00/v0010	SES002	-1.91086	-9.42857	-7.51771
spk_ver/v00/v0011	SES002	-0.426252	-9.15346	-8.72721
spk_ver/v00/v0012	SES002	-3.29569	-10.5631	-7.26738
spk_ver/v00/v0013	SES002	-1.50367	-8.93957	-7.43589
spk_ver/v00/v0014	SES002	-0.818607	-9.34515	-8.52654
spk_ver/v00/v0015	SES002	-1.28551	-9.02727	-7.74176
spk_ver/v00/v0016	SES275	0.526008	-7.57284	-8.09885
spk_ver/v00/v0017	SES002	-0.27104	-8.96654	-8.6955
spk_ver/v00/v0018	SES002	-3.8112	-12.0053	-8.19411
spk_ver/v00/v0019	SES002	-0.384458	-8.09263	-7.70817
spk_ver/v00/v0020	SES002	-5.03358	-12.9294	-7.89586
spk_ver/v00/v0021	SES002	-2.27846	-10.1401	-7.86163
spk_ver/v00/v0022	SES002	-1.56323	-9.47174	-7.9085
spk_ver/v00/v0023	SES002	-3.36894	-9.67103	-6.3021
spk_ver/v00/v0024	SES002	-5.9283	-14.5957	-8.66742
spk_ver/v00/v0025	SES002	-3.00163	-10.7501	-7.74848
spk_ver/v00/v0026	SES002	-3.54667	-10.4747	-6.92806
spk_ver/v00/v0027	SES129	0.793314	-8.26585	-9.05916
spk_ver/v00/v0028	SES007	-1.27649	-8.9362	-7.65971
spk_ver/v00/v0029	SES083	-0.346843	-7.62464	-7.2778
spk_ver/v00/v0030	SES019	2.50335	-6.44499	-8.94835
spk_ver/v00/v0031	SES007	-0.912414	-8.06497	-7.15255
spk_ver/v00/v0032	SES270	0.397635	-7.40372	-7.80135
spk_ver/v00/v0033	SES007	-2.72528	-11.7885	-9.06319
spk_ver/v00/v0034	SES007	-0.80658	-9.3033	-8.49672
spk_ver/v00/v0035	SES007	-0.384449	-7.03107	-6.64662
spk_ver/v00/v0036	SES007	-0.618536	-8.1283	-7.50976
spk_ver/v00/v0037	SES007	-2.93075	-11.5769	-8.6462
spk_ver/v00/v0038	SES259	0.921304	-6.99274	-7.91405
spk_ver/v00/v0039	SES007	-3.62782	-12.0855	-8.45764
spk_ver/v00/v0040	SES007	-1.67376	-9.61677	-7.94301
spk_ver/v00/v0041	SES007	-1.00936	-8.5786	-7.56924
spk_ver/v00/v0042	SES007	-0.550529	-7.82744	-7.27691
spk_ver/v00/v0043	SES007	0.374821	-6.99258	-7.3674
spk_ver/v00/v0044	SES007	-1.42679	-8.39147	-6.96468
spk_ver/v00/v0045	SES007	-0.707907	-8.24572	-7.53781
spk_ver/v00/v0046	SES007	-0.824265	-8.35758	-7.53331
spk_ver/v00/v0047	SES172	0.221159	-7.91928	-8.14044
spk_ver/v00/v0048	SES105	0.812027	-7.29752	-8.10955
spk_ver/v00/v0049	SES007	-0.242233	-7.63287	-7.39064
spk_ver/v00/v0050	SES292	-0.0531225	-7.55548	-7.50235
spk_ver/v00/v0051	SES007	-0.145351	-7.85	-7.70465
spk_ver/v00/v0052	SES068	0.11734	-7.25606	-7.3734
spk_ver/v00/v0053	SES008	-1.24735	-8.07445	-6.8271
spk_ver/v00/v0054	SES008	-1.98674	-9.41634	-7.4296
spk_ver/v00/v0055	SES008	-1.40449	-9.62849	-8.22401
spk_ver/v00/v0056	SES008	-3.7841	-12.366	-8.58195
spk_ver/v00/v0057	SES008	-3.35963	-11.5539	-8.19424
spk_ver/v00/v0058	SES083	0.328011	-7.69887	-8.02688
spk_ver/v00/v0059	SES158	0.506656	-7.28064	-7.7873
spk_ver/v00/v0060	SES008	-4.56562	-12.7077	-8.14208
spk_ver/v00/v0061	SES101	0.195153	-7.86314	-8.05829
spk_ver/v00/v0062	SES008	-1.89571	-9.53359	-7.63788
spk_ver/v00/v0063	SES008	-1.4713	-9.02995	-7.55865
spk_ver/v00/v0064	SES117	0.529162	-7.54791	-8.07707
spk_ver/v00/v0065	SES149	0.149787	-7.27984	-7.42963
spk_ver/v00/v0066	SES008	0.331	-7.42823	-7.75923
spk_ver/v00/v0067	SES008	-1.87466	-9.69862	-7.82396
spk_ver/v00/v0068	SES162	0.685991	-8.24871	-8.9347
spk_ver/v00/v0069	SES008	-8.98354	-18.7268	-9.74329
spk_ver/v00/v0070	SES008	-1.315	-8.97191	-7.65692
spk_ver/v00/v0071	SES008	-1.97399	-9.87696	-7.90296
spk_ver/v00/v0072	SES008	-0.549272	-6.78233	-6.23306
spk_ver/v00/v0073	SES008	-3.04174	-10.6136	-7.57186
spk_ver/v00/v0074	SES008	-3.63776	-12.2801	-8.64237
spk_ver/v00/v0075	SES008	-6.03198	-14.8876	-8.85564
spk_ver/v00/v0076	SES167	0.653183	-5.917	-6.57018
spk_ver/v00/v0077	SES008	-0.9112	-7.65297	-6.74177
spk_ver/v00/v0078	SES177	0.125968	-7.0133	-7.13927
spk_ver/v00/v0079	SES008	-0.380703	-8.05073	-7.67002
spk_ver/v00/v0080	SES008	-1.66337	-9.69566	-8.03229
spk_ver/v00/v0081	SES008	-2.79169	-11.4095	-8.61777
spk_ver/v00/v0082	SES008	-1.75777	-9.57215	-7.81438
spk_ver/v00/v0083	SES008	-5.21037	-14.312	-9.1016
spk_ver/v00/v0084	SES144	0.669254	-7.04239	-7.71164
spk_ver/v00/v0085	SES008	-2.30592	-10.1834	-7.87747
spk_ver/v00/v0086	SES008	-1.55055	-8.24608	-6.69553
spk_ver/v00/v0087	SES008	-3.37791	-11.1947	-7.81679
spk_ver/v00/v0088	SES008	-1.38849	-8.86012	-7.47163
spk_ver/v00/v0089	SES008	-1.83511	-9.25027	-7.41516
spk_ver/v00/v0090	SES142	0.485229	-7.13845	-7.62368
spk_ver/v00/v0091	SES008	-3.37497	-11.9796	-8.60467
spk_ver/v00/v0092	SES158	-0.0953836	-9.10367	-9.00829
spk_ver/v00/v0093	SES014	-1.49061	-8.54442	-7.05382
spk_ver/v00/v0094	SES014	-2.90502	-12.4028	-9.4978
spk_ver/v00/v0095	SES014	0.565542	-7.90942	-8.47496
spk_ver/v00/v0096	SES014	-2.58028	-10.7019	-8.12164
spk_ver/v00/v0097	SES014	-1.28639	-10.0019	-8.71546
spk_ver/v00/v0098	SES014	-1.04819	-8.21438	-7.16619
spk_ver/v00/v0099	SES014	-2.37085	-10.3158	-7.94492
spk_ver/v01/v0100	SES127	0.700346	-6.58975	-7.29009
spk_ver/v01/v0101	SES014	-4.63565	-13.5511	-8.91546
spk_ver/v01/v0102	SES014	-1.73264	-10.255	-8.52238
spk_ver/v01/v0103	SES014	-3.9771	-12.4123	-8.43521
spk_ver/v01/v0104	SES014	-4.64587	-12.5696	-7.92378
spk_ver/v01/v0105	SES014	-1.88636	-12.0748	-10.1885
spk_ver/v01/v0106	SES014	0.3806	-8.38857	-8.76917
spk_ver/v01/v0107	SES014	-3.86047	-11.9821	-8.12162
spk_ver/v01/v0108	SES014	-3.24198	-11.1767	-7.93471
spk_ver/v01/v0109	SES014	-1.50258	-9.31593	-7.81335
spk_ver/v01/v0110	SES014	-1.76279	-11.3837	-9.62089
spk_ver/v01/v0111	SES014	-0.290223	-8.03642	-7.7462
spk_ver/v01/v0112	SES014	-2.58593	-9.46061	-6.87468
spk_ver/v01/v0113	SES104	-0.652581	-10.2779	-9.62535
spk_ver/v01/v0114	SES082	0.328123	-7.43801	-7.76613
spk_ver/v01/v0115	SES087	0.580799	-7.47371	-8.05451
spk_ver/v01/v0116	SES014	-0.15445	-7.92673	-7.77228
spk_ver/v01/v0117	SES177	-0.268483	-8.00996	-7.74147
spk_ver/v01/v0118	SES014	-2.3057	-10.2207	-7.91503
spk_ver/v01/v0119	SES014	-0.749127	-8.69642	-7.9473
spk_ver/v01/v0120	SES014	-2.05116	-9.63109	-7.57993
spk_ver/v01/v0121	SES146	0.0950546	-7.18916	-7.28421
spk_ver/v01/v0122	SES014	1.35446	-6.11694	-7.4714
spk_ver/v01/v0123	SES014	-1.20233	-8.71727	-7.51494
spk_ver/v01/v0124	SES014	-6.23464	-14.6591	-8.42443
spk_ver/v01/v0125	SES014	-2.16655	-10.3413	-8.17474
spk_ver/v01/v0126	SES016	-0.787926	-8.11118	-7.32325
spk_ver/v01/v0127	SES016	-1.07109	-8.53906	-7.46797
spk_ver/v01/v0128	SES106	0.970952	-7.49674	-8.46769
spk_ver/v01/v0129	SES016	-2.60958	-9.84601	-7.23643
spk_ver/v01/v0130	SES016	-0.818145	-8.8562	-8.03806
spk_ver/v01/v0131	SES016	-3.38688	-11.1419	-7.75497
spk_ver/v01/v0132	SES016	-2.03994	-9.88105	-7.84111
spk_ver/v01/v0133	SES016	-0.212277	-8.10501	-7.89273
spk_ver/v01/v0134	SES016	-0.971099	-7.91061	-6.93951
spk_ver/v01/v0135	SES016	-2.2082	-10.6037	-8.39553
spk_ver/v01/v0136	SES016	-0.704125	-8.13543	-7.43131
spk_ver/v01/v0137	SES007	-0.0413513	-8.51096	-8.4696
spk_ver/v01/v0138	SES016	-0.728589	-8.00932	-7.28073
spk_ver/v01/v0139	SES016	-0.739539	-7.8194	-7.07986
spk_ver/v01/v0140	SES016	0.997847	-6.81123	-7.80907
spk_ver/v01/v0141	SES016	-11.5509	-22.8484	-11.2975
spk_ver/v01/v0142	SES016	-4.85577	-13.2873	-8.43151
spk_ver/v01/v0143	SES016	-4.92895	-13.771	-8.84209
spk_ver/v01/v0144	SES016	-1.18941	-8.8115	-7.62209
spk_ver/v01/v0145	SES016	-5.12885	-14.392	-9.26319
spk_ver/v01/v0146	SES016	-0.774081	-7.37076	-6.59668
spk_ver/v01/v0147	SES016	-0.707472	-8.36916	-7.66169
spk_ver/v01/v0148	SES127	0.640799	-7.24436	-7.88516
spk_ver/v01/v0149	SES016	-3.07074	-11.3624	-8.29163
spk_ver/v01/v0150	SES016	-0.893192	-7.93819	-7.045
spk_ver/v01/v0151	SES147	0.817595	-7.52201	-8.3396
spk_ver/v01/v0152	SES016	-1.58405	-9.00547	-7.42142
spk_ver/v01/v0153	SES104	0.165483	-7.56679	-7.73227
spk_ver/v01/v0154	SES016	-2.00378	-10.4415	-8.4377
spk_ver/v01/v0155	SES016	-2.16106	-10.0435	-7.8824
spk_ver/v01/v0156	SES019	-0.768661	-9.94742	-9.17876
spk_ver/v01/v0157	SES019	-3.53908	-10.1796	-6.64057
spk_ver/v01/v0158	SES019	-0.391719	-9.10835	-8.71663
spk_ver/v01/v0159	SES007	0.440586	-7.72861	-8.16919
spk_ver/v01/v0160	SES019	-3.28021	-10.2735	-6.99326
spk_ver/v01/v0161	SES019	-4.55369	-13.1895	-8.63577
spk_ver/v01/v0162	SES019	-5.29715	-12.4582	-7.16109
spk_ver/v01/v0163	SES189	0.99534	-7.3491	-8.34444
spk_ver/v01/v0164	SES019	-2.40924	-10.3482	-7.93901
spk_ver/v01/v0165	SES019	-1.45696	-11.3458	-9.88882
spk_ver/v01/v0166	SES019	-4.00489	-11.4876	-7.48275
spk_ver/v01/v0167	SES019	-6.13701	-14.4766	-8.33959
spk_ver/v01/v0168	SES019	-2.16165	-11.5301	-9.36845
spk_ver/v01/v0169	SES019	-14.89	-25.2363	-10.3463
spk_ver/v01/v0170	SES270	0.80738	-7.39381	-8.20119
spk_ver/v01/v0171	SES019	-3.12891	-10.9622	-7.83327
spk_ver/v01/v0172	SES019	-4.8625	-12.9681	-8.1056
spk_ver/v01/v0173	SES206	0.481083	-7.93319	-8.41427
spk_ver/v01/v0174	SES019	-5.12334	-14.6654	-9.54208
spk_ver/v01/v0175	SES014	1.04334	-6.94627	-7.9896
spk_ver/v01/v0176	SES019	-6.11044	-13.7623	-7.65187
spk_ver/v01/v0177	SES120	0.209434	-7.97861	-8.18805
spk_ver/v01/v0178	SES019	-1.13296	-9.8394	-8.70644
spk_ver/v01/v0179	SES019	-3.29	-10.0643	-6.77426
spk_ver/v01/v0180	SES175	0.542013	-6.89768	-7.4397
spk_ver/v01/v0181	SES019	-5.52659	-13.5215	-7.99491
spk_ver/v01/v0182	SES019	-6.2967	-14.1885	-7.89182
spk_ver/v01/v0183	SES029	-0.631021	-8.85406	-8.22303
spk_ver/v01/v0184	SES029	-4.64869	-12.894	-8.24533
spk_ver/v01/v0185	SES029	-0.855834	-8.27392	-7.41808
spk_ver/v01/v0186	SES068	0.0182805	-7.37015	-7.38843
spk_ver/v01/v0187	SES029	-2.21607	-9.66508	-7.44901
spk_ver/v01/v0188	SES029	-4.03689	-10.9795	-6.94263
spk_ver/v01/v0189	SES149	0.294527	-6.8614	-7.15592
spk_ver/v01/v0190	SES029	-5.75898	-13.5521	-7.79308
spk_ver/v01/v0191	SES029	-4.36229	-12.4912	-8.12894
spk_ver/v01/v0192	SES183	0.367225	-7.37015	-7.73738
spk_ver/v01/v0193	SES029	-1.75123	-10.1334	-8.3822
spk_ver/v01/v0194	SES016	0.595097	-7.46354	-8.05864
spk_ver/v01/v0195	SES029	-1.24293	-9.002	-7.75907
spk_ver/v01/v0196	SES029	-1.39009	-9.21009	-7.82
spk_ver/v01/v0197	SES029	-1.61921	-9.37118	-7.75197
spk_ver/v01/v0198	SES146	-0.21428	-8.95691	-8.74263
spk_ver/v01/v0199	SES029	-2.24747	-10.207	-7.9595
spk_ver/v02/v0200	SES029	-0.482366	-9.21129	-8.72893
spk_ver/v02/v0201	SES068	0.152767	-7.20349	-7.35626
spk_ver/v02/v0202	SES148	0.831473	-6.66955	-7.50103
spk_ver/v02/v0203	SES029	-1.40181	-9.51164	-8.10983
spk_ver/v02/v0204	SES029	-0.791456	-8.15575	-7.36429
spk_ver/v02/v0205	SES060	0.513675	-6.6304	-7.14407
spk_ver/v02/v0206	SES127	1.13167	-6.67604	-7.80771
spk_ver/v02/v0207	SES029	-3.89026	-13.3446	-9.45437
spk_ver/v02/v0208	SES048	0.810885	-8.17131	-8.9822
spk_ver/v02/v0209	SES029	-0.613943	-8.50943	-7.89549
spk_ver/v02/v0210	SES029	-3.00382	-11.3585	-8.3547
spk_ver/v02/v0211	SES029	-1.18605	-8.71929	-7.53324
spk_ver/v02/v0212	SES042	-3.14935	-10.8277	-7.67839
spk_ver/v02/v0213	SES085	0.585975	-8.47366	-9.05964
spk_ver/v02/v0214	SES206	1.01803	-7.34604	-8.36408
spk_ver/v02/v0215	SES144	0.248815	-7.40647	-7.65528
spk_ver/v02/v0216	SES042	-2.24849	-10.3516	-8.10312
spk_ver/v02/v0217	SES042	-0.930148	-12.3737	-11.4435
spk_ver/v02/v0218	SES042	-1.04032	-9.68344	-8.64312
spk_ver/v02/v0219	SES206	0.541964	-6.97883	-7.5208
spk_ver/v02/v0220	SES019	3.70334	-5.56458	-9.26792
spk_ver/v02/v0221	SES007	0.0364194	-7.7084	-7.74482
spk_ver/v02/v0222	SES042	-5.37418	-13.6315	-8.2573
spk_ver/v02/v0223	SES147	0.437777	-7.97103	-8.40881
spk_ver/v02/v0224	SES105	0.314639	-7.90603	-8.22067
spk_ver/v02/v0225	SES042	-0.992862	-9.51211	-8.51925
spk_ver/v02/v0226	SES275	0.406283	-7.40327	-7.80956
spk_ver/v02/v0227	SES042	-2.69036	-11.6763	-8.98594
spk_ver/v02/v0228	SES042	-2.32998	-10.095	-7.76501
spk_ver/v02/v0229	SES042	-2.43268	-10.1751	-7.74246
spk_ver/v02/v0230	SES085	0.512052	-6.78153	-7.29358
spk_ver/v02/v0231	SES014	1.17131	-5.97693	-7.14824
spk_ver/v02/v0232	SES042	-0.106911	-8.59385	-8.48694
spk_ver/v02/v0233	SES048	-3.16836	-10.889	-7.72064
spk_ver/v02/v0234	SES048	-0.721616	-8.97763	-8.25601
spk_ver/v02/v0235	SES029	-0.169289	-8.10985	-7.94056
spk_ver/v02/v0236	SES048	-1.84137	-9.06045	-7.21908
spk_ver/v02/v0237	SES048	-3.83757	-11.8376	-8.00004
spk_ver/v02/v0238	SES048	-1.10767	-8.32249	-7.21482
spk_ver/v02/v0239	SES060	0.488754	-6.77393	-7.26269
spk_ver/v02/v0240	SES048	-2.08515	-9.22781	-7.14266
spk_ver/v02/v0241	SES048	-1.01428	-8.61274	-7.59846
spk_ver/v02/v0242	SES189	0.536185	-6.49478	-7.03096
spk_ver/v02/v0243	SES162	0.517797	-7.79585	-8.31364
spk_ver/v02/v0244	SES048	-5.57697	-13.3024	-7.72547
spk_ver/v02/v0245	SES048	-3.06905	-10.2434	-7.17434
spk_ver/v02/v0246	SES048	-2.88931	-9.83444	-6.94513
spk_ver/v02/v0247	SES048	-5.56327	-14.8407	-9.27747
spk_ver/v02/v0248	SES226	1.31617	-7.07876	-8.39493
spk_ver/v02/v0249	SES048	-1.61421	-9.41146	-7.79726
spk_ver/v02/v0250	SES048	-1.18232	-9.28925	-8.10693
spk_ver/v02/v0251	SES048	-9.11176	-19.3713	-10.2595
spk_ver/v02/v0252	SES060	-1.86817	-9.37645	-7.50828
spk_ver/v02/v0253	SES060	-4.67953	-12.0964	-7.4169
spk_ver/v02/v0254	SES259	0.366712	-7.48343	-7.85014
spk_ver/v02/v0255	SES060	-2.94277	-11.0853	-8.1425
spk_ver/v02/v0256	SES202	0.622578	-7.51889	-8.14146
spk_ver/v02/v0257	SES148	0.809117	-6.94669	-7.75581
spk_ver/v02/v0258	SES060	-7.88375	-18.1012	-10.2175
spk_ver/v02/v0259	SES060	-2.17218	-9.36567	-7.1935
spk_ver/v02/v0260	SES060	-2.29188	-10.1599	-7.86802
spk_ver/v02/v0261	SES099	1.10132	-7.11292	-8.21423
spk_ver/v02/v0262	SES060	-2.34958	-9.93352	-7.58394
spk_ver/v02/v0263	SES060	-1.40681	-8.51549	-7.10868
spk_ver/v02/v0264	SES292	-0.422986	-9.21707	-8.79409
spk_ver/v02/v0265	SES060	-1.50569	-9.11846	-7.61278
spk_ver/v02/v0266	SES060	-5.09251	-13.8097	-8.71721
spk_ver/v02/v0267	SES060	-8.21306	-17.4242	-9.21119
spk_ver/v02/v0268	SES060	-9.45699	-19.1162	-9.65922
spk_ver/v02/v0269	SES127	-0.124646	-7.47044	-7.3458
spk_ver/v02/v0270	SES060	-2.24007	-10.5365	-8.2964
spk_ver/v02/v0271	SES060	-0.237242	-7.62674	-7.38949
spk_ver/v02/v0272	SES060	-4.97169	-13.422	-8.4503
spk_ver/v02/v0273	SES087	0.627668	-8.17231	-8.79998
spk_ver/v02/v0274	SES146	0.291708	-7.05219	-7.3439
spk_ver/v02/v0275	SES060	-7.01545	-16.1526	-9.13713
spk_ver/v02/v0276	SES002	2.19301	-6.62124	-8.81425
spk_ver/v02/v0277	SES060	-1.78042	-8.99234	-7.21193
spk_ver/v02/v0278	SES060	-4.35129	-12.7466	-8.39532
spk_ver/v02/v0279	SES060	-6.27664	-14.8459	-8.56929
spk_ver/v02/v0280	SES129	1.40887	-6.91386	-8.32273
spk_ver/v02/v0281	SES162	0.660482	-7.50005	-8.16053
spk_ver/v02/v0282	SES060	-2.61892	-9.97423	-7.3553
spk_ver/v02/v0283	SES060	-1.39625	-8.30495	-6.9087
spk_ver/v02/v0284	SES062	-1.61243	-9.78635	-8.17392
spk_ver/v02/v0285	SES062	-2.76182	-11.0587	-8.29686
spk_ver/v02/v0286	SES120	-1.09241	-9.7365	-8.64409
spk_ver/v02/v0287	SES062	-2.92026	-12.4701	-9.54983
spk_ver/v02/v0288	SES062	-2.83354	-11.9908	-9.15721
spk_ver/v02/v0289	SES062	-1.81549	-8.76363	-6.94814
spk_ver/v02/v0290	SES062	-0.330802	-7.90381	-7.57301
spk_ver/v02/v0291	SES275	0.512076	-7.07254	-7.58462
spk_ver/v02/v0292	SES062	-0.226465	-8.36892	-8.14245
spk_ver/v02/v0293	SES062	-1.34581	-8.96467	-7.61885
spk_ver/v02/v0294	SES062	-2.79947	-10.3907	-7.59125
spk_ver/v02/v0295	SES062	-1.73822	-9.01382	-7.2756
spk_ver/v02/v0296	SES062	-1.45523	-9.08589	-7.63066
spk_ver/v02/v0297	SES062	-1.71474	-8.90481	-7.19007
spk_ver/v02/v0298	SES062	-1.6608	-10.0354	-8.3746
spk_ver/v02/v0299	SES062	-1.4515	-9.40526	-7.95376
spk_ver/v03/v0300	SES062	-2.66486	-11.2318	-8.56694
spk_ver/v03/v0301	SES062	-0.740025	-7.10659	-6.36656
spk_ver/v03/v0302	SES172	0.519659	-6.58993	-7.10959
spk_ver/v03/v0303	SES062	-1.89051	-9.29451	-7.404
spk_ver/v03/v0304	SES062	-3.39513	-12.4149	-9.01981
spk_ver/v03/v0305	SES062	-2.39879	-10.9074	-8.50865
spk_ver/v03/v0306	SES062	-0.443671	-8.43808	-7.99441
spk_ver/v03/v0307	SES062	-2.83029	-10.1532	-7.32294
spk_ver/v03/v0308	SES062	-0.746885	-8.88436	-8.13747
spk_ver/v03/v0309	SES062	-4.01444	-13.472	-9.45757
spk_ver/v03/v0310	SES125	0.740608	-5.94914	-6.68974
spk_ver/v03/v0311	SES062	-1.65184	-10.444	-8.79212
spk_ver/v03/v0312	SES062	-1.74035	-9.589	-7.84865
spk_ver/v03/v0313	SES062	-1.33311	-9.35599	-8.02288
spk_ver/v03/v0314	SES068	-3.67144	-11.2141	-7.54262
spk_ver/v03/v0315	SES068	-3.12801	-10.5921	-7.46413
spk_ver/v03/v0316	SES068	-1.36961	-9.19524	-7.82564
spk_ver/v03/v0317	SES068	-1.23575	-9.11438	-7.87863
spk_ver/v03/v0318	SES068	-1.62015	-9.84853	-8.22838
spk_ver/v03/v0319	SES068	-4.4787	-13.503	-9.02433
spk_ver/v03/v0320	SES068	-0.90033	-7.72234	-6.82201
spk_ver/v03/v0321	SES068	-0.764901	-8.74633	-7.98143
spk_ver/v03/v0322	SES068	-0.988245	-8.31403	-7.32579
spk_ver/v03/v0323	SES068	-2.63708	-11.9664	-9.32928
spk_ver/v03/v0324	SES144	0.859311	-7.32498	-8.18429
spk_ver/v03/v0325	SES068	0.162366	-6.70648	-6.86885
spk_ver/v03/v0326	SES068	-1.17412	-7.98725	-6.81313
spk_ver/v03/v0327	SES068	-1.40566	-8.5	-7.09433
spk_ver/v03/v0328	SES068	-2.09374	-10.5416	-8.44787
spk_ver/v03/v0329	SES068	-1.01859	-8.16394	-7.14534
spk_ver/v03/v0330	SES180	0.019908	-8.10802	-8.12793
spk_ver/v03/v0331	SES068	-1.57633	-9.30471	-7.72837
spk_ver/v03/v0332	SES275	0.606321	-7.52235	-8.12867
spk_ver/v03/v0333	SES062	0.61031	-7.13091	-7.74122
spk_ver/v03/v0334	SES270	0.514119	-7.27467	-7.78879
spk_ver/v03/v0335	SES068	-4.93884	-13.1827	-8.24385
spk_ver/v03/v0336	SES068	-0.858447	-7.91602	-7.05757
spk_ver/v03/v0337	SES068	-1.49852	-9.58717	-8.08865
spk_ver/v03/v0338	SES068	-1.70412	-9.67175	-7.96763
spk_ver/v03/v0339	SES068	-1.55402	-9.26034	-7.70632
spk_ver/v03/v0340	SES068	-2.02236	-9.33256	-7.3102
spk_ver/v03/v0341	SES016	0.66223	-6.64586	-7.30809
spk_ver/v03/v0342	SES068	-2.02772	-10.613	-8.58526
spk_ver/v03/v0343	SES068	-0.960998	-8.25432	-7.29332
spk_ver/v03/v0344	SES125	0.28211	-7.14605	-7.42816
spk_ver/v03/v0345	SES187	0.117294	-7.9769	-8.09419
spk_ver/v03/v0346	SES068	-2.98889	-10.8189	-7.83005
spk_ver/v03/v0347	SES143	1.05054	-6.78566	-7.8362
spk_ver/v03/v0348	SES292	0.396266	-7.56209	-7.95836
spk_ver/v03/v0349	SES082	-1.45774	-9.02665	-7.56891
spk_ver/v03/v0350	SES101	0.540452	-7.27674	-7.81719
spk_ver/v03/v0351	SES082	-0.105441	-8.35764	-8.25219
spk_ver/v03/v0352	SES082	-2.63655	-12.6692	-10.0326
spk_ver/v03/v0353	SES082	-2.24557	-10.9987	-8.75316
spk_ver/v03/v0354	SES082	-1.88988	-9.15797	-7.26809
spk_ver/v03/v0355	SES083	0.335943	-7.04805	-7.384
spk_ver/v03/v0356	SES082	-1.35476	-9.74872	-8.39396
spk_ver/v03/v0357	SES082	-3.06866	-11.4515	-8.38282
spk_ver/v03/v0358	SES082	-0.541293	-8.3917	-7.8504
spk_ver/v03/v0359	SES117	0.280133	-8.19822	-8.47835
spk_ver/v03/v0360	SES082	-2.4042	-9.74898	-7.34478
spk_ver/v03/v0361	SES082	-1.28344	-9.81486	-8.53142
spk_ver/v03/v0362	SES007	0.351371	-7.16772	-7.51909
spk_ver/v03/v0363	SES082	-1.01508	-8.64459	-7.62951
spk_ver/v03/v0364	SES019	1.76302	-6.79847	-8.56149
spk_ver/v03/v0365	SES082	-1.42463	-10.1957	-8.77102
spk_ver/v03/v0366	SES226	0.900969	-7.77049	-8.67146
spk_ver/v03/v0367	SES167	0.692028	-6.45642	-7.14845
spk_ver/v03/v0368	SES082	-0.608471	-7.43574	-6.82727
spk_ver/v03/v0369	SES042	0.740604	-8.40041	-9.14102
spk_ver/v03/v0370	SES042	1.05077	-7.00353	-8.0543
spk_ver/v03/v0371	SES082	-1.96125	-10.053	-8.0917
spk_ver/v03/v0372	SES082	-1.47262	-9.3701	-7.89748
spk_ver/v03/v0373	SES082	-2.78755	-12.0557	-9.26812
spk_ver/v03/v0374	SES083	-1.35135	-8.37182	-7.02047
spk_ver/v03/v0375	SES292	0.132378	-7.70994	-7.84232
spk_ver/v03/v0376	SES083	-2.58816	-10.4469	-7.85878
spk_ver/v03/v0377	SES083	-2.48524	-11.7418	-9.25653
spk_ver/v03/v0378	SES083	-1.5788	-10.0176	-8.43884
spk_ver/v03/v0379	SES083	-0.355966	-8.07312	-7.71715
spk_ver/v03/v0380	SES083	-1.32148	-8.92266	-7.60118
spk_ver/v03/v0381	SES083	-3.08558	-11.9911	-8.90555
spk_ver/v03/v0382	SES148	-1.04132	-8.62686	-7.58555
spk_ver/v03/v0383	SES083	-0.616154	-7.29084	-6.67469
spk_ver/v03/v0384	SES226	0.839307	-8.10091	-8.94022
spk_ver/v03/v0385	SES226	0.61289	-6.99614	-7.60903
spk_ver/v03/v0386	SES087	0.725925	-7.93261	-8.65854
spk_ver/v03/v0387	SES029	0.344727	-7.08338	-7.42811
spk_ver/v03/v0388	SES147	0.0520425	-7.33078	-7.38282
spk_ver/v03/v0389	SES083	-3.53287	-12.588	-9.05511
spk_ver/v03/v0390	SES189	1.0395	-6.54015	-7.57965
spk_ver/v03/v0391	SES083	-0.867149	-9.0163	-8.14915
spk_ver/v03/v0392	SES083	0.154228	-7.06191	-7.21614
spk_ver/v03/v0393	SES083	-2.51958	-10.038	-7.51843
spk_ver/v03/v0394	SES083	-2.15056	-9.65834	-7.50778
spk_ver/v03/v0395	SES083	-1.15829	-8.85967	-7.70139
spk_ver/v03/v0396	SES014	1.05564	-6.11225	-7.16789
spk_ver/v03/v0397	SES085	-0.138914	-7.35958	-7.22067
spk_ver/v03/v0398	SES085	-0.853895	-7.9072	-7.05331
spk_ver/v03/v0399	SES085	-2.1631	-10.292	-8.12893
spk_ver/v04/v0400	SES106	1.12182	-6.37632	-7.49814
spk_ver/v04/v0401	SES085	-4.20745	-12.9849	-8.77745
spk_ver/v04/v0402	SES085	-8.90518	-18.777	-9.87183
spk_ver/v04/v0403	SES085	-0.021709	-6.63204	-6.61033
spk_ver/v04/v0404	SES180	0.586086	-6.68253	-7.26861
spk_ver/v04/v0405	SES129	0.336139	-7.21757	-7.55371
spk_ver/v04/v0406	SES085	-5.552	-14.0539	-8.50192
spk_ver/v04/v0407	SES146	-0.619902	-8.82619	-8.20629
spk_ver/v04/v0408	SES085	-0.693814	-7.85784	-7.16403
spk_ver/v04/v0409	SES085	-1.69737	-9.68568	-7.98831
spk_ver/v04/v0410	SES085	-2.54712	-11.8236	-9.27645
spk_ver/v04/v0411	SES292	0.488399	-8.43962	-8.92802
spk_ver/v04/v0412	SES085	-0.564662	-8.23267	-7.66801
spk_ver/v04/v0413	SES125	1.01696	-6.86081	-7.87777
spk_ver/v04/v0414	SES085	-1.10291	-10.1141	-9.0112
spk_ver/v04/v0415	SES085	-1.77072	-9.54835	-7.77763
spk_ver/v04/v0416	SES085	-0.674929	-9.28548	-8.61055
spk_ver/v04/v0417	SES062	0.44723	-6.6443	-7.09153
spk_ver/v04/v0418	SES060	0.722493	-6.79069	-7.51319
spk_ver/v04/v0419	SES085	-0.714925	-8.92975	-8.21483
spk_ver/v04/v0420	SES085	-5.66748	-14.2167	-8.54924
spk_ver/v04/v0421	SES085	-3.22905	-12.2618	-9.03276
spk_ver/v04/v0422	SES085	-2.07236	-9.98258	-7.91023
spk_ver/v04/v0423	SES085	-3.66157	-11.5999	-7.93836
spk_ver/v04/v0424	SES085	-3.5299	-11.8872	-8.35729
spk_ver/v04/v0425	SES183	0.240088	-7.28511	-7.5252
spk_ver/v04/v0426	SES085	-4.10515	-12.7263	-8.62118
spk_ver/v04/v0427	SES087	-3.12003	-12.8941	-9.77412
spk_ver/v04/v0428	SES162	0.158268	-7.22982	-7.38809
spk_ver/v04/v0429	SES087	-1.44985	-9.10632	-7.65647
spk_ver/v04/v0430	SES087	-4.57309	-12.9488	-8.37574
spk_ver/v04/v0431	SES087	-2.79598	-10.0387	-7.24273
spk_ver/v04/v0432	SES087	-1.34694	-9.38212	-8.03518
spk_ver/v04/v0433	SES087	-2.78724	-10.6487	-7.86141
spk_ver/v04/v0434	SES142	0.696727	-6.47819	-7.17492
spk_ver/v04/v0435	SES087	-2.12024	-9.80106	-7.68082
spk_ver/v04/v0436	SES099	0.444603	-7.71785	-8.16246
spk_ver/v04/v0437	SES087	-0.667642	-7.48674	-6.81909
spk_ver/v04/v0438	SES087	-2.84314	-10.0938	-7.25064
spk_ver/v04/v0439	SES087	-1.18479	-9.34826	-8.16347
spk_ver/v04/v0440	SES087	-0.611974	-7.5558	-6.94382
spk_ver/v04/v0441	SES087	-2.66987	-9.4348	-6.76492
spk_ver/v04/v0442	SES187	1.05823	-8.0936	-9.15183
spk_ver/v04/v0443	SES172	1.00074	-7.65875	-8.6595
spk_ver/v04/v0444	SES087	-1.17616	-7.69216	-6.516
spk_ver/v04/v0445	SES087	-2.60391	-10.8355	-8.23157
spk_ver/v04/v0446	SES087	-1.00358	-8.36794	-7.36435
spk_ver/v04/v0447	SES087	-2.37322	-10.2334	-7.86023
spk_ver/v04/v0448	SES106	0.828519	-7.72427	-8.55279
spk_ver/v04/v0449	SES146	-0.0106673	-7.95746	-7.94679
spk_ver/v04/v0450	SES087	-3.00001	-11.117	-8.11696
spk_ver/v04/v0451	SES087	-0.904151	-9.81987	-8.91572
spk_ver/v04/v0452	SES007	0.317091	-8.10072	-8.41781
spk_ver/v04/v0453	SES087	-3.65093	-12.2199	-8.56893
spk_ver/v04/v0454	SES087	-4.59701	-12.3309	-7.73391
spk_ver/v04/v0455	SES180	0.285778	-7.025	-7.31078
spk_ver/v04/v0456	SES099	-3.93638	-11.6796	-7.74325
spk_ver/v04/v0457	SES042	0.399982	-7.42728	-7.82726
spk_ver/v04/v0458	SES099	-0.567562	-8.60296	-8.0354
spk_ver/v04/v0459	SES099	-2.9764	-11.3671	-8.39069
spk_ver/v04/v0460	SES099	-3.67307	-12.2165	-8.54341
spk_ver/v04/v0461	SES099	-1.66625	-9.75621	-8.08997
spk_ver/v04/v0462	SES082	0.8905	-6.83103	-7.72153
spk_ver/v04/v0463	SES099	-0.688869	-8.48027	-7.7914
spk_ver/v04/v0464	SES099	-0.258813	-7.96399	-7.70518
spk_ver/v04/v0465	SES099	-4.98039	-11.9448	-6.96444
spk_ver/v04/v0466	SES099	-1.58357	-10.1914	-8.60782
spk_ver/v04/v0467	SES099	0.105223	-7.61425	-7.71947
spk_ver/v04/v0468	SES129	1.08334	-7.13619	-8.21953
spk_ver/v04/v0469	SES101	-0.156637	-7.46953	-7.31289
spk_ver/v04/v0470	SES099	-4.09608	-12.5715	-8.47539
spk_ver/v04/v0471	SES172	0.654861	-7.18226	-7.83712
spk_ver/v04/v0472	SES099	-0.560185	-8.95966	-8.39948
spk_ver/v04/v0473	SES270	1.69429	-6.30924	-8.00353
spk_ver/v04/v0474	SES099	-5.95122	-13.7252	-7.77397
spk_ver/v04/v0475	SES099	-1.33014	-8.62244	-7.2923
spk_ver/v04/v0476	SES099	-2.64	-11.9506	-9.31065
spk_ver/v04/v0477	SES002	1.20773	-7.33327	-8.541
spk_ver/v04/v0478	SES099	-0.608703	-8.75891	-8.1502
spk_ver/v04/v0479	SES007	0.262475	-7.27593	-7.5384
spk_ver/v04/v0480	SES101	-2.60112	-10.4197	-7.81856
spk_ver/v04/v0481	SES101	-1.53712	-9.73639	-8.19926
spk_ver/v04/v0482	SES175	0.421764	-7.77779	-8.19955
spk_ver/v04/v0483	SES101	-1.33432	-8.73783	-7.40351
spk_ver/v04/v0484	SES101	-4.29763	-12.186	-7.88836
spk_ver/v04/v0485	SES101	-2.72407	-10.6835	-7.95945
spk_ver/v04/v0486	SES101	-0.11493	-8.76291	-8.64798
spk_ver/v04/v0487	SES101	-0.716876	-8.27362	-7.55674
spk_ver/v04/v0488	SES101	-3.99434	-12.7889	-8.79459
spk_ver/v04/v0489	SES147	0.318563	-7.56377	-7.88233
spk_ver/v04/v0490	SES085	-1.64944	-9.97629	-8.32686
spk_ver/v04/v0491	SES101	-1.5204	-10.2383	-8.71792
spk_ver/v04/v0492	SES101	-5.86531	-16.6823	-10.817
spk_ver/v04/v0493	SES101	-2.86374	-11.308	-8.44426
spk_ver/v04/v0494	SES101	-1.20046	-9.14738	-7.94693
spk_ver/v04/v0495	SES101	-0.966488	-7.47973	-6.51324
spk_ver/v04/v0496	SES101	-0.427662	-7.49593	-7.06827
spk_ver/v04/v0497	SES014	0.849457	-6.58627	-7.43573
spk_ver/v04/v0498	SES101	-1.80034	-10.0828	-8.28242
spk_ver/v04/v0499	SES101	-1.82041	-9.12383	-7.30342
spk_ver/v05/v0500	SES085	0.558623	-6.62169	-7.18031
spk_ver/v05/v0501	SES101	-5.39315	-14.2773	-8.88413
spk_ver/v05/v0502	SES275	-0.0121894	-7.28415	-7.27196
spk_ver/v05/v0503	SES117	0.755375	-7.44088	-8.19625
spk_ver/v05/v0504	SES101	-3.6524	-12.0735	-8.42111
spk_ver/v05/v0505	SES101	-3.49623	-11.7499	-8.25369
spk_ver/v05/v0506	SES101	-0.383152	-7.74319	-7.36004
spk_ver/v05/v0507	SES048	0.475606	-7.23246	-7.70807
spk_ver/v05/v0508	SES117	0.721157	-8.13373	-8.85489
spk_ver/v05/v0509	SES202	0.53772	-7.89779	-8.43551
spk_ver/v05/v0510	SES104	-2.03715	-12.0261	-9.98894
spk_ver/v05/v0511	SES008	0.942395	-7.33887	-8.28126
spk_ver/v05/v0512	SES104	-0.63507	-9.16354	-8.52847
spk_ver/v05/v0513	SES104	-0.92762	-8.4165	-7.48888
spk_ver/v05/v0514	SES104	-1.96812	-8.95617	-6.98804
spk_ver/v05/v0515	SES104	-3.60115	-11.5731	-7.97194
spk_ver/v05/v0516	SES104	-1.81157	-11.1622	-9.35058
spk_ver/v05/v0517	SES060	0.931715	-5.99435	-6.92606
spk_ver/v05/v0518	SES104	-2.10596	-9.49641	-7.39045
spk_ver/v05/v0519	SES104	-2.95242	-11.1715	-8.21911
spk_ver/v05/v0520	SES104	-1.10746	-8.7974	-7.68994
spk_ver/v05/v0521	SES008	0.556018	-6.07805	-6.63407
spk_ver/v05/v0522	SES068	0.960987	-6.69058	-7.65157
spk_ver/v05/v0523	SES087	0.622041	-6.89404	-7.51608
spk_ver/v05/v0524	SES104	-1.84887	-9.91264	-8.06378
spk_ver/v05/v0525	SES104	-0.401967	-9.34437	-8.94241
spk_ver/v05/v0526	SES104	-0.343643	-7.13745	-6.79381
spk_ver/v05/v0527	SES083	0.454282	-7.1671	-7.62138
spk_ver/v05/v0528	SES148	0.771964	-6.56514	-7.3371
spk_ver/v05/v0529	SES104	-0.936412	-10.4229	-9.48653
spk_ver/v05/v0530	SES104	-3.50082	-11.1224	-7.62154
spk_ver/v05/v0531	SES125	0.578889	-7.1081	-7.68698
spk_ver/v05/v0532	SES104	-2.38533	-9.90334	-7.51801
spk_ver/v05/v0533	SES149	0.60198	-6.76285	-7.36483
spk_ver/v05/v0534	SES104	-2.28746	-10.1201	-7.83259
spk_ver/v05/v0535	SES187	0.0163975	-9.20511	-9.22151
spk_ver/v05/v0536	SES104	-1.95384	-10.1243	-8.17044
spk_ver/v05/v0537	SES104	-0.441819	-8.69549	-8.25367
spk_ver/v05/v0538	SES167	0.447061	-7.15176	-7.59882
spk_ver/v05/v0539	SES104	-0.290949	-9.66624	-9.37529
spk_ver/v05/v0540	SES104	-2.59959	-9.69806	-7.09847
spk_ver/v05/v0541	SES183	1.07679	-8.50589	-9.58268
spk_ver/v05/v0542	SES104	-1.5185	-10.845	-9.32655
spk_ver/v05/v0543	SES104	-2.80959	-11.1654	-8.35582
spk_ver/v05/v0544	SES105	-2.55446	-9.92316	-7.3687
spk_ver/v05/v0545	SES105	-2.42179	-11.3816	-8.95984
spk_ver/v05/v0546	SES105	-2.4113	-10.7481	-8.33675
spk_ver/v05/v0547	SES105	-2.68754	-10.7515	-8.06401
spk_ver/v05/v0548	SES019	3.08585	-5.83865	-8.9245
spk_ver/v05/v0549	SES105	-2.41843	-10.1717	-7.75323
spk_ver/v05/v0550	SES105	-4.53394	-14.2924	-9.75843
spk_ver/v05/v0551	SES202	0.868405	-7.20802	-8.07643
spk_ver/v05/v0552	SES105	-2.49145	-10.6702	-8.17873
spk_ver/v05/v0553	SES105	-1.1353	-8.8833	-7.748
spk_ver/v05/v0554	SES105	-0.943861	-7.53934	-6.59548
spk_ver/v05/v0555	SES105	-2.25753	-9.96088	-7.70336
spk_ver/v05/v0556	SES082	0.252903	-7.92061	-8.17351
spk_ver/v05/v0557	SES105	-3.02303	-11.1331	-8.11012
spk_ver/v05/v0558	SES014	1.38892	-6.46513	-7.85405
spk_ver/v05/v0559	SES105	-1.16305	-8.63863	-7.47558
spk_ver/v05/v0560	SES177	-0.0985303	-7.45065	-7.35212
spk_ver/v05/v0561	SES189	0.980629	-8.67509	-9.65572
spk_ver/v05/v0562	SES105	-2.18144	-10.4579	-8.27642
spk_ver/v05/v0563	SES099	0.873474	-8.7015	-9.57498
spk_ver/v05/v0564	SES105	-1.04777	-8.42857	-7.3808
spk_ver/v05/v0565	SES105	-3.87511	-12.1134	-8.23833
spk_ver/v05/v0566	SES105	-5.90171	-14.9559	-9.05422
spk_ver/v05/v0567	SES142	0.208851	-7.35438	-7.56323
spk_ver/v05/v0568	SES048	-0.0042448	-7.13398	-7.12974
spk_ver/v05/v0569	SES105	-3.9009	-13.099	-9.19808
spk_ver/v05/v0570	SES105	-0.951812	-8.55967	-7.60785
spk_ver/v05/v0571	SES105	-1.22708	-9.48161	-8.25453
spk_ver/v05/v0572	SES105	-3.70127	-12.7215	-9.02021
spk_ver/v05/v0573	SES105	-5.90192	-14.7341	-8.83219
spk_ver/v05/v0574	SES105	-0.911483	-8.07051	-7.15902
spk_ver/v05/v0575	SES105	-0.474602	-9.83753	-9.36293
spk_ver/v05/v0576	SES106	-3.11671	-11.6318	-8.5151
spk_ver/v05/v0577	SES106	-3.07702	-11.0085	-7.9315
spk_ver/v05/v0578	SES106	-4.00686	-12.2254	-8.21856
spk_ver/v05/v0579	SES106	-1.84508	-9.26511	-7.42004
spk_ver/v05/v0580	SES106	0.00481319	-7.53097	-7.53579
spk_ver/v05/v0581	SES106	-1.7755	-9.47721	-7.7017
spk_ver/v05/v0582	SES106	-1.10104	-9.31193	-8.21089
spk_ver/v05/v0583	SES106	-0.445436	-8.51264	-8.0672
spk_ver/v05/v0584	SES106	-3.91311	-11.9016	-7.98849
spk_ver/v05/v0585	SES106	0.71193	-8.67861	-9.39054
spk_ver/v05/v0586	SES106	-1.27999	-9.05447	-7.77448
spk_ver/v05/v0587	SES106	-4.90834	-12.6948	-7.78646
spk_ver/v05/v0588	SES106	-2.79661	-10.0109	-7.21431
spk_ver/v05/v0589	SES106	-2.87282	-10.2893	-7.41647
spk_ver/v05/v0590	SES082	-0.105303	-8.51767	-8.41236
spk_ver/v05/v0591	SES180	0.286533	-7.94738	-8.23391
spk_ver/v05/v0592	SES106	-2.10659	-11.0075	-8.9009
spk_ver/v05/v0593	SES106	-2.07231	-9.96031	-7.888
spk_ver/v05/v0594	SES292	0.0783005	-7.63038	-7.70868
spk_ver/v05/v0595	SES106	-0.808496	-10.6404	-9.83188
spk_ver/v05/v0596	SES106	-1.54747	-9.07626	-7.52879
spk_ver/v05/v0597	SES106	-2.08517	-9.72443	-7.63926
spk_ver/v05/v0598	SES042	0.80934	-7.63167	-8.44101
spk_ver/v05/v0599	SES106	-2.70231	-10.2435	-7.54119
spk_ver/v06/v0600	SES106	0.407359	-8.81184	-9.2192
spk_ver/v06/v0601	SES106	-0.406111	-7.95775	-7.55164
spk_ver/v06/v0602	SES106	-0.761215	-8.12784	-7.36663
spk_ver/v06/v0603	SES106	-0.968273	-8.59974	-7.63147
spk_ver/v06/v0604	SES106	-2.16557	-8.80066	-6.6351
spk_ver/v06/v0605	SES106	-2.92234	-10.732	-7.80964
spk_ver/v06/v0606	SES048	0.834475	-6.12385	-6.95833
spk_ver/v06/v0607	SES167	1.57072	-5.30498	-6.8757
spk_ver/v06/v0608	SES106	-3.23959	-10.6938	-7.45419
spk_ver/v06/v0609	SES143	0.819163	-7.69631	-8.51547
spk_ver/v06/v0610	SES106	-2.49648	-10.0064	-7.50991
spk_ver/v06/v0611	SES106	-0.382749	-6.71755	-6.3348
spk_ver/v06/v0612	SES106	-1.1667	-8.62875	-7.46205
spk_ver/v06/v0613	SES117	-0.63274	-8.51228	-7.87954
spk_ver/v06/v0614	SES117	-1.9179	-9.73501	-7.81711
spk_ver/v06/v0615	SES117	-1.70663	-9.61095	-7.90431
spk_ver/v06/v0616	SES106	0.791668	-6.43885	-7.23052
spk_ver/v06/v0617	SES142	0.12468	-7.02876	-7.15344
spk_ver/v06/v0618	SES048	0.748436	-6.18003	-6.92847
spk_ver/v06/v0619	SES175	-0.328081	-9.00877	-8.68069
spk_ver/v06/v0620	SES180	0.470681	-6.59586	-7.06654
spk_ver/v06/v0621	SES117	-0.549876	-8.98495	-8.43508
spk_ver/v06/v0622	SES029	0.403972	-7.76238	-8.16636
spk_ver/v06/v0623	SES117	-1.42414	-8.72395	-7.2998
spk_ver/v06/v0624	SES117	-2.57386	-10.4929	-7.91901
spk_ver/v06/v0625	SES117	-1.04205	-9.00373	-7.96168
spk_ver/v06/v0626	SES106	0.812815	-6.59397	-7.40678
spk_ver/v06/v0627	SES226	1.22801	-6.03122	-7.25924
spk_ver/v06/v0628	SES117	-0.396704	-8.295	-7.89829
spk_ver/v06/v0629	SES117	-2.30734	-9.97305	-7.6657
spk_ver/v06/v0630	SES117	-2.53716	-9.42204	-6.88489
spk_ver/v06/v0631	SES117	-5.16993	-15.0582	-9.88824
spk_ver/v06/v0632	SES117	-0.71802	-8.3656	-7.64758
spk_ver/v06/v0633	SES099	0.500348	-8.39956	-8.89991
spk_ver/v06/v0634	SES105	1.36976	-7.11721	-8.48697
spk_ver/v06/v0635	SES167	0.415538	-7.51927	-7.93481
spk_ver/v06/v0636	SES117	-0.556881	-7.649	-7.09212
spk_ver/v06/v0637	SES202	0.39305	-7.50863	-7.90168
spk_ver/v06/v0638	SES117	-1.57752	-8.68143	-7.1039
spk_ver/v06/v0639	SES167	0.449396	-7.35485	-7.80425
spk_ver/v06/v0640	SES117	-0.387962	-8.50842	-8.12046
spk_ver/v06/v0641	SES117	-2.30182	-9.66572	-7.3639
spk_ver/v06/v0642	SES101	0.79175	-6.50091	-7.29266
spk_ver/v06/v0643	SES068	0.434796	-6.88308	-7.31788
spk_ver/v06/v0644	SES120	-3.11671	-12.2807	-9.16401
spk_ver/v06/v0645	SES120	-1.22054	-10.7605	-9.53992
spk_ver/v06/v0646	SES172	0.478709	-8.28215	-8.76086
spk_ver/v06/v0647	SES120	-1.02176	-8.43203	-7.41028
spk_ver/v06/v0648	SES120	-0.366082	-7.24849	-6.88241
spk_ver/v06/v0649	SES120	-1.11766	-9.64351	-8.52585
spk_ver/v06/v0650	SES087	0.609512	-8.03124	-8.64076
spk_ver/v06/v0651	SES120	-0.594212	-9.35965	-8.76544
spk_ver/v06/v0652	SES104	0.21603	-8.26391	-8.47994
spk_ver/v06/v0653	SES129	0.744588	-7.52629	-8.27088
spk_ver/v06/v0654	SES120	-1.92541	-9.7384	-7.81299
spk_ver/v06/v0655	SES120	-1.74325	-9.93207	-8.18882
spk_ver/v06/v0656	SES120	-1.42162	-9.0723	-7.65068
spk_ver/v06/v0657	SES147	0.0434499	-7.64233	-7.68578
spk_ver/v06/v0658	SES120	-1.09959	-9.81648	-8.71689
spk_ver/v06/v0659	SES120	-0.894571	-8.26647	-7.37189
spk_ver/v06/v0660	SES120	-0.392243	-7.60494	-7.2127
spk_ver/v06/v0661	SES120	-2.19437	-11.0871	-8.89268
spk_ver/v06/v0662	SES120	-1.22156	-9.88924	-8.66768
spk_ver/v06/v0663	SES120	-1.82261	-9.66762	-7.84502
spk_ver/v06/v0664	SES147	0.87993	-7.60526	-8.48519
spk_ver/v06/v0665	SES162	0.102987	-7.51432	-7.6173
spk_ver/v06/v0666	SES120	-1.70802	-8.63699	-6.92897
spk_ver/v06/v0667	SES120	-0.0914011	-8.86459	-8.77319
spk_ver/v06/v0668	SES120	0.571498	-7.87396	-8.44545
spk_ver/v06/v0669	SES142	0.578024	-7.06705	-7.64508
spk_ver/v06/v0670	SES106	0.973468	-6.87094	-7.8444
spk_ver/v06/v0671	SES183	1.43267	-6.96952	-8.40219
spk_ver/v06/v0672	SES120	-0.0188074	-8.43527	-8.41646
spk_ver/v06/v0673	SES029	-1.7788	-10.4627	-8.68393
spk_ver/v06/v0674	SES120	-1.39034	-8.59183	-7.20148
spk_ver/v06/v0675	SES008	1.19784	-7.22729	-8.42513
spk_ver/v06/v0676	SES125	-3.3851	-12.4935	-9.10836
spk_ver/v06/v0677	SES143	0.353951	-7.40657	-7.76052
spk_ver/v06/v0678	SES125	-1.4119	-9.81676	-8.40486
spk_ver/v06/v0679	SES162	0.728009	-7.6507	-8.37871
spk_ver/v06/v0680	SES125	-0.486479	-8.55394	-8.06746
spk_ver/v06/v0681	SES125	-2.07735	-11.5636	-9.48629
spk_ver/v06/v0682	SES125	-2.54398	-9.71493	-7.17095
spk_ver/v06/v0683	SES226	0.798598	-6.81604	-7.61464
spk_ver/v06/v0684	SES125	-1.11448	-8.55531	-7.44083
spk_ver/v06/v0685	SES125	-1.62938	-9.51142	-7.88204
spk_ver/v06/v0686	SES120	0.315798	-6.62382	-6.93961
spk_ver/v06/v0687	SES125	-2.75656	-13.2985	-10.542
spk_ver/v06/v0688	SES158	0.649018	-7.41252	-8.06154
spk_ver/v06/v0689	SES125	-3.51196	-11.8503	-8.33838
spk_ver/v06/v0690	SES105	0.910483	-7.66804	-8.57852
spk_ver/v06/v0691	SES125	0.251221	-8.86176	-9.11298
spk_ver/v06/v0692	SES125	-0.773248	-8.18664	-7.41339
spk_ver/v06/v0693	SES180	0.641233	-6.46893	-7.11017
spk_ver/v06/v0694	SES125	-4.76772	-12.9298	-8.16211
spk_ver/v06/v0695	SES125	-2.25692	-10.1318	-7.8749
spk_ver/v06/v0696	SES125	-2.93087	-10.1875	-7.25661
spk_ver/v06/v0697	SES125	-2.54518	-11.1718	-8.62661
spk_ver/v06/v0698	SES083	0.329915	-7.03615	-7.36607
spk_ver/v06/v0699	SES125	-1.23459	-8.59007	-7.35548
spk_ver/v07/v0700	SES014	-0.263887	-9.14675	-8.88286
spk_ver/v07/v0701	SES125	-1.82309	-8.77994	-6.95686
spk_ver/v07/v0702	SES127	-0.553024	-7.72812	-7.1751
spk_ver/v07/v0703	SES127	-0.819324	-8.65746	-7.83813
spk_ver/v07/v0704	SES206	0.82444	-7.2595	-8.08394
spk_ver/v07/v0705	SES127	-1.47687	-8.55904	-7.08217
spk_ver/v07/v0706	SES127	-0.404392	-7.97109	-7.56669
spk_ver/v07/v0707	SES127	-2.49394	-9.92792	-7.43398
spk_ver/v07/v0708	SES275	0.128942	-7.45491	-7.58385
spk_ver/v07/v0709	SES127	-3.30497	-10.6188	-7.31386
spk_ver/v07/v0710	SES105	0.483228	-8.39512	-8.87835
spk_ver/v07/v0711	SES127	-0.864655	-8.78736	-7.92271
spk_ver/v07/v0712	SES127	-1.47711	-9.58359	-8.10648
spk_ver/v07/v0713	SES127	-2.18542	-10.1307	-7.94532
spk_ver/v07/v0714	SES019	3.68427	-6.68363	-10.3679
spk_ver/v07/v0715	SES127	-2.65945	-10.7291	-8.0697
spk_ver/v07/v0716	SES148	-0.362362	-7.96989	-7.60752
spk_ver/v07/v0717	SES162	0.7427	-6.9305	-7.6732
spk_ver/v07/v0718	SES189	-0.96799	-9.06736	-8.09937
spk_ver/v07/v0719	SES149	0.321839	-6.22411	-6.54595
spk_ver/v07/v0720	SES175	0.409475	-7.84633	-8.2558
spk_ver/v07/v0721	SES127	-3.21065	-10.9661	-7.75545
spk_ver/v07/v0722	SES127	-1.05548	-9.36275	-8.30727
spk_ver/v07/v0723	SES127	-3.83257	-11.8062	-7.97362
spk_ver/v07/v0724	SES127	-0.754412	-8.22073	-7.46632
spk_ver/v07/v0725	SES127	-2.39095	-10.5524	-8.16143
spk_ver/v07/v0726	SES259	1.31755	-6.33261	-7.65017
spk_ver/v07/v0727	SES127	-5.50748	-13.684	-8.17653
spk_ver/v07/v0728	SES127	0.22834	-6.35628	-6.58462
spk_ver/v07/v0729	SES127	-3.10783	-11.0332	-7.92537
spk_ver/v07/v0730	SES127	-1.23184	-8.64196	-7.41012
spk_ver/v07/v0731	SES129	-1.17078	-8.61196	-7.44118
spk_ver/v07/v0732	SES129	-0.908895	-8.62208	-7.71318
spk_ver/v07/v0733	SES129	-0.900942	-8.77947	-7.87852
spk_ver/v07/v0734	SES129	-1.86902	-11.1389	-9.26991
spk_ver/v07/v0735	SES183	0.616201	-7.34376	-7.95996
spk_ver/v07/v0736	SES129	-2.41222	-9.89691	-7.48468
spk_ver/v07/v0737	SES129	-1.81422	-9.98148	-8.16726
spk_ver/v07/v0738	SES129	-4.09166	-12.769	-8.67733
spk_ver/v07/v0739	SES129	-2.08479	-9.68716	-7.60237
spk_ver/v07/v0740	SES167	-0.753251	-7.58561	-6.83236
spk_ver/v07/v0741	SES129	-1.20829	-9.05334	-7.84505
spk_ver/v07/v0742	SES129	-2.4917	-9.4956	-7.0039
spk_ver/v07/v0743	SES129	-1.82182	-9.33163	-7.50982
spk_ver/v07/v0744	SES129	-4.03304	-12.8705	-8.83746
spk_ver/v07/v0745	SES180	0.61795	-6.90709	-7.52504
spk_ver/v07/v0746	SES129	-1.01862	-8.24175	-7.22313
spk_ver/v07/v0747	SES292	0.165474	-7.80228	-7.96775
spk_ver/v07/v0748	SES202	0.239304	-7.66559	-7.90489
spk_ver/v07/v0749	SES270	0.0905638	-8.44735	-8.53791
spk_ver/v07/v0750	SES129	-1.33556	-8.32078	-6.98521
spk_ver/v07/v0751	SES129	-2.23985	-9.62278	-7.38294
spk_ver/v07/v0752	SES060	0.390304	-6.87353	-7.26384
spk_ver/v07/v0753	SES129	-2.27585	-9.48269	-7.20683
spk_ver/v07/v0754	SES129	-2.20755	-11.1983	-8.99074
spk_ver/v07/v0755	SES129	-2.60294	-9.85843	-7.25548
spk_ver/v07/v0756	SES175	0.65552	-7.40436	-8.05988
spk_ver/v07/v0757	SES129	-3.55939	-12.1295	-8.5701
spk_ver/v07/v0758	SES129	-4.29177	-13.7683	-9.47657
spk_ver/v07/v0759	SES129	-3.24812	-10.9472	-7.69906
spk_ver/v07/v0760	SES129	-1.82187	-8.88567	-7.0638
spk_ver/v07/v0761	SES129	-2.5968	-9.6797	-7.0829
spk_ver/v07/v0762	SES172	0.842311	-7.899	-8.74131
spk_ver/v07/v0763	SES129	-2.41749	-10.9096	-8.49208
spk_ver/v07/v0764	SES129	-1.55565	-8.19635	-6.6407
spk_ver/v07/v0765	SES175	-0.267921	-7.89383	-7.62591
spk_ver/v07/v0766	SES129	-2.43338	-9.91779	-7.48441
spk_ver/v07/v0767	SES129	-1.03391	-8.89773	-7.86382
spk_ver/v07/v0768	SES042	1.16568	-6.36977	-7.53546
spk_ver/v07/v0769	SES099	0.362322	-8.54061	-8.90293
spk_ver/v07/v0770	SES142	-1.51117	-10.4523	-8.94113
spk_ver/v07/v0771	SES142	-0.358293	-7.88722	-7.52892
spk_ver/v07/v0772	SES101	0.834209	-6.32461	-7.15882
spk_ver/v07/v0773	SES142	-5.71217	-15.0423	-9.33018
spk_ver/v07/v0774	SES142	-2.54813	-11.297	-8.74891
spk_ver/v07/v0775	SES142	-0.940283	-8.95084	-8.01056
spk_ver/v07/v0776	SES142	-0.824121	-8.24022	-7.4161
spk_ver/v07/v0777	SES142	-2.03206	-9.37459	-7.34253
spk_ver/v07/v0778	SES142	-0.297861	-8.15056	-7.8527
spk_ver/v07/v0779	SES142	-3.57524	-12.2455	-8.67025
spk_ver/v07/v0780	SES142	-4.80246	-13.6394	-8.83693
spk_ver/v07/v0781	SES142	-4.30117	-12.7648	-8.46363
spk_ver/v07/v0782	SES101	0.0695534	-7.52475	-7.5943
spk_ver/v07/v0783	SES142	-1.9643	-8.4672	-6.5029
spk_ver/v07/v0784	SES187	0.640503	-9.15914	-9.79964
spk_ver/v07/v0785	SES143	0.303099	-7.64053	-7.94363
spk_ver/v07/v0786	SES142	-0.899701	-8.62904	-7.72934
spk_ver/v07/v0787	SES144	0.438632	-7.43885	-7.87748
spk_ver/v07/v0788	SES275	0.233556	-7.39605	-7.62961
spk_ver/v07/v0789	SES142	-1.31008	-9.12045	-7.81037
spk_ver/v07/v0790	SES099	0.659679	-7.31566	-7.97534
spk_ver/v07/v0791	SES142	-2.2729	-10.4066	-8.13369
spk_ver/v07/v0792	SES142	-2.49666	-10.5252	-8.02852
spk_ver/v07/v0793	SES142	-4.24976	-12.6017	-8.35197
spk_ver/v07/v0794	SES014	0.883954	-6.5956	-7.47956
spk_ver/v07/v0795	SES142	-5.22594	-13.3507	-8.1248
spk_ver/v07/v0796	SES142	-2.23533	-9.52047	-7.28514
spk_ver/v07/v0797	SES143	-0.177383	-6.82361	-6.64623
spk_ver/v07/v0798	SES206	0.382244	-7.72817	-8.11041
spk_ver/v07/v0799	SES143	-2.95167	-11.129	-8.17737
spk_ver/v08/v0800	SES143	-1.7858	-9.00891	-7.22311
spk_ver/v08/v0801	SES143	-0.502659	-7.3487	-6.84604
spk_ver/v08/v0802	SES143	-1.61999	-9.26603	-7.64604
spk_ver/v08/v0803	SES143	-2.23477	-10.2592	-8.02439
spk_ver/v08/v0804	SES143	-1.10614	-8.98559	-7.87945
spk_ver/v08/v0805	SES143	-1.27638	-9.53268	-8.2563
spk_ver/v08/v0806	SES143	-1.36084	-10.0632	-8.70236
spk_ver/v08/v0807	SES177	-0.20662	-8.82438	-8.61776
spk_ver/v08/v0808	SES149	-0.150818	-6.82456	-6.67374
spk_ver/v08/v0809	SES143	-2.05115	-10.5446	-8.49346
spk_ver/v08/v0810	SES158	1.21867	-7.64685	-8.86552
spk_ver/v08/v0811	SES143	-1.19785	-9.66075	-8.46289
spk_ver/v08/v0812	SES062	0.517881	-7.00213	-7.52001
spk_ver/v08/v0813	SES259	1.2128	-7.17182	-8.38462
spk_ver/v08/v0814	SES143	-2.54134	-10.2746	-7.73328
spk_ver/v08/v0815	SES143	-1.43936	-8.75388	-7.31452
spk_ver/v08/v0816	SES143	-1.12568	-8.68424	-7.55855
spk_ver/v08/v0817	SES144	0.451726	-8.3195	-8.77122
spk_ver/v08/v0818	SES143	-1.16984	-8.8539	-7.68406
spk_ver/v08/v0819	SES143	-0.64195	-8.36211	-7.72016
spk_ver/v08/v0820	SES143	-0.543331	-7.37196	-6.82863
spk_ver/v08/v0821	SES143	-0.698012	-7.87788	-7.17987
spk_ver/v08/v0822	SES143	-2.83144	-10.8248	-7.99339
spk_ver/v08/v0823	SES104	0.0510073	-7.54168	-7.59269
spk_ver/v08/v0824	SES143	-3.12086	-11.7	-8.57917
spk_ver/v08/v0825	SES143	-2.11501	-9.89222	-7.77721
spk_ver/v08/v0826	SES144	-2.84664	-11.404	-8.55738
spk_ver/v08/v0827	SES144	-0.985507	-7.76984	-6.78433
spk_ver/v08/v0828	SES144	-1.18772	-8.71759	-7.52987
spk_ver/v08/v0829	SES172	0.200913	-7.82867	-8.02958
spk_ver/v08/v0830	SES144	-0.907052	-7.99714	-7.09008
spk_ver/v08/v0831	SES183	0.876075	-7.80082	-8.6769
spk_ver/v08/v0832	SES144	-3.58771	-12.1058	-8.51812
spk_ver/v08/v0833	SES144	-2.50277	-10.4188	-7.91602
spk_ver/v08/v0834	SES144	-1.99587	-9.63531	-7.63943
spk_ver/v08/v0835	SES144	-0.96509	-8.95106	-7.98597
spk_ver/v08/v0836	SES144	-1.31317	-8.74442	-7.43125
spk_ver/v08/v0837	SES144	-2.03123	-10.0733	-8.04204
spk_ver/v08/v0838	SES144	-5.85786	-14.4579	-8.6
spk_ver/v08/v0839	SES085	0.474082	-6.77873	-7.25281
spk_ver/v08/v0840	SES144	-1.02805	-8.49695	-7.4689
spk_ver/v08/v0841	SES144	-4.06306	-14.7356	-10.6725
spk_ver/v08/v0842	SES144	-3.00709	-11.4032	-8.39613
spk_ver/v08/v0843	SES144	-0.810722	-7.11479	-6.30407
spk_ver/v08/v0844	SES144	-1.5476	-9.73785	-8.19025
spk_ver/v08/v0845	SES144	-1.95471	-9.53187	-7.57716
spk_ver/v08/v0846	SES104	-0.0522299	-8.56301	-8.51078
spk_ver/v08/v0847	SES144	-0.865213	-8.24122	-7.37601
spk_ver/v08/v0848	SES144	-0.305299	-8.68845	-8.38315
spk_ver/v08/v0849	SES144	-3.57899	-12.0945	-8.51551
spk_ver/v08/v0850	SES144	-2.42608	-9.91446	-7.48837
spk_ver/v08/v0851	SES144	-1.92772	-9.71053	-7.78281
spk_ver/v08/v0852	SES144	-0.618622	-7.5019	-6.88328
spk_ver/v08/v0853	SES144	-8.61848	-19.6297	-11.0113
spk_ver/v08/v0854	SES144	-0.974373	-7.9362	-6.96183
spk_ver/v08/v0855	SES144	0.231773	-6.55261	-6.78438
spk_ver/v08/v0856	SES082	-0.109428	-9.378	-9.26857
spk_ver/v08/v0857	SES142	0.507346	-6.45984	-6.96718
spk_ver/v08/v0858	SES144	-0.204089	-7.29886	-7.09477
spk_ver/v08/v0859	SES144	-2.27783	-10.6575	-8.37966
spk_ver/v08/v0860	SES146	-2.93996	-12.1108	-9.1708
spk_ver/v08/v0861	SES146	-2.44994	-11.6752	-9.22522
spk_ver/v08/v0862	SES146	-5.01267	-15.2056	-10.1929
spk_ver/v08/v0863	SES146	-0.354515	-7.73167	-7.37715
spk_ver/v08/v0864	SES146	-2.17414	-11.0245	-8.85034
spk_ver/v08/v0865	SES008	1.54291	-5.90615	-7.44906
spk_ver/v08/v0866	SES142	-0.0488505	-7.58373	-7.53488
spk_ver/v08/v0867	SES146	-5.25053	-13.3481	-8.09761
spk_ver/v08/v0868	SES082	0.734772	-6.92342	-7.65819
spk_ver/v08/v0869	SES146	-1.7077	-9.20168	-7.49397
spk_ver/v08/v0870	SES146	-4.11338	-13.5037	-9.39036
spk_ver/v08/v0871	SES146	-2.23201	-10.7896	-8.55763
spk_ver/v08/v0872	SES146	-1.43057	-9.58874	-8.15817
spk_ver/v08/v0873	SES082	0.674388	-7.11342	-7.78781
spk_ver/v08/v0874	SES146	-0.572784	-8.29383	-7.72105
spk_ver/v08/v0875	SES144	0.248248	-7.99418	-8.24243
spk_ver/v08/v0876	SES146	-1.60832	-9.03902	-7.4307
spk_ver/v08/v0877	SES146	-2.86755	-11.1487	-8.28119
spk_ver/v08/v0878	SES146	-0.924215	-8.51215	-7.58794
spk_ver/v08/v0879	SES146	-0.527561	-8.06312	-7.53556
spk_ver/v08/v0880	SES146	-0.394197	-8.01708	-7.62288
spk_ver/v08/v0881	SES143	0.264552	-7.73492	-7.99947
spk_ver/v08/v0882	SES146	-0.0336876	-7.31658	-7.28289
spk_ver/v08/v0883	SES147	-1.90305	-9.69753	-7.79447
spk_ver/v08/v0884	SES147	-0.606595	-7.55012	-6.94353
spk_ver/v08/v0885	SES016	0.594687	-6.97302	-7.56771
spk_ver/v08/v0886	SES147	-1.11313	-8.4569	-7.34377
spk_ver/v08/v0887	SES147	-1.42856	-9.15676	-7.72821
spk_ver/v08/v0888	SES147	-2.78431	-11.0547	-8.27043
spk_ver/v08/v0889	SES019	1.06711	-7.23738	-8.30449
spk_ver/v08/v0890	SES147	-1.78616	-10.0901	-8.30397
spk_ver/v08/v0891	SES147	-1.60555	-8.99184	-7.38629
spk_ver/v08/v0892	SES147	-0.968775	-8.22142	-7.25264
spk_ver/v08/v0893	SES270	1.80491	-7.41776	-9.22267
spk_ver/v08/v0894	SES029	0.205037	-7.46174	-7.66678
spk_ver/v08/v0895	SES147	-3.67745	-11.8179	-8.14048
spk_ver/v08/v0896	SES117	0.159108	-8.33966	-8.49877
spk_ver/v08/v0897	SES183	0.448196	-8.71846	-9.16665
spk_ver/v08/v0898	SES147	-6.32211	-14.927	-8.6049
spk_ver/v08/v0899	SES147	-2.79928	-12.259	-9.45971
spk_ver/v09/v0900	SES087	0.726392	-7.15216	-7.87855
spk_ver/v09/v0901	SES147	-6.29946	-15.5314	-9.23196
spk_ver/v09/v0902	SES147	-4.34327	-12.3276	-7.98436
spk_ver/v09/v0903	SES147	-1.55311	-8.7257	-7.17259
spk_ver/v09/v0904	SES147	-2.451	-10.4983	-8.0473
spk_ver/v09/v0905	SES143	0.142672	-7.84451	-7.98718
spk_ver/v09/v0906	SES149	-0.122761	-8.12574	-8.00298
spk_ver/v09/v0907	SES148	-2.58947	-9.7182	-7.12873
spk_ver/v09/v0908	SES148	-1.45612	-8.92304	-7.46692
spk_ver/v09/v0909	SES106	0.827362	-7.6222	-8.44956
spk_ver/v09/v0910	SES148	-2.19215	-10.3916	-8.19947
spk_ver/v09/v0911	SES148	-1.14372	-9.68819	-8.54448
spk_ver/v09/v0912	SES142	0.0352306	-7.54013	-7.57537
spk_ver/v09/v0913	SES148	-0.805323	-9.27978	-8.47445
spk_ver/v09/v0914	SES148	-1.03588	-8.8224	-7.78651
spk_ver/v09/v0915	SES148	-2.45155	-10.6092	-8.15766
spk_ver/v09/v0916	SES148	-1.67996	-9.7332	-8.05324
spk_ver/v09/v0917	SES148	0.527374	-7.14342	-7.67079
spk_ver/v09/v0918	SES148	-0.0190392	-7.08302	-7.06399
spk_ver/v09/v0919	SES270	1.26091	-7.14101	-8.40191
spk_ver/v09/v0920	SES148	-1.28002	-7.81226	-6.53224
spk_ver/v09/v0921	SES148	-0.925747	-8.45953	-7.53379
spk_ver/v09/v0922	SES129	0.991118	-6.2626	-7.25372
spk_ver/v09/v0923	SES117	0.821959	-6.5564	-7.37836
spk_ver/v09/v0924	SES042	1.45332	-6.47696	-7.93028
spk_ver/v09/v0925	SES148	-3.4825	-12.0735	-8.59104
spk_ver/v09/v0926	SES148	-3.23917	-12.8617	-9.62248
spk_ver/v09/v0927	SES144	0.497934	-7.29467	-7.7926
spk_ver/v09/v0928	SES007	0.691209	-7.34314	-8.03435
spk_ver/v09/v0929	SES148	-0.990663	-8.26868	-7.27802
spk_ver/v09/v0930	SES148	-1.03311	-8.966	-7.93289
spk_ver/v09/v0931	SES148	-1.27055	-8.4866	-7.21604
spk_ver/v09/v0932	SES202	0.459878	-8.04857	-8.50845
spk_ver/v09/v0933	SES148	-0.587712	-7.76256	-7.17485
spk_ver/v09/v0934	SES148	-1.43857	-8.66867	-7.2301
spk_ver/v09/v0935	SES060	0.725681	-6.51365	-7.23933
spk_ver/v09/v0936	SES060	0.128294	-7.92819	-8.05649
spk_ver/v09/v0937	SES148	-0.47522	-8.00053	-7.52531
spk_ver/v09/v0938	SES148	-0.290792	-7.75806	-7.46726
spk_ver/v09/v0939	SES148	-2.10501	-10.0081	-7.90311
spk_ver/v09/v0940	SES148	-1.35079	-9.19649	-7.84569
spk_ver/v09/v0941	SES149	-1.29773	-8.74767	-7.44994
spk_ver/v09/v0942	SES149	-1.55896	-8.62292	-7.06396
spk_ver/v09/v0943	SES149	-1.5828	-9.12144	-7.53864
spk_ver/v09/v0944	SES149	-2.11968	-9.86597	-7.74628
spk_ver/v09/v0945	SES105	0.731972	-6.63827	-7.37024
spk_ver/v09/v0946	SES149	-3.4761	-12.2655	-8.78937
spk_ver/v09/v0947	SES149	-0.531046	-8.52216	-7.99112
spk_ver/v09/v0948	SES149	-1.51712	-9.21781	-7.70069
spk_ver/v09/v0949	SES149	-0.976101	-7.16593	-6.18983
spk_ver/v09/v0950	SES226	0.158033	-6.90694	-7.06497
spk_ver/v09/v0951	SES149	-0.536115	-8.66513	-8.12901
spk_ver/v09/v0952	SES149	-1.40989	-9.10038	-7.69049
spk_ver/v09/v0953	SES062	0.254391	-6.74666	-7.00105
spk_ver/v09/v0954	SES149	-1.70885	-9.61037	-7.90152
spk_ver/v09/v0955	SES048	-0.0589671	-7.9084	-7.84944
spk_ver/v09/v0956	SES158	-1.44922	-9.23436	-7.78514
spk_ver/v09/v0957	SES158	-2.08999	-10.2323	-8.14227
spk_ver/v09/v0958	SES158	-0.606399	-7.30578	-6.69938
spk_ver/v09/v0959	SES158	-0.781123	-8.88903	-8.1079
spk_ver/v09/v0960	SES158	-3.98515	-12.0442	-8.05904
spk_ver/v09/v0961	SES147	0.220779	-7.13176	-7.35254
spk_ver/v09/v0962	SES158	-2.87723	-10.6569	-7.77969
spk_ver/v09/v0963	SES292	0.0419855	-8.97229	-9.01427
spk_ver/v09/v0964	SES060	0.635802	-6.43186	-7.06766
spk_ver/v09/v0965	SES002	1.14682	-7.90665	-9.05348
spk_ver/v09/v0966	SES149	0.125431	-6.21043	-6.33586
spk_ver/v09/v0967	SES158	-3.20908	-11.6878	-8.47875
spk_ver/v09/v0968	SES158	-2.87574	-11.4541	-8.57836
spk_ver/v09/v0969	SES275	0.40849	-8.00913	-8.41762
spk_ver/v09/v0970	SES158	-2.66931	-10.3027	-7.63338
spk_ver/v09/v0971	SES158	-2.46251	-9.89651	-7.434
spk_ver/v09/v0972	SES002	0.515108	-8.05803	-8.57314
spk_ver/v09/v0973	SES158	-4.90306	-14.1486	-9.24556
spk_ver/v09/v0974	SES202	0.337319	-7.53673	-7.87405
spk_ver/v09/v0975	SES158	-3.52862	-11.4022	-7.87353
spk_ver/v09/v0976	SES158	0.138485	-7.83107	-7.96955
spk_ver/v09/v0977	SES162	-1.78034	-9.10506	-7.32472
spk_ver/v09/v0978	SES162	-3.24411	-12.5888	-9.3447
spk_ver/v09/v0979	SES162	-3.81669	-12.8621	-9.04544
spk_ver/v09/v0980	SES162	-2.13007	-10.7366	-8.6065
spk_ver/v09/v0981	SES162	-3.84544	-12.6819	-8.83648
spk_ver/v09/v0982	SES259	0.808588	-7.05589	-7.86448
spk_ver/v09/v0983	SES162	-2.97876	-12.0869	-9.10815
spk_ver/v09/v0984	SES162	-1.10651	-8.23027	-7.12377
spk_ver/v09/v0985	SES162	-0.179142	-8.31203	-8.13289
spk_ver/v09/v0986	SES062	0.316275	-7.17692	-7.49319
spk_ver/v09/v0987	SES162	0.0126238	-7.80138	-7.814
spk_ver/v09/v0988	SES162	-4.39803	-12.2003	-7.80229
spk_ver/v09/v0989	SES162	-3.41324	-11.942	-8.52879
spk_ver/v09/v0990	SES162	-5.35722	-13.6318	-8.27454
spk_ver/v09/v0991	SES087	0.354372	-8.3718	-8.72618
spk_ver/v09/v0992	SES120	-0.347456	-8.06783	-7.72037
spk_ver/v09/v0993	SES162	-2.61846	-10.7282	-8.10976
spk_ver/v09/v0994	SES162	-1.08469	-7.96179	-6.8771
spk_ver/v09/v0995	SES162	-3.38379	-10.6913	-7.30748
spk_ver/v09/v0996	SES162	-2.16198	-9.26396	-7.10198
spk_ver/v09/v0997	SES162	-2.27524	-10.0293	-7.75407
spk_ver/v09/v0998	SES162	-1.18905	-9.3063	-8.11725
spk_ver/v09/v0999	SES162	-0.931146	-7.50671	-6.57556
spk_ver/v10/v1000	SES162	-2.42458	-10.156	-7.73139
spk_ver/v10/v1001	SES148	0.658752	-6.51	-7.16875
spk_ver/v10/v1002	SES162	-0.974661	-8.49105	-7.51639
spk_ver/v10/v1003	SES162	-2.69936	-10.4678	-7.76845
spk_ver/v10/v1004	SES162	-2.73172	-11.0721	-8.34034
spk_ver/v10/v1005	SES162	-2.68797	-11.2882	-8.60027
spk_ver/v10/v1006	SES162	-3.49116	-12.7	-9.20883
spk_ver/v10/v1007	SES162	-0.473706	-8.38528	-7.91157
spk_ver/v10/v1008	SES162	-5.95444	-14.9088	-8.95432
spk_ver/v10/v1009	SES162	-3.89715	-12.2326	-8.33549
spk_ver/v10/v1010	SES167	-3.51614	-13.3581	-9.84191
spk_ver/v10/v1011	SES167	-0.342976	-7.4692	-7.12622
spk_ver/v10/v1012	SES167	-1.6445	-8.76881	-7.12431
spk_ver/v10/v1013	SES167	-6.00794	-14.8739	-8.86593
spk_ver/v10/v1014	SES167	-0.6069	-7.56729	-6.96039
spk_ver/v10/v1015	SES167	-1.99386	-9.70145	-7.70759
spk_ver/v10/v1016	SES167	-0.712607	-8.67161	-7.959
spk_ver/v10/v1017	SES167	-2.30647	-11.2407	-8.93426
spk_ver/v10/v1018	SES167	-1.72718	-9.40422	-7.67704
spk_ver/v10/v1019	SES167	-2.35864	-10.1087	-7.75009
spk_ver/v10/v1020	SES167	-2.85577	-11.1177	-8.26193
spk_ver/v10/v1021	SES167	-0.631649	-8.29365	-7.662
spk_ver/v10/v1022	SES167	-2.50637	-10.8397	-8.33338
spk_ver/v10/v1023	SES167	-2.3925	-10.2332	-7.84065
spk_ver/v10/v1024	SES167	-5.83293	-14.3461	-8.51318
spk_ver/v10/v1025	SES167	-0.828201	-8.02217	-7.19397
spk_ver/v10/v1026	SES167	-3.66893	-10.9288	-7.2599
spk_ver/v10/v1027	SES167	-0.641599	-7.25773	-6.61613
spk_ver/v10/v1028	SES167	-2.93873	-10.4761	-7.53742
spk_ver/v10/v1029	SES167	-1.47112	-9.74618	-8.27506
spk_ver/v10/v1030	SES167	-2.99663	-10.322	-7.32541
spk_ver/v10/v1031	SES167	-3.85895	-12.4521	-8.59315
spk_ver/v10/v1032	SES167	-1.17442	-9.34124	-8.16682
spk_ver/v10/v1033	SES167	-3.98473	-11.0691	-7.08435
spk_ver/v10/v1034	SES002	1.02577	-6.52394	-7.54971
spk_ver/v10/v1035	SES167	-0.156014	-7.95429	-7.79828
spk_ver/v10/v1036	SES083	0.549713	-7.21601	-7.76572
spk_ver/v10/v1037	SES167	-1.98753	-9.5658	-7.57827
spk_ver/v10/v1038	SES167	-0.998544	-8.59098	-7.59244
spk_ver/v10/v1039	SES167	-2.01085	-9.84557	-7.83472
spk_ver/v10/v1040	SES167	-1.66002	-9.14797	-7.48795
spk_ver/v10/v1041	SES167	-0.493017	-7.83996	-7.34694
spk_ver/v10/v1042	SES087	0.756533	-8.20599	-8.96252
spk_ver/v10/v1043	SES029	0.440694	-7.47924	-7.91993
spk_ver/v10/v1044	SES206	0.245143	-7.66209	-7.90724
spk_ver/v10/v1045	SES172	-0.488554	-7.26632	-6.77777
spk_ver/v10/v1046	SES172	0.596961	-7.54404	-8.141
spk_ver/v10/v1047	SES172	-0.609059	-8.36292	-7.75386
spk_ver/v10/v1048	SES259	1.27582	-6.709	-7.98482
spk_ver/v10/v1049	SES172	-1.97673	-9.4944	-7.51766
spk_ver/v10/v1050	SES120	0.55546	-8.34586	-8.90132
spk_ver/v10/v1051	SES172	-2.0305	-10.1852	-8.15466
spk_ver/v10/v1052	SES172	-0.760329	-7.89453	-7.1342
spk_ver/v10/v1053	SES172	-1.57709	-9.4424	-7.86531
spk_ver/v10/v1054	SES172	-0.794324	-8.03602	-7.24169
spk_ver/v10/v1055	SES189	0.544293	-7.95766	-8.50195
spk_ver/v10/v1056	SES172	-2.22208	-10.8084	-8.58634
spk_ver/v10/v1057	SES172	-1.40459	-9.391	-7.98641
spk_ver/v10/v1058	SES172	-0.347853	-8.65829	-8.31044
spk_ver/v10/v1059	SES172	-2.49145	-10.6461	-8.15462
spk_ver/v10/v1060	SES029	0.309542	-6.47505	-6.78459
spk_ver/v10/v1061	SES175	-4.28827	-14.5919	-10.3036
spk_ver/v10/v1062	SES187	-0.136063	-8.0238	-7.88773
spk_ver/v10/v1063	SES019	3.17885	-6.53144	-9.71029
spk_ver/v10/v1064	SES175	-1.44139	-10.1348	-8.69337
spk_ver/v10/v1065	SES175	-3.83687	-12.5564	-8.71955
spk_ver/v10/v1066	SES175	-4.08973	-12.46	-8.37023
spk_ver/v10/v1067	SES175	-3.00113	-11.4616	-8.4605
spk_ver/v10/v1068	SES175	-1.28231	-9.19637	-7.91406
spk_ver/v10/v1069	SES016	0.994702	-6.22347	-7.21818
spk_ver/v10/v1070	SES175	-0.338742	-7.44457	-7.10583
spk_ver/v10/v1071	SES175	-0.528039	-7.63296	-7.10492
spk_ver/v10/v1072	SES175	-1.71504	-10.0641	-8.3491
spk_ver/v10/v1073	SES029	0.269455	-7.07472	-7.34418
spk_ver/v10/v1074	SES175	-1.73897	-9.76666	-8.02769
spk_ver/v10/v1075	SES175	-0.422197	-7.46346	-7.04126
spk_ver/v10/v1076	SES175	-0.7689	-7.83676	-7.06786
spk_ver/v10/v1077	SES175	-1.22707	-8.75757	-7.53049
spk_ver/v10/v1078	SES127	0.347463	-7.17372	-7.52118
spk_ver/v10/v1079	SES175	-2.33968	-9.79609	-7.45641
spk_ver/v10/v1080	SES175	-0.722873	-8.21804	-7.49517
spk_ver/v10/v1081	SES175	-3.27787	-11.8093	-8.53147
spk_ver/v10/v1082	SES175	-2.09309	-10.4381	-8.34501
spk_ver/v10/v1083	SES007	0.127025	-8.53478	-8.66181
spk_ver/v10/v1084	SES068	0.134879	-7.75169	-7.88657
spk_ver/v10/v1085	SES008	0.166128	-7.2917	-7.45782
spk_ver/v10/v1086	SES175	-1.01878	-7.29068	-6.27191
spk_ver/v10/v1087	SES175	-0.764614	-8.37978	-7.61517
spk_ver/v10/v1088	SES008	1.18558	-7.20244	-8.38802
spk_ver/v10/v1089	SES177	-1.28321	-7.88186	-6.59865
spk_ver/v10/v1090	SES177	-2.70443	-10.5531	-7.8487
spk_ver/v10/v1091	SES177	-5.12571	-14.519	-9.39329
spk_ver/v10/v1092	SES177	-0.000279903	-7.44538	-7.4451
spk_ver/v10/v1093	SES177	-6.32113	-15.5222	-9.20108
spk_ver/v10/v1094	SES002	1.05513	-7.37611	-8.43124
spk_ver/v10/v1095	SES104	-0.595976	-9.52102	-8.92505
spk_ver/v10/v1096	SES177	-0.935008	-8.91772	-7.98271
spk_ver/v10/v1097	SES177	-5.89537	-14.9112	-9.01581
spk_ver/v10/v1098	SES177	-2.93533	-10.7694	-7.83407
spk_ver/v10/v1099	SES177	0.0244017	-6.75828	-6.78268
spk_ver/v11/v1100	SES177	-1.06719	-9.38745	-8.32027
spk_ver/v11/v1101	SES085	0.204746	-7.11299	-7.31774
spk_ver/v11/v1102	SES187	0.189354	-8.44601	-8.63536
spk_ver/v11/v1103	SES177	-0.346124	-7.95803	-7.61191
spk_ver/v11/v1104	SES177	-0.23074	-8.60535	-8.37461
spk_ver/v11/v1105	SES177	-0.661803	-7.83507	-7.17326
spk_ver/v11/v1106	SES177	-1.95012	-9.16572	-7.2156
spk_ver/v11/v1107	SES177	-0.350776	-8.08232	-7.73154
spk_ver/v11/v1108	SES177	-0.0264049	-7.33957	-7.31317
spk_ver/v11/v1109	SES125	0.464061	-7.49521	-7.95927
spk_ver/v11/v1110	SES177	-2.44584	-9.70646	-7.26062
spk_ver/v11/v1111	SES177	-0.973555	-8.63615	-7.66259
spk_ver/v11/v1112	SES177	-2.23608	-9.44903	-7.21295
spk_ver/v11/v1113	SES177	-2.9502	-11.3856	-8.43545
spk_ver/v11/v1114	SES177	-0.419634	-8.21395	-7.79431
spk_ver/v11/v1115	SES177	-2.27232	-9.9479	-7.67558
spk_ver/v11/v1116	SES085	0.845433	-6.60928	-7.45471
spk_ver/v11/v1117	SES147	-0.292199	-7.78756	-7.49536
spk_ver/v11/v1118	SES177	-0.725035	-7.63287	-6.90783
spk_ver/v11/v1119	SES177	-3.18659	-10.6873	-7.50076
spk_ver/v11/v1120	SES180	-2.28217	-10.5539	-8.2717
spk_ver/v11/v1121	SES189	-1.33541	-8.44014	-7.10473
spk_ver/v11/v1122	SES117	0.366366	-8.51533	-8.88169
spk_ver/v11/v1123	SES129	1.14655	-6.12007	-7.26661
spk_ver/v11/v1124	SES180	0.134802	-7.69438	-7.82919
spk_ver/v11/v1125	SES180	-0.185812	-7.66017	-7.47436
spk_ver/v11/v1126	SES180	-0.0477762	-7.28185	-7.23407
spk_ver/v11/v1127	SES180	-2.05475	-10.15	-8.09521
spk_ver/v11/v1128	SES016	0.107502	-7.88295	-7.99045
spk_ver/v11/v1129	SES158	0.306285	-7.69517	-8.00146
spk_ver/v11/v1130	SES180	-0.683667	-8.18804	-7.50437
spk_ver/v11/v1131	SES180	-2.56325	-9.94933	-7.38608
spk_ver/v11/v1132	SES180	-0.288993	-8.1718	-7.88281
spk_ver/v11/v1133	SES180	-3.70283	-11.2153	-7.51244
spk_ver/v11/v1134	SES180	-1.41078	-9.46439	-8.05361
spk_ver/v11/v1135	SES180	-1.81432	-9.32108	-7.50676
spk_ver/v11/v1136	SES180	-6.05753	-15.636	-9.57848
spk_ver/v11/v1137	SES148	-0.0228295	-7.89101	-7.86818
spk_ver/v11/v1138	SES104	0.786909	-6.31154	-7.09845
spk_ver/v11/v1139	SES180	-1.22269	-8.90522	-7.68253
spk_ver/v11/v1140	SES083	0.0686841	-7.92419	-7.99287
spk_ver/v11/v1141	SES180	-5.16488	-14.125	-8.96009
spk_ver/v11/v1142	SES180	-4.88452	-13.0334	-8.14884
spk_ver/v11/v1143	SES180	-2.37224	-10.988	-8.61573
spk_ver/v11/v1144	SES099	0.45097	-8.69835	-9.14932
spk_ver/v11/v1145	SES180	-0.787951	-8.9998	-8.21185
spk_ver/v11/v1146	SES183	-2.05184	-9.92138	-7.86953
spk_ver/v11/v1147	SES183	-1.63028	-9.15269	-7.52241
spk_ver/v11/v1148	SES183	-4.72995	-14.0058	-9.27584
spk_ver/v11/v1149	SES183	-4.08291	-12.9268	-8.84388
spk_ver/v11/v1150	SES183	-7.38767	-17.1602	-9.77249
spk_ver/v11/v1151	SES082	0.562251	-7.71016	-8.27241
spk_ver/v11/v1152	SES183	-2.2694	-10.2477	-7.97829
spk_ver/v11/v1153	SES183	-0.582117	-8.3516	-7.76948
spk_ver/v11/v1154	SES002	0.802007	-7.21302	-8.01502
spk_ver/v11/v1155	SES183	-1.21921	-9.04601	-7.8268
spk_ver/v11/v1156	SES183	-4.38253	-13.5333	-9.15075
spk_ver/v11/v1157	SES183	-2.46839	-11.2329	-8.7645
spk_ver/v11/v1158	SES183	-0.620052	-7.61924	-6.99918
spk_ver/v11/v1159	SES183	-0.740443	-8.51437	-7.77393
spk_ver/v11/v1160	SES183	-2.85277	-10.3671	-7.51436
spk_ver/v11/v1161	SES183	-4.18274	-13.4594	-9.27667
spk_ver/v11/v1162	SES105	0.82293	-6.6797	-7.50263
spk_ver/v11/v1163	SES183	-6.46607	-16.3246	-9.85858
spk_ver/v11/v1164	SES259	1.00547	-6.35825	-7.36372
spk_ver/v11/v1165	SES183	-1.26929	-9.83162	-8.56233
spk_ver/v11/v1166	SES183	-4.66213	-12.6651	-8.00296
spk_ver/v11/v1167	SES183	-0.545223	-6.86529	-6.32007
spk_ver/v11/v1168	SES183	-1.12833	-8.11564	-6.98731
spk_ver/v11/v1169	SES183	-4.07087	-11.3323	-7.26139
spk_ver/v11/v1170	SES183	-1.57284	-9.36432	-7.79148
spk_ver/v11/v1171	SES183	-8.43916	-18.2677	-9.82858
spk_ver/v11/v1172	SES187	-1.34789	-9.00104	-7.65315
spk_ver/v11/v1173	SES019	2.80223	-6.72306	-9.52529
spk_ver/v11/v1174	SES187	-1.90941	-11.0509	-9.14146
spk_ver/v11/v1175	SES187	-1.60041	-9.63556	-8.03514
spk_ver/v11/v1176	SES083	0.65682	-6.62708	-7.2839
spk_ver/v11/v1177	SES187	-6.13608	-15.984	-9.84796
spk_ver/v11/v1178	SES187	-2.88763	-10.8207	-7.93311
spk_ver/v11/v1179	SES187	-1.42376	-9.18542	-7.76167
spk_ver/v11/v1180	SES187	-0.606609	-8.43425	-7.82764
spk_ver/v11/v1181	SES187	-2.6786	-10.4513	-7.77274
spk_ver/v11/v1182	SES187	-1.62031	-8.71066	-7.09035
spk_ver/v11/v1183	SES187	-0.970734	-8.77457	-7.80383
spk_ver/v11/v1184	SES187	-0.318565	-7.67105	-7.35248
spk_ver/v11/v1185	SES127	0.62444	-7.21108	-7.83552
spk_ver/v11/v1186	SES187	-0.320202	-7.04803	-6.72783
spk_ver/v11/v1187	SES187	-0.711494	-8.14354	-7.43205
spk_ver/v11/v1188	SES187	-1.04499	-10.1567	-9.11175
spk_ver/v11/v1189	SES042	0.499744	-7.07257	-7.57231
spk_ver/v11/v1190	SES187	-1.36398	-8.02967	-6.66569
spk_ver/v11/v1191	SES187	-4.67993	-14.978	-10.298
spk_ver/v11/v1192	SES187	-2.30288	-10.4684	-8.16557
spk_ver/v11/v1193	SES183	0.859416	-7.45872	-8.31814
spk_ver/v11/v1194	SES187	-1.59397	-9.9554	-8.36143
spk_ver/v11/v1195	SES187	-2.22833	-11.3944	-9.16606
spk_ver/v11/v1196	SES146	0.49909	-7.12209	-7.62118
spk_ver/v11/v1197	SES189	-2.11125	-10.2903	-8.17901
spk_ver/v11/v1198	SES175	0.289645	-7.26624	-7.55588
spk_ver/v11/v1199	SES189	-4.22093	-13.9096	-9.6887
spk_ver/v12/v1200	SES189	-1.53511	-8.57621	-7.0411
spk_ver/v12/v1201	SES177	0.195022	-7.44654	-7.64156
spk_ver/v12/v1202	SES189	-1.9813	-9.53033	-7.54903
spk_ver/v12/v1203	SES143	0.519532	-7.066	-7.58553
spk_ver/v12/v1204	SES189	-1.38991	-9.24392	-7.854
spk_ver/v12/v1205	SES189	-0.979288	-8.74381	-7.76452
spk_ver/v12/v1206	SES189	-1.92911	-10.4049	-8.47576
spk_ver/v12/v1207	SES189	-4.34388	-11.5916	-7.24773
spk_ver/v12/v1208	SES189	-2.25945	-9.41702	-7.15758
spk_ver/v12/v1209	SES189	-3.57713	-12.5703	-8.99317
spk_ver/v12/v1210	SES189	-1.24433	-9.11574	-7.87141
spk_ver/v12/v1211	SES062	0.458991	-6.50604	-6.96503
spk_ver/v12/v1212	SES189	-1.71702	-9.88955	-8.17253
spk_ver/v12/v1213	SES048	0.418234	-7.0151	-7.43334
spk_ver/v12/v1214	SES042	1.27841	-6.20542	-7.48383
spk_ver/v12/v1215	SES008	1.41792	-5.58227	-7.00019
spk_ver/v12/v1216	SES202	-3.75406	-11.5785	-7.82447
spk_ver/v12/v1217	SES202	-1.35579	-8.90255	-7.54676
spk_ver/v12/v1218	SES085	1.21142	-5.47907	-6.69049
spk_ver/v12/v1219	SES202	-0.822944	-8.18554	-7.3626
spk_ver/v12/v1220	SES202	-0.321681	-7.17052	-6.84883
spk_ver/v12/v1221	SES202	-0.687409	-8.98543	-8.29802
spk_ver/v12/v1222	SES202	-3.56001	-13.3394	-9.77937
spk_ver/v12/v1223	SES158	-0.174852	-7.71884	-7.54398
spk_ver/v12/v1224	SES202	-2.12334	-10.495	-8.37171
spk_ver/v12/v1225	SES202	-1.40484	-9.17551	-7.77067
spk_ver/v12/v1226	SES202	-2.54531	-11.6172	-9.07191
spk_ver/v12/v1227	SES202	-1.40176	-9.87967	-8.47791
spk_ver/v12/v1228	SES177	0.594254	-7.12942	-7.72368
spk_ver/v12/v1229	SES202	-1.62685	-9.64011	-8.01326
spk_ver/v12/v1230	SES202	-1.61087	-8.36961	-6.75874
spk_ver/v12/v1231	SES202	-1.94009	-11.618	-9.67792
spk_ver/v12/v1232	SES202	-1.23149	-9.18834	-7.95685
spk_ver/v12/v1233	SES206	0.795309	-7.43269	-8.228
spk_ver/v12/v1234	SES202	-4.20048	-12.7444	-8.54392
spk_ver/v12/v1235	SES202	-1.75169	-10.0828	-8.33108
spk_ver/v12/v1236	SES125	0.62	-7.57967	-8.19967
spk_ver/v12/v1237	SES127	-0.0580893	-7.95171	-7.89362
spk_ver/v12/v1238	SES202	0.56017	-7.22068	-7.78085
spk_ver/v12/v1239	SES167	0.979673	-6.28844	-7.26812
spk_ver/v12/v1240	SES206	-2.87698	-9.50576	-6.62878
spk_ver/v12/v1241	SES206	-4.94413	-13.4796	-8.53548
spk_ver/v12/v1242	SES206	-1.0205	-9.82492	-8.80442
spk_ver/v12/v1243	SES206	-2.70274	-11.2649	-8.56218
spk_ver/v12/v1244	SES259	0.74296	-7.37268	-8.11565
spk_ver/v12/v1245	SES206	-0.69935	-7.83554	-7.13619
spk_ver/v12/v1246	SES206	-0.947944	-8.56444	-7.61649
spk_ver/v12/v1247	SES206	-0.927178	-8.80117	-7.87399
spk_ver/v12/v1248	SES206	-6.33091	-14.5624	-8.23146
spk_ver/v12/v1249	SES270	1.40505	-7.10566	-8.51072
spk_ver/v12/v1250	SES206	-1.70238	-8.8922	-7.18983
spk_ver/v12/v1251	SES206	-1.02322	-7.50559	-6.48237
spk_ver/v12/v1252	SES206	-1.09293	-8.54312	-7.45018
spk_ver/v12/v1253	SES206	-1.19613	-9.77497	-8.57883
spk_ver/v12/v1254	SES206	-1.70082	-10.1458	-8.44499
spk_ver/v12/v1255	SES125	0.444534	-7.14508	-7.58962
spk_ver/v12/v1256	SES206	-5.50106	-13.5809	-8.07981
spk_ver/v12/v1257	SES206	-3.79791	-10.62	-6.82205
spk_ver/v12/v1258	SES206	-3.66363	-12.025	-8.36137
spk_ver/v12/v1259	SES206	-2.78159	-9.8658	-7.08421
spk_ver/v12/v1260	SES206	-2.42964	-10.4448	-8.01516
spk_ver/v12/v1261	SES206	-4.10526	-11.1131	-7.00787
spk_ver/v12/v1262	SES206	-4.58709	-12.4628	-7.87568
spk_ver/v12/v1263	SES206	-2.2957	-9.76674	-7.47104
spk_ver/v12/v1264	SES149	0.225466	-7.09681	-7.32228
spk_ver/v12/v1265	SES206	-0.325933	-8.72867	-8.40274
spk_ver/v12/v1266	SES206	-4.9674	-13.0494	-8.08202
spk_ver/v12/v1267	SES206	-0.724981	-10.2219	-9.4969
spk_ver/v12/v1268	SES206	-2.00869	-9.65163	-7.64294
spk_ver/v12/v1269	SES206	-4.72503	-12.4716	-7.74652
spk_ver/v12/v1270	SES206	-8.87345	-18.0887	-9.21529
spk_ver/v12/v1271	SES226	-3.13689	-11.158	-8.0211
spk_ver/v12/v1272	SES226	-1.2514	-9.94508	-8.69368
spk_ver/v12/v1273	SES226	-3.42391	-10.6618	-7.23788
spk_ver/v12/v1274	SES226	-3.42058	-10.8108	-7.39022
spk_ver/v12/v1275	SES226	0.793437	-8.33486	-9.1283
spk_ver/v12/v1276	SES226	-5.18264	-13.3586	-8.17596
spk_ver/v12/v1277	SES226	-0.360196	-8.45233	-8.09213
spk_ver/v12/v1278	SES226	-0.179885	-8.42843	-8.24854
spk_ver/v12/v1279	SES226	-2.85165	-9.51312	-6.66147
spk_ver/v12/v1280	SES226	-1.6986	-8.86965	-7.17104
spk_ver/v12/v1281	SES226	-0.782191	-10.1584	-9.37621
spk_ver/v12/v1282	SES226	-3.71391	-12.5931	-8.87918
spk_ver/v12/v1283	SES143	0.799787	-7.1017	-7.90149
spk_ver/v12/v1284	SES226	-2.81106	-9.34929	-6.53823
spk_ver/v12/v1285	SES226	-1.12428	-10.2527	-9.1284
spk_ver/v12/v1286	SES226	-1.5417	-10.3712	-8.82949
spk_ver/v12/v1287	SES226	-3.35263	-10.3328	-6.98013
spk_ver/v12/v1288	SES226	-2.21411	-8.84029	-6.62618
spk_ver/v12/v1289	SES104	0.435059	-8.50396	-8.93902
spk_ver/v12/v1290	SES008	1.6715	-7.18899	-8.86049
spk_ver/v12/v1291	SES226	-1.03449	-8.54305	-7.50855
spk_ver/v12/v1292	SES259	-2.97523	-11.9522	-8.977
spk_ver/v12/v1293	SES062	0.107065	-7.58073	-7.6878
spk_ver/v12/v1294	SES099	0.38162	-9.34467	-9.72629
spk_ver/v12/v1295	SES158	0.937259	-7.48263	-8.41989
spk_ver/v12/v1296	SES259	-6.55684	-13.8646	-7.30781
spk_ver/v12/v1297	SES259	-9.37442	-18.349	-8.97456
spk_ver/v12/v1298	SES259	-2.07434	-11.3375	-9.26315
spk_ver/v12/v1299	SES259	-4.07395	-12.7549	-8.68097
spk_ver/v13/v1300	SES120	0.284636	-7.76347	-8.0481
spk_ver/v13/v1301	SES259	-13.7004	-22.132	-8.4316
spk_ver/v13/v1302	SES259	-4.60412	-12.3607	-7.75658
spk_ver/v13/v1303	SES129	0.866746	-7.08684	-7.95359
spk_ver/v13/v1304	SES259	-2.6544	-10.6394	-7.98503
spk_ver/v13/v1305	SES259	-5.90423	-13.8713	-7.96705
spk_ver/v13/v1306	SES106	0.351298	-7.03762	-7.38892
spk_ver/v13/v1307	SES259	-5.40611	-13.5004	-8.0943
spk_ver/v13/v1308	SES259	-1.35912	-9.5406	-8.18148
spk_ver/v13/v1309	SES259	-4.20933	-10.7311	-6.52173
spk_ver/v13/v1310	SES259	-6.75839	-14.0409	-7.28249
spk_ver/v13/v1311	SES259	-2.86448	-10.0176	-7.15309
spk_ver/v13/v1312	SES259	-2.225	-9.89397	-7.66897
spk_ver/v13/v1313	SES144	0.376431	-7.63345	-8.00988
spk_ver/v13/v1314	SES259	-7.39548	-16.1744	-8.77891
spk_ver/v13/v1315	SES162	0.502537	-7.33921	-7.84174
spk_ver/v13/v1316	SES206	0.422251	-7.33025	-7.7525
spk_ver/v13/v1317	SES175	-0.470581	-7.91143	-7.44085
spk_ver/v13/v1318	SES259	-2.5524	-10.0968	-7.54437
spk_ver/v13/v1319	SES259	-4.76295	-12.5546	-7.7916
spk_ver/v13/v1320	SES270	0.055047	-8.40694	-8.46199
spk_ver/v13/v1321	SES101	0.448217	-7.11469	-7.56291
spk_ver/v13/v1322	SES177	0.259797	-7.39793	-7.65772
spk_ver/v13/v1323	SES127	0.790248	-6.10242	-6.89267
spk_ver/v13/v1324	SES270	-2.92946	-10.8341	-7.9046
spk_ver/v13/v1325	SES062	0.28135	-6.99871	-7.28006
spk_ver/v13/v1326	SES270	0.281012	-7.96917	-8.25018
spk_ver/v13/v1327	SES120	-0.127907	-7.90492	-7.77701
spk_ver/v13/v1328	SES270	-5.13173	-13.4968	-8.36511
spk_ver/v13/v1329	SES270	-2.94746	-8.88763	-5.94017
spk_ver/v13/v1330	SES270	-0.584944	-9.64274	-9.0578
spk_ver/v13/v1331	SES270	-2.37417	-9.47115	-7.09698
spk_ver/v13/v1332	SES270	-1.08114	-8.78234	-7.70121
spk_ver/v13/v1333	SES270	-0.258018	-9.52384	-9.26583
spk_ver/v13/v1334	SES270	-3.17176	-11.052	-7.88019
spk_ver/v13/v1335	SES270	-0.245376	-8.32067	-8.07529
spk_ver/v13/v1336	SES270	-1.135	-10.0564	-8.9214
spk_ver/v13/v1337	SES016	0.442223	-7.53243	-7.97465
spk_ver/v13/v1338	SES270	-2.6197	-10.4991	-7.87942
spk_ver/v13/v1339	SES002	0.60617	-6.72075	-7.32692
spk_ver/v13/v1340	SES105	1.34317	-7.36304	-8.70621
spk_ver/v13/v1341	SES275	-1.1209	-9.06079	-7.93989
spk_ver/v13/v1342	SES187	0.624666	-7.52013	-8.1448
spk_ver/v13/v1343	SES275	-0.867615	-8.80344	-7.93582
spk_ver/v13/v1344	SES275	-2.50687	-11.1255	-8.61864
spk_ver/v13/v1345	SES275	-1.85995	-10.0503	-8.19036
spk_ver/v13/v1346	SES275	-4.26071	-13.1874	-8.92665
spk_ver/v13/v1347	SES275	-2.69996	-11.4058	-8.70583
spk_ver/v13/v1348	SES180	0.755884	-6.08042	-6.8363
spk_ver/v13/v1349	SES275	-2.68549	-12.2689	-9.58338
spk_ver/v13/v1350	SES275	-0.843955	-7.66648	-6.82252
spk_ver/v13/v1351	SES275	-1.23254	-9.42094	-8.1884
spk_ver/v13/v1352	SES275	-1.31947	-9.5591	-8.23963
spk_ver/v13/v1353	SES275	-1.78678	-10.8342	-9.04743
spk_ver/v13/v1354	SES189	-0.163226	-7.50687	-7.34364
spk_ver/v13/v1355	SES068	0.39147	-6.23665	-6.62812
spk_ver/v13/v1356	SES275	-1.23738	-9.8832	-8.64582
spk_ver/v13/v1357	SES048	-0.027359	-8.01896	-7.9916
spk_ver/v13/v1358	SES226	0.384613	-6.61301	-6.99762
spk_ver/v13/v1359	SES016	0.0370936	-7.21347	-7.25056
spk_ver/v13/v1360	SES275	-3.50718	-12.539	-9.03184
spk_ver/v13/v1361	SES068	0.723567	-6.64139	-7.36496
spk_ver/v13/v1362	SES275	-2.06899	-9.80083	-7.73184
spk_ver/v13/v1363	SES275	-2.07179	-11.06	-8.98822
spk_ver/v13/v1364	SES275	-2.83306	-12.3719	-9.53886
spk_ver/v13/v1365	SES275	-0.800794	-8.04062	-7.23983
spk_ver/v13/v1366	SES187	-0.271903	-8.03466	-7.76275
spk_ver/v13/v1367	SES275	-2.71955	-11.612	-8.89247
spk_ver/v13/v1368	SES125	-0.313565	-7.66915	-7.35559
spk_ver/v13/v1369	SES275	-2.16136	-11.4624	-9.30107
spk_ver/v13/v1370	SES292	-1.62565	-8.92696	-7.30131
spk_ver/v13/v1371	SES292	-0.607505	-8.45419	-7.84669
spk_ver/v13/v1372	SES292	-0.305538	-8.95599	-8.65046
spk_ver/v13/v1373	SES292	-0.865339	-8.49682	-7.63148
spk_ver/v13/v1374	SES101	0.618994	-7.13669	-7.75568
spk_ver/v13/v1375	SES292	-0.519417	-8.76608	-8.24666
spk_ver/v13/v1376	SES292	-1.21701	-8.60812	-7.39111
spk_ver/v13/v1377	SES292	-1.59353	-9.93342	-8.33989
spk_ver/v13/v1378	SES292	-0.53339	-7.74152	-7.20813
spk_ver/v13/v1379	SES292	-0.867137	-9.11667	-8.24953
spk_ver/v13/v1380	SES292	-1.60931	-9.41107	-7.80176
spk_ver/v13/v1381	SES292	0.0583305	-6.9399	-6.99823
spk_ver/v13/v1382	SES292	-0.655011	-8.4139	-7.75889
spk_ver/v13/v1383	SES292	-0.581881	-8.8727	-8.29082
spk_ver/v13/v1384	SES292	-0.659543	-8.13019	-7.47065
spk_ver/v13/v1385	SES292	-0.625158	-8.75558	-8.13043
spk_ver/v13/v1386	SES292	-0.983036	-8.66685	-7.68381
spk_ver/v13/v1387	SES158	1.18917	-8.32516	-9.51434
spk_ver/v13/v1388	SES292	-0.249559	-7.51094	-7.26138
spk_ver/v13/v1389	SES292	-0.370577	-6.91658	-6.546
spk_ver/v13/v1390	SES292	0.0333157	-9.11272	-9.14603
spk_ver/v13/v1391	SES292	-1.18543	-8.97591	-7.79049
spk_ver/v13/v1392	SES292	-2.08861	-10.3447	-8.25607
spk_ver/v13/v1393	SES292	-0.812773	-8.61158	-7.7988
spk_ver/v13/v1394	SES292	-1.15049	-8.90177	-7.75127
spk_ver/v13/v1395	SES292	-0.760488	-8.38046	-7.61997
spk_ver/v13/v1396	SES117	1.16453	-7.63815	-8.80268
spk_ver/v13/v1397	SES292	-1.891	-9.94881	-8.05781
spk_ver/v13/v1398	SES292	-1.46617	-9.3445	-7.87833
spk_ver/v13/v1399	SES292	0.0815325	-8.23331	-8.31484
