spk_ver/v00/v0000	SES146	1.39487	-48.9215	-50.3164
spk_ver/v00/v0001	SES002	-24.4501	-75.6063	-51.1561
spk_ver/v00/v0002	SES002	-18.9053	-69.4812	-50.5759
spk_ver/v00/v0003	SES002	-25.7751	-77.3815	-51.6064
spk_ver/v00/v0004	SES002	-2.51924	-53.0401	-50.5208
spk_ver/v00/v0005	SES002	-5.14285	-55.257	-50.1141
spk_ver/v00/v0006	SES002	-14.6748	-64.4795	-49.8047
spk_ver/v00/v0007	SES002	-15.4272	-67.1847	-51.7575
spk_ver/v00/v0008	SES146	0.460392	-49.9732	-50.4336
spk_ver/v00/v0009	SES002	-2.42604	-51.2989	-48.8728
spk_ver/v00/v0010	SES002	-3.19571	-53.7102	-50.5145
spk_ver/v00/v0011	SES002	-2.09196	-53.6443	-51.5523
spk_ver/v00/v0012	SES002	-17.1743	-65.9724	-48.7981
spk_ver/v00/v0013	SES002	-11.8525	-61.278	-49.4255
spk_ver/v00/v0014	SES002	-0.9277	-50.8071	-49.8794
spk_ver/v00/v0015	SES002	-1.18939	-50.6217	-49.4323
spk_ver/v00/v0016	SES275	0.54018	-50.8977	-51.4378
spk_ver/v00/v0017	SES002	0.0446358	-49.1132	-49.1578
spk_ver/v00/v0018	SES002	-20.7944	-72.7503	-51.9559
spk_ver/v00/v0019	SES002	-2.47065	-52.2161	-49.7455
spk_ver/v00/v0020	SES002	-19.5587	-71.3112	-51.7525
spk_ver/v00/v0021	SES002	-19.8387	-70.3879	-50.5492
spk_ver/v00/v0022	SES002	-2.60986	-52.9112	-50.3013
spk_ver/v00/v0023	SES002	-14.3247	-63.5952	-49.2706
spk_ver/v00/v0024	SES002	-19.4259	-70.7755	-51.3495
spk_ver/v00/v0025	SES002	-12.0103	-63.0154	-51.0051
spk_ver/v00/v0026	SES002	-8.72637	-58.2344	-49.5081
spk_ver/v00/v0027	SES129	1.5699	-48.0952	-49.6651
spk_ver/v00/v0028	SES007	-2.55729	-52.1085	-49.5512
spk_ver/v00/v0029	SES083	-0.237457	-49.4322	-49.1947
spk_ver/v00/v0030	SES019	2.16413	-48.1375	-50.3017
spk_ver/v00/v0031	SES007	-3.46439	-54.0838	-50.6194
spk_ver/v00/v0032	SES270	1.05007	-48.2741	-49.3241
spk_ver/v00/v0033	SES007	-3.68174	-53.9008	-50.219
spk_ver/v00/v0034	SES007	-4.85582	-59.1272	-54.2713
spk_ver/v00/v0035	SES007	-1.55494	-51.3548	-49.7999
spk_ver/v00/v0036	SES007	-1.3404	-50.2775	-48.9371
spk_ver/v00/v0037	SES007	-3.89822	-52.8259	-48.9277
spk_ver/v00/v0038	SES259	1.802	-47.079	-48.8811
spk_ver/v00/v0039	SES007	-3.73048	-53.9958	-50.2653
spk_ver/v00/v0040	SES007	-3.46828	-52.054	-48.5857
spk_ver/v00/v0041	SES007	-2.77744	-52.092	-49.3146
spk_ver/v00/v0042	SES007	-1.00799	-51.3847	-50.3767
spk_ver/v00/v0043	SES007	-0.666332	-50.7671	-50.1008
spk_ver/v00/v0044	SES007	-3.05309	-51.1518	-48.0987
spk_ver/v00/v0045	SES007	-1.31089	-50.9616	-49.6507
spk_ver/v00/v0046	SES007	-1.38422	-51.0651	-49.6809
spk_ver/v00/v0047	SES172	0.720688	-49.3492	-50.0699
spk_ver/v00/v0048	SES105	1.45141	-49.4116	-50.863
spk_ver/v00/v0049	SES007	-0.968513	-50.6136	-49.6451
spk_ver/v00/v0050	SES292	-0.0300026	-50.1734	-50.1434
spk_ver/v00/v0051	SES007	-3.22252	-53.8063	-50.5837
spk_ver/v00/v0052	SES068	0.868767	-48.5666	-49.4354
spk_ver/v00/v0053	SES008	-1.42608	-50.345	-48.9189
spk_ver/v00/v0054	SES008	-6.3033	-58.3668	-52.0634
spk_ver/v00/v0055	SES008	-3.10315	-52.9366	-49.8335
spk_ver/v00/v0056	SES008	-7.69157	-57.777	-50.0854
spk_ver/v00/v0057	SES008	-6.82477	-56.6461	-49.8214
spk_ver/v00/v0058	SES083	0.913902	-48.8799	-49.7938
spk_ver/v00/v0059	SES158	1.37358	-48.3552	-49.7287
spk_ver/v00/v0060	SES008	-3.34883	-53.2921	-49.9433
spk_ver/v00/v0061	SES101	0.681282	-49.4702	-50.1515
spk_ver/v00/v0062	SES008	-4.65555	-55.0431	-50.3876
spk_ver/v00/v0063	SES008	-2.52192	-52.7979	-50.276
spk_ver/v00/v0064	SES117	1.21944	-49.6616	-50.881
spk_ver/v00/v0065	SES149	1.76536	-47.6108	-49.3762
spk_ver/v00/v0066	SES008	-2.01177	-51.7325	-49.7207
spk_ver/v00/v0067	SES008	-4.56882	-56.6039	-52.0351
spk_ver/v00/v0068	SES162	1.56126	-49.0659	-50.6272
spk_ver/v00/v0069	SES008	-6.06952	-55.0732	-49.0037
spk_ver/v00/v0070	SES008	-0.836937	-50.1632	-49.3263
spk_ver/v00/v0071	SES008	-3.08717	-53.1913	-50.1041
spk_ver/v00/v0072	SES008	-1.31012	-49.9521	-48.642
spk_ver/v00/v0073	SES008	-3.34881	-52.0277	-48.6789
spk_ver/v00/v0074	SES008	-4.45818	-53.8078	-49.3496
spk_ver/v00/v0075	SES008	-7.89755	-58.4473	-50.5497
spk_ver/v00/v0076	SES167	1.38657	-48.5398	-49.9264
spk_ver/v00/v0077	SES008	-1.74478	-50.782	-49.0372
spk_ver/v00/v0078	SES177	0.7258	-49.0644	-49.7902
spk_ver/v00/v0079	SES008	-3.29156	-53.4602	-50.1687
spk_ver/v00/v0080	SES008	-3.83032	-54.8286	-50.9983
spk_ver/v00/v0081	SES008	-7.6553	-59.183	-51.5277
spk_ver/v00/v0082	SES008	-3.89009	-53.2531	-49.363
spk_ver/v00/v0083	SES008	-7.92818	-58.341	-50.4128
spk_ver/v00/v0084	SES144	0.987206	-49.7431	-50.7303
spk_ver/v00/v0085	SES008	-2.64284	-52.75	-50.1072
spk_ver/v00/v0086	SES008	-1.3814	-50.0017	-48.6203
spk_ver/v00/v0087	SES008	-4.76709	-56.1103	-51.3432
spk_ver/v00/v0088	SES008	-3.63072	-53.702	-50.0713
spk_ver/v00/v0089	SES008	-1.51088	-52.5166	-51.0058
spk_ver/v00/v0090	SES142	2.22692	-48.7056	-50.9325
spk_ver/v00/v0091	SES008	-7.25619	-56.1689	-48.9127
spk_ver/v00/v0092	SES158	0.789001	-49.4064	-50.1954
spk_ver/v00/v0093	SES014	-6.7918	-56.1931	-49.4013
spk_ver/v00/v0094	SES014	-4.64186	-55.9517	-51.3099
spk_ver/v00/v0095	SES014	-1.2796	-49.8759	-48.5963
spk_ver/v00/v0096	SES014	-2.93232	-52.3769	-49.4446
spk_ver/v00/v0097	SES014	-1.45472	-51.8693	-50.4146
spk_ver/v00/v0098	SES014	-1.39179	-50.1821	-48.7903
spk_ver/v00/v0099	SES014	-17.5968	-68.693	-51.0961
spk_ver/v01/v0100	SES127	0.615475	-49.3113	-49.9268
spk_ver/v01/v0101	SES014	-13.1116	-65.0438	-51.9322
spk_ver/v01/v0102	SES014	-23.7198	-75.1671	-51.4473
spk_ver/v01/v0103	SES014	-5.548	-57.7145	-52.1665
spk_ver/v01/v0104	SES014	-14.6352	-66.3936	-51.7584
spk_ver/v01/v0105	SES014	-3.37129	-55.118	-51.7467
spk_ver/v01/v0106	SES014	-2.94033	-53.2437	-50.3034
spk_ver/v01/v0107	SES014	-18.3132	-68.0206	-49.7074
spk_ver/v01/v0108	SES014	-24.4511	-75.4822	-51.0311
spk_ver/v01/v0109	SES014	-14.5912	-65.9087	-51.3175
spk_ver/v01/v0110	SES014	-3.13046	-54.2964	-51.1659
spk_ver/v01/v0111	SES014	-1.60068	-50.5661	-48.9654
spk_ver/v01/v0112	SES014	-15.3319	-64.8953	-49.5633
spk_ver/v01/v0113	SES104	0.050396	-50.1575	-50.2079
spk_ver/v01/v0114	SES082	0.409168	-48.6705	-49.0797
spk_ver/v01/v0115	SES087	1.99596	-47.8657	-49.8617
spk_ver/v01/v0116	SES014	-1.79207	-51.2266	-49.4346
spk_ver/v01/v0117	SES177	0.305508	-50.3501	-50.6557
spk_ver/v01/v0118	SES014	-16.2097	-67.3023	-51.0927
spk_ver/v01/v0119	SES014	-1.00488	-50.1795	-49.1747
spk_ver/v01/v0120	SES014	-22.4807	-73.8312	-51.3505
spk_ver/v01/v0121	SES146	0.493359	-49.5029	-49.9963
spk_ver/v01/v0122	SES014	1.43432	-46.4974	-47.9318
spk_ver/v01/v0123	SES014	-1.46301	-50.9488	-49.4858
spk_ver/v01/v0124	SES014	-16.7917	-67.0171	-50.2254
spk_ver/v01/v0125	SES014	-7.26494	-58.0375	-50.7726
spk_ver/v01/v0126	SES016	-3.1134	-53.9392	-50.8258
spk_ver/v01/v0127	SES016	-3.49051	-55.2543	-51.7638
spk_ver/v01/v0128	SES106	1.64962	-47.763	-49.4126
spk_ver/v01/v0129	SES016	-5.83357	-54.6858	-48.8522
spk_ver/v01/v0130	SES016	-3.07058	-53.5246	-50.454
spk_ver/v01/v0131	SES016	-5.82269	-55.2936	-49.4709
spk_ver/v01/v0132	SES016	-1.68794	-51.7259	-50.0379
spk_ver/v01/v0133	SES016	-3.19721	-54.8733	-51.6761
spk_ver/v01/v0134	SES016	-3.8914	-52.6219	-48.7305
spk_ver/v01/v0135	SES016	-4.06099	-55.5587	-51.4977
spk_ver/v01/v0136	SES016	-4.30695	-55.1736	-50.8667
spk_ver/v01/v0137	SES007	0.769047	-50.1	-50.8691
spk_ver/v01/v0138	SES016	-1.28708	-51.3603	-50.0732
spk_ver/v01/v0139	SES016	-1.87111	-51.3372	-49.4661
spk_ver/v01/v0140	SES016	1.41223	-48.8955	-50.3077
spk_ver/v01/v0141	SES016	-11.0395	-63.3121	-52.2725
spk_ver/v01/v0142	SES016	-4.79708	-54.2971	-49.5
spk_ver/v01/v0143	SES016	-7.91112	-58.8116	-50.9005
spk_ver/v01/v0144	SES016	-3.9882	-53.2921	-49.3039
spk_ver/v01/v0145	SES016	-3.62681	-55.0448	-51.418
spk_ver/v01/v0146	SES016	-1.86497	-51.0442	-49.1793
spk_ver/v01/v0147	SES016	-1.72195	-51.7368	-50.0148
spk_ver/v01/v0148	SES127	0.660484	-49.3766	-50.0371
spk_ver/v01/v0149	SES016	-5.03112	-54.5068	-49.4757
spk_ver/v01/v0150	SES016	-2.36853	-52.3232	-49.9547
spk_ver/v01/v0151	SES147	1.52261	-50.478	-52.0006
spk_ver/v01/v0152	SES016	-2.29702	-52.3629	-50.0659
spk_ver/v01/v0153	SES104	0.931725	-47.3781	-48.3098
spk_ver/v01/v0154	SES016	-3.39429	-54.421	-51.0267
spk_ver/v01/v0155	SES016	-3.04131	-54.398	-51.3567
spk_ver/v01/v0156	SES019	-1.82042	-52.1293	-50.3089
spk_ver/v01/v0157	SES019	-2.89312	-51.6974	-48.8043
spk_ver/v01/v0158	SES019	-1.31638	-50.5487	-49.2323
spk_ver/v01/v0159	SES007	0.812504	-49.3481	-50.1606
spk_ver/v01/v0160	SES019	-2.25302	-50.7476	-48.4946
spk_ver/v01/v0161	SES019	-2.73363	-53.1948	-50.4612
spk_ver/v01/v0162	SES019	-8.6704	-57.9001	-49.2297
spk_ver/v01/v0163	SES189	1.17544	-50.1191	-51.2946
spk_ver/v01/v0164	SES019	-2.09768	-51.1378	-49.0401
spk_ver/v01/v0165	SES019	-0.869713	-51.2153	-50.3456
spk_ver/v01/v0166	SES019	-8.60345	-57.8822	-49.2787
spk_ver/v01/v0167	SES019	-11.9377	-62.9771	-51.0394
spk_ver/v01/v0168	SES019	-1.95264	-52.6927	-50.74
spk_ver/v01/v0169	SES019	-3.17036	-53.2285	-50.0582
spk_ver/v01/v0170	SES270	1.48262	-48.2147	-49.6973
spk_ver/v01/v0171	SES019	-2.65284	-52.157	-49.5042
spk_ver/v01/v0172	SES019	-13.8239	-64.8001	-50.9762
spk_ver/v01/v0173	SES206	1.02159	-48.4935	-49.5151
spk_ver/v01/v0174	SES019	-1.5276	-51.807	-50.2794
spk_ver/v01/v0175	SES014	1.1314	-47.663	-48.7944
spk_ver/v01/v0176	SES019	-6.94878	-56.8364	-49.8877
spk_ver/v01/v0177	SES120	0.822449	-50.0393	-50.8617
spk_ver/v01/v0178	SES019	-1.7609	-52.9165	-51.1556
spk_ver/v01/v0179	SES019	-10.842	-60.1103	-49.2683
spk_ver/v01/v0180	SES175	1.10868	-49.7154	-50.8241
spk_ver/v01/v0181	SES019	-10.5207	-61.9805	-51.4598
spk_ver/v01/v0182	SES019	-4.30856	-53.6264	-49.3178
spk_ver/v01/v0183	SES029	-2.5334	-52.5905	-50.0571
spk_ver/v01/v0184	SES029	-5.1295	-54.6059	-49.4764
spk_ver/v01/v0185	SES029	-3.02475	-52.8687	-49.8439
spk_ver/v01/v0186	SES068	1.16522	-48.3376	-49.5028
spk_ver/v01/v0187	SES029	-5.34901	-54.256	-48.907
spk_ver/v01/v0188	SES029	-3.27521	-51.9621	-48.6869
spk_ver/v01/v0189	SES149	2.04133	-47.1077	-49.149
spk_ver/v01/v0190	SES029	-5.19658	-53.7471	-48.5505
spk_ver/v01/v0191	SES029	-5.08915	-54.7501	-49.6609
spk_ver/v01/v0192	SES183	0.961166	-48.0927	-49.0539
spk_ver/v01/v0193	SES029	-1.03253	-51.6229	-50.5904
spk_ver/v01/v0194	SES016	1.61372	-48.5267	-50.1404
spk_ver/v01/v0195	SES029	-2.88441	-52.5924	-49.708
spk_ver/v01/v0196	SES029	-1.06238	-51.2379	-50.1755
spk_ver/v01/v0197	SES029	-4.55876	-53.3388	-48.7801
spk_ver/v01/v0198	SES146	0.133503	-50.3453	-50.4788
spk_ver/v01/v0199	SES029	-5.19279	-55.7097	-50.5169
spk_ver/v02/v0200	SES029	-2.83913	-54.1549	-51.3158
spk_ver/v02/v0201	SES068	0.903084	-48.7249	-49.628
spk_ver/v02/v0202	SES148	1.5434	-48.7574	-50.3008
spk_ver/v02/v0203	SES029	-3.51768	-53.1184	-49.6007
spk_ver/v02/v0204	SES029	-0.786781	-51.133	-50.3463
spk_ver/v02/v0205	SES060	0.561577	-48.4894	-49.051
spk_ver/v02/v0206	SES127	1.77781	-48.0838	-49.8617
spk_ver/v02/v0207	SES029	-5.25128	-55.3696	-50.1183
spk_ver/v02/v0208	SES048	1.96576	-49.004	-50.9698
spk_ver/v02/v0209	SES029	-1.73046	-52.0901	-50.3596
spk_ver/v02/v0210	SES029	-5.18237	-54.9708	-49.7884
spk_ver/v02/v0211	SES029	-3.66626	-52.7037	-49.0375
spk_ver/v02/v0212	SES042	-20.1791	-71.5998	-51.4206
spk_ver/v02/v0213	SES085	1.25411	-49.1216	-50.3757
spk_ver/v02/v0214	SES206	1.64311	-47.2917	-48.9348
spk_ver/v02/v0215	SES144	0.537769	-49.6913	-50.2291
spk_ver/v02/v0216	SES042	-3.64014	-53.2328	-49.5927
spk_ver/v02/v0217	SES042	-3.92496	-56.9445	-53.0195
spk_ver/v02/v0218	SES042	-1.21828	-49.6548	-48.4365
spk_ver/v02/v0219	SES206	1.14987	-48.0288	-49.1787
spk_ver/v02/v0220	SES019	3.61333	-47.0693	-50.6826
spk_ver/v02/v0221	SES007	0.25576	-49.9997	-50.2554
spk_ver/v02/v0222	SES042	-17.3577	-68.8511	-51.4933
spk_ver/v02/v0223	SES147	1.59872	-50.01	-51.6088
spk_ver/v02/v0224	SES105	0.993649	-49.8743	-50.868
spk_ver/v02/v0225	SES042	-2.45489	-52.1341	-49.6792
spk_ver/v02/v0226	SES275	0.795734	-49.8961	-50.6919
spk_ver/v02/v0227	SES042	-4.82111	-54.861	-50.0398
spk_ver/v02/v0228	SES042	-9.20387	-59.6067	-50.4028
spk_ver/v02/v0229	SES042	-21.8951	-71.624	-49.7288
spk_ver/v02/v0230	SES085	0.358074	-48.0585	-48.4166
spk_ver/v02/v0231	SES014	1.71642	-46.8097	-48.5261
spk_ver/v02/v0232	SES042	-1.33025	-50.1448	-48.8145
spk_ver/v02/v0233	SES048	-5.24199	-54.3577	-49.1157
spk_ver/v02/v0234	SES048	-9.26056	-60.8259	-51.5653
spk_ver/v02/v0235	SES029	0.435738	-49.8445	-50.2802
spk_ver/v02/v0236	SES048	-4.62323	-53.7029	-49.0797
spk_ver/v02/v0237	SES048	-5.58777	-55.0652	-49.4775
spk_ver/v02/v0238	SES048	-4.23702	-54.5528	-50.3158
spk_ver/v02/v0239	SES060	0.87653	-48.4486	-49.3251
spk_ver/v02/v0240	SES048	-7.96688	-58.767	-50.8001
spk_ver/v02/v0241	SES048	-7.81801	-58.373	-50.555
spk_ver/v02/v0242	SES189	2.58574	-49.6472	-52.233
spk_ver/v02/v0243	SES162	0.990231	-50.0291	-51.0193
spk_ver/v02/v0244	SES048	-4.4075	-53.0013	-48.5938
spk_ver/v02/v0245	SES048	-4.83829	-53.8735	-49.0352
spk_ver/v02/v0246	SES048	-4.2132	-53.2294	-49.0162
spk_ver/v02/v0247	SES048	-4.9648	-55.9279	-50.9631
spk_ver/v02/v0248	SES226	1.84736	-47.7915	-49.6389
spk_ver/v02/v0249	SES048	-4.19834	-54.5537	-50.3553
spk_ver/v02/v0250	SES048	-3.52306	-54.6268	-51.1037
spk_ver/v02/v0251	SES048	-5.21646	-55.4359	-50.2194
spk_ver/v02/v0252	SES060	-8.53593	-60.1982	-51.6622
spk_ver/v02/v0253	SES060	-5.52603	-54.5876	-49.0616
spk_ver/v02/v0254	SES259	2.17458	-46.8773	-49.0519
spk_ver/v02/v0255	SES060	-4.3907	-55.9441	-51.5534
spk_ver/v02/v0256	SES202	1.09221	-50.386	-51.4782
spk_ver/v02/v0257	SES148	0.858818	-48.5675	-49.4263
spk_ver/v02/v0258	SES060	-6.29071	-58.4348	-52.1441
spk_ver/v02/v0259	SES060	-1.37392	-51.0626	-49.6887
spk_ver/v02/v0260	SES060	-2.59362	-53.061	-50.4674
spk_ver/v02/v0261	SES099	2.14656	-47.4488	-49.5954
spk_ver/v02/v0262	SES060	-3.90768	-54.3665	-50.4588
spk_ver/v02/v0263	SES060	-2.88094	-52.138	-49.257
spk_ver/v02/v0264	SES292	0.0319862	-50.1311	-50.1631
spk_ver/v02/v0265	SES060	-1.0167	-50.7929	-49.7762
spk_ver/v02/v0266	SES060	-7.42141	-58.071	-50.6496
spk_ver/v02/v0267	SES060	-6.81007	-57.206	-50.3959
spk_ver/v02/v0268	SES060	-6.10512	-57.6351	-51.5299
spk_ver/v02/v0269	SES127	1.00768	-48.9204	-49.9281
spk_ver/v02/v0270	SES060	-4.0397	-54.8062	-50.7665
spk_ver/v02/v0271	SES060	-1.19254	-50.8432	-49.6507
spk_ver/v02/v0272	SES060	-4.97633	-56.0769	-51.1006
spk_ver/v02/v0273	SES087	1.4868	-47.9166	-49.4034
spk_ver/v02/v0274	SES146	0.56863	-49.8341	-50.4028
spk_ver/v02/v0275	SES060	-6.20221	-56.802	-50.5998
spk_ver/v02/v0276	SES002	1.84215	-47.6841	-49.5263
spk_ver/v02/v0277	SES060	-1.31073	-51.013	-49.7022
spk_ver/v02/v0278	SES060	-7.26465	-57.5601	-50.2954
spk_ver/v02/v0279	SES060	-6.51054	-55.1447	-48.6341
spk_ver/v02/v0280	SES129	2.16362	-47.6025	-49.7661
spk_ver/v02/v0281	SES162	1.11321	-49.4686	-50.5818
spk_ver/v02/v0282	SES060	-4.98844	-54.5238	-49.5353
spk_ver/v02/v0283	SES060	-3.992	-53.5623	-49.5703
spk_ver/v02/v0284	SES062	-4.18893	-55.6185	-51.4296
spk_ver/v02/v0285	SES062	-4.70989	-54.2214	-49.5115
spk_ver/v02/v0286	SES120	0.569302	-50.503	-51.0723
spk_ver/v02/v0287	SES062	-4.85662	-55.027	-50.1704
spk_ver/v02/v0288	SES062	-4.55099	-54.8553	-50.3043
spk_ver/v02/v0289	SES062	-3.19642	-51.2859	-48.0895
spk_ver/v02/v0290	SES062	-2.54306	-52.4047	-49.8616
spk_ver/v02/v0291	SES275	0.0825424	-50.0685	-50.1511
spk_ver/v02/v0292	SES062	-4.78791	-55.7972	-51.0093
spk_ver/v02/v0293	SES062	-6.01369	-57.1107	-51.097
spk_ver/v02/v0294	SES062	-3.59746	-52.1106	-48.5131
spk_ver/v02/v0295	SES062	-4.13939	-54.8327	-50.6933
spk_ver/v02/v0296	SES062	-3.52402	-53.648	-50.124
spk_ver/v02/v0297	SES062	-5.53472	-56.0007	-50.466
spk_ver/v02/v0298	SES062	-3.69091	-54.2827	-50.5918
spk_ver/v02/v0299	SES062	-2.79414	-53.0742	-50.2801
spk_ver/v03/v0300	SES062	-5.58336	-57.9101	-52.3268
spk_ver/v03/v0301	SES062	-3.51396	-52.6441	-49.1301
spk_ver/v03/v0302	SES172	0.932034	-47.9309	-48.8629
spk_ver/v03/v0303	SES062	-1.97603	-51.8002	-49.8242
spk_ver/v03/v0304	SES062	-2.57524	-52.3746	-49.7994
spk_ver/v03/v0305	SES062	-3.41045	-53.4638	-50.0533
spk_ver/v03/v0306	SES062	-7.21488	-59.765	-52.5501
spk_ver/v03/v0307	SES062	-5.27913	-53.9127	-48.6335
spk_ver/v03/v0308	SES062	-7.80881	-58.8104	-51.0016
spk_ver/v03/v0309	SES062	-3.74441	-55.2849	-51.5405
spk_ver/v03/v0310	SES125	1.49849	-47.0106	-48.5091
spk_ver/v03/v0311	SES062	-2.92194	-52.0145	-49.0926
spk_ver/v03/v0312	SES062	-7.58931	-59.0054	-51.4161
spk_ver/v03/v0313	SES062	-2.13547	-54.4058	-52.2704
spk_ver/v03/v0314	SES068	-5.15771	-54.4535	-49.2958
spk_ver/v03/v0315	SES068	-3.57135	-51.9344	-48.3631
spk_ver/v03/v0316	SES068	-5.99882	-57.6807	-51.6818
spk_ver/v03/v0317	SES068	-3.28876	-55.1343	-51.8456
spk_ver/v03/v0318	SES068	-4.91592	-54.0943	-49.1784
spk_ver/v03/v0319	SES068	-6.68879	-57.1754	-50.4866
spk_ver/v03/v0320	SES068	-1.51311	-50.1433	-48.6301
spk_ver/v03/v0321	SES068	-0.853836	-50.8145	-49.9607
spk_ver/v03/v0322	SES068	-0.680824	-50.8968	-50.216
spk_ver/v03/v0323	SES068	-3.64981	-54.0938	-50.444
spk_ver/v03/v0324	SES144	0.335854	-51.0984	-51.4342
spk_ver/v03/v0325	SES068	-2.26664	-51.5191	-49.2525
spk_ver/v03/v0326	SES068	-0.47052	-49.3801	-48.9096
spk_ver/v03/v0327	SES068	-2.35297	-52.5059	-50.1529
spk_ver/v03/v0328	SES068	-4.79435	-55.0506	-50.2562
spk_ver/v03/v0329	SES068	-1.62059	-51.4357	-49.8151
spk_ver/v03/v0330	SES180	0.39748	-50.2826	-50.6801
spk_ver/v03/v0331	SES068	-0.761707	-50.8475	-50.0858
spk_ver/v03/v0332	SES275	1.35524	-48.7227	-50.0779
spk_ver/v03/v0333	SES062	1.53562	-47.0161	-48.5518
spk_ver/v03/v0334	SES270	1.62277	-48.4472	-50.07
spk_ver/v03/v0335	SES068	-5.70465	-56.8349	-51.1302
spk_ver/v03/v0336	SES068	-1.50018	-50.1972	-48.697
spk_ver/v03/v0337	SES068	-3.31944	-54.7971	-51.4777
spk_ver/v03/v0338	SES068	-3.16531	-54.341	-51.1757
spk_ver/v03/v0339	SES068	-1.17433	-51.4834	-50.3091
spk_ver/v03/v0340	SES068	-3.33034	-54.7613	-51.431
spk_ver/v03/v0341	SES016	0.650211	-48.8266	-49.4769
spk_ver/v03/v0342	SES068	-4.45173	-55.9854	-51.5337
spk_ver/v03/v0343	SES068	-1.6918	-51.8172	-50.1254
spk_ver/v03/v0344	SES125	1.57771	-47.5477	-49.1254
spk_ver/v03/v0345	SES187	0.995155	-49.0579	-50.053
spk_ver/v03/v0346	SES068	-2.15014	-51.7589	-49.6087
spk_ver/v03/v0347	SES143	1.03117	-49.4442	-50.4754
spk_ver/v03/v0348	SES292	0.749687	-49.3096	-50.0593
spk_ver/v03/v0349	SES082	-8.4935	-58.5314	-50.0379
spk_ver/v03/v0350	SES101	0.89463	-47.7798	-48.6744
spk_ver/v03/v0351	SES082	-0.397861	-50.4063	-50.0084
spk_ver/v03/v0352	SES082	-1.04252	-50.9181	-49.8755
spk_ver/v03/v0353	SES082	-8.45671	-59.0575	-50.6008
spk_ver/v03/v0354	SES082	-18.7494	-70.3758	-51.6264
spk_ver/v03/v0355	SES083	0.694214	-47.9835	-48.6777
spk_ver/v03/v0356	SES082	-2.54628	-53.0505	-50.5042
spk_ver/v03/v0357	SES082	-15.9802	-66.5965	-50.6164
spk_ver/v03/v0358	SES082	-1.29313	-50.8206	-49.5274
spk_ver/v03/v0359	SES117	0.768623	-51.6068	-52.3754
spk_ver/v03/v0360	SES082	-8.67591	-58.4197	-49.7438
spk_ver/v03/v0361	SES082	-1.89848	-51.9159	-50.0174
spk_ver/v03/v0362	SES007	0.822689	-48.7485	-49.5712
spk_ver/v03/v0363	SES082	-2.74601	-52.2897	-49.5437
spk_ver/v03/v0364	SES019	1.99016	-48.0863	-50.0764
spk_ver/v03/v0365	SES082	-0.93317	-50.9958	-50.0626
spk_ver/v03/v0366	SES226	2.02879	-48.0148	-50.0436
spk_ver/v03/v0367	SES167	1.4813	-47.9765	-49.4578
spk_ver/v03/v0368	SES082	-2.40828	-50.9096	-48.5013
spk_ver/v03/v0369	SES042	3.22166	-45.3923	-48.6139
spk_ver/v03/v0370	SES042	2.09307	-46.9216	-49.0147
spk_ver/v03/v0371	SES082	-9.80683	-60.0086	-50.2018
spk_ver/v03/v0372	SES082	-1.65586	-50.4574	-48.8015
spk_ver/v03/v0373	SES082	-5.95	-57.1737	-51.2237
spk_ver/v03/v0374	SES083	-1.44421	-50.1908	-48.7465
spk_ver/v03/v0375	SES292	0.656231	-49.3035	-49.9598
spk_ver/v03/v0376	SES083	-3.75574	-53.1083	-49.3525
spk_ver/v03/v0377	SES083	-3.96311	-54.3457	-50.3826
spk_ver/v03/v0378	SES083	-2.15631	-52.9574	-50.8011
spk_ver/v03/v0379	SES083	-1.54476	-51.7023	-50.1575
spk_ver/v03/v0380	SES083	-3.48475	-54.4682	-50.9835
spk_ver/v03/v0381	SES083	-1.74988	-51.4487	-49.6989
spk_ver/v03/v0382	SES148	0.71043	-49.4214	-50.1318
spk_ver/v03/v0383	SES083	-1.20601	-50.1705	-48.9645
spk_ver/v03/v0384	SES226	1.67374	-47.5508	-49.2245
spk_ver/v03/v0385	SES226	1.68743	-47.4115	-49.0989
spk_ver/v03/v0386	SES087	1.42467	-48.4629	-49.8876
spk_ver/v03/v0387	SES029	1.19695	-49.061	-50.258
spk_ver/v03/v0388	SES147	1.95095	-49.3363	-51.2872
spk_ver/v03/v0389	SES083	-5.30751	-55.7545	-50.447
spk_ver/v03/v0390	SES189	1.51171	-49.3381	-50.8498
spk_ver/v03/v0391	SES083	-1.44854	-51.3646	-49.9161
spk_ver/v03/v0392	SES083	-0.0348969	-48.6104	-48.5755
spk_ver/v03/v0393	SES083	-2.81608	-52.3888	-49.5727
spk_ver/v03/v0394	SES083	-4.28716	-54.2538	-49.9666
spk_ver/v03/v0395	SES083	-1.34091	-51.0443	-49.7034
spk_ver/v03/v0396	SES014	2.2459	-46.1304	-48.3763
spk_ver/v03/v0397	SES085	-0.175976	-49.0411	-48.8651
spk_ver/v03/v0398	SES085	-2.2021	-50.8245	-48.6224
spk_ver/v03/v0399	SES085	-5.83985	-55.0246	-49.1848
spk_ver/v04/v0400	SES106	2.02658	-47.2528	-49.2794
spk_ver/v04/v0401	SES085	-4.9899	-54.6965	-49.7066
spk_ver/v04/v0402	SES085	-9.05438	-59.8386	-50.7842
spk_ver/v04/v0403	SES085	-0.66618	-49.6534	-48.9872
spk_ver/v04/v0404	SES180	1.14221	-48.3758	-49.518
spk_ver/v04/v0405	SES129	1.92657	-47.0081	-48.9347
spk_ver/v04/v0406	SES085	-6.51315	-56.011	-49.4979
spk_ver/v04/v0407	SES146	0.122299	-50.6473	-50.7696
spk_ver/v04/v0408	SES085	-0.988598	-50.3868	-49.3982
spk_ver/v04/v0409	SES085	-4.16059	-53.6053	-49.4447
spk_ver/v04/v0410	SES085	-6.4945	-55.8398	-49.3453
spk_ver/v04/v0411	SES292	1.01201	-49.7419	-50.7539
spk_ver/v04/v0412	SES085	-1.78812	-51.0174	-49.2293
spk_ver/v04/v0413	SES125	1.86877	-46.8522	-48.721
spk_ver/v04/v0414	SES085	-5.79895	-59.6688	-53.8698
spk_ver/v04/v0415	SES085	-2.3744	-52.2028	-49.8284
spk_ver/v04/v0416	SES085	-2.60087	-51.9109	-49.3101
spk_ver/v04/v0417	SES062	0.300259	-48.3563	-48.6565
spk_ver/v04/v0418	SES060	2.20338	-47.6373	-49.8407
spk_ver/v04/v0419	SES085	-1.69004	-51.6642	-49.9742
spk_ver/v04/v0420	SES085	-6.80103	-56.1883	-49.3873
spk_ver/v04/v0421	SES085	-8.35469	-58.7173	-50.3626
spk_ver/v04/v0422	SES085	-2.48453	-53.4394	-50.9549
spk_ver/v04/v0423	SES085	-6.27587	-56.348	-50.0721
spk_ver/v04/v0424	SES085	-5.01509	-56.1889	-51.1739
spk_ver/v04/v0425	SES183	1.10159	-49.5786	-50.6802
spk_ver/v04/v0426	SES085	-6.03977	-55.3923	-49.3525
spk_ver/v04/v0427	SES087	-2.3637	-51.9323	-49.5686
spk_ver/v04/v0428	SES162	1.15433	-49.4547	-50.609
spk_ver/v04/v0429	SES087	-1.09328	-49.9406	-48.8473
spk_ver/v04/v0430	SES087	-6.67535	-58.4033	-51.7279
spk_ver/v04/v0431	SES087	-20.6615	-71.79	-51.1284
spk_ver/v04/v0432	SES087	-1.70623	-51.9723	-50.2661
spk_ver/v04/v0433	SES087	-15.0518	-64.1762	-49.1244
spk_ver/v04/v0434	SES142	2.84376	-47.8437	-50.6875
spk_ver/v04/v0435	SES087	-15.7944	-66.8926	-51.0983
spk_ver/v04/v0436	SES099	1.18975	-48.0777	-49.2675
spk_ver/v04/v0437	SES087	-6.85919	-55.8774	-49.0182
spk_ver/v04/v0438	SES087	-9.77085	-60.3235	-50.5527
spk_ver/v04/v0439	SES087	-1.69342	-50.0854	-48.392
spk_ver/v04/v0440	SES087	-10.6508	-60.5216	-49.8708
spk_ver/v04/v0441	SES087	-17.5734	-68.234	-50.6606
spk_ver/v04/v0442	SES187	1.35346	-49.5809	-50.9343
spk_ver/v04/v0443	SES172	2.4007	-48.0109	-50.4116
spk_ver/v04/v0444	SES087	-3.84716	-53.1699	-49.3227
spk_ver/v04/v0445	SES087	-1.69036	-50.7029	-49.0125
spk_ver/v04/v0446	SES087	-0.339817	-49.0864	-48.7466
spk_ver/v04/v0447	SES087	-0.781338	-49.7665	-48.9851
spk_ver/v04/v0448	SES106	2.13924	-48.0166	-50.1558
spk_ver/v04/v0449	SES146	1.15782	-49.7189	-50.8768
spk_ver/v04/v0450	SES087	-14.4137	-65.2363	-50.8226
spk_ver/v04/v0451	SES087	-1.07096	-50.6357	-49.5647
spk_ver/v04/v0452	SES007	1.01593	-49.2791	-50.2951
spk_ver/v04/v0453	SES087	-1.92539	-51.3651	-49.4398
spk_ver/v04/v0454	SES087	-13.263	-63.7408	-50.4778
spk_ver/v04/v0455	SES180	0.834614	-49.5276	-50.3622
spk_ver/v04/v0456	SES099	-8.41998	-59.3844	-50.9644
spk_ver/v04/v0457	SES042	1.72275	-47.6614	-49.3842
spk_ver/v04/v0458	SES099	-0.478981	-50.056	-49.577
spk_ver/v04/v0459	SES099	-17.2801	-67.8737	-50.5935
spk_ver/v04/v0460	SES099	-10.9836	-63.0568	-52.0732
spk_ver/v04/v0461	SES099	-1.46132	-50.6026	-49.1413
spk_ver/v04/v0462	SES082	1.76244	-47.3994	-49.1619
spk_ver/v04/v0463	SES099	-0.156181	-49.8514	-49.6952
spk_ver/v04/v0464	SES099	0.997715	-48.3419	-49.3396
spk_ver/v04/v0465	SES099	-15.3541	-65.3546	-50.0005
spk_ver/v04/v0466	SES099	-0.496796	-49.999	-49.5022
spk_ver/v04/v0467	SES099	-0.557484	-50.1185	-49.561
spk_ver/v04/v0468	SES129	2.13903	-47.7107	-49.8497
spk_ver/v04/v0469	SES101	1.1335	-48.4686	-49.6021
spk_ver/v04/v0470	SES099	-10.973	-62.6628	-51.6898
spk_ver/v04/v0471	SES172	1.00425	-49.0334	-50.0376
spk_ver/v04/v0472	SES099	-0.0827332	-49.6575	-49.5747
spk_ver/v04/v0473	SES270	2.17891	-47.8103	-49.9892
spk_ver/v04/v0474	SES099	-4.82894	-54.2703	-49.4413
spk_ver/v04/v0475	SES099	-3.56046	-52.5631	-49.0027
spk_ver/v04/v0476	SES099	-3.25043	-55.6982	-52.4478
spk_ver/v04/v0477	SES002	1.71264	-47.0787	-48.7913
spk_ver/v04/v0478	SES099	-0.0822792	-49.5542	-49.4719
spk_ver/v04/v0479	SES007	-1.20429	-51.5621	-50.3578
spk_ver/v04/v0480	SES101	-4.45803	-52.8855	-48.4275
spk_ver/v04/v0481	SES101	-4.41116	-56.0899	-51.6787
spk_ver/v04/v0482	SES175	0.544575	-50.1381	-50.6826
spk_ver/v04/v0483	SES101	-2.31786	-51.9594	-49.6416
spk_ver/v04/v0484	SES101	-4.06382	-52.4057	-48.3419
spk_ver/v04/v0485	SES101	-2.97	-53.8115	-50.8415
spk_ver/v04/v0486	SES101	-2.08199	-54.0065	-51.9245
spk_ver/v04/v0487	SES101	-2.66267	-53.4625	-50.7999
spk_ver/v04/v0488	SES101	-5.03791	-55.0633	-50.0254
spk_ver/v04/v0489	SES147	1.21709	-51.0825	-52.2996
spk_ver/v04/v0490	SES085	-0.103939	-50.3364	-50.2324
spk_ver/v04/v0491	SES101	-3.10294	-54.7207	-51.6178
spk_ver/v04/v0492	SES101	-4.29377	-55.5378	-51.2441
spk_ver/v04/v0493	SES101	-3.39124	-52.2443	-48.853
spk_ver/v04/v0494	SES101	-3.07255	-54.8545	-51.7819
spk_ver/v04/v0495	SES101	-1.45363	-50.1657	-48.7121
spk_ver/v04/v0496	SES101	-3.4042	-53.5612	-50.157
spk_ver/v04/v0497	SES014	1.59734	-46.4436	-48.041
spk_ver/v04/v0498	SES101	-3.61367	-53.2336	-49.6199
spk_ver/v04/v0499	SES101	-1.85069	-51.0985	-49.2478
spk_ver/v05/v0500	SES085	0.627048	-48.52	-49.1471
spk_ver/v05/v0501	SES101	-5.50839	-54.979	-49.4706
spk_ver/v05/v0502	SES275	0.913006	-49.6131	-50.5261
spk_ver/v05/v0503	SES117	0.935188	-50.4099	-51.3451
spk_ver/v05/v0504	SES101	-4.50944	-53.5853	-49.0759
spk_ver/v05/v0505	SES101	-1.97563	-51.7451	-49.7694
spk_ver/v05/v0506	SES101	-2.11588	-52.5905	-50.4747
spk_ver/v05/v0507	SES048	1.23396	-48.0534	-49.2873
spk_ver/v05/v0508	SES117	0.536118	-51.3437	-51.8798
spk_ver/v05/v0509	SES202	2.73677	-47.7155	-50.4523
spk_ver/v05/v0510	SES104	-2.63137	-54.101	-51.4696
spk_ver/v05/v0511	SES008	0.461063	-50.3174	-50.7785
spk_ver/v05/v0512	SES104	-1.63196	-51.9404	-50.3084
spk_ver/v05/v0513	SES104	-1.12275	-49.5957	-48.4729
spk_ver/v05/v0514	SES104	-13.2024	-62.0806	-48.8782
spk_ver/v05/v0515	SES104	-20.118	-70.9831	-50.8651
spk_ver/v05/v0516	SES104	-1.90895	-53.2305	-51.3216
spk_ver/v05/v0517	SES060	0.645363	-47.5007	-48.1461
spk_ver/v05/v0518	SES104	-19.4159	-70.9025	-51.4867
spk_ver/v05/v0519	SES104	-19.4735	-70.9781	-51.5045
spk_ver/v05/v0520	SES104	-0.239216	-48.7823	-48.5431
spk_ver/v05/v0521	SES008	1.40558	-47.4782	-48.8838
spk_ver/v05/v0522	SES068	1.26692	-48.7592	-50.0261
spk_ver/v05/v0523	SES087	1.53903	-47.6803	-49.2193
spk_ver/v05/v0524	SES104	-1.89964	-51.7831	-49.8834
spk_ver/v05/v0525	SES104	-0.70715	-50.3544	-49.6472
spk_ver/v05/v0526	SES104	-1.92065	-51.3385	-49.4178
spk_ver/v05/v0527	SES083	0.348026	-49.1232	-49.4712
spk_ver/v05/v0528	SES148	1.12254	-49.014	-50.1365
spk_ver/v05/v0529	SES104	-3.25203	-53.8024	-50.5504
spk_ver/v05/v0530	SES104	-13.5207	-63.5322	-50.0115
spk_ver/v05/v0531	SES125	1.32633	-47.9612	-49.2875
spk_ver/v05/v0532	SES104	-17.797	-68.2668	-50.4698
spk_ver/v05/v0533	SES149	2.86447	-46.5927	-49.4572
spk_ver/v05/v0534	SES104	-18.2261	-68.3879	-50.1618
spk_ver/v05/v0535	SES187	0.707279	-50.3829	-51.0902
spk_ver/v05/v0536	SES104	-3.0049	-52.2958	-49.2909
spk_ver/v05/v0537	SES104	-2.09623	-51.8754	-49.7791
spk_ver/v05/v0538	SES167	1.45875	-48.8505	-50.3093
spk_ver/v05/v0539	SES104	-2.18959	-53.4948	-51.3053
spk_ver/v05/v0540	SES104	-15.2197	-63.6256	-48.4059
spk_ver/v05/v0541	SES183	0.60252	-51.162	-51.7645
spk_ver/v05/v0542	SES104	-1.38156	-51.1978	-49.8162
spk_ver/v05/v0543	SES104	-16.5091	-66.3785	-49.8695
spk_ver/v05/v0544	SES105	-3.49653	-53.7749	-50.2784
spk_ver/v05/v0545	SES105	-2.54018	-53.1108	-50.5706
spk_ver/v05/v0546	SES105	-3.06008	-52.7326	-49.6726
spk_ver/v05/v0547	SES105	-4.23819	-55.8109	-51.5727
spk_ver/v05/v0548	SES019	2.77742	-48.0238	-50.8012
spk_ver/v05/v0549	SES105	-3.09979	-53.5594	-50.4596
spk_ver/v05/v0550	SES105	-3.83569	-54.7223	-50.8866
spk_ver/v05/v0551	SES202	1.84034	-50.392	-52.2324
spk_ver/v05/v0552	SES105	-4.62808	-55.4231	-50.7951
spk_ver/v05/v0553	SES105	-0.995106	-50.6565	-49.6614
spk_ver/v05/v0554	SES105	-1.6928	-50.8326	-49.1398
spk_ver/v05/v0555	SES105	-2.85019	-52.7108	-49.8606
spk_ver/v05/v0556	SES082	0.317818	-48.9204	-49.2382
spk_ver/v05/v0557	SES105	-3.22119	-52.4769	-49.2557
spk_ver/v05/v0558	SES014	1.49275	-47.131	-48.6238
spk_ver/v05/v0559	SES105	-1.7426	-51.68	-49.9374
spk_ver/v05/v0560	SES177	-0.010067	-50.15	-50.1399
spk_ver/v05/v0561	SES189	4.36877	-52.618	-56.9867
spk_ver/v05/v0562	SES105	-2.44335	-53.727	-51.2837
spk_ver/v05/v0563	SES099	1.39165	-49.3281	-50.7197
spk_ver/v05/v0564	SES105	-2.28998	-51.889	-49.5991
spk_ver/v05/v0565	SES105	-3.44018	-53.1628	-49.7227
spk_ver/v05/v0566	SES105	-3.41992	-53.4885	-50.0686
spk_ver/v05/v0567	SES142	2.07217	-49.3382	-51.4104
spk_ver/v05/v0568	SES048	1.57664	-48.1749	-49.7516
spk_ver/v05/v0569	SES105	-3.62366	-53.1029	-49.4792
spk_ver/v05/v0570	SES105	-0.943016	-50.6735	-49.7305
spk_ver/v05/v0571	SES105	-3.86673	-54.6283	-50.7616
spk_ver/v05/v0572	SES105	-4.00809	-55.1433	-51.1352
spk_ver/v05/v0573	SES105	-4.34037	-54.2472	-49.9068
spk_ver/v05/v0574	SES105	-1.70244	-51.9594	-50.257
spk_ver/v05/v0575	SES105	-2.16922	-53.1446	-50.9754
spk_ver/v05/v0576	SES106	-15.3233	-66.915	-51.5917
spk_ver/v05/v0577	SES106	-5.51988	-56.8019	-51.282
spk_ver/v05/v0578	SES106	-10.7769	-60.7528	-49.9759
spk_ver/v05/v0579	SES106	-12.5894	-62.0288	-49.4394
spk_ver/v05/v0580	SES106	-1.09949	-49.9195	-48.82
spk_ver/v05/v0581	SES106	-17.291	-67.7246	-50.4336
spk_ver/v05/v0582	SES106	-1.85179	-53.0806	-51.2288
spk_ver/v05/v0583	SES106	-1.28257	-50.0931	-48.8105
spk_ver/v05/v0584	SES106	-16.6333	-67.2621	-50.6288
spk_ver/v05/v0585	SES106	-0.521282	-52.4488	-51.9276
spk_ver/v05/v0586	SES106	-11.3809	-61.2675	-49.8866
spk_ver/v05/v0587	SES106	-4.21754	-54.8473	-50.6298
spk_ver/v05/v0588	SES106	-10.8733	-60.1069	-49.2336
spk_ver/v05/v0589	SES106	-14.5463	-63.5646	-49.0183
spk_ver/v05/v0590	SES082	0.919342	-48.8993	-49.8186
spk_ver/v05/v0591	SES180	0.822136	-49.5596	-50.3817
spk_ver/v05/v0592	SES106	-1.36149	-51.3965	-50.035
spk_ver/v05/v0593	SES106	-18.7765	-69.8354	-51.0589
spk_ver/v05/v0594	SES292	1.05852	-48.994	-50.0525
spk_ver/v05/v0595	SES106	-1.20326	-51.4679	-50.2647
spk_ver/v05/v0596	SES106	-14.5436	-65.2526	-50.7091
spk_ver/v05/v0597	SES106	-12.5068	-62.6318	-50.125
spk_ver/v05/v0598	SES042	2.21062	-47.4578	-49.6684
spk_ver/v05/v0599	SES106	-13.1441	-64.1838	-51.0397
spk_ver/v06/v0600	SES106	-0.398846	-50.7607	-50.3619
spk_ver/v06/v0601	SES106	-2.14311	-52.4651	-50.322
spk_ver/v06/v0602	SES106	-7.0053	-56.8162	-49.8109
spk_ver/v06/v0603	SES106	-15.2241	-65.9316	-50.7075
spk_ver/v06/v0604	SES106	-11.8729	-61.9752	-50.1024
spk_ver/v06/v0605	SES106	-13.3656	-65.7443	-52.3787
spk_ver/v06/v0606	SES048	1.98175	-47.5053	-49.487
spk_ver/v06/v0607	SES167	2.61646	-47.5154	-50.1319
spk_ver/v06/v0608	SES106	-10.9661	-61.6921	-50.726
spk_ver/v06/v0609	SES143	0.947571	-49.6127	-50.5602
spk_ver/v06/v0610	SES106	-19.6037	-71.7538	-52.1502
spk_ver/v06/v0611	SES106	-8.4216	-59.1676	-50.746
spk_ver/v06/v0612	SES106	-20.9166	-72.3431	-51.4265
spk_ver/v06/v0613	SES117	-0.890842	-51.0205	-50.1297
spk_ver/v06/v0614	SES117	-5.18794	-54.6182	-49.4302
spk_ver/v06/v0615	SES117	-1.41263	-51.965	-50.5523
spk_ver/v06/v0616	SES106	1.82342	-46.3027	-48.1261
spk_ver/v06/v0617	SES142	3.32396	-48.7237	-52.0477
spk_ver/v06/v0618	SES048	1.88012	-47.6532	-49.5334
spk_ver/v06/v0619	SES175	1.32152	-49.769	-51.0905
spk_ver/v06/v0620	SES180	1.21754	-48.8831	-50.1006
spk_ver/v06/v0621	SES117	-0.887337	-52.4448	-51.5575
spk_ver/v06/v0622	SES029	0.43581	-50.2523	-50.6881
spk_ver/v06/v0623	SES117	-1.28265	-50.8641	-49.5815
spk_ver/v06/v0624	SES117	-4.14447	-54.2764	-50.1319
spk_ver/v06/v0625	SES117	-1.46267	-54.3208	-52.8581
spk_ver/v06/v0626	SES106	1.83744	-47.5955	-49.4329
spk_ver/v06/v0627	SES226	1.64491	-47.237	-48.8819
spk_ver/v06/v0628	SES117	-0.695274	-50.8653	-50.17
spk_ver/v06/v0629	SES117	-2.53514	-49.3569	-46.8217
spk_ver/v06/v0630	SES117	-4.30187	-53.3192	-49.0173
spk_ver/v06/v0631	SES117	-5.42868	-56.9272	-51.4985
spk_ver/v06/v0632	SES117	-0.987534	-50.2181	-49.2306
spk_ver/v06/v0633	SES099	2.7103	-47.5325	-50.2428
spk_ver/v06/v0634	SES105	1.64647	-49.0396	-50.686
spk_ver/v06/v0635	SES167	1.20238	-49.3369	-50.5393
spk_ver/v06/v0636	SES117	-0.243015	-50.0893	-49.8462
spk_ver/v06/v0637	SES202	2.21828	-48.8232	-51.0415
spk_ver/v06/v0638	SES117	-2.43911	-52.1145	-49.6754
spk_ver/v06/v0639	SES167	2.04367	-48.5591	-50.6028
spk_ver/v06/v0640	SES117	-2.27794	-52.3639	-50.086
spk_ver/v06/v0641	SES117	-3.23777	-52.201	-48.9632
spk_ver/v06/v0642	SES101	1.18232	-48.1563	-49.3386
spk_ver/v06/v0643	SES068	0.87516	-48.9153	-49.7904
spk_ver/v06/v0644	SES120	-4.89194	-55.5664	-50.6745
spk_ver/v06/v0645	SES120	-1.23849	-52.7422	-51.5037
spk_ver/v06/v0646	SES172	0.650402	-49.5544	-50.2048
spk_ver/v06/v0647	SES120	-1.78385	-51.3933	-49.6094
spk_ver/v06/v0648	SES120	-0.781002	-49.9734	-49.1924
spk_ver/v06/v0649	SES120	-4.26558	-55.3851	-51.1195
spk_ver/v06/v0650	SES087	1.6338	-48.2388	-49.8726
spk_ver/v06/v0651	SES120	-3.01796	-52.7658	-49.7478
spk_ver/v06/v0652	SES104	-0.626839	-51.597	-50.9701
spk_ver/v06/v0653	SES129	1.53889	-47.6233	-49.1622
spk_ver/v06/v0654	SES120	-2.07824	-52.4256	-50.3474
spk_ver/v06/v0655	SES120	-2.31968	-52.843	-50.5233
spk_ver/v06/v0656	SES120	-1.60379	-51.5879	-49.9841
spk_ver/v06/v0657	SES147	1.48164	-50.399	-51.8806
spk_ver/v06/v0658	SES120	-3.52581	-54.1644	-50.6386
spk_ver/v06/v0659	SES120	-2.89653	-51.9606	-49.0641
spk_ver/v06/v0660	SES120	-0.877014	-50.4683	-49.5913
spk_ver/v06/v0661	SES120	-4.27593	-55.1947	-50.9187
spk_ver/v06/v0662	SES120	-2.60207	-52.0269	-49.4248
spk_ver/v06/v0663	SES120	-2.63285	-54.5704	-51.9375
spk_ver/v06/v0664	SES147	1.76589	-49.442	-51.2079
spk_ver/v06/v0665	SES162	1.39484	-49.778	-51.1729
spk_ver/v06/v0666	SES120	-2.09824	-51.5942	-49.496
spk_ver/v06/v0667	SES120	-3.39993	-53.1422	-49.7423
spk_ver/v06/v0668	SES120	1.90966	-48.1342	-50.0439
spk_ver/v06/v0669	SES142	2.92675	-48.1399	-51.0666
spk_ver/v06/v0670	SES106	2.21853	-46.8789	-49.0975
spk_ver/v06/v0671	SES183	1.79679	-49.2898	-51.0866
spk_ver/v06/v0672	SES120	-3.13115	-53.1757	-50.0445
spk_ver/v06/v0673	SES029	0.160988	-50.5982	-50.7592
spk_ver/v06/v0674	SES120	-2.36152	-52.4448	-50.0833
spk_ver/v06/v0675	SES008	1.92643	-47.7826	-49.709
spk_ver/v06/v0676	SES125	-15.6976	-67.919	-52.2214
spk_ver/v06/v0677	SES143	0.78928	-50.0458	-50.8351
spk_ver/v06/v0678	SES125	-13.6359	-65.4726	-51.8367
spk_ver/v06/v0679	SES162	0.279705	-49.7561	-50.0358
spk_ver/v06/v0680	SES125	-7.7799	-56.9922	-49.2123
spk_ver/v06/v0681	SES125	-2.18726	-51.5664	-49.3791
spk_ver/v06/v0682	SES125	-10.1732	-58.7477	-48.5745
spk_ver/v06/v0683	SES226	1.31827	-48.1416	-49.4598
spk_ver/v06/v0684	SES125	-12.276	-63.3664	-51.0904
spk_ver/v06/v0685	SES125	-16.248	-66.034	-49.786
spk_ver/v06/v0686	SES120	1.01979	-48.3801	-49.3999
spk_ver/v06/v0687	SES125	-3.52031	-55.2035	-51.6832
spk_ver/v06/v0688	SES158	1.61499	-47.9383	-49.5532
spk_ver/v06/v0689	SES125	-5.83213	-57.1747	-51.3425
spk_ver/v06/v0690	SES105	1.60882	-48.9925	-50.6013
spk_ver/v06/v0691	SES125	-0.963741	-51.1201	-50.1564
spk_ver/v06/v0692	SES125	-2.02538	-51.1038	-49.0784
spk_ver/v06/v0693	SES180	1.53017	-48.801	-50.3312
spk_ver/v06/v0694	SES125	-22.4815	-73.5218	-51.0403
spk_ver/v06/v0695	SES125	-2.449	-51.7889	-49.3399
spk_ver/v06/v0696	SES125	-17.0862	-66.6775	-49.5912
spk_ver/v06/v0697	SES125	-17.5767	-69.2111	-51.6344
spk_ver/v06/v0698	SES083	0.956635	-48.1334	-49.09
spk_ver/v06/v0699	SES125	-15.3364	-65.8869	-50.5505
spk_ver/v07/v0700	SES014	1.82347	-47.0881	-48.9116
spk_ver/v07/v0701	SES125	-8.64643	-57.7915	-49.1451
spk_ver/v07/v0702	SES127	-1.10379	-51.0988	-49.995
spk_ver/v07/v0703	SES127	-1.63901	-53.1959	-51.5569
spk_ver/v07/v0704	SES206	1.73674	-47.3075	-49.0442
spk_ver/v07/v0705	SES127	-2.22898	-53.0727	-50.8437
spk_ver/v07/v0706	SES127	-4.22873	-54.6047	-50.3759
spk_ver/v07/v0707	SES127	-5.65913	-54.8273	-49.1681
spk_ver/v07/v0708	SES275	0.680172	-49.419	-50.0992
spk_ver/v07/v0709	SES127	-3.24134	-53.8191	-50.5778
spk_ver/v07/v0710	SES105	0.791069	-49.9136	-50.7046
spk_ver/v07/v0711	SES127	-3.56675	-53.9788	-50.412
spk_ver/v07/v0712	SES127	-1.54831	-51.5707	-50.0224
spk_ver/v07/v0713	SES127	-3.82394	-53.7817	-49.9578
spk_ver/v07/v0714	SES019	4.12587	-47.2509	-51.3767
spk_ver/v07/v0715	SES127	-3.22466	-55.0644	-51.8398
spk_ver/v07/v0716	SES148	0.751965	-48.9956	-49.7475
spk_ver/v07/v0717	SES162	1.38623	-48.6479	-50.0342
spk_ver/v07/v0718	SES189	1.13544	-50.9269	-52.0623
spk_ver/v07/v0719	SES149	0.681458	-48.1754	-48.8569
spk_ver/v07/v0720	SES175	1.13542	-49.4158	-50.5512
spk_ver/v07/v0721	SES127	-5.35299	-54.902	-49.549
spk_ver/v07/v0722	SES127	-2.39038	-53.178	-50.7876
spk_ver/v07/v0723	SES127	-2.6885	-52.8667	-50.1782
spk_ver/v07/v0724	SES127	-4.15092	-54.7709	-50.62
spk_ver/v07/v0725	SES127	-3.34641	-53.8418	-50.4954
spk_ver/v07/v0726	SES259	1.9289	-47.2977	-49.2266
spk_ver/v07/v0727	SES127	-3.78382	-54.9424	-51.1586
spk_ver/v07/v0728	SES127	-0.777946	-49.5465	-48.7685
spk_ver/v07/v0729	SES127	-5.99236	-56.0852	-50.0929
spk_ver/v07/v0730	SES127	-2.81233	-54.4098	-51.5974
spk_ver/v07/v0731	SES129	-1.25719	-50.0721	-48.8149
spk_ver/v07/v0732	SES129	-5.73737	-56.2674	-50.53
spk_ver/v07/v0733	SES129	-9.07441	-61.2467	-52.1723
spk_ver/v07/v0734	SES129	-14.4867	-66.7138	-52.2271
spk_ver/v07/v0735	SES183	1.3904	-48.914	-50.3044
spk_ver/v07/v0736	SES129	-4.36605	-54.6485	-50.2824
spk_ver/v07/v0737	SES129	-2.97948	-53.8128	-50.8334
spk_ver/v07/v0738	SES129	-5.9988	-56.0608	-50.062
spk_ver/v07/v0739	SES129	-6.78598	-57.2194	-50.4334
spk_ver/v07/v0740	SES167	-0.108227	-49.8512	-49.743
spk_ver/v07/v0741	SES129	-5.7972	-57.2303	-51.4331
spk_ver/v07/v0742	SES129	-3.9336	-52.1869	-48.2533
spk_ver/v07/v0743	SES129	-2.63046	-52.5983	-49.9678
spk_ver/v07/v0744	SES129	-8.98795	-61.2044	-52.2164
spk_ver/v07/v0745	SES180	1.04546	-49.3856	-50.431
spk_ver/v07/v0746	SES129	-1.38376	-50.7168	-49.3331
spk_ver/v07/v0747	SES292	0.830303	-48.7615	-49.5918
spk_ver/v07/v0748	SES202	1.89357	-49.0811	-50.9747
spk_ver/v07/v0749	SES270	1.40627	-48.1579	-49.5641
spk_ver/v07/v0750	SES129	-3.17634	-52.4946	-49.3182
spk_ver/v07/v0751	SES129	-4.62365	-52.8849	-48.2613
spk_ver/v07/v0752	SES060	-0.255119	-49.8135	-49.5584
spk_ver/v07/v0753	SES129	-6.41045	-57.2874	-50.877
spk_ver/v07/v0754	SES129	-15.363	-68.7151	-53.3521
spk_ver/v07/v0755	SES129	-4.90424	-56.0182	-51.114
spk_ver/v07/v0756	SES175	1.12958	-50.3093	-51.4389
spk_ver/v07/v0757	SES129	-5.90482	-55.8598	-49.9549
spk_ver/v07/v0758	SES129	-5.87767	-55.9421	-50.0644
spk_ver/v07/v0759	SES129	-4.45033	-53.0801	-48.6298
spk_ver/v07/v0760	SES129	-5.73985	-55.487	-49.7472
spk_ver/v07/v0761	SES129	-3.53294	-51.4208	-47.8879
spk_ver/v07/v0762	SES172	1.06924	-49.6754	-50.7446
spk_ver/v07/v0763	SES129	-5.46205	-56.5973	-51.1353
spk_ver/v07/v0764	SES129	-7.04696	-56.6549	-49.6079
spk_ver/v07/v0765	SES175	0.994648	-50.6448	-51.6395
spk_ver/v07/v0766	SES129	-4.90068	-53.6939	-48.7932
spk_ver/v07/v0767	SES129	-5.22465	-55.6751	-50.4505
spk_ver/v07/v0768	SES042	2.40773	-46.7075	-49.1152
spk_ver/v07/v0769	SES099	1.4492	-49.129	-50.5782
spk_ver/v07/v0770	SES142	-4.59545	-55.3793	-50.7839
spk_ver/v07/v0771	SES142	-4.71212	-54.0938	-49.3817
spk_ver/v07/v0772	SES101	0.885487	-48.446	-49.3315
spk_ver/v07/v0773	SES142	-10.1715	-60.534	-50.3625
spk_ver/v07/v0774	SES142	-5.16393	-57.0038	-51.8398
spk_ver/v07/v0775	SES142	-2.48777	-53.1368	-50.649
spk_ver/v07/v0776	SES142	-3.57843	-52.7193	-49.1409
spk_ver/v07/v0777	SES142	-3.46917	-54.1483	-50.6792
spk_ver/v07/v0778	SES142	-2.16211	-53.5271	-51.365
spk_ver/v07/v0779	SES142	-10.6601	-60.2371	-49.577
spk_ver/v07/v0780	SES142	-4.70587	-55.9836	-51.2777
spk_ver/v07/v0781	SES142	-7.54885	-57.5165	-49.9677
spk_ver/v07/v0782	SES101	0.925289	-49.2285	-50.1538
spk_ver/v07/v0783	SES142	-4.8071	-54.467	-49.6599
spk_ver/v07/v0784	SES187	2.10163	-48.7207	-50.8223
spk_ver/v07/v0785	SES143	0.684311	-50.8571	-51.5414
spk_ver/v07/v0786	SES142	-3.84941	-54.5294	-50.68
spk_ver/v07/v0787	SES144	0.62653	-49.478	-50.1045
spk_ver/v07/v0788	SES275	0.279739	-50.0041	-50.2839
spk_ver/v07/v0789	SES142	-2.89256	-52.9144	-50.0219
spk_ver/v07/v0790	SES099	1.7567	-47.5216	-49.2783
spk_ver/v07/v0791	SES142	-8.20588	-58.8986	-50.6928
spk_ver/v07/v0792	SES142	-4.65965	-52.3188	-47.6591
spk_ver/v07/v0793	SES142	-8.03672	-57.9566	-49.9199
spk_ver/v07/v0794	SES014	1.09054	-47.2448	-48.3353
spk_ver/v07/v0795	SES142	-7.09308	-56.2982	-49.2051
spk_ver/v07/v0796	SES142	-3.74594	-53.2114	-49.4654
spk_ver/v07/v0797	SES143	-0.717056	-50.0817	-49.3647
spk_ver/v07/v0798	SES206	1.70805	-46.6307	-48.3387
spk_ver/v07/v0799	SES143	-5.93558	-56.3381	-50.4025
spk_ver/v08/v0800	SES143	-2.39171	-53.3221	-50.9304
spk_ver/v08/v0801	SES143	-0.893219	-50.0705	-49.1773
spk_ver/v08/v0802	SES143	-3.10611	-53.0134	-49.9073
spk_ver/v08/v0803	SES143	-3.92575	-53.7787	-49.853
spk_ver/v08/v0804	SES143	-4.36983	-54.8547	-50.4849
spk_ver/v08/v0805	SES143	-4.16076	-54.2958	-50.1351
spk_ver/v08/v0806	SES143	-4.13364	-55.4759	-51.3423
spk_ver/v08/v0807	SES177	0.215145	-49.5402	-49.7553
spk_ver/v08/v0808	SES149	1.66684	-47.7114	-49.3782
spk_ver/v08/v0809	SES143	-6.43249	-55.5435	-49.111
spk_ver/v08/v0810	SES158	2.017	-48.4571	-50.4741
spk_ver/v08/v0811	SES143	-3.7921	-57.8294	-54.0373
spk_ver/v08/v0812	SES062	1.35146	-47.6926	-49.0441
spk_ver/v08/v0813	SES259	1.38613	-47.6292	-49.0153
spk_ver/v08/v0814	SES143	-6.01993	-54.3029	-48.283
spk_ver/v08/v0815	SES143	-5.57631	-55.3348	-49.7585
spk_ver/v08/v0816	SES143	-1.85774	-51.7011	-49.8434
spk_ver/v08/v0817	SES144	0.438324	-50.2155	-50.6538
spk_ver/v08/v0818	SES143	-1.81415	-52.3244	-50.5102
spk_ver/v08/v0819	SES143	-3.04934	-53.0178	-49.9685
spk_ver/v08/v0820	SES143	-0.573753	-48.918	-48.3442
spk_ver/v08/v0821	SES143	-2.38513	-53.1124	-50.7273
spk_ver/v08/v0822	SES143	-4.12919	-53.2667	-49.1375
spk_ver/v08/v0823	SES104	1.44809	-47.7469	-49.195
spk_ver/v08/v0824	SES143	-3.7201	-53.8497	-50.1296
spk_ver/v08/v0825	SES143	-4.30723	-53.6413	-49.3341
spk_ver/v08/v0826	SES144	-5.79215	-54.9947	-49.2025
spk_ver/v08/v0827	SES144	-2.23271	-52.37	-50.1373
spk_ver/v08/v0828	SES144	-0.71883	-49.8792	-49.1603
spk_ver/v08/v0829	SES172	0.464546	-50.0231	-50.4877
spk_ver/v08/v0830	SES144	-0.470604	-50.8619	-50.3913
spk_ver/v08/v0831	SES183	1.19027	-49.8557	-51.0459
spk_ver/v08/v0832	SES144	-3.72073	-54.4462	-50.7254
spk_ver/v08/v0833	SES144	-4.53896	-53.3204	-48.7814
spk_ver/v08/v0834	SES144	-0.930408	-51.0323	-50.1019
spk_ver/v08/v0835	SES144	-2.36366	-53.029	-50.6653
spk_ver/v08/v0836	SES144	-2.76528	-53.4909	-50.7256
spk_ver/v08/v0837	SES144	-2.98323	-51.4429	-48.4597
spk_ver/v08/v0838	SES144	-3.65104	-54.7838	-51.1327
spk_ver/v08/v0839	SES085	0.312164	-49.3116	-49.6238
spk_ver/v08/v0840	SES144	-0.579536	-50.8399	-50.2604
spk_ver/v08/v0841	SES144	-5.62371	-56.9358	-51.3121
spk_ver/v08/v0842	SES144	-4.68824	-54.0204	-49.3322
spk_ver/v08/v0843	SES144	-0.781586	-50.465	-49.6834
spk_ver/v08/v0844	SES144	-2.59304	-52.3868	-49.7937
spk_ver/v08/v0845	SES144	-4.5561	-53.2367	-48.6806
spk_ver/v08/v0846	SES104	0.917404	-48.5205	-49.4379
spk_ver/v08/v0847	SES144	-1.7754	-52.5794	-50.804
spk_ver/v08/v0848	SES144	-2.81116	-55.7432	-52.932
spk_ver/v08/v0849	SES144	-5.85984	-55.1681	-49.3082
spk_ver/v08/v0850	SES144	-4.81505	-53.3394	-48.5244
spk_ver/v08/v0851	SES144	-1.51629	-50.5304	-49.0141
spk_ver/v08/v0852	SES144	-0.723415	-50.1739	-49.4505
spk_ver/v08/v0853	SES144	-4.93335	-54.0499	-49.1165
spk_ver/v08/v0854	SES144	-2.04672	-52.122	-50.0753
spk_ver/v08/v0855	SES144	-0.298645	-49.1993	-48.9007
spk_ver/v08/v0856	SES082	-0.33419	-52.4063	-52.0721
spk_ver/v08/v0857	SES142	2.50552	-48.1485	-50.6541
spk_ver/v08/v0858	SES144	-0.80151	-52.5707	-51.7692
spk_ver/v08/v0859	SES144	-1.27378	-52.3003	-51.0266
spk_ver/v08/v0860	SES146	-4.15758	-54.2589	-50.1013
spk_ver/v08/v0861	SES146	-3.44589	-53.5348	-50.0889
spk_ver/v08/v0862	SES146	-4.28919	-53.9198	-49.6306
spk_ver/v08/v0863	SES146	-3.57056	-55.0544	-51.4838
spk_ver/v08/v0864	SES146	-3.78971	-52.1485	-48.3588
spk_ver/v08/v0865	SES008	2.19822	-47.6016	-49.7999
spk_ver/v08/v0866	SES142	1.20259	-49.6198	-50.8224
spk_ver/v08/v0867	SES146	-3.21716	-51.9496	-48.7324
spk_ver/v08/v0868	SES082	2.03162	-46.4649	-48.4965
spk_ver/v08/v0869	SES146	-1.45631	-50.1464	-48.6901
spk_ver/v08/v0870	SES146	-3.69714	-54.3191	-50.622
spk_ver/v08/v0871	SES146	-4.17381	-54.3216	-50.1478
spk_ver/v08/v0872	SES146	-4.79893	-55.5463	-50.7474
spk_ver/v08/v0873	SES082	1.0899	-47.1278	-48.2177
spk_ver/v08/v0874	SES146	-3.74026	-55.3517	-51.6114
spk_ver/v08/v0875	SES144	0.237431	-50.5854	-50.8228
spk_ver/v08/v0876	SES146	-2.05236	-48.8958	-46.8434
spk_ver/v08/v0877	SES146	-2.95945	-52.6347	-49.6753
spk_ver/v08/v0878	SES146	-2.83037	-52.8661	-50.0357
spk_ver/v08/v0879	SES146	-3.89328	-54.2864	-50.3931
spk_ver/v08/v0880	SES146	-4.07969	-55.218	-51.1383
spk_ver/v08/v0881	SES143	0.990997	-49.8839	-50.8749
spk_ver/v08/v0882	SES146	-0.836666	-51.0396	-50.2029
spk_ver/v08/v0883	SES147	-2.97071	-52.1162	-49.1455
spk_ver/v08/v0884	SES147	-1.20398	-51.3078	-50.1038
spk_ver/v08/v0885	SES016	0.794014	-49.1286	-49.9226
spk_ver/v08/v0886	SES147	-2.03217	-53.1958	-51.1636
spk_ver/v08/v0887	SES147	-2.29918	-52.9072	-50.608
spk_ver/v08/v0888	SES147	-2.23589	-53.8227	-51.5868
spk_ver/v08/v0889	SES019	1.75693	-48.4228	-50.1797
spk_ver/v08/v0890	SES147	-2.95551	-54.3327	-51.3772
spk_ver/v08/v0891	SES147	-4.10306	-53.9694	-49.8664
spk_ver/v08/v0892	SES147	-3.71179	-54.4121	-50.7004
spk_ver/v08/v0893	SES270	1.76505	-49.4214	-51.1865
spk_ver/v08/v0894	SES029	0.839134	-49.9001	-50.7393
spk_ver/v08/v0895	SES147	-2.81378	-55.3623	-52.5486
spk_ver/v08/v0896	SES117	1.14708	-50.0848	-51.2319
spk_ver/v08/v0897	SES183	1.71929	-50.3938	-52.1131
spk_ver/v08/v0898	SES147	-4.64577	-53.5474	-48.9016
spk_ver/v08/v0899	SES147	-3.88461	-56.5121	-52.6275
spk_ver/v09/v0900	SES087	1.27568	-47.9232	-49.1989
spk_ver/v09/v0901	SES147	-7.19168	-57.5012	-50.3096
spk_ver/v09/v0902	SES147	-4.84579	-54.3386	-49.4928
spk_ver/v09/v0903	SES147	-1.91072	-52.5434	-50.6327
spk_ver/v09/v0904	SES147	-3.40124	-52.5186	-49.1173
spk_ver/v09/v0905	SES143	0.705116	-49.9725	-50.6776
spk_ver/v09/v0906	SES149	0.707111	-48.2141	-48.9212
spk_ver/v09/v0907	SES148	-1.2798	-50.6659	-49.3861
spk_ver/v09/v0908	SES148	-1.01501	-50.892	-49.877
spk_ver/v09/v0909	SES106	2.08231	-48.3399	-50.4222
spk_ver/v09/v0910	SES148	-1.5322	-53.2379	-51.7057
spk_ver/v09/v0911	SES148	-2.93729	-52.89	-49.9527
spk_ver/v09/v0912	SES142	1.17449	-49.7297	-50.9041
spk_ver/v09/v0913	SES148	-4.91096	-55.012	-50.101
spk_ver/v09/v0914	SES148	-3.27004	-52.9143	-49.6443
spk_ver/v09/v0915	SES148	-4.258	-55.9506	-51.6926
spk_ver/v09/v0916	SES148	-3.71811	-55.4151	-51.697
spk_ver/v09/v0917	SES148	0.636578	-49.5088	-50.1453
spk_ver/v09/v0918	SES148	-0.741096	-49.9832	-49.2421
spk_ver/v09/v0919	SES270	1.29887	-48.9248	-50.2237
spk_ver/v09/v0920	SES148	-1.5303	-50.6374	-49.1071
spk_ver/v09/v0921	SES148	-2.91199	-52.1057	-49.1937
spk_ver/v09/v0922	SES129	1.11106	-47.9875	-49.0985
spk_ver/v09/v0923	SES117	0.96133	-49.2971	-50.2584
spk_ver/v09/v0924	SES042	3.19557	-46.1624	-49.358
spk_ver/v09/v0925	SES148	-4.6555	-55.741	-51.0855
spk_ver/v09/v0926	SES148	-5.43638	-56.8754	-51.439
spk_ver/v09/v0927	SES144	0.939884	-49.4717	-50.4116
spk_ver/v09/v0928	SES007	0.646477	-49.8717	-50.5182
spk_ver/v09/v0929	SES148	-2.24165	-51.1027	-48.861
spk_ver/v09/v0930	SES148	-1.06403	-50.5637	-49.4997
spk_ver/v09/v0931	SES148	-3.01648	-54.6833	-51.6668
spk_ver/v09/v0932	SES202	2.11236	-47.9801	-50.0925
spk_ver/v09/v0933	SES148	-0.535728	-49.9134	-49.3777
spk_ver/v09/v0934	SES148	-4.26651	-52.8377	-48.5712
spk_ver/v09/v0935	SES060	1.20471	-47.9037	-49.1084
spk_ver/v09/v0936	SES060	1.72938	-48.4775	-50.2069
spk_ver/v09/v0937	SES148	-1.53209	-51.2837	-49.7516
spk_ver/v09/v0938	SES148	-2.60341	-52.9855	-50.3821
spk_ver/v09/v0939	SES148	-2.22849	-51.3603	-49.1319
spk_ver/v09/v0940	SES148	-2.69754	-51.518	-48.8204
spk_ver/v09/v0941	SES149	-4.04255	-54.5777	-50.5351
spk_ver/v09/v0942	SES149	-9.89633	-58.9711	-49.0747
spk_ver/v09/v0943	SES149	-10.6885	-61.6207	-50.9322
spk_ver/v09/v0944	SES149	-2.09241	-51.9522	-49.8597
spk_ver/v09/v0945	SES105	0.378586	-49.3147	-49.6933
spk_ver/v09/v0946	SES149	-3.55005	-52.3172	-48.7672
spk_ver/v09/v0947	SES149	-9.68499	-61.4801	-51.7951
spk_ver/v09/v0948	SES149	-10.3154	-59.9322	-49.6168
spk_ver/v09/v0949	SES149	-7.346	-55.5	-48.154
spk_ver/v09/v0950	SES226	0.946014	-47.9222	-48.8682
spk_ver/v09/v0951	SES149	-10.5003	-61.5791	-51.0788
spk_ver/v09/v0952	SES149	-3.84935	-53.8611	-50.0117
spk_ver/v09/v0953	SES062	1.0331	-48.078	-49.1111
spk_ver/v09/v0954	SES149	-12.8185	-63.7296	-50.9111
spk_ver/v09/v0955	SES048	0.61108	-48.6316	-49.2427
spk_ver/v09/v0956	SES158	-1.15236	-50.3285	-49.1761
spk_ver/v09/v0957	SES158	-7.03807	-59.0677	-52.0297
spk_ver/v09/v0958	SES158	-0.522453	-48.9928	-48.4703
spk_ver/v09/v0959	SES158	-1.7172	-50.7373	-49.0201
spk_ver/v09/v0960	SES158	-8.81274	-60.0712	-51.2585
spk_ver/v09/v0961	SES147	1.59538	-50.2994	-51.8948
spk_ver/v09/v0962	SES158	-17.4937	-68.6637	-51.1699
spk_ver/v09/v0963	SES292	1.26031	-48.9512	-50.2115
spk_ver/v09/v0964	SES060	0.92775	-48.2019	-49.1296
spk_ver/v09/v0965	SES002	1.22723	-48.3005	-49.5278
spk_ver/v09/v0966	SES149	2.27102	-46.8603	-49.1313
spk_ver/v09/v0967	SES158	-12.0327	-63.3218	-51.2891
spk_ver/v09/v0968	SES158	-2.03518	-51.1971	-49.162
spk_ver/v09/v0969	SES275	-1.17277	-52.4132	-51.2404
spk_ver/v09/v0970	SES158	-9.61296	-59.2547	-49.6417
spk_ver/v09/v0971	SES158	-9.567	-59.8038	-50.2368
spk_ver/v09/v0972	SES002	1.43544	-47.3477	-48.7831
spk_ver/v09/v0973	SES158	-11.2642	-61.1721	-49.9079
spk_ver/v09/v0974	SES202	1.93034	-48.7573	-50.6876
spk_ver/v09/v0975	SES158	-13.8328	-65.4983	-51.6655
spk_ver/v09/v0976	SES158	0.0281715	-49.1418	-49.17
spk_ver/v09/v0977	SES162	-1.45049	-51.5551	-50.1046
spk_ver/v09/v0978	SES162	-6.74123	-57.3736	-50.6324
spk_ver/v09/v0979	SES162	-6.55094	-56.2203	-49.6693
spk_ver/v09/v0980	SES162	-1.88663	-53.2529	-51.3662
spk_ver/v09/v0981	SES162	-3.172	-54.729	-51.557
spk_ver/v09/v0982	SES259	2.1997	-47.2416	-49.4413
spk_ver/v09/v0983	SES162	-4.13425	-57.1065	-52.9723
spk_ver/v09/v0984	SES162	-1.5726	-50.7113	-49.1387
spk_ver/v09/v0985	SES162	-0.980827	-51.0246	-50.0438
spk_ver/v09/v0986	SES062	1.11753	-47.7983	-48.9158
spk_ver/v09/v0987	SES162	-0.863628	-51.3174	-50.4537
spk_ver/v09/v0988	SES162	-4.4291	-53.5539	-49.1248
spk_ver/v09/v0989	SES162	-4.65674	-56.3459	-51.6891
spk_ver/v09/v0990	SES162	-3.64041	-52.9317	-49.2913
spk_ver/v09/v0991	SES087	1.3375	-48.0561	-49.3936
spk_ver/v09/v0992	SES120	0.351418	-50.2765	-50.6279
spk_ver/v09/v0993	SES162	-4.28098	-53.425	-49.144
spk_ver/v09/v0994	SES162	-2.02053	-51.5417	-49.5212
spk_ver/v09/v0995	SES162	-4.52342	-52.6789	-48.1555
spk_ver/v09/v0996	SES162	-1.83704	-50.4078	-48.5708
spk_ver/v09/v0997	SES162	-5.72195	-55.192	-49.47
spk_ver/v09/v0998	SES162	-4.37908	-56.1033	-51.7242
spk_ver/v09/v0999	SES162	-0.85989	-49.2306	-48.3707
spk_ver/v10/v1000	SES162	-4.59864	-53.7802	-49.1816
spk_ver/v10/v1001	SES148	0.837959	-50.0821	-50.9201
spk_ver/v10/v1002	SES162	-0.511303	-51.7585	-51.2472
spk_ver/v10/v1003	SES162	-2.1397	-52.8837	-50.744
spk_ver/v10/v1004	SES162	-2.93501	-54.598	-51.663
spk_ver/v10/v1005	SES162	-4.13769	-55.0181	-50.8804
spk_ver/v10/v1006	SES162	-3.26041	-53.2602	-49.9998
spk_ver/v10/v1007	SES162	-2.39928	-53.6301	-51.2308
spk_ver/v10/v1008	SES162	-4.42918	-56.3266	-51.8974
spk_ver/v10/v1009	SES162	-5.11058	-54.4948	-49.3842
spk_ver/v10/v1010	SES167	-4.66002	-55.1151	-50.4551
spk_ver/v10/v1011	SES167	-0.910175	-51.4787	-50.5686
spk_ver/v10/v1012	SES167	-2.33138	-53.5692	-51.2378
spk_ver/v10/v1013	SES167	-8.97004	-58.5698	-49.5997
spk_ver/v10/v1014	SES167	-1.14871	-49.812	-48.6633
spk_ver/v10/v1015	SES167	-1.29604	-51.0158	-49.7198
spk_ver/v10/v1016	SES167	-1.01052	-51.4438	-50.4333
spk_ver/v10/v1017	SES167	-1.70021	-52.0248	-50.3246
spk_ver/v10/v1018	SES167	-4.03394	-54.0877	-50.0538
spk_ver/v10/v1019	SES167	-2.24302	-52.3321	-50.0891
spk_ver/v10/v1020	SES167	-7.61195	-57.4154	-49.8035
spk_ver/v10/v1021	SES167	-1.96373	-54.2296	-52.2658
spk_ver/v10/v1022	SES167	-4.27089	-54.6744	-50.4035
spk_ver/v10/v1023	SES167	-5.44295	-56.7136	-51.2706
spk_ver/v10/v1024	SES167	-5.75955	-58.5778	-52.8182
spk_ver/v10/v1025	SES167	-1.72473	-50.7342	-49.0094
spk_ver/v10/v1026	SES167	-2.13997	-52.7248	-50.5848
spk_ver/v10/v1027	SES167	-1.14244	-50.698	-49.5556
spk_ver/v10/v1028	SES167	-6.75068	-56.3454	-49.5948
spk_ver/v10/v1029	SES167	-4.37309	-54.9904	-50.6173
spk_ver/v10/v1030	SES167	-3.77118	-53.1618	-49.3906
spk_ver/v10/v1031	SES167	-6.77612	-56.17	-49.3939
spk_ver/v10/v1032	SES167	-6.56129	-54.5483	-47.987
spk_ver/v10/v1033	SES167	-6.57651	-54.5372	-47.9607
spk_ver/v10/v1034	SES002	1.56615	-46.5442	-48.1104
spk_ver/v10/v1035	SES167	-2.51799	-51.5354	-49.0174
spk_ver/v10/v1036	SES083	0.871586	-48.8265	-49.6981
spk_ver/v10/v1037	SES167	-2.37035	-53.1457	-50.7754
spk_ver/v10/v1038	SES167	-3.31743	-55.7376	-52.4202
spk_ver/v10/v1039	SES167	-1.26361	-52.2764	-51.0128
spk_ver/v10/v1040	SES167	-6.8609	-57.7008	-50.8399
spk_ver/v10/v1041	SES167	-1.34537	-52.6403	-51.295
spk_ver/v10/v1042	SES087	1.49865	-48.8248	-50.3235
spk_ver/v10/v1043	SES029	1.13242	-49.0774	-50.2099
spk_ver/v10/v1044	SES206	1.10965	-47.7629	-48.8726
spk_ver/v10/v1045	SES172	-3.70821	-54.4012	-50.693
spk_ver/v10/v1046	SES172	1.19471	-48.5538	-49.7485
spk_ver/v10/v1047	SES172	-1.87669	-51.6924	-49.8157
spk_ver/v10/v1048	SES259	2.13845	-46.5471	-48.6855
spk_ver/v10/v1049	SES172	-4.65949	-53.0478	-48.3883
spk_ver/v10/v1050	SES120	1.01494	-50.1084	-51.1234
spk_ver/v10/v1051	SES172	-2.99149	-52.53	-49.5385
spk_ver/v10/v1052	SES172	-3.64213	-54.1739	-50.5317
spk_ver/v10/v1053	SES172	-4.81261	-55.5621	-50.7495
spk_ver/v10/v1054	SES172	-3.3168	-53.5608	-50.244
spk_ver/v10/v1055	SES189	2.25402	-51.1843	-53.4383
spk_ver/v10/v1056	SES172	-5.66341	-54.946	-49.2826
spk_ver/v10/v1057	SES172	-1.96696	-51.8988	-49.9319
spk_ver/v10/v1058	SES172	-2.70947	-53.0038	-50.2943
spk_ver/v10/v1059	SES172	-1.69419	-51.5285	-49.8343
spk_ver/v10/v1060	SES029	0.603523	-48.9229	-49.5264
spk_ver/v10/v1061	SES175	-9.27319	-59.2491	-49.9759
spk_ver/v10/v1062	SES187	0.372265	-48.735	-49.1073
spk_ver/v10/v1063	SES019	2.97582	-48.4837	-51.4595
spk_ver/v10/v1064	SES175	-5.98877	-55.6433	-49.6546
spk_ver/v10/v1065	SES175	-6.84893	-56.2712	-49.4222
spk_ver/v10/v1066	SES175	-7.72137	-58.6431	-50.9217
spk_ver/v10/v1067	SES175	-2.65155	-53.4489	-50.7973
spk_ver/v10/v1068	SES175	-5.43035	-55.2988	-49.8685
spk_ver/v10/v1069	SES016	2.50622	-47.2278	-49.7341
spk_ver/v10/v1070	SES175	-3.50713	-54.9361	-51.429
spk_ver/v10/v1071	SES175	-2.19123	-50.3905	-48.1993
spk_ver/v10/v1072	SES175	-7.35672	-56.9809	-49.6241
spk_ver/v10/v1073	SES029	0.20871	-49.814	-50.0227
spk_ver/v10/v1074	SES175	-4.6167	-54.6438	-50.0271
spk_ver/v10/v1075	SES175	-1.2823	-50.4179	-49.1356
spk_ver/v10/v1076	SES175	-0.539642	-49.4229	-48.8833
spk_ver/v10/v1077	SES175	-5.98222	-54.5223	-48.5401
spk_ver/v10/v1078	SES127	1.2115	-47.7135	-48.925
spk_ver/v10/v1079	SES175	-4.77892	-52.8837	-48.1048
spk_ver/v10/v1080	SES175	-2.26705	-53.2758	-51.0087
spk_ver/v10/v1081	SES175	-5.77106	-55.4866	-49.7155
spk_ver/v10/v1082	SES175	-4.27351	-53.5836	-49.3101
spk_ver/v10/v1083	SES007	1.40067	-49.4481	-50.8488
spk_ver/v10/v1084	SES068	0.768871	-48.4519	-49.2208
spk_ver/v10/v1085	SES008	1.81222	-47.3043	-49.1165
spk_ver/v10/v1086	SES175	-1.29773	-50.0871	-48.7894
spk_ver/v10/v1087	SES175	-4.43091	-54.3729	-49.942
spk_ver/v10/v1088	SES008	1.83456	-47.7046	-49.5392
spk_ver/v10/v1089	SES177	-3.31408	-51.3803	-48.0663
spk_ver/v10/v1090	SES177	-4.27473	-53.0722	-48.7975
spk_ver/v10/v1091	SES177	-6.02176	-56.3372	-50.3154
spk_ver/v10/v1092	SES177	-1.07317	-51.14	-50.0668
spk_ver/v10/v1093	SES177	-6.37438	-55.964	-49.5896
spk_ver/v10/v1094	SES002	1.46061	-47.4245	-48.8851
spk_ver/v10/v1095	SES104	1.19734	-48.26	-49.4573
spk_ver/v10/v1096	SES177	-1.22699	-51.2101	-49.9831
spk_ver/v10/v1097	SES177	-2.36708	-54.0924	-51.7253
spk_ver/v10/v1098	SES177	-2.13866	-51.2279	-49.0892
spk_ver/v10/v1099	SES177	-0.399738	-50.3815	-49.9818
spk_ver/v11/v1100	SES177	-4.61012	-54.7884	-50.1782
spk_ver/v11/v1101	SES085	0.461914	-49.2782	-49.7401
spk_ver/v11/v1102	SES187	1.03349	-49.3326	-50.3661
spk_ver/v11/v1103	SES177	-1.86249	-52.7283	-50.8658
spk_ver/v11/v1104	SES177	1.11433	-48.3176	-49.432
spk_ver/v11/v1105	SES177	-0.649132	-49.7855	-49.1364
spk_ver/v11/v1106	SES177	-2.49498	-52.2018	-49.7068
spk_ver/v11/v1107	SES177	-0.558929	-50.4863	-49.9273
spk_ver/v11/v1108	SES177	-0.483555	-50.6962	-50.2127
spk_ver/v11/v1109	SES125	1.7489	-47.3369	-49.0858
spk_ver/v11/v1110	SES177	-4.45411	-53.7778	-49.3237
spk_ver/v11/v1111	SES177	-1.81274	-51.2686	-49.4559
spk_ver/v11/v1112	SES177	-3.72654	-53.2522	-49.5257
spk_ver/v11/v1113	SES177	-6.20989	-55.0872	-48.8773
spk_ver/v11/v1114	SES177	-1.88665	-53.2081	-51.3214
spk_ver/v11/v1115	SES177	-2.12973	-53.4653	-51.3356
spk_ver/v11/v1116	SES085	0.867123	-48.3511	-49.2182
spk_ver/v11/v1117	SES147	1.13579	-49.5476	-50.6834
spk_ver/v11/v1118	SES177	-0.612865	-51.3603	-50.7474
spk_ver/v11/v1119	SES177	-3.88868	-53.2896	-49.4009
spk_ver/v11/v1120	SES180	-7.71576	-57.8056	-50.0899
spk_ver/v11/v1121	SES189	1.42039	-50.5937	-52.0141
spk_ver/v11/v1122	SES117	0.465073	-52.2017	-52.6668
spk_ver/v11/v1123	SES129	2.23108	-46.9264	-49.1575
spk_ver/v11/v1124	SES180	-2.33565	-52.8385	-50.5028
spk_ver/v11/v1125	SES180	-1.06673	-50.1386	-49.0718
spk_ver/v11/v1126	SES180	-1.2254	-51.0353	-49.8099
spk_ver/v11/v1127	SES180	-2.34813	-52.6663	-50.3182
spk_ver/v11/v1128	SES016	1.07644	-50.0507	-51.1271
spk_ver/v11/v1129	SES158	1.22768	-48.0483	-49.276
spk_ver/v11/v1130	SES180	-2.80965	-52.9547	-50.1451
spk_ver/v11/v1131	SES180	-4.62027	-52.4082	-47.788
spk_ver/v11/v1132	SES180	-2.55332	-54.2761	-51.7228
spk_ver/v11/v1133	SES180	-4.43099	-53.3714	-48.9404
spk_ver/v11/v1134	SES180	-2.40635	-53.3265	-50.9202
spk_ver/v11/v1135	SES180	-1.22584	-50.0985	-48.8727
spk_ver/v11/v1136	SES180	-7.68857	-58.8446	-51.156
spk_ver/v11/v1137	SES148	0.679188	-48.8055	-49.4847
spk_ver/v11/v1138	SES104	1.55384	-46.4346	-47.9884
spk_ver/v11/v1139	SES180	-6.01372	-56.1888	-50.1751
spk_ver/v11/v1140	SES083	0.892448	-48.9463	-49.8387
spk_ver/v11/v1141	SES180	-5.6873	-55.8315	-50.1442
spk_ver/v11/v1142	SES180	-3.23279	-53.7715	-50.5387
spk_ver/v11/v1143	SES180	-3.36576	-54.7866	-51.4209
spk_ver/v11/v1144	SES099	1.59304	-48.7983	-50.3914
spk_ver/v11/v1145	SES180	-1.97761	-52.5155	-50.5379
spk_ver/v11/v1146	SES183	-3.55231	-53.7468	-50.1945
spk_ver/v11/v1147	SES183	-1.62768	-51.4855	-49.8578
spk_ver/v11/v1148	SES183	-4.8353	-55.9472	-51.1119
spk_ver/v11/v1149	SES183	-6.36206	-55.7449	-49.3828
spk_ver/v11/v1150	SES183	-5.59963	-55.2395	-49.6399
spk_ver/v11/v1151	SES082	1.43013	-47.9622	-49.3923
spk_ver/v11/v1152	SES183	-2.94123	-54.7578	-51.8165
spk_ver/v11/v1153	SES183	-3.05993	-52.9217	-49.8618
spk_ver/v11/v1154	SES002	1.81565	-46.4265	-48.2421
spk_ver/v11/v1155	SES183	-3.75086	-54.9604	-51.2095
spk_ver/v11/v1156	SES183	-5.61896	-56.5043	-50.8854
spk_ver/v11/v1157	SES183	-2.67698	-49.525	-46.848
spk_ver/v11/v1158	SES183	-0.885124	-50.6207	-49.7355
spk_ver/v11/v1159	SES183	-2.37476	-52.4724	-50.0977
spk_ver/v11/v1160	SES183	-4.45617	-53.9142	-49.4581
spk_ver/v11/v1161	SES183	-5.08751	-56.3704	-51.2829
spk_ver/v11/v1162	SES105	1.18932	-48.7812	-49.9706
spk_ver/v11/v1163	SES183	-5.86452	-55.0877	-49.2232
spk_ver/v11/v1164	SES259	1.89571	-47.6473	-49.543
spk_ver/v11/v1165	SES183	-3.18593	-54.7633	-51.5774
spk_ver/v11/v1166	SES183	-5.53224	-54.4731	-48.9409
spk_ver/v11/v1167	SES183	-3.55816	-54.0185	-50.4603
spk_ver/v11/v1168	SES183	-2.88617	-52.0367	-49.1506
spk_ver/v11/v1169	SES183	-5.75134	-54.8502	-49.0988
spk_ver/v11/v1170	SES183	-5.26022	-54.7206	-49.4604
spk_ver/v11/v1171	SES183	-7.94513	-58.9615	-51.0164
spk_ver/v11/v1172	SES187	-4.10612	-54.2381	-50.132
spk_ver/v11/v1173	SES019	3.17654	-48.5128	-51.6893
spk_ver/v11/v1174	SES187	-6.89657	-58.2207	-51.3242
spk_ver/v11/v1175	SES187	-2.0551	-53.6172	-51.5621
spk_ver/v11/v1176	SES083	0.536549	-48.1842	-48.7208
spk_ver/v11/v1177	SES187	-7.52033	-58.6052	-51.0848
spk_ver/v11/v1178	SES187	-5.58686	-54.9872	-49.4003
spk_ver/v11/v1179	SES187	-2.70167	-53.264	-50.5623
spk_ver/v11/v1180	SES187	-0.94416	-51.6867	-50.7426
spk_ver/v11/v1181	SES187	-7.80854	-56.769	-48.9604
spk_ver/v11/v1182	SES187	-0.419247	-49.5371	-49.1178
spk_ver/v11/v1183	SES187	-5.83432	-55.6619	-49.8275
spk_ver/v11/v1184	SES187	0.15332	-50.0974	-50.2507
spk_ver/v11/v1185	SES127	0.841549	-48.703	-49.5446
spk_ver/v11/v1186	SES187	-0.871555	-50.3253	-49.4537
spk_ver/v11/v1187	SES187	-1.32513	-50.1673	-48.8422
spk_ver/v11/v1188	SES187	-2.61933	-54.4544	-51.8351
spk_ver/v11/v1189	SES042	1.82678	-47.107	-48.9338
spk_ver/v11/v1190	SES187	-1.00808	-50.3312	-49.3231
spk_ver/v11/v1191	SES187	-6.24714	-57.7761	-51.529
spk_ver/v11/v1192	SES187	-4.81729	-54.8313	-50.0141
spk_ver/v11/v1193	SES183	0.858871	-49.9872	-50.846
spk_ver/v11/v1194	SES187	-2.13438	-53.5351	-51.4007
spk_ver/v11/v1195	SES187	-6.98753	-57.3028	-50.3152
spk_ver/v11/v1196	SES146	1.28656	-50.132	-51.4186
spk_ver/v11/v1197	SES189	-5.54181	-54.5828	-49.041
spk_ver/v11/v1198	SES175	1.46545	-49.7438	-51.2092
spk_ver/v11/v1199	SES189	-5.45393	-56.2718	-50.8179
spk_ver/v12/v1200	SES189	-2.16554	-50.7568	-48.5913
spk_ver/v12/v1201	SES177	0.962589	-48.7022	-49.6648
spk_ver/v12/v1202	SES189	-1.46383	-52.5648	-51.101
spk_ver/v12/v1203	SES143	0.264824	-50.2652	-50.53
spk_ver/v12/v1204	SES189	-2.69229	-52.7097	-50.0174
spk_ver/v12/v1205	SES189	-1.76912	-51.2318	-49.4627
spk_ver/v12/v1206	SES189	-5.99263	-57.1731	-51.1805
spk_ver/v12/v1207	SES189	-3.79153	-53.3713	-49.5798
spk_ver/v12/v1208	SES189	-3.28113	-51.6321	-48.351
spk_ver/v12/v1209	SES189	-5.79949	-56.4304	-50.6309
spk_ver/v12/v1210	SES189	-0.106693	-50.9337	-50.827
spk_ver/v12/v1211	SES062	1.44869	-47.5808	-49.0295
spk_ver/v12/v1212	SES189	-1.7943	-51.4214	-49.6271
spk_ver/v12/v1213	SES048	1.40897	-48.1249	-49.5339
spk_ver/v12/v1214	SES042	2.54921	-46.1294	-48.6786
spk_ver/v12/v1215	SES008	2.28597	-46.9708	-49.2568
spk_ver/v12/v1216	SES202	-4.71711	-52.9238	-48.2067
spk_ver/v12/v1217	SES202	-3.71149	-55.0397	-51.3282
spk_ver/v12/v1218	SES085	1.25443	-47.3251	-48.5796
spk_ver/v12/v1219	SES202	-2.80332	-52.4402	-49.6368
spk_ver/v12/v1220	SES202	-5.02283	-54.402	-49.3791
spk_ver/v12/v1221	SES202	-2.32386	-54.0354	-51.7116
spk_ver/v12/v1222	SES202	-9.51299	-59.9398	-50.4268
spk_ver/v12/v1223	SES158	0.979496	-48.3262	-49.3057
spk_ver/v12/v1224	SES202	-2.57074	-53.9981	-51.4274
spk_ver/v12/v1225	SES202	-6.97422	-56.3088	-49.3346
spk_ver/v12/v1226	SES202	-6.27518	-55.8789	-49.6037
spk_ver/v12/v1227	SES202	-5.5158	-56.124	-50.6082
spk_ver/v12/v1228	SES177	0.223522	-50.1359	-50.3594
spk_ver/v12/v1229	SES202	-6.23371	-55.904	-49.6703
spk_ver/v12/v1230	SES202	-2.34192	-52.4694	-50.1275
spk_ver/v12/v1231	SES202	-6.46757	-57.3514	-50.8839
spk_ver/v12/v1232	SES202	-3.34562	-55.9763	-52.6307
spk_ver/v12/v1233	SES206	1.68378	-46.9857	-48.6695
spk_ver/v12/v1234	SES202	-7.17302	-56.7351	-49.562
spk_ver/v12/v1235	SES202	-3.9915	-53.2396	-49.2481
spk_ver/v12/v1236	SES125	2.27908	-47.715	-49.9941
spk_ver/v12/v1237	SES127	1.22951	-48.2789	-49.5084
spk_ver/v12/v1238	SES202	2.766	-47.5925	-50.3585
spk_ver/v12/v1239	SES167	1.77654	-47.8874	-49.6639
spk_ver/v12/v1240	SES206	-16.9386	-67.5827	-50.6441
spk_ver/v12/v1241	SES206	-17.1019	-68.2413	-51.1395
spk_ver/v12/v1242	SES206	-0.743881	-50.0188	-49.275
spk_ver/v12/v1243	SES206	-3.15033	-52.868	-49.7177
spk_ver/v12/v1244	SES259	1.62225	-48.229	-49.8512
spk_ver/v12/v1245	SES206	-8.2695	-57.8721	-49.6026
spk_ver/v12/v1246	SES206	-10.9252	-60.3167	-49.3915
spk_ver/v12/v1247	SES206	-0.487068	-49.8965	-49.4095
spk_ver/v12/v1248	SES206	-20.4583	-72.0064	-51.5482
spk_ver/v12/v1249	SES270	2.0954	-48.6818	-50.7772
spk_ver/v12/v1250	SES206	-13.9104	-64.4181	-50.5077
spk_ver/v12/v1251	SES206	-8.63417	-57.5624	-48.9282
spk_ver/v12/v1252	SES206	-8.92068	-59.123	-50.2023
spk_ver/v12/v1253	SES206	-0.582542	-49.6436	-49.0611
spk_ver/v12/v1254	SES206	-0.665222	-49.9996	-49.3344
spk_ver/v12/v1255	SES125	1.79484	-47.4214	-49.2163
spk_ver/v12/v1256	SES206	-20.3241	-70.4786	-50.1546
spk_ver/v12/v1257	SES206	-11.1329	-60.1122	-48.9792
spk_ver/v12/v1258	SES206	-1.89703	-51.5648	-49.6677
spk_ver/v12/v1259	SES206	-19.9042	-70.3669	-50.4627
spk_ver/v12/v1260	SES206	-24.81	-75.7933	-50.9833
spk_ver/v12/v1261	SES206	-14.2833	-64.0125	-49.7292
spk_ver/v12/v1262	SES206	-17.461	-68.2024	-50.7414
spk_ver/v12/v1263	SES206	-11.6592	-61.3355	-49.6763
spk_ver/v12/v1264	SES149	1.59754	-48.5719	-50.1695
spk_ver/v12/v1265	SES206	-1.23478	-52.0992	-50.8644
spk_ver/v12/v1266	SES206	-22.4795	-73.5835	-51.1039
spk_ver/v12/v1267	SES206	-1.36765	-53.3774	-52.0097
spk_ver/v12/v1268	SES206	-9.22574	-59.6875	-50.4617
spk_ver/v12/v1269	SES206	-20.8815	-73.5394	-52.6579
spk_ver/v12/v1270	SES206	-28.2952	-81.1455	-52.8503
spk_ver/v12/v1271	SES226	-19.8019	-71.5314	-51.7295
spk_ver/v12/v1272	SES226	-0.707432	-48.9976	-48.2901
spk_ver/v12/v1273	SES226	-15.8442	-65.1274	-49.2831
spk_ver/v12/v1274	SES226	-14.2384	-64.7716	-50.5332
spk_ver/v12/v1275	SES226	-0.406445	-50.0043	-49.5979
spk_ver/v12/v1276	SES226	-13.9839	-64.5546	-50.5706
spk_ver/v12/v1277	SES226	-1.09065	-50.2012	-49.1105
spk_ver/v12/v1278	SES226	-0.28017	-50.1542	-49.874
spk_ver/v12/v1279	SES226	-13.7551	-62.5831	-48.8279
spk_ver/v12/v1280	SES226	-3.21576	-52.1581	-48.9423
spk_ver/v12/v1281	SES226	-1.21687	-51.6473	-50.4305
spk_ver/v12/v1282	SES226	-2.21845	-52.6929	-50.4744
spk_ver/v12/v1283	SES143	1.02964	-49.2582	-50.2879
spk_ver/v12/v1284	SES226	-9.31183	-58.5183	-49.2065
spk_ver/v12/v1285	SES226	-0.636322	-49.3398	-48.7034
spk_ver/v12/v1286	SES226	-2.43251	-53.2284	-50.7959
spk_ver/v12/v1287	SES226	-5.57974	-55.1023	-49.5225
spk_ver/v12/v1288	SES226	-13.1884	-62.8678	-49.6794
spk_ver/v12/v1289	SES104	1.25322	-48.6354	-49.8886
spk_ver/v12/v1290	SES008	2.09861	-48.7671	-50.8657
spk_ver/v12/v1291	SES226	-1.19549	-50.4967	-49.3012
spk_ver/v12/v1292	SES259	-4.7147	-54.9218	-50.2071
spk_ver/v12/v1293	SES062	1.25183	-48.2782	-49.53
spk_ver/v12/v1294	SES099	1.56956	-49.2908	-50.8603
spk_ver/v12/v1295	SES158	0.591423	-49.514	-50.1054
spk_ver/v12/v1296	SES259	-11.1966	-60.2723	-49.0757
spk_ver/v12/v1297	SES259	-4.46041	-54.1469	-49.6865
spk_ver/v12/v1298	SES259	-2.571	-51.8192	-49.2482
spk_ver/v12/v1299	SES259	-9.27149	-59.5265	-50.255
spk_ver/v13/v1300	SES120	1.18831	-49.5815	-50.7698
spk_ver/v13/v1301	SES259	-15.6922	-65.7424	-50.0501
spk_ver/v13/v1302	SES259	-14.3939	-64.908	-50.5141
spk_ver/v13/v1303	SES129	1.33007	-48.557	-49.8871
spk_ver/v13/v1304	SES259	-10.1722	-61.5273	-51.355
spk_ver/v13/v1305	SES259	-7.4816	-59.3938	-51.9122
spk_ver/v13/v1306	SES106	1.29516	-48.7655	-50.0606
spk_ver/v13/v1307	SES259	-6.64448	-58.4605	-51.816
spk_ver/v13/v1308	SES259	-1.95527	-51.3748	-49.4196
spk_ver/v13/v1309	SES259	-12.4965	-62.3218	-49.8254
spk_ver/v13/v1310	SES259	-7.57842	-56.8489	-49.2705
spk_ver/v13/v1311	SES259	-11.3509	-60.8464	-49.4955
spk_ver/v13/v1312	SES259	-2.40747	-50.7709	-48.3634
spk_ver/v13/v1313	SES144	0.771618	-49.3099	-50.0816
spk_ver/v13/v1314	SES259	-14.5762	-65.2553	-50.679
spk_ver/v13/v1315	SES162	2.22942	-48.3293	-50.5587
spk_ver/v13/v1316	SES206	1.21053	-47.5525	-48.7631
spk_ver/v13/v1317	SES175	1.29384	-49.9606	-51.2545
spk_ver/v13/v1318	SES259	-14.3364	-65.3673	-51.0309
spk_ver/v13/v1319	SES259	-15.7091	-66.8058	-51.0967
spk_ver/v13/v1320	SES270	-0.0238876	-49.3451	-49.3212
spk_ver/v13/v1321	SES101	0.252842	-49.2504	-49.5032
spk_ver/v13/v1322	SES177	1.31303	-48.3691	-49.6822
spk_ver/v13/v1323	SES127	1.1325	-47.635	-48.7675
spk_ver/v13/v1324	SES270	-14.1069	-64.6891	-50.5822
spk_ver/v13/v1325	SES062	1.02998	-48.1998	-49.2298
spk_ver/v13/v1326	SES270	0.344322	-49.7372	-50.0816
spk_ver/v13/v1327	SES120	0.215778	-50.7494	-50.9652
spk_ver/v13/v1328	SES270	-4.57413	-55.6154	-51.0413
spk_ver/v13/v1329	SES270	-8.76255	-57.2157	-48.4531
spk_ver/v13/v1330	SES270	0.144802	-50.0995	-50.2443
spk_ver/v13/v1331	SES270	-10.3144	-58.7158	-48.4015
spk_ver/v13/v1332	SES270	-0.275135	-48.7141	-48.439
spk_ver/v13/v1333	SES270	-1.16197	-52.0845	-50.9226
spk_ver/v13/v1334	SES270	-2.17632	-51.6096	-49.4333
spk_ver/v13/v1335	SES270	0.286255	-49.1062	-49.3924
spk_ver/v13/v1336	SES270	-0.893475	-49.9528	-49.0593
spk_ver/v13/v1337	SES016	1.85739	-48.2877	-50.1451
spk_ver/v13/v1338	SES270	-6.90591	-56.263	-49.357
spk_ver/v13/v1339	SES002	0.97406	-47.5429	-48.517
spk_ver/v13/v1340	SES105	1.85095	-49.6794	-51.5304
spk_ver/v13/v1341	SES275	-2.86281	-54.3781	-51.5153
spk_ver/v13/v1342	SES187	0.498528	-50.5883	-51.0868
spk_ver/v13/v1343	SES275	-3.3802	-53.8951	-50.5149
spk_ver/v13/v1344	SES275	-3.9215	-54.6522	-50.7307
spk_ver/v13/v1345	SES275	-2.37658	-52.1478	-49.7712
spk_ver/v13/v1346	SES275	-5.65915	-55.4152	-49.756
spk_ver/v13/v1347	SES275	-4.54243	-56.2702	-51.7278
spk_ver/v13/v1348	SES180	0.344734	-49.9508	-50.2956
spk_ver/v13/v1349	SES275	-4.07249	-56.9364	-52.8639
spk_ver/v13/v1350	SES275	-0.943089	-49.5748	-48.6317
spk_ver/v13/v1351	SES275	-5.40565	-59.7667	-54.3611
spk_ver/v13/v1352	SES275	-1.61415	-51.3421	-49.7279
spk_ver/v13/v1353	SES275	-3.00338	-54.6235	-51.6201
spk_ver/v13/v1354	SES189	1.94033	-50.6489	-52.5893
spk_ver/v13/v1355	SES068	0.254814	-48.319	-48.5738
spk_ver/v13/v1356	SES275	-4.39481	-55.5957	-51.2009
spk_ver/v13/v1357	SES048	0.4627	-49.2276	-49.6903
spk_ver/v13/v1358	SES226	2.31039	-46.2737	-48.5841
spk_ver/v13/v1359	SES016	0.631447	-49.0198	-49.6513
spk_ver/v13/v1360	SES275	-3.05851	-54.2445	-51.186
spk_ver/v13/v1361	SES068	1.33801	-47.571	-48.909
spk_ver/v13/v1362	SES275	-4.23123	-53.5663	-49.3351
spk_ver/v13/v1363	SES275	-3.75744	-53.7781	-50.0206
spk_ver/v13/v1364	SES275	-4.4333	-57.0066	-52.5733
spk_ver/v13/v1365	SES275	-3.23637	-52.7049	-49.4685
spk_ver/v13/v1366	SES187	0.92609	-48.9059	-49.832
spk_ver/v13/v1367	SES275	-6.02172	-56.5803	-50.5586
spk_ver/v13/v1368	SES125	1.79377	-47.7642	-49.558
spk_ver/v13/v1369	SES275	-2.40687	-53.4107	-51.0038
spk_ver/v13/v1370	SES292	-4.224	-53.4022	-49.1782
spk_ver/v13/v1371	SES292	-3.28144	-52.5133	-49.2319
spk_ver/v13/v1372	SES292	-4.59007	-55.3272	-50.7371
spk_ver/v13/v1373	SES292	-3.33541	-53.1502	-49.8148
spk_ver/v13/v1374	SES101	1.22265	-49.3724	-50.5951
spk_ver/v13/v1375	SES292	-3.1213	-53.9591	-50.8378
spk_ver/v13/v1376	SES292	-2.35468	-51.8239	-49.4692
spk_ver/v13/v1377	SES292	-6.10306	-57.6699	-51.5669
spk_ver/v13/v1378	SES292	-0.958885	-50.6788	-49.7199
spk_ver/v13/v1379	SES292	-1.99765	-52.219	-50.2214
spk_ver/v13/v1380	SES292	-2.59925	-52.7824	-50.1832
spk_ver/v13/v1381	SES292	-2.18433	-50.0216	-47.8373
spk_ver/v13/v1382	SES292	-4.6287	-56.7986	-52.1699
spk_ver/v13/v1383	SES292	-2.28257	-51.9646	-49.682
spk_ver/v13/v1384	SES292	-2.6228	-52.6475	-50.0247
spk_ver/v13/v1385	SES292	-2.44117	-52.4052	-49.964
spk_ver/v13/v1386	SES292	-2.89159	-53.8271	-50.9355
spk_ver/v13/v1387	SES158	1.5868	-49.7519	-51.3387
spk_ver/v13/v1388	SES292	-0.486248	-49.2595	-48.7732
spk_ver/v13/v1389	SES292	-0.62582	-49.0335	-48.4077
spk_ver/v13/v1390	SES292	-4.00366	-52.5968	-48.5932
spk_ver/v13/v1391	SES292	-1.95056	-51.7919	-49.8413
spk_ver/v13/v1392	SES292	-3.69215	-55.4246	-51.7324
spk_ver/v13/v1393	SES292	-3.2128	-52.1927	-48.9799
spk_ver/v13/v1394	SES292	-3.46351	-54.0225	-50.559
spk_ver/v13/v1395	SES292	-4.21275	-53.2326	-49.0198
spk_ver/v13/v1396	SES117	1.24878	-50.1967	-51.4454
spk_ver/v13/v1397	SES292	-3.78159	-52.4946	-48.713
spk_ver/v13/v1398	SES292	-3.89189	-55.2411	-51.3492
spk_ver/v13/v1399	SES292	-0.458694	-49.982	-49.5234
