spk_ver/v00/v0000	SES146	0.506881	5.93707	5.43019
spk_ver/v00/v0001	SES002	-8.13137	-2.89363	5.23774
spk_ver/v00/v0002	SES002	-3.45565	2.07154	5.52719
spk_ver/v00/v0003	SES002	-9.05783	-3.13884	5.91899
spk_ver/v00/v0004	SES002	-3.10364	2.57635	5.67999
spk_ver/v00/v0005	SES002	-3.1706	3.64773	6.81833
spk_ver/v00/v0006	SES002	-6.75238	-0.56977	6.18261
spk_ver/v00/v0007	SES002	-3.12833	2.17468	5.30301
spk_ver/v00/v0008	SES146	0.465319	5.07463	4.60931
spk_ver/v00/v0009	SES002	-2.58304	3.93089	6.51393
spk_ver/v00/v0010	SES002	-5.55883	-0.0589365	5.49989
spk_ver/v00/v0011	SES002	-2.44133	0.898294	3.33963
spk_ver/v00/v0012	SES002	-4.58612	3.42399	8.01012
spk_ver/v00/v0013	SES002	-3.00485	3.65011	6.65496
spk_ver/v00/v0014	SES002	-0.280529	5.03534	5.31587
spk_ver/v00/v0015	SES002	-1.85543	3.7229	5.57833
spk_ver/v00/v0016	SES275	0.532638	6.15432	5.62168
spk_ver/v00/v0017	SES002	-0.672463	4.41091	5.08337
spk_ver/v00/v0018	SES002	-6.06709	1.04959	7.11668
spk_ver/v00/v0019	SES002	-1.92176	4.14203	6.06379
spk_ver/v00/v0020	SES002	-8.98931	-3.96636	5.02296
spk_ver/v00/v0021	SES002	-5.16736	1.1043	6.27167
spk_ver/v00/v0022	SES002	-1.95996	3.42836	5.38832
spk_ver/v00/v0023	SES002	-7.09802	0.243705	7.34172
spk_ver/v00/v0024	SES002	-8.90276	-3.38871	5.51406
spk_ver/v00/v0025	SES002	-4.95363	1.42158	6.37521
spk_ver/v00/v0026	SES002	-5.38098	1.69922	7.0802
spk_ver/v00/v0027	SES129	1.63172	6.32568	4.69396
spk_ver/v00/v0028	SES007	-1.82904	5.30267	7.13171
spk_ver/v00/v0029	SES083	-0.71022	6.72423	7.43445
spk_ver/v00/v0030	SES019	2.49578	6.70193	4.20615
spk_ver/v00/v0031	SES007	-1.59494	5.34401	6.93895
spk_ver/v00/v0032	SES270	0.889369	6.65251	5.76314
spk_ver/v00/v0033	SES007	-2.33974	3.88856	6.22831
spk_ver/v00/v0034	SES007	-3.12264	2.09874	5.22138
spk_ver/v00/v0035	SES007	-1.38096	5.55294	6.93391
spk_ver/v00/v0036	SES007	-1.0217	5.03925	6.06095
spk_ver/v00/v0037	SES007	-4.53447	0.996171	5.53064
spk_ver/v00/v0038	SES259	2.22199	7.87614	5.65415
spk_ver/v00/v0039	SES007	-4.0974	1.00906	5.10646
spk_ver/v00/v0040	SES007	-3.80996	2.34284	6.1528
spk_ver/v00/v0041	SES007	-2.27444	3.18368	5.45813
spk_ver/v00/v0042	SES007	-2.46578	3.56998	6.03576
spk_ver/v00/v0043	SES007	-0.60777	5.42012	6.02789
spk_ver/v00/v0044	SES007	-3.42538	3.59955	7.02494
spk_ver/v00/v0045	SES007	-1.67224	5.36717	7.0394
spk_ver/v00/v0046	SES007	-1.83629	5.05779	6.89407
spk_ver/v00/v0047	SES172	0.193474	6.46695	6.27347
spk_ver/v00/v0048	SES105	1.51274	6.77781	5.26507
spk_ver/v00/v0049	SES007	-0.405911	5.977	6.38291
spk_ver/v00/v0050	SES292	-0.879518	5.55526	6.43477
spk_ver/v00/v0051	SES007	-0.794181	5.52031	6.31449
spk_ver/v00/v0052	SES068	0.5653	7.94013	7.37483
spk_ver/v00/v0053	SES008	-1.52384	5.78663	7.31046
spk_ver/v00/v0054	SES008	-3.03099	3.37072	6.40172
spk_ver/v00/v0055	SES008	-1.57664	3.5571	5.13374
spk_ver/v00/v0056	SES008	-5.89665	-0.827115	5.06953
spk_ver/v00/v0057	SES008	-4.22619	1.40476	5.63095
spk_ver/v00/v0058	SES083	0.565368	6.97243	6.40706
spk_ver/v00/v0059	SES158	1.61311	7.77709	6.16398
spk_ver/v00/v0060	SES008	-2.19466	3.97996	6.17461
spk_ver/v00/v0061	SES101	-0.309708	5.53956	5.84927
spk_ver/v00/v0062	SES008	-2.92112	3.50308	6.4242
spk_ver/v00/v0063	SES008	-3.09561	2.61137	5.70698
spk_ver/v00/v0064	SES117	0.995842	6.93309	5.93724
spk_ver/v00/v0065	SES149	0.562902	7.28176	6.71886
spk_ver/v00/v0066	SES008	0.273174	6.94499	6.67182
spk_ver/v00/v0067	SES008	-2.77309	2.63881	5.4119
spk_ver/v00/v0068	SES162	0.54741	5.34476	4.79735
spk_ver/v00/v0069	SES008	-8.42602	-4.48117	3.94485
spk_ver/v00/v0070	SES008	0.126697	6.3699	6.2432
spk_ver/v00/v0071	SES008	-2.32907	3.95631	6.28539
spk_ver/v00/v0072	SES008	-0.9941	6.63899	7.63309
spk_ver/v00/v0073	SES008	-3.10408	3.47911	6.5832
spk_ver/v00/v0074	SES008	-3.75448	2.45952	6.214
spk_ver/v00/v0075	SES008	-8.38402	-4.16615	4.21786
spk_ver/v00/v0076	SES167	1.59564	8.89944	7.3038
spk_ver/v00/v0077	SES008	-1.20378	6.30398	7.50776
spk_ver/v00/v0078	SES177	0.702349	7.18278	6.48043
spk_ver/v00/v0079	SES008	-0.807718	5.59959	6.4073
spk_ver/v00/v0080	SES008	-3.01141	3.10124	6.11265
spk_ver/v00/v0081	SES008	-6.37868	-2.35792	4.02076
spk_ver/v00/v0082	SES008	-3.26404	2.54742	5.81145
spk_ver/v00/v0083	SES008	-7.30195	-2.67185	4.6301
spk_ver/v00/v0084	SES144	1.01633	6.95542	5.93909
spk_ver/v00/v0085	SES008	-2.41436	3.601	6.01536
spk_ver/v00/v0086	SES008	-1.88257	5.6357	7.51826
spk_ver/v00/v0087	SES008	-4.2593	1.89706	6.15636
spk_ver/v00/v0088	SES008	-1.17932	5.17081	6.35012
spk_ver/v00/v0089	SES008	-2.29376	2.82357	5.11734
spk_ver/v00/v0090	SES142	0.685564	6.58512	5.89956
spk_ver/v00/v0091	SES008	-5.68102	-0.294281	5.38674
spk_ver/v00/v0092	SES158	0.451656	5.53701	5.08535
spk_ver/v00/v0093	SES014	-2.97289	3.46797	6.44086
spk_ver/v00/v0094	SES014	-4.41752	-0.775746	3.64178
spk_ver/v00/v0095	SES014	-0.470852	5.61532	6.08617
spk_ver/v00/v0096	SES014	-6.23041	-1.59687	4.63353
spk_ver/v00/v0097	SES014	-1.04371	3.28056	4.32427
spk_ver/v00/v0098	SES014	-1.99074	4.71982	6.71056
spk_ver/v00/v0099	SES014	-4.44905	1.59536	6.0444
spk_ver/v01/v0100	SES127	0.132864	6.6259	6.49304
spk_ver/v01/v0101	SES014	-5.19391	0.700531	5.89444
spk_ver/v01/v0102	SES014	-4.38282	1.6616	6.04443
spk_ver/v01/v0103	SES014	-9.20184	-4.79769	4.40415
spk_ver/v01/v0104	SES014	-6.90905	-1.34825	5.5608
spk_ver/v01/v0105	SES014	-5.35971	-1.87815	3.48157
spk_ver/v01/v0106	SES014	-2.37898	0.868921	3.2479
spk_ver/v01/v0107	SES014	-6.06791	0.0967023	6.16461
spk_ver/v01/v0108	SES014	-4.23071	2.3984	6.6291
spk_ver/v01/v0109	SES014	-2.65251	3.44806	6.10056
spk_ver/v01/v0110	SES014	-4.20125	-1.67368	2.52757
spk_ver/v01/v0111	SES014	-0.485598	5.37582	5.86141
spk_ver/v01/v0112	SES014	-4.24779	2.38333	6.63112
spk_ver/v01/v0113	SES104	-0.141524	4.22799	4.36951
spk_ver/v01/v0114	SES082	0.493384	6.76661	6.27323
spk_ver/v01/v0115	SES087	1.20869	7.64889	6.4402
spk_ver/v01/v0116	SES014	-1.38382	4.8801	6.26393
spk_ver/v01/v0117	SES177	0.410611	5.68265	5.27204
spk_ver/v01/v0118	SES014	-4.26163	1.27794	5.53957
spk_ver/v01/v0119	SES014	-2.04316	3.36266	5.40582
spk_ver/v01/v0120	SES014	-4.68187	1.62361	6.30548
spk_ver/v01/v0121	SES146	0.371694	6.49827	6.12658
spk_ver/v01/v0122	SES014	1.62814	8.7502	7.12206
spk_ver/v01/v0123	SES014	-1.84152	3.78121	5.62273
spk_ver/v01/v0124	SES014	-9.2465	-3.57836	5.66814
spk_ver/v01/v0125	SES014	-3.72334	2.02259	5.74592
spk_ver/v01/v0126	SES016	-2.50909	3.5716	6.08069
spk_ver/v01/v0127	SES016	-2.65187	4.21462	6.86649
spk_ver/v01/v0128	SES106	1.65437	6.4411	4.78673
spk_ver/v01/v0129	SES016	-4.33069	2.01336	6.34405
spk_ver/v01/v0130	SES016	-1.72097	3.42113	5.1421
spk_ver/v01/v0131	SES016	-6.12235	-1.40993	4.71242
spk_ver/v01/v0132	SES016	-2.62397	3.25906	5.88303
spk_ver/v01/v0133	SES016	-1.47897	4.91896	6.39793
spk_ver/v01/v0134	SES016	-2.1604	5.02235	7.18275
spk_ver/v01/v0135	SES016	-2.24848	3.96571	6.2142
spk_ver/v01/v0136	SES016	-1.47152	4.14189	5.61341
spk_ver/v01/v0137	SES007	0.181106	5.20302	5.02191
spk_ver/v01/v0138	SES016	-1.51581	4.94615	6.46196
spk_ver/v01/v0139	SES016	-2.01511	5.20472	7.21983
spk_ver/v01/v0140	SES016	1.37625	7.45462	6.07836
spk_ver/v01/v0141	SES016	-10.435	-8.51149	1.92352
spk_ver/v01/v0142	SES016	-7.23572	-3.01613	4.21959
spk_ver/v01/v0143	SES016	-6.52373	-1.25626	5.26747
spk_ver/v01/v0144	SES016	-2.33631	3.65223	5.98854
spk_ver/v01/v0145	SES016	-4.93839	-0.963961	3.97443
spk_ver/v01/v0146	SES016	-1.80756	5.9243	7.73187
spk_ver/v01/v0147	SES016	-0.722087	5.95777	6.67986
spk_ver/v01/v0148	SES127	0.430682	6.83785	6.40717
spk_ver/v01/v0149	SES016	-3.00914	3.22405	6.23319
spk_ver/v01/v0150	SES016	-2.27425	4.49228	6.76653
spk_ver/v01/v0151	SES147	1.13258	5.32673	4.19415
spk_ver/v01/v0152	SES016	-2.48719	4.01491	6.5021
spk_ver/v01/v0153	SES104	0.65091	7.08171	6.4308
spk_ver/v01/v0154	SES016	-3.22673	2.03952	5.26624
spk_ver/v01/v0155	SES016	-3.04557	2.69858	5.74416
spk_ver/v01/v0156	SES019	-0.852798	3.09557	3.94837
spk_ver/v01/v0157	SES019	-4.06206	3.52572	7.58778
spk_ver/v01/v0158	SES019	-0.654024	2.54911	3.20314
spk_ver/v01/v0159	SES007	0.800067	6.22591	5.42584
spk_ver/v01/v0160	SES019	-2.51565	4.33994	6.8556
spk_ver/v01/v0161	SES019	-3.0906	1.223	4.31361
spk_ver/v01/v0162	SES019	-4.08724	3.55234	7.63958
spk_ver/v01/v0163	SES189	1.34876	7.70257	6.35381
spk_ver/v01/v0164	SES019	-2.98736	2.66433	5.65169
spk_ver/v01/v0165	SES019	-0.476601	1.61265	2.08925
spk_ver/v01/v0166	SES019	-5.00107	1.52776	6.52883
spk_ver/v01/v0167	SES019	-6.98601	-1.97285	5.01316
spk_ver/v01/v0168	SES019	-1.0815	3.31094	4.39244
spk_ver/v01/v0169	SES019	-5.00225	-0.582743	4.41951
spk_ver/v01/v0170	SES270	0.925807	5.55944	4.63364
spk_ver/v01/v0171	SES019	-3.1749	2.33176	5.50665
spk_ver/v01/v0172	SES019	-6.02383	0.44369	6.46752
spk_ver/v01/v0173	SES206	1.37016	6.8394	5.46924
spk_ver/v01/v0174	SES019	-2.74836	0.358865	3.10722
spk_ver/v01/v0175	SES014	0.785936	7.28951	6.50357
spk_ver/v01/v0176	SES019	-5.00924	1.86654	6.87578
spk_ver/v01/v0177	SES120	0.237695	5.68795	5.45026
spk_ver/v01/v0178	SES019	-2.52373	1.56686	4.09059
spk_ver/v01/v0179	SES019	-7.18804	-0.217851	6.97019
spk_ver/v01/v0180	SES175	0.581812	6.84954	6.26773
spk_ver/v01/v0181	SES019	-5.45174	0.58583	6.03757
spk_ver/v01/v0182	SES019	-5.22188	1.08157	6.30345
spk_ver/v01/v0183	SES029	-1.97127	3.61775	5.58902
spk_ver/v01/v0184	SES029	-5.67612	-0.348848	5.32727
spk_ver/v01/v0185	SES029	-2.50465	3.59902	6.10367
spk_ver/v01/v0186	SES068	1.23059	8.26225	7.03166
spk_ver/v01/v0187	SES029	-5.19376	1.26063	6.45439
spk_ver/v01/v0188	SES029	-4.48582	1.75578	6.2416
spk_ver/v01/v0189	SES149	0.751999	8.20279	7.45079
spk_ver/v01/v0190	SES029	-4.62573	1.52192	6.14765
spk_ver/v01/v0191	SES029	-4.28388	0.60768	4.89156
spk_ver/v01/v0192	SES183	1.23095	7.14234	5.91139
spk_ver/v01/v0193	SES029	-2.42711	2.70452	5.13164
spk_ver/v01/v0194	SES016	1.86209	7.43181	5.56972
spk_ver/v01/v0195	SES029	-3.04698	3.19923	6.24621
spk_ver/v01/v0196	SES029	-1.44689	3.4556	4.90249
spk_ver/v01/v0197	SES029	-4.54155	1.72543	6.26698
spk_ver/v01/v0198	SES146	-0.0442963	5.23113	5.27542
spk_ver/v01/v0199	SES029	-4.44263	0.337338	4.77997
spk_ver/v02/v0200	SES029	-2.78823	2.38791	5.17614
spk_ver/v02/v0201	SES068	1.20817	7.28793	6.07977
spk_ver/v02/v0202	SES148	1.40935	8.04714	6.63779
spk_ver/v02/v0203	SES029	-3.7636	2.47451	6.23811
spk_ver/v02/v0204	SES029	-1.37313	4.22131	5.59443
spk_ver/v02/v0205	SES060	0.766332	7.64937	6.88304
spk_ver/v02/v0206	SES127	1.58734	8.77797	7.19063
spk_ver/v02/v0207	SES029	-3.5426	0.776804	4.3194
spk_ver/v02/v0208	SES048	1.95208	6.06238	4.1103
spk_ver/v02/v0209	SES029	-1.52105	4.61438	6.13543
spk_ver/v02/v0210	SES029	-4.2963	1.74856	6.04486
spk_ver/v02/v0211	SES029	-4.82831	1.2641	6.09242
spk_ver/v02/v0212	SES042	-8.17875	-2.02877	6.14998
spk_ver/v02/v0213	SES085	0.709826	6.09576	5.38594
spk_ver/v02/v0214	SES206	0.81971	6.88936	6.06965
spk_ver/v02/v0215	SES144	0.352417	6.90556	6.55314
spk_ver/v02/v0216	SES042	-1.80381	4.86887	6.67268
spk_ver/v02/v0217	SES042	-2.56619	-1.30118	1.26501
spk_ver/v02/v0218	SES042	-1.19415	4.54302	5.73717
spk_ver/v02/v0219	SES206	0.254897	7.03971	6.78481
spk_ver/v02/v0220	SES019	3.89732	7.16604	3.26872
spk_ver/v02/v0221	SES007	-0.0459085	6.04162	6.08753
spk_ver/v02/v0222	SES042	-8.73627	-3.83056	4.90571
spk_ver/v02/v0223	SES147	0.180871	5.5829	5.40203
spk_ver/v02/v0224	SES105	1.35539	6.24769	4.8923
spk_ver/v02/v0225	SES042	-1.49464	3.48024	4.97488
spk_ver/v02/v0226	SES275	0.905554	7.63782	6.73227
spk_ver/v02/v0227	SES042	-4.98642	-0.146371	4.84005
spk_ver/v02/v0228	SES042	-5.51739	0.633516	6.15091
spk_ver/v02/v0229	SES042	-4.73071	2.17756	6.90827
spk_ver/v02/v0230	SES085	1.3416	8.98346	7.64185
spk_ver/v02/v0231	SES014	1.82644	8.56146	6.73502
spk_ver/v02/v0232	SES042	-1.34232	3.64903	4.99135
spk_ver/v02/v0233	SES048	-4.44063	1.47183	5.91246
spk_ver/v02/v0234	SES048	-2.13739	3.90127	6.03867
spk_ver/v02/v0235	SES029	0.265257	5.99171	5.72646
spk_ver/v02/v0236	SES048	-1.8234	5.27826	7.10165
spk_ver/v02/v0237	SES048	-7.20963	-2.63002	4.57961
spk_ver/v02/v0238	SES048	-1.88961	4.91258	6.80219
spk_ver/v02/v0239	SES060	0.840344	8.48746	7.64711
spk_ver/v02/v0240	SES048	-2.77516	4.35048	7.12564
spk_ver/v02/v0241	SES048	-2.11607	4.45995	6.57603
spk_ver/v02/v0242	SES189	1.26222	8.30351	7.04129
spk_ver/v02/v0243	SES162	0.620357	6.14969	5.52934
spk_ver/v02/v0244	SES048	-6.7786	-0.78184	5.99676
spk_ver/v02/v0245	SES048	-5.14406	1.15382	6.29788
spk_ver/v02/v0246	SES048	-4.63589	1.89436	6.53025
spk_ver/v02/v0247	SES048	-7.62774	-3.30462	4.32312
spk_ver/v02/v0248	SES226	1.59273	7.07565	5.48292
spk_ver/v02/v0249	SES048	-1.09338	4.76361	5.85698
spk_ver/v02/v0250	SES048	-2.58678	2.86513	5.45191
spk_ver/v02/v0251	SES048	-6.84277	-2.4865	4.35627
spk_ver/v02/v0252	SES060	-2.2474	4.6181	6.8655
spk_ver/v02/v0253	SES060	-5.99821	-0.072109	5.9261
spk_ver/v02/v0254	SES259	1.88971	7.58425	5.69454
spk_ver/v02/v0255	SES060	-4.96686	0.884906	5.85177
spk_ver/v02/v0256	SES202	0.0401478	6.69758	6.65743
spk_ver/v02/v0257	SES148	0.649385	7.31356	6.66417
spk_ver/v02/v0258	SES060	-4.92821	-2.06857	2.85964
spk_ver/v02/v0259	SES060	-3.41166	3.35051	6.76217
spk_ver/v02/v0260	SES060	-3.38209	2.99299	6.37508
spk_ver/v02/v0261	SES099	1.19054	6.30509	5.11455
spk_ver/v02/v0262	SES060	-3.46484	3.18512	6.64996
spk_ver/v02/v0263	SES060	-2.22408	5.12255	7.34663
spk_ver/v02/v0264	SES292	-0.17953	5.66291	5.84244
spk_ver/v02/v0265	SES060	-2.01091	4.11562	6.12654
spk_ver/v02/v0266	SES060	-6.19831	-1.43848	4.75984
spk_ver/v02/v0267	SES060	-7.74981	-3.45829	4.29151
spk_ver/v02/v0268	SES060	-7.52538	-4.81752	2.70786
spk_ver/v02/v0269	SES127	0.785887	7.29171	6.50582
spk_ver/v02/v0270	SES060	-3.43698	1.9336	5.37058
spk_ver/v02/v0271	SES060	-0.845704	5.49342	6.33912
spk_ver/v02/v0272	SES060	-4.73728	-1.4849	3.25238
spk_ver/v02/v0273	SES087	1.10189	7.15666	6.05477
spk_ver/v02/v0274	SES146	0.787673	6.81765	6.02998
spk_ver/v02/v0275	SES060	-5.05383	-0.106874	4.94695
spk_ver/v02/v0276	SES002	2.83528	6.72738	3.8921
spk_ver/v02/v0277	SES060	-1.72106	4.2838	6.00487
spk_ver/v02/v0278	SES060	-6.23638	-0.68576	5.55062
spk_ver/v02/v0279	SES060	-6.98717	-2.09563	4.89154
spk_ver/v02/v0280	SES129	1.98523	7.27376	5.28852
spk_ver/v02/v0281	SES162	0.705924	6.82441	6.11849
spk_ver/v02/v0282	SES060	-4.87831	1.59288	6.47119
spk_ver/v02/v0283	SES060	-3.16197	4.24792	7.40989
spk_ver/v02/v0284	SES062	-3.97166	0.875745	4.84741
spk_ver/v02/v0285	SES062	-6.06168	-0.409587	5.65209
spk_ver/v02/v0286	SES120	0.0683765	4.5434	4.47502
spk_ver/v02/v0287	SES062	-3.04979	1.8693	4.91909
spk_ver/v02/v0288	SES062	-4.62149	-0.581019	4.04047
spk_ver/v02/v0289	SES062	-2.72135	3.94676	6.66811
spk_ver/v02/v0290	SES062	-0.756171	5.36016	6.11633
spk_ver/v02/v0291	SES275	0.35039	6.69922	6.34883
spk_ver/v02/v0292	SES062	-1.80827	3.81794	5.62621
spk_ver/v02/v0293	SES062	-1.51658	5.23576	6.75234
spk_ver/v02/v0294	SES062	-6.09585	-0.776165	5.31968
spk_ver/v02/v0295	SES062	-2.39336	3.85632	6.24968
spk_ver/v02/v0296	SES062	-2.72458	3.61692	6.3415
spk_ver/v02/v0297	SES062	-3.2885	2.73827	6.02677
spk_ver/v02/v0298	SES062	-2.17916	2.59907	4.77823
spk_ver/v02/v0299	SES062	-1.92438	3.92828	5.85265
spk_ver/v03/v0300	SES062	-3.81933	1.46795	5.28728
spk_ver/v03/v0301	SES062	-1.66785	5.37813	7.04599
spk_ver/v03/v0302	SES172	0.409851	7.55858	7.14873
spk_ver/v03/v0303	SES062	-1.21485	4.58556	5.80041
spk_ver/v03/v0304	SES062	-2.98565	2.71331	5.69896
spk_ver/v03/v0305	SES062	-2.92543	1.54319	4.46862
spk_ver/v03/v0306	SES062	-2.09865	3.95307	6.05172
spk_ver/v03/v0307	SES062	-3.93363	2.0044	5.93803
spk_ver/v03/v0308	SES062	-1.30503	4.78906	6.09409
spk_ver/v03/v0309	SES062	-3.95556	-0.540203	3.41535
spk_ver/v03/v0310	SES125	1.99438	8.7838	6.78942
spk_ver/v03/v0311	SES062	-1.76118	3.99707	5.75825
spk_ver/v03/v0312	SES062	-3.57697	2.10738	5.68435
spk_ver/v03/v0313	SES062	-2.72232	2.76092	5.48324
spk_ver/v03/v0314	SES068	-3.8267	1.95613	5.78282
spk_ver/v03/v0315	SES068	-4.63532	1.11931	5.75462
spk_ver/v03/v0316	SES068	-2.28939	4.34424	6.63363
spk_ver/v03/v0317	SES068	-1.25784	4.39204	5.64988
spk_ver/v03/v0318	SES068	-2.78305	3.02574	5.80879
spk_ver/v03/v0319	SES068	-5.36766	-1.2447	4.12296
spk_ver/v03/v0320	SES068	-1.04664	5.5636	6.61024
spk_ver/v03/v0321	SES068	-2.27057	3.66853	5.9391
spk_ver/v03/v0322	SES068	-1.74906	3.76147	5.51053
spk_ver/v03/v0323	SES068	-1.73282	3.65632	5.38914
spk_ver/v03/v0324	SES144	0.14671	5.20493	5.05822
spk_ver/v03/v0325	SES068	-0.12862	7.24733	7.37595
spk_ver/v03/v0326	SES068	-0.700998	7.17809	7.87909
spk_ver/v03/v0327	SES068	-2.68427	4.03132	6.71559
spk_ver/v03/v0328	SES068	-3.69611	1.26429	4.96039
spk_ver/v03/v0329	SES068	-2.27211	4.84264	7.11475
spk_ver/v03/v0330	SES180	0.417907	6.65092	6.23301
spk_ver/v03/v0331	SES068	-1.85743	4.5715	6.42893
spk_ver/v03/v0332	SES275	1.40076	7.8737	6.47294
spk_ver/v03/v0333	SES062	0.638971	7.80305	7.16408
spk_ver/v03/v0334	SES270	1.71101	6.08632	4.37531
spk_ver/v03/v0335	SES068	-5.54889	-1.75522	3.79367
spk_ver/v03/v0336	SES068	-1.52955	6.0835	7.61305
spk_ver/v03/v0337	SES068	-1.79906	3.9024	5.70147
spk_ver/v03/v0338	SES068	-3.25782	1.47318	4.73099
spk_ver/v03/v0339	SES068	-1.40583	4.83539	6.24123
spk_ver/v03/v0340	SES068	-2.36891	3.71082	6.07973
spk_ver/v03/v0341	SES016	0.970685	7.92058	6.94989
spk_ver/v03/v0342	SES068	-4.38184	-0.00590965	4.37593
spk_ver/v03/v0343	SES068	-1.80237	4.41006	6.21244
spk_ver/v03/v0344	SES125	0.958591	7.50864	6.55005
spk_ver/v03/v0345	SES187	0.602623	6.12618	5.52355
spk_ver/v03/v0346	SES068	-2.79593	3.83896	6.63489
spk_ver/v03/v0347	SES143	1.18518	6.11744	4.93226
spk_ver/v03/v0348	SES292	0.53981	6.58965	6.04984
spk_ver/v03/v0349	SES082	-7.07979	-1.22291	5.85688
spk_ver/v03/v0350	SES101	0.825268	7.19502	6.36975
spk_ver/v03/v0351	SES082	-0.716182	4.16937	4.88555
spk_ver/v03/v0352	SES082	-1.6125	2.80499	4.41749
spk_ver/v03/v0353	SES082	-3.33545	2.35574	5.69118
spk_ver/v03/v0354	SES082	-8.2571	-2.8541	5.403
spk_ver/v03/v0355	SES083	0.3088	7.65658	7.34778
spk_ver/v03/v0356	SES082	-3.39872	0.943365	4.34208
spk_ver/v03/v0357	SES082	-6.40107	-0.915966	5.4851
spk_ver/v03/v0358	SES082	-2.65977	3.6512	6.31098
spk_ver/v03/v0359	SES117	0.523802	5.06329	4.53949
spk_ver/v03/v0360	SES082	-7.77545	-0.901947	6.8735
spk_ver/v03/v0361	SES082	-1.06489	5.23062	6.29551
spk_ver/v03/v0362	SES007	0.893689	6.00303	5.10934
spk_ver/v03/v0363	SES082	-2.52203	4.06896	6.591
spk_ver/v03/v0364	SES019	2.75732	7.94811	5.19079
spk_ver/v03/v0365	SES082	-2.12447	2.95264	5.07711
spk_ver/v03/v0366	SES226	1.56834	6.14121	4.57287
spk_ver/v03/v0367	SES167	2.31076	9.79852	7.48776
spk_ver/v03/v0368	SES082	-3.54305	3.22085	6.76389
spk_ver/v03/v0369	SES042	2.60934	8.6628	6.05346
spk_ver/v03/v0370	SES042	0.392263	7.47287	7.0806
spk_ver/v03/v0371	SES082	-6.17657	-0.426879	5.74969
spk_ver/v03/v0372	SES082	-2.04321	3.36276	5.40596
spk_ver/v03/v0373	SES082	-7.12319	-2.16574	4.95746
spk_ver/v03/v0374	SES083	-1.28196	6.12267	7.40463
spk_ver/v03/v0375	SES292	-0.0701609	6.54832	6.61848
spk_ver/v03/v0376	SES083	-3.3541	2.16532	5.51942
spk_ver/v03/v0377	SES083	-5.45021	-1.69028	3.75993
spk_ver/v03/v0378	SES083	-0.919803	4.35913	5.27893
spk_ver/v03/v0379	SES083	-0.756576	5.1641	5.92068
spk_ver/v03/v0380	SES083	-3.05125	3.43264	6.48389
spk_ver/v03/v0381	SES083	-3.91505	1.29035	5.20541
spk_ver/v03/v0382	SES148	-0.0403128	6.60683	6.64714
spk_ver/v03/v0383	SES083	-1.02518	5.32385	6.34903
spk_ver/v03/v0384	SES226	0.999072	6.87347	5.8744
spk_ver/v03/v0385	SES226	1.68428	7.96816	6.28388
spk_ver/v03/v0386	SES087	1.29862	7.16895	5.87034
spk_ver/v03/v0387	SES029	0.423742	7.04607	6.62233
spk_ver/v03/v0388	SES147	0.591803	6.5299	5.9381
spk_ver/v03/v0389	SES083	-6.27397	-2.68674	3.58723
spk_ver/v03/v0390	SES189	1.63469	8.12918	6.49448
spk_ver/v03/v0391	SES083	-1.1809	4.85534	6.03624
spk_ver/v03/v0392	SES083	0.276008	7.37471	7.0987
spk_ver/v03/v0393	SES083	-3.79258	2.8175	6.61008
spk_ver/v03/v0394	SES083	-4.29086	0.876449	5.16731
spk_ver/v03/v0395	SES083	-0.985699	5.30947	6.29517
spk_ver/v03/v0396	SES014	1.92191	9.03235	7.11045
spk_ver/v03/v0397	SES085	-0.632143	6.50688	7.13902
spk_ver/v03/v0398	SES085	-1.87019	5.28208	7.15228
spk_ver/v03/v0399	SES085	-5.59245	0.12037	5.71282
spk_ver/v04/v0400	SES106	1.7673	7.2486	5.48131
spk_ver/v04/v0401	SES085	-6.26273	-2.30303	3.95969
spk_ver/v04/v0402	SES085	-8.46797	-3.85186	4.61611
spk_ver/v04/v0403	SES085	-0.653914	6.83657	7.49048
spk_ver/v04/v0404	SES180	1.08606	7.27657	6.1905
spk_ver/v04/v0405	SES129	1.7911	7.93058	6.13948
spk_ver/v04/v0406	SES085	-7.04103	-3.07676	3.96427
spk_ver/v04/v0407	SES146	-0.0929542	5.34714	5.44009
spk_ver/v04/v0408	SES085	-1.3487	5.89291	7.24161
spk_ver/v04/v0409	SES085	-3.58325	1.64167	5.22491
spk_ver/v04/v0410	SES085	-5.17154	0.827534	5.99908
spk_ver/v04/v0411	SES292	0.355009	6.30721	5.9522
spk_ver/v04/v0412	SES085	-1.52544	5.17932	6.70476
spk_ver/v04/v0413	SES125	2.12368	8.12243	5.99875
spk_ver/v04/v0414	SES085	-3.37348	0.893197	4.26667
spk_ver/v04/v0415	SES085	-2.88087	3.81828	6.69915
spk_ver/v04/v0416	SES085	-1.38623	4.94893	6.33516
spk_ver/v04/v0417	SES062	0.385398	7.19967	6.81427
spk_ver/v04/v0418	SES060	1.64454	8.10122	6.45668
spk_ver/v04/v0419	SES085	-1.31823	3.50051	4.81874
spk_ver/v04/v0420	SES085	-6.97375	-2.57491	4.39884
spk_ver/v04/v0421	SES085	-7.20783	-3.65084	3.55699
spk_ver/v04/v0422	SES085	-2.1551	2.59366	4.74876
spk_ver/v04/v0423	SES085	-6.13731	-0.890529	5.24678
spk_ver/v04/v0424	SES085	-4.65419	-1.21466	3.43953
spk_ver/v04/v0425	SES183	0.684631	6.54181	5.85718
spk_ver/v04/v0426	SES085	-5.74516	-0.592454	5.1527
spk_ver/v04/v0427	SES087	-3.00519	0.738872	3.74406
spk_ver/v04/v0428	SES162	0.96931	6.64591	5.6766
spk_ver/v04/v0429	SES087	-1.46646	4.78347	6.24993
spk_ver/v04/v0430	SES087	-8.38602	-2.92517	5.46085
spk_ver/v04/v0431	SES087	-4.36948	1.94938	6.31886
spk_ver/v04/v0432	SES087	-3.37215	1.54315	4.9153
spk_ver/v04/v0433	SES087	-4.09725	2.31815	6.4154
spk_ver/v04/v0434	SES142	1.66476	8.21165	6.5469
spk_ver/v04/v0435	SES087	-4.68118	1.15403	5.83522
spk_ver/v04/v0436	SES099	0.97657	6.18044	5.20387
spk_ver/v04/v0437	SES087	-0.886672	6.59694	7.48361
spk_ver/v04/v0438	SES087	-5.32282	0.856229	6.17904
spk_ver/v04/v0439	SES087	-1.69702	3.73513	5.43214
spk_ver/v04/v0440	SES087	-2.96911	3.83603	6.80514
spk_ver/v04/v0441	SES087	-5.02202	2.23354	7.25556
spk_ver/v04/v0442	SES187	1.73475	6.5528	4.81805
spk_ver/v04/v0443	SES172	0.855416	7.02322	6.1678
spk_ver/v04/v0444	SES087	-2.6028	4.85396	7.45676
spk_ver/v04/v0445	SES087	-2.02541	4.46737	6.49278
spk_ver/v04/v0446	SES087	-1.39281	5.27257	6.66538
spk_ver/v04/v0447	SES087	-2.17032	3.54177	5.71209
spk_ver/v04/v0448	SES106	1.50594	5.55761	4.05167
spk_ver/v04/v0449	SES146	0.549392	6.40512	5.85572
spk_ver/v04/v0450	SES087	-5.18692	0.473441	5.66036
spk_ver/v04/v0451	SES087	-2.41797	2.54338	4.96136
spk_ver/v04/v0452	SES007	0.949635	5.89495	4.94532
spk_ver/v04/v0453	SES087	-3.68836	0.776177	4.46453
spk_ver/v04/v0454	SES087	-8.37997	-1.96922	6.41075
spk_ver/v04/v0455	SES180	0.733426	6.84511	6.11168
spk_ver/v04/v0456	SES099	-5.44492	0.396326	5.84124
spk_ver/v04/v0457	SES042	1.51641	8.09281	6.5764
spk_ver/v04/v0458	SES099	-0.350299	4.59639	4.94669
spk_ver/v04/v0459	SES099	-4.41483	1.53702	5.95185
spk_ver/v04/v0460	SES099	-5.48199	-0.742143	4.73984
spk_ver/v04/v0461	SES099	-2.56867	2.98851	5.55719
spk_ver/v04/v0462	SES082	1.34842	7.66099	6.31257
spk_ver/v04/v0463	SES099	-0.886539	4.81697	5.70351
spk_ver/v04/v0464	SES099	0.0111232	6.03698	6.02585
spk_ver/v04/v0465	SES099	-6.37968	0.190379	6.57006
spk_ver/v04/v0466	SES099	-0.790184	4.35853	5.14872
spk_ver/v04/v0467	SES099	-0.686554	5.01009	5.69664
spk_ver/v04/v0468	SES129	1.85046	7.51384	5.66338
spk_ver/v04/v0469	SES101	1.08072	7.06841	5.98769
spk_ver/v04/v0470	SES099	-5.75241	-0.766583	4.98583
spk_ver/v04/v0471	SES172	0.699262	6.88669	6.18743
spk_ver/v04/v0472	SES099	-0.11037	4.70141	4.81178
spk_ver/v04/v0473	SES270	3.69932	7.52076	3.82144
spk_ver/v04/v0474	SES099	-4.38465	2.53791	6.92256
spk_ver/v04/v0475	SES099	-2.76022	4.54851	7.30873
spk_ver/v04/v0476	SES099	-3.05707	0.00944679	3.06652
spk_ver/v04/v0477	SES002	1.53703	6.95295	5.41592
spk_ver/v04/v0478	SES099	-1.265	4.38617	5.65116
spk_ver/v04/v0479	SES007	0.0653262	6.00807	5.94274
spk_ver/v04/v0480	SES101	-4.94322	1.25079	6.19401
spk_ver/v04/v0481	SES101	-4.70713	1.20501	5.91214
spk_ver/v04/v0482	SES175	0.479482	7.16781	6.68832
spk_ver/v04/v0483	SES101	-3.16511	2.25172	5.41682
spk_ver/v04/v0484	SES101	-5.63466	0.230963	5.86562
spk_ver/v04/v0485	SES101	-1.75415	3.58151	5.33566
spk_ver/v04/v0486	SES101	-1.21207	3.34633	4.55841
spk_ver/v04/v0487	SES101	-1.22386	4.98009	6.20395
spk_ver/v04/v0488	SES101	-6.68334	-2.82226	3.86108
spk_ver/v04/v0489	SES147	0.505944	4.74488	4.23894
spk_ver/v04/v0490	SES085	-1.08476	5.11762	6.20238
spk_ver/v04/v0491	SES101	-2.26719	3.32421	5.5914
spk_ver/v04/v0492	SES101	-6.73757	-3.68232	3.05525
spk_ver/v04/v0493	SES101	-3.47443	1.66479	5.13922
spk_ver/v04/v0494	SES101	-3.01884	3.24576	6.26459
spk_ver/v04/v0495	SES101	-1.16554	6.32492	7.49045
spk_ver/v04/v0496	SES101	-1.58384	5.5234	7.10724
spk_ver/v04/v0497	SES014	1.36216	8.12825	6.76609
spk_ver/v04/v0498	SES101	-3.54893	2.46284	6.01177
spk_ver/v04/v0499	SES101	-3.74626	3.20776	6.95402
spk_ver/v05/v0500	SES085	0.964295	8.64146	7.67717
spk_ver/v05/v0501	SES101	-6.52265	-1.40678	5.11588
spk_ver/v05/v0502	SES275	0.133522	6.98335	6.84983
spk_ver/v05/v0503	SES117	1.08288	6.31397	5.23109
spk_ver/v05/v0504	SES101	-5.18442	0.0253232	5.20974
spk_ver/v05/v0505	SES101	-4.70575	1.56951	6.27526
spk_ver/v05/v0506	SES101	-1.61732	5.09823	6.71555
spk_ver/v05/v0507	SES048	0.683712	6.78359	6.09987
spk_ver/v05/v0508	SES117	0.78083	5.37177	4.59094
spk_ver/v05/v0509	SES202	0.917211	7.25679	6.33958
spk_ver/v05/v0510	SES104	-2.60522	1.51332	4.11854
spk_ver/v05/v0511	SES008	0.941599	6.70756	5.76596
spk_ver/v05/v0512	SES104	-1.08764	3.36644	4.45407
spk_ver/v05/v0513	SES104	-2.02993	4.19799	6.22792
spk_ver/v05/v0514	SES104	-3.92721	3.68851	7.61572
spk_ver/v05/v0515	SES104	-8.36681	-2.05372	6.31309
spk_ver/v05/v0516	SES104	-2.41541	1.73922	4.15463
spk_ver/v05/v0517	SES060	0.936164	8.87131	7.93515
spk_ver/v05/v0518	SES104	-5.60446	0.5281	6.13256
spk_ver/v05/v0519	SES104	-6.19529	-0.556422	5.63886
spk_ver/v05/v0520	SES104	-0.784958	5.25229	6.03725
spk_ver/v05/v0521	SES008	0.57866	7.83517	7.25651
spk_ver/v05/v0522	SES068	0.743151	7.73207	6.98892
spk_ver/v05/v0523	SES087	1.16852	7.92014	6.75162
spk_ver/v05/v0524	SES104	-1.68334	3.59635	5.27969
spk_ver/v05/v0525	SES104	-0.607121	3.27498	3.8821
spk_ver/v05/v0526	SES104	-0.940794	5.73428	6.67507
spk_ver/v05/v0527	SES083	0.846605	7.45453	6.60793
spk_ver/v05/v0528	SES148	0.84589	7.30199	6.4561
spk_ver/v05/v0529	SES104	-2.68365	0.393231	3.07688
spk_ver/v05/v0530	SES104	-6.34006	-0.13932	6.20074
spk_ver/v05/v0531	SES125	1.58727	7.36949	5.78222
spk_ver/v05/v0532	SES104	-6.19089	0.81044	7.00133
spk_ver/v05/v0533	SES149	1.4533	8.28005	6.82675
spk_ver/v05/v0534	SES104	-2.83513	3.29233	6.12746
spk_ver/v05/v0535	SES187	-0.379141	4.5201	4.89924
spk_ver/v05/v0536	SES104	-2.44081	1.47718	3.91798
spk_ver/v05/v0537	SES104	-1.44856	3.75254	5.20109
spk_ver/v05/v0538	SES167	0.789742	7.39841	6.60867
spk_ver/v05/v0539	SES104	-1.92461	1.39094	3.31555
spk_ver/v05/v0540	SES104	-5.2081	2.36123	7.56933
spk_ver/v05/v0541	SES183	1.48313	6.35812	4.87499
spk_ver/v05/v0542	SES104	-1.06345	3.61798	4.68143
spk_ver/v05/v0543	SES104	-5.92004	0.142654	6.06269
spk_ver/v05/v0544	SES105	-3.04263	2.1705	5.21313
spk_ver/v05/v0545	SES105	-2.75526	1.86331	4.61856
spk_ver/v05/v0546	SES105	-3.32115	1.55978	4.88092
spk_ver/v05/v0547	SES105	-4.04915	1.43261	5.48176
spk_ver/v05/v0548	SES019	2.85315	7.01332	4.16017
spk_ver/v05/v0549	SES105	-2.44641	4.33419	6.7806
spk_ver/v05/v0550	SES105	-5.26688	-1.71473	3.55215
spk_ver/v05/v0551	SES202	0.535265	6.53307	5.9978
spk_ver/v05/v0552	SES105	-4.46755	1.86629	6.33384
spk_ver/v05/v0553	SES105	-1.37848	5.09996	6.47844
spk_ver/v05/v0554	SES105	-1.62879	5.43781	7.0666
spk_ver/v05/v0555	SES105	-3.33944	2.3699	5.70934
spk_ver/v05/v0556	SES082	0.423978	6.44948	6.0255
spk_ver/v05/v0557	SES105	-5.31208	1.01509	6.32717
spk_ver/v05/v0558	SES014	1.19181	7.3175	6.12569
spk_ver/v05/v0559	SES105	-1.70746	5.25631	6.96377
spk_ver/v05/v0560	SES177	0.0695515	6.52002	6.45046
spk_ver/v05/v0561	SES189	1.1128	5.5776	4.4648
spk_ver/v05/v0562	SES105	-3.20698	2.57792	5.7849
spk_ver/v05/v0563	SES099	1.20264	5.21378	4.01114
spk_ver/v05/v0564	SES105	-1.17304	4.80881	5.98185
spk_ver/v05/v0565	SES105	-4.61676	-0.191425	4.42533
spk_ver/v05/v0566	SES105	-6.97229	-2.35096	4.62133
spk_ver/v05/v0567	SES142	0.878099	6.99646	6.11836
spk_ver/v05/v0568	SES048	0.314576	6.42705	6.11248
spk_ver/v05/v0569	SES105	-6.00111	-1.71404	4.28708
spk_ver/v05/v0570	SES105	-1.49356	4.75263	6.24619
spk_ver/v05/v0571	SES105	-2.03767	3.45278	5.49045
spk_ver/v05/v0572	SES105	-5.69316	-1.82302	3.87014
spk_ver/v05/v0573	SES105	-6.68425	-2.19037	4.49388
spk_ver/v05/v0574	SES105	-1.14475	5.38694	6.53169
spk_ver/v05/v0575	SES105	-0.726193	4.6103	5.3365
spk_ver/v05/v0576	SES106	-5.92082	-0.466382	5.45444
spk_ver/v05/v0577	SES106	-7.78177	-2.41483	5.36694
spk_ver/v05/v0578	SES106	-6.09973	-0.090559	6.00917
spk_ver/v05/v0579	SES106	-6.47649	0.0183294	6.49482
spk_ver/v05/v0580	SES106	-1.99937	4.39179	6.39116
spk_ver/v05/v0581	SES106	-4.59762	2.24342	6.84104
spk_ver/v05/v0582	SES106	-2.49037	2.45138	4.94175
spk_ver/v05/v0583	SES106	-0.794532	5.08667	5.8812
spk_ver/v05/v0584	SES106	-4.28907	1.49212	5.78119
spk_ver/v05/v0585	SES106	-1.0684	1.93313	3.00154
spk_ver/v05/v0586	SES106	-3.23723	2.9287	6.16594
spk_ver/v05/v0587	SES106	-4.37506	2.28149	6.65655
spk_ver/v05/v0588	SES106	-5.4333	0.966832	6.40013
spk_ver/v05/v0589	SES106	-5.62778	1.14023	6.76801
spk_ver/v05/v0590	SES082	0.300822	5.66892	5.36809
spk_ver/v05/v0591	SES180	0.778829	6.52523	5.7464
spk_ver/v05/v0592	SES106	-3.23656	1.62582	4.86238
spk_ver/v05/v0593	SES106	-5.37413	0.647098	6.02123
spk_ver/v05/v0594	SES292	0.434392	6.5442	6.10981
spk_ver/v05/v0595	SES106	-0.949535	2.3276	3.27713
spk_ver/v05/v0596	SES106	-3.7479	3.32624	7.07415
spk_ver/v05/v0597	SES106	-5.73886	0.397614	6.13648
spk_ver/v05/v0598	SES042	1.31271	7.02808	5.71537
spk_ver/v05/v0599	SES106	-5.1699	0.791069	5.96097
spk_ver/v06/v0600	SES106	-0.44744	2.8574	3.30484
spk_ver/v06/v0601	SES106	-2.40909	2.77396	5.18305
spk_ver/v06/v0602	SES106	-2.83459	3.54941	6.384
spk_ver/v06/v0603	SES106	-3.29801	2.68499	5.98299
spk_ver/v06/v0604	SES106	-3.69571	3.52726	7.22297
spk_ver/v06/v0605	SES106	-5.92647	-0.311514	5.61496
spk_ver/v06/v0606	SES048	1.14336	8.10787	6.96451
spk_ver/v06/v0607	SES167	2.59717	10.0034	7.40624
spk_ver/v06/v0608	SES106	-4.30439	1.59587	5.90026
spk_ver/v06/v0609	SES143	0.908121	7.05807	6.14995
spk_ver/v06/v0610	SES106	-4.48016	2.45502	6.93517
spk_ver/v06/v0611	SES106	-2.82517	4.86819	7.69337
spk_ver/v06/v0612	SES106	-4.72092	2.18502	6.90594
spk_ver/v06/v0613	SES117	-0.52493	5.82786	6.35279
spk_ver/v06/v0614	SES117	-3.93445	2.25899	6.19344
spk_ver/v06/v0615	SES117	-2.011	3.51512	5.52612
spk_ver/v06/v0616	SES106	1.8249	8.68087	6.85598
spk_ver/v06/v0617	SES142	0.61608	6.92748	6.3114
spk_ver/v06/v0618	SES048	1.1389	8.42274	7.28384
spk_ver/v06/v0619	SES175	0.763976	6.65049	5.88652
spk_ver/v06/v0620	SES180	0.680597	7.14791	6.46731
spk_ver/v06/v0621	SES117	-1.06839	4.37747	5.44586
spk_ver/v06/v0622	SES029	0.184566	6.85895	6.67438
spk_ver/v06/v0623	SES117	-2.88899	3.94156	6.83054
spk_ver/v06/v0624	SES117	-2.98081	2.80281	5.78362
spk_ver/v06/v0625	SES117	-1.78395	3.66358	5.44752
spk_ver/v06/v0626	SES106	1.88842	7.76222	5.8738
spk_ver/v06/v0627	SES226	1.83613	8.18396	6.34783
spk_ver/v06/v0628	SES117	-0.793808	5.21534	6.00915
spk_ver/v06/v0629	SES117	-2.50849	4.91737	7.42586
spk_ver/v06/v0630	SES117	-5.02373	1.9353	6.95902
spk_ver/v06/v0631	SES117	-5.17545	-0.977083	4.19836
spk_ver/v06/v0632	SES117	-1.8914	4.36265	6.25405
spk_ver/v06/v0633	SES099	1.45494	6.50593	5.051
spk_ver/v06/v0634	SES105	2.18612	6.97814	4.79201
spk_ver/v06/v0635	SES167	0.585229	6.61415	6.02892
spk_ver/v06/v0636	SES117	-1.43454	6.0362	7.47074
spk_ver/v06/v0637	SES202	0.826876	7.54856	6.72169
spk_ver/v06/v0638	SES117	-2.98899	3.67179	6.66078
spk_ver/v06/v0639	SES167	0.641058	7.51179	6.87073
spk_ver/v06/v0640	SES117	-1.17986	4.57763	5.75749
spk_ver/v06/v0641	SES117	-3.61304	2.81217	6.4252
spk_ver/v06/v0642	SES101	0.870582	7.4071	6.53652
spk_ver/v06/v0643	SES068	0.764017	7.19978	6.43576
spk_ver/v06/v0644	SES120	-3.92402	-0.390606	3.53342
spk_ver/v06/v0645	SES120	-1.34083	3.80552	5.14635
spk_ver/v06/v0646	SES172	0.464476	6.23225	5.76777
spk_ver/v06/v0647	SES120	-4.07147	2.31087	6.38234
spk_ver/v06/v0648	SES120	-0.891976	6.0283	6.92027
spk_ver/v06/v0649	SES120	-3.52345	0.558379	4.08183
spk_ver/v06/v0650	SES087	0.994213	6.79104	5.79683
spk_ver/v06/v0651	SES120	-1.83226	3.71524	5.5475
spk_ver/v06/v0652	SES104	0.500795	4.75831	4.25751
spk_ver/v06/v0653	SES129	1.32708	7.38246	6.05538
spk_ver/v06/v0654	SES120	-3.5724	1.84233	5.41473
spk_ver/v06/v0655	SES120	-1.52213	3.1028	4.62494
spk_ver/v06/v0656	SES120	-3.33829	3.69919	7.03748
spk_ver/v06/v0657	SES147	0.444336	5.36624	4.9219
spk_ver/v06/v0658	SES120	-2.11355	2.1874	4.30095
spk_ver/v06/v0659	SES120	-1.14428	5.81143	6.9557
spk_ver/v06/v0660	SES120	-0.817638	5.63964	6.45728
spk_ver/v06/v0661	SES120	-3.49332	0.9001	4.39342
spk_ver/v06/v0662	SES120	-2.84525	2.50904	5.35429
spk_ver/v06/v0663	SES120	-3.89577	2.07294	5.96871
spk_ver/v06/v0664	SES147	0.92478	6.18926	5.26447
spk_ver/v06/v0665	SES162	0.984187	6.65212	5.66793
spk_ver/v06/v0666	SES120	-2.02689	5.32159	7.34849
spk_ver/v06/v0667	SES120	-0.989723	4.63595	5.62567
spk_ver/v06/v0668	SES120	1.01545	6.30817	5.29272
spk_ver/v06/v0669	SES142	1.80853	8.43153	6.623
spk_ver/v06/v0670	SES106	2.17889	7.067	4.88812
spk_ver/v06/v0671	SES183	1.96857	7.33969	5.37113
spk_ver/v06/v0672	SES120	-1.0297	3.63025	4.65995
spk_ver/v06/v0673	SES029	0.240456	7.01539	6.77493
spk_ver/v06/v0674	SES120	-1.45735	3.88624	5.34359
spk_ver/v06/v0675	SES008	1.27513	6.59006	5.31492
spk_ver/v06/v0676	SES125	-4.02817	0.222674	4.25084
spk_ver/v06/v0677	SES143	0.650548	6.80309	6.15255
spk_ver/v06/v0678	SES125	-5.40839	0.85373	6.26212
spk_ver/v06/v0679	SES162	0.522136	6.40745	5.88531
spk_ver/v06/v0680	SES125	-3.12364	2.65428	5.77791
spk_ver/v06/v0681	SES125	-3.67045	0.856861	4.52731
spk_ver/v06/v0682	SES125	-6.47522	0.718295	7.19351
spk_ver/v06/v0683	SES226	1.88868	7.90649	6.01782
spk_ver/v06/v0684	SES125	-4.70237	0.744982	5.44735
spk_ver/v06/v0685	SES125	-6.87262	-0.0229086	6.84971
spk_ver/v06/v0686	SES120	0.550883	7.83163	7.28075
spk_ver/v06/v0687	SES125	-4.04546	-0.488624	3.55684
spk_ver/v06/v0688	SES158	1.01593	6.2553	5.23937
spk_ver/v06/v0689	SES125	-8.73461	-3.7279	5.00671
spk_ver/v06/v0690	SES105	2.04562	6.83784	4.79222
spk_ver/v06/v0691	SES125	-2.07276	2.95396	5.02672
spk_ver/v06/v0692	SES125	-3.25058	3.05797	6.30855
spk_ver/v06/v0693	SES180	0.920808	7.99225	7.07145
spk_ver/v06/v0694	SES125	-9.91927	-4.05126	5.86802
spk_ver/v06/v0695	SES125	-4.0087	2.49506	6.50376
spk_ver/v06/v0696	SES125	-7.24232	-0.96174	6.28057
spk_ver/v06/v0697	SES125	-6.30924	-2.18787	4.12137
spk_ver/v06/v0698	SES083	0.574602	7.85548	7.28088
spk_ver/v06/v0699	SES125	-5.02519	2.05542	7.08061
spk_ver/v07/v0700	SES014	0.580587	6.61086	6.03028
spk_ver/v07/v0701	SES125	-5.97313	0.743868	6.717
spk_ver/v07/v0702	SES127	-1.18056	5.32735	6.50791
spk_ver/v07/v0703	SES127	-1.16274	4.75216	5.9149
spk_ver/v07/v0704	SES206	1.12405	7.1853	6.06125
spk_ver/v07/v0705	SES127	-2.63072	4.46006	7.09078
spk_ver/v07/v0706	SES127	-0.794637	5.63239	6.42703
spk_ver/v07/v0707	SES127	-3.95244	2.07113	6.02357
spk_ver/v07/v0708	SES275	0.671496	7.28365	6.61216
spk_ver/v07/v0709	SES127	-2.33296	3.85426	6.18723
spk_ver/v07/v0710	SES105	0.539517	6.09758	5.55806
spk_ver/v07/v0711	SES127	-1.22984	3.44224	4.67208
spk_ver/v07/v0712	SES127	-2.01346	3.77048	5.78394
spk_ver/v07/v0713	SES127	-2.54903	3.79222	6.34125
spk_ver/v07/v0714	SES019	3.67033	6.33972	2.66939
spk_ver/v07/v0715	SES127	-4.12129	0.43335	4.55464
spk_ver/v07/v0716	SES148	0.192242	6.88487	6.69262
spk_ver/v07/v0717	SES162	0.634375	7.10874	6.47437
spk_ver/v07/v0718	SES189	0.693352	6.61	5.91665
spk_ver/v07/v0719	SES149	0.433321	7.69769	7.26437
spk_ver/v07/v0720	SES175	0.217063	6.91219	6.69513
spk_ver/v07/v0721	SES127	-3.44894	2.01652	5.46546
spk_ver/v07/v0722	SES127	-1.13637	4.46395	5.60032
spk_ver/v07/v0723	SES127	-2.89097	3.31709	6.20806
spk_ver/v07/v0724	SES127	-0.768856	5.96715	6.736
spk_ver/v07/v0725	SES127	-2.75823	2.72023	5.47847
spk_ver/v07/v0726	SES259	2.06451	7.54718	5.48267
spk_ver/v07/v0727	SES127	-2.29683	2.50919	4.80602
spk_ver/v07/v0728	SES127	-0.355702	6.65841	7.01411
spk_ver/v07/v0729	SES127	-6.01774	-0.453843	5.5639
spk_ver/v07/v0730	SES127	-2.67128	2.95753	5.62881
spk_ver/v07/v0731	SES129	-2.86568	3.30104	6.16672
spk_ver/v07/v0732	SES129	-1.03668	5.08346	6.12015
spk_ver/v07/v0733	SES129	-2.58949	3.14987	5.73936
spk_ver/v07/v0734	SES129	-3.71608	1.37666	5.09274
spk_ver/v07/v0735	SES183	1.21894	6.30975	5.09081
spk_ver/v07/v0736	SES129	-3.18921	3.27642	6.46563
spk_ver/v07/v0737	SES129	-3.16821	2.49386	5.66207
spk_ver/v07/v0738	SES129	-8.35126	-3.9836	4.36765
spk_ver/v07/v0739	SES129	-3.21101	2.84495	6.05596
spk_ver/v07/v0740	SES167	-1.0847	6.23417	7.31888
spk_ver/v07/v0741	SES129	-1.79444	3.95747	5.75191
spk_ver/v07/v0742	SES129	-6.08696	0.347552	6.43451
spk_ver/v07/v0743	SES129	-3.24516	2.51589	5.76105
spk_ver/v07/v0744	SES129	-6.50229	-1.23553	5.26676
spk_ver/v07/v0745	SES180	1.44153	7.83963	6.3981
spk_ver/v07/v0746	SES129	-2.1431	4.62727	6.77037
spk_ver/v07/v0747	SES292	0.0312543	6.66466	6.63341
spk_ver/v07/v0748	SES202	0.802108	7.01716	6.21505
spk_ver/v07/v0749	SES270	1.19739	5.33234	4.13495
spk_ver/v07/v0750	SES129	-3.28692	3.25182	6.53874
spk_ver/v07/v0751	SES129	-5.99578	0.700079	6.69586
spk_ver/v07/v0752	SES060	0.0472493	6.90475	6.8575
spk_ver/v07/v0753	SES129	-4.41231	2.35548	6.76779
spk_ver/v07/v0754	SES129	-4.33137	0.155635	4.48701
spk_ver/v07/v0755	SES129	-5.29678	1.26073	6.55751
spk_ver/v07/v0756	SES175	0.684159	6.25216	5.568
spk_ver/v07/v0757	SES129	-4.89768	-0.514585	4.3831
spk_ver/v07/v0758	SES129	-6.69193	-1.84597	4.84596
spk_ver/v07/v0759	SES129	-6.66929	-0.52771	6.14158
spk_ver/v07/v0760	SES129	-3.13989	3.52252	6.6624
spk_ver/v07/v0761	SES129	-5.12331	2.02718	7.15049
spk_ver/v07/v0762	SES172	0.86098	5.84554	4.98456
spk_ver/v07/v0763	SES129	-5.65581	-1.42611	4.22969
spk_ver/v07/v0764	SES129	-2.95227	4.12891	7.08118
spk_ver/v07/v0765	SES175	-0.0645943	6.24723	6.31182
spk_ver/v07/v0766	SES129	-5.58333	1.01175	6.59508
spk_ver/v07/v0767	SES129	-3.07494	3.33882	6.41376
spk_ver/v07/v0768	SES042	1.17325	7.82034	6.64709
spk_ver/v07/v0769	SES099	0.954142	5.73313	4.77899
spk_ver/v07/v0770	SES142	-2.14986	4.04872	6.19858
spk_ver/v07/v0771	SES142	-1.11257	5.16353	6.2761
spk_ver/v07/v0772	SES101	1.17395	7.54958	6.37563
spk_ver/v07/v0773	SES142	-7.52772	-2.96856	4.55915
spk_ver/v07/v0774	SES142	-4.68244	0.259826	4.94226
spk_ver/v07/v0775	SES142	-1.34332	4.9843	6.32762
spk_ver/v07/v0776	SES142	-2.84129	3.61793	6.45922
spk_ver/v07/v0777	SES142	-3.74645	2.42637	6.17281
spk_ver/v07/v0778	SES142	-2.57064	3.55259	6.12324
spk_ver/v07/v0779	SES142	-7.15833	-2.39194	4.76639
spk_ver/v07/v0780	SES142	-5.58266	-0.523651	5.05901
spk_ver/v07/v0781	SES142	-7.1411	-1.70162	5.43949
spk_ver/v07/v0782	SES101	0.431373	6.46932	6.03794
spk_ver/v07/v0783	SES142	-3.83123	2.93512	6.76635
spk_ver/v07/v0784	SES187	1.52973	6.60973	5.07999
spk_ver/v07/v0785	SES143	0.476935	5.40967	4.93273
spk_ver/v07/v0786	SES142	-4.20337	2.35922	6.56259
spk_ver/v07/v0787	SES144	0.699343	7.00279	6.30344
spk_ver/v07/v0788	SES275	-0.152256	6.09976	6.25201
spk_ver/v07/v0789	SES142	-3.80428	1.53336	5.33764
spk_ver/v07/v0790	SES099	0.714509	6.55056	5.83605
spk_ver/v07/v0791	SES142	-5.22473	-0.292283	4.93244
spk_ver/v07/v0792	SES142	-4.01833	2.17657	6.1949
spk_ver/v07/v0793	SES142	-7.36227	-2.14891	5.21337
spk_ver/v07/v0794	SES014	1.41563	7.80077	6.38514
spk_ver/v07/v0795	SES142	-7.19722	-1.97089	5.22633
spk_ver/v07/v0796	SES142	-4.15868	1.67733	5.83601
spk_ver/v07/v0797	SES143	-0.411437	6.46752	6.87896
spk_ver/v07/v0798	SES206	0.553742	6.8762	6.32246
spk_ver/v07/v0799	SES143	-3.50262	1.84668	5.3493
spk_ver/v08/v0800	SES143	-2.38764	3.80527	6.19291
spk_ver/v08/v0801	SES143	-0.922326	6.66591	7.58824
spk_ver/v08/v0802	SES143	-2.95845	3.26604	6.22449
spk_ver/v08/v0803	SES143	-2.33883	2.70185	5.04068
spk_ver/v08/v0804	SES143	-1.28768	3.9809	5.26859
spk_ver/v08/v0805	SES143	-1.86574	3.35474	5.22048
spk_ver/v08/v0806	SES143	-2.75508	2.29288	5.04796
spk_ver/v08/v0807	SES177	-1.09172	4.56623	5.65795
spk_ver/v08/v0808	SES149	0.818197	7.90337	7.08517
spk_ver/v08/v0809	SES143	-4.09531	1.68163	5.77694
spk_ver/v08/v0810	SES158	1.26065	4.98314	3.7225
spk_ver/v08/v0811	SES143	-2.47195	1.68848	4.16043
spk_ver/v08/v0812	SES062	1.0632	7.98454	6.92134
spk_ver/v08/v0813	SES259	1.39361	6.69852	5.30491
spk_ver/v08/v0814	SES143	-3.42578	2.9833	6.40908
spk_ver/v08/v0815	SES143	-3.27167	3.00683	6.2785
spk_ver/v08/v0816	SES143	-1.63556	5.80214	7.4377
spk_ver/v08/v0817	SES144	0.371842	6.55631	6.18447
spk_ver/v08/v0818	SES143	-1.5704	4.94938	6.51978
spk_ver/v08/v0819	SES143	-2.37772	3.66574	6.04346
spk_ver/v08/v0820	SES143	-1.33425	5.57203	6.90628
spk_ver/v08/v0821	SES143	-1.5188	5.15228	6.67108
spk_ver/v08/v0822	SES143	-3.99479	0.920254	4.91505
spk_ver/v08/v0823	SES104	1.03095	7.8439	6.81294
spk_ver/v08/v0824	SES143	-4.24704	1.18974	5.43678
spk_ver/v08/v0825	SES143	-3.12019	2.8987	6.01888
spk_ver/v08/v0826	SES144	-4.45977	0.875745	5.33551
spk_ver/v08/v0827	SES144	-2.12357	5.15607	7.27964
spk_ver/v08/v0828	SES144	-0.807098	5.88745	6.69455
spk_ver/v08/v0829	SES172	0.716679	6.60367	5.88699
spk_ver/v08/v0830	SES144	-0.482231	6.30912	6.79135
spk_ver/v08/v0831	SES183	2.21352	6.93764	4.72412
spk_ver/v08/v0832	SES144	-4.64774	-0.97642	3.67132
spk_ver/v08/v0833	SES144	-3.16489	2.50037	5.66526
spk_ver/v08/v0834	SES144	-0.518788	6.18144	6.70023
spk_ver/v08/v0835	SES144	-2.06765	3.63849	5.70614
spk_ver/v08/v0836	SES144	-2.59915	3.06833	5.66748
spk_ver/v08/v0837	SES144	-3.69745	2.77953	6.47698
spk_ver/v08/v0838	SES144	-2.90951	2.40929	5.3188
spk_ver/v08/v0839	SES085	0.151344	7.4565	7.30516
spk_ver/v08/v0840	SES144	-0.617971	6.48036	7.09833
spk_ver/v08/v0841	SES144	-4.88901	-1.41884	3.47017
spk_ver/v08/v0842	SES144	-4.74087	0.0759257	4.8168
spk_ver/v08/v0843	SES144	-1.00699	6.27197	7.27896
spk_ver/v08/v0844	SES144	-3.06653	1.27871	4.34524
spk_ver/v08/v0845	SES144	-2.865	3.45668	6.32168
spk_ver/v08/v0846	SES104	0.493792	5.455	4.9612
spk_ver/v08/v0847	SES144	-1.94534	3.50794	5.45328
spk_ver/v08/v0848	SES144	-0.436002	5.38312	5.81913
spk_ver/v08/v0849	SES144	-5.04053	0.118826	5.15935
spk_ver/v08/v0850	SES144	-3.38753	2.83415	6.22168
spk_ver/v08/v0851	SES144	-2.30816	3.71472	6.02288
spk_ver/v08/v0852	SES144	-0.556547	6.75491	7.31146
spk_ver/v08/v0853	SES144	-4.25306	1.36496	5.61803
spk_ver/v08/v0854	SES144	-0.73262	6.40189	7.13451
spk_ver/v08/v0855	SES144	0.0879951	7.1071	7.0191
spk_ver/v08/v0856	SES082	-0.293885	3.46095	3.75483
spk_ver/v08/v0857	SES142	1.43953	8.924	7.48447
spk_ver/v08/v0858	SES144	-0.607335	5.54245	6.14978
spk_ver/v08/v0859	SES144	-2.39023	2.98263	5.37286
spk_ver/v08/v0860	SES146	-4.86318	-0.962223	3.90096
spk_ver/v08/v0861	SES146	-5.27023	-1.67714	3.5931
spk_ver/v08/v0862	SES146	-6.93734	-4.56998	2.36736
spk_ver/v08/v0863	SES146	-0.878758	4.61034	5.4891
spk_ver/v08/v0864	SES146	-3.46373	1.96037	5.4241
spk_ver/v08/v0865	SES008	2.34768	8.62136	6.27368
spk_ver/v08/v0866	SES142	0.564582	7.20206	6.63748
spk_ver/v08/v0867	SES146	-6.46133	-0.811097	5.65024
spk_ver/v08/v0868	SES082	1.5589	8.24594	6.68703
spk_ver/v08/v0869	SES146	-3.01694	4.48413	7.50107
spk_ver/v08/v0870	SES146	-5.86719	-1.35608	4.5111
spk_ver/v08/v0871	SES146	-5.01314	-0.65854	4.3546
spk_ver/v08/v0872	SES146	-4.27439	0.435916	4.7103
spk_ver/v08/v0873	SES082	1.14387	8.05689	6.91302
spk_ver/v08/v0874	SES146	-2.21155	4.09275	6.3043
spk_ver/v08/v0875	SES144	0.0251184	5.17162	5.1465
spk_ver/v08/v0876	SES146	-1.40794	6.22958	7.63752
spk_ver/v08/v0877	SES146	-4.45283	0.0811528	4.53399
spk_ver/v08/v0878	SES146	-3.7811	2.36425	6.14536
spk_ver/v08/v0879	SES146	-2.31669	4.02685	6.34354
spk_ver/v08/v0880	SES146	-3.11361	2.72619	5.8398
spk_ver/v08/v0881	SES143	0.479495	6.25851	5.77902
spk_ver/v08/v0882	SES146	-0.317333	5.88217	6.1995
spk_ver/v08/v0883	SES147	-2.07506	3.58732	5.66237
spk_ver/v08/v0884	SES147	-1.45189	5.1134	6.56529
spk_ver/v08/v0885	SES016	1.63752	8.10077	6.46325
spk_ver/v08/v0886	SES147	-1.26272	4.78783	6.05055
spk_ver/v08/v0887	SES147	-1.96117	4.02992	5.9911
spk_ver/v08/v0888	SES147	-3.94516	1.35791	5.30307
spk_ver/v08/v0889	SES019	1.76716	5.99377	4.2266
spk_ver/v08/v0890	SES147	-2.08593	4.09584	6.18176
spk_ver/v08/v0891	SES147	-2.68218	3.81804	6.50023
spk_ver/v08/v0892	SES147	-1.93181	4.90479	6.83659
spk_ver/v08/v0893	SES270	2.60059	5.0069	2.40631
spk_ver/v08/v0894	SES029	0.402942	6.88412	6.48118
spk_ver/v08/v0895	SES147	-2.94744	2.50177	5.44921
spk_ver/v08/v0896	SES117	1.12533	6.13818	5.01285
spk_ver/v08/v0897	SES183	1.37352	5.45006	4.07653
spk_ver/v08/v0898	SES147	-5.06628	0.65055	5.71683
spk_ver/v08/v0899	SES147	-3.40206	1.13764	4.5397
spk_ver/v09/v0900	SES087	1.01846	7.55106	6.5326
spk_ver/v09/v0901	SES147	-5.13837	-0.40025	4.73812
spk_ver/v09/v0902	SES147	-2.41543	2.73969	5.15511
spk_ver/v09/v0903	SES147	-2.13946	4.15716	6.29663
spk_ver/v09/v0904	SES147	-2.43278	4.07186	6.50464
spk_ver/v09/v0905	SES143	0.564109	6.56364	5.99953
spk_ver/v09/v0906	SES149	-0.208846	6.47319	6.68204
spk_ver/v09/v0907	SES148	-1.11696	4.96241	6.07937
spk_ver/v09/v0908	SES148	-0.635685	6.29399	6.92968
spk_ver/v09/v0909	SES106	2.26083	5.94819	3.68736
spk_ver/v09/v0910	SES148	-1.4852	4.6411	6.1263
spk_ver/v09/v0911	SES148	-2.20604	3.67945	5.88548
spk_ver/v09/v0912	SES142	0.916451	6.91466	5.9982
spk_ver/v09/v0913	SES148	-2.68529	2.43775	5.12304
spk_ver/v09/v0914	SES148	-2.61164	3.33047	5.94211
spk_ver/v09/v0915	SES148	-2.7859	3.33221	6.11811
spk_ver/v09/v0916	SES148	-3.01692	3.2062	6.22312
spk_ver/v09/v0917	SES148	0.894235	7.57658	6.68235
spk_ver/v09/v0918	SES148	-0.418624	6.5135	6.93212
spk_ver/v09/v0919	SES270	1.63709	5.4859	3.84881
spk_ver/v09/v0920	SES148	-1.77421	5.40683	7.18104
spk_ver/v09/v0921	SES148	-4.16066	2.30897	6.46964
spk_ver/v09/v0922	SES129	0.96383	7.92329	6.95946
spk_ver/v09/v0923	SES117	1.53237	7.46664	5.93428
spk_ver/v09/v0924	SES042	1.97853	8.21955	6.24102
spk_ver/v09/v0925	SES148	-5.76521	-1.93639	3.82882
spk_ver/v09/v0926	SES148	-6.24584	-2.58275	3.66309
spk_ver/v09/v0927	SES144	0.398158	7.22619	6.82803
spk_ver/v09/v0928	SES007	1.03852	5.98418	4.94566
spk_ver/v09/v0929	SES148	-1.92105	5.48816	7.40921
spk_ver/v09/v0930	SES148	-1.18501	5.55134	6.73636
spk_ver/v09/v0931	SES148	-3.09056	2.32713	5.41769
spk_ver/v09/v0932	SES202	0.597218	7.29461	6.69739
spk_ver/v09/v0933	SES148	0.00274849	6.89429	6.89154
spk_ver/v09/v0934	SES148	-5.20163	1.56515	6.76678
spk_ver/v09/v0935	SES060	1.47485	8.19293	6.71808
spk_ver/v09/v0936	SES060	1.2375	7.79477	6.55727
spk_ver/v09/v0937	SES148	-1.26045	5.47367	6.73412
spk_ver/v09/v0938	SES148	-0.791712	5.68806	6.47977
spk_ver/v09/v0939	SES148	-2.5178	3.29269	5.81049
spk_ver/v09/v0940	SES148	-2.63903	3.72131	6.36034
spk_ver/v09/v0941	SES149	-2.65844	3.41655	6.07499
spk_ver/v09/v0942	SES149	-2.24886	4.53288	6.78173
spk_ver/v09/v0943	SES149	-0.823896	5.54399	6.36789
spk_ver/v09/v0944	SES149	-2.64912	2.55535	5.20447
spk_ver/v09/v0945	SES105	0.852456	7.28367	6.43121
spk_ver/v09/v0946	SES149	-5.91547	-0.648568	5.26691
spk_ver/v09/v0947	SES149	-1.14679	4.35252	5.49932
spk_ver/v09/v0948	SES149	-2.41276	3.93506	6.34782
spk_ver/v09/v0949	SES149	-1.32191	7.07909	8.40099
spk_ver/v09/v0950	SES226	0.529813	7.2707	6.74088
spk_ver/v09/v0951	SES149	-1.43278	4.77965	6.21244
spk_ver/v09/v0952	SES149	-4.33703	-0.0248418	4.31218
spk_ver/v09/v0953	SES062	0.862052	8.26896	7.40691
spk_ver/v09/v0954	SES149	-0.746762	5.787	6.53376
spk_ver/v09/v0955	SES048	-0.435617	5.89491	6.33053
spk_ver/v09/v0956	SES158	-1.54525	3.20466	4.74991
spk_ver/v09/v0957	SES158	-8.52468	-2.91275	5.61193
spk_ver/v09/v0958	SES158	-1.23765	5.93942	7.17707
spk_ver/v09/v0959	SES158	-3.11737	2.505	5.62237
spk_ver/v09/v0960	SES158	-5.02581	-0.257823	4.76799
spk_ver/v09/v0961	SES147	0.382729	6.17178	5.78905
spk_ver/v09/v0962	SES158	-6.38997	-0.365702	6.02427
spk_ver/v09/v0963	SES292	0.925672	6.12713	5.20146
spk_ver/v09/v0964	SES060	0.8148	7.69979	6.88499
spk_ver/v09/v0965	SES002	1.19851	5.43842	4.23991
spk_ver/v09/v0966	SES149	0.855525	8.13479	7.27926
spk_ver/v09/v0967	SES158	-7.76789	-2.02556	5.74233
spk_ver/v09/v0968	SES158	-3.81725	1.43562	5.25287
spk_ver/v09/v0969	SES275	0.300518	6.42382	6.1233
spk_ver/v09/v0970	SES158	-4.07366	2.85561	6.92927
spk_ver/v09/v0971	SES158	-4.86001	1.64902	6.50903
spk_ver/v09/v0972	SES002	1.01171	6.6968	5.68509
spk_ver/v09/v0973	SES158	-7.65585	-2.08173	5.57413
spk_ver/v09/v0974	SES202	0.762284	7.26559	6.50331
spk_ver/v09/v0975	SES158	-6.64946	-0.749173	5.90029
spk_ver/v09/v0976	SES158	-0.225069	5.46387	5.68894
spk_ver/v09/v0977	SES162	-1.45656	4.77853	6.2351
spk_ver/v09/v0978	SES162	-5.16132	-0.588542	4.57277
spk_ver/v09/v0979	SES162	-6.47833	-2.05142	4.42691
spk_ver/v09/v0980	SES162	-1.10216	4.3544	5.45656
spk_ver/v09/v0981	SES162	-2.97135	2.47603	5.44738
spk_ver/v09/v0982	SES259	2.38748	7.9877	5.60022
spk_ver/v09/v0983	SES162	-5.27346	-2.51476	2.7587
spk_ver/v09/v0984	SES162	-1.94084	5.28153	7.22237
spk_ver/v09/v0985	SES162	-1.3819	4.78738	6.16928
spk_ver/v09/v0986	SES062	1.03463	7.73831	6.70369
spk_ver/v09/v0987	SES162	-0.549446	5.13133	5.68077
spk_ver/v09/v0988	SES162	-7.2804	-1.73284	5.54756
spk_ver/v09/v0989	SES162	-5.10954	-1.41843	3.69112
spk_ver/v09/v0990	SES162	-4.51984	1.76483	6.28467
spk_ver/v09/v0991	SES087	1.00023	7.11469	6.11446
spk_ver/v09/v0992	SES120	-0.299959	5.02321	5.32317
spk_ver/v09/v0993	SES162	-4.96675	0.47244	5.43919
spk_ver/v09/v0994	SES162	-1.47463	6.01259	7.48722
spk_ver/v09/v0995	SES162	-6.14904	0.281451	6.43049
spk_ver/v09/v0996	SES162	-2.65075	4.30268	6.95344
spk_ver/v09/v0997	SES162	-4.49379	1.15604	5.64983
spk_ver/v09/v0998	SES162	-2.04767	3.11828	5.16595
spk_ver/v09/v0999	SES162	-1.06185	6.73517	7.79702
spk_ver/v10/v1000	SES162	-4.70595	0.216058	4.92201
spk_ver/v10/v1001	SES148	1.507	7.77908	6.27209
spk_ver/v10/v1002	SES162	-1.20692	4.53173	5.73865
spk_ver/v10/v1003	SES162	-1.93618	5.26997	7.20615
spk_ver/v10/v1004	SES162	-3.15047	2.14738	5.29785
spk_ver/v10/v1005	SES162	-5.48939	-1.88176	3.60763
spk_ver/v10/v1006	SES162	-4.51311	0.640121	5.15323
spk_ver/v10/v1007	SES162	-1.17819	4.44852	5.62671
spk_ver/v10/v1008	SES162	-7.66492	-4.87965	2.78527
spk_ver/v10/v1009	SES162	-7.02945	-2.0799	4.94956
spk_ver/v10/v1010	SES167	-2.20118	2.25532	4.4565
spk_ver/v10/v1011	SES167	-1.49707	4.9278	6.42487
spk_ver/v10/v1012	SES167	-2.80318	3.78	6.58317
spk_ver/v10/v1013	SES167	-6.13235	-1.02843	5.10392
spk_ver/v10/v1014	SES167	-1.54409	5.88893	7.43303
spk_ver/v10/v1015	SES167	-2.05621	4.30819	6.3644
spk_ver/v10/v1016	SES167	-1.80133	4.13034	5.93167
spk_ver/v10/v1017	SES167	-1.42582	4.65131	6.07714
spk_ver/v10/v1018	SES167	-3.76593	2.36741	6.13334
spk_ver/v10/v1019	SES167	-3.43666	2.69233	6.12899
spk_ver/v10/v1020	SES167	-4.96278	-0.548872	4.4139
spk_ver/v10/v1021	SES167	-1.86308	4.27671	6.13979
spk_ver/v10/v1022	SES167	-3.1274	2.3802	5.5076
spk_ver/v10/v1023	SES167	-3.80426	1.30412	5.10838
spk_ver/v10/v1024	SES167	-4.94888	-0.00590577	4.94298
spk_ver/v10/v1025	SES167	-1.90644	4.8855	6.79194
spk_ver/v10/v1026	SES167	-4.24769	1.92435	6.17203
spk_ver/v10/v1027	SES167	-1.84266	5.68653	7.5292
spk_ver/v10/v1028	SES167	-7.0868	-2.06138	5.02543
spk_ver/v10/v1029	SES167	-2.89577	3.09659	5.99236
spk_ver/v10/v1030	SES167	-2.55619	4.6011	7.15729
spk_ver/v10/v1031	SES167	-5.86778	-0.570648	5.29713
spk_ver/v10/v1032	SES167	-4.98669	1.26879	6.25548
spk_ver/v10/v1033	SES167	-5.52555	1.06016	6.58571
spk_ver/v10/v1034	SES002	1.01371	6.69035	5.67664
spk_ver/v10/v1035	SES167	-1.11368	5.85229	6.96597
spk_ver/v10/v1036	SES083	1.52702	7.78898	6.26196
spk_ver/v10/v1037	SES167	-3.31877	3.24831	6.56708
spk_ver/v10/v1038	SES167	-3.14778	2.79016	5.93794
spk_ver/v10/v1039	SES167	-3.75742	1.46657	5.22399
spk_ver/v10/v1040	SES167	-4.36474	2.7641	7.12884
spk_ver/v10/v1041	SES167	-1.81274	4.53761	6.35035
spk_ver/v10/v1042	SES087	1.22021	6.64735	5.42714
spk_ver/v10/v1043	SES029	1.14382	7.45717	6.31335
spk_ver/v10/v1044	SES206	0.753552	6.6907	5.93715
spk_ver/v10/v1045	SES172	-1.39486	5.20032	6.59517
spk_ver/v10/v1046	SES172	0.694488	7.06692	6.37244
spk_ver/v10/v1047	SES172	-0.52658	5.74026	6.26684
spk_ver/v10/v1048	SES259	1.90422	7.76947	5.86525
spk_ver/v10/v1049	SES172	-5.09744	1.40768	6.50512
spk_ver/v10/v1050	SES120	0.570056	5.82702	5.25696
spk_ver/v10/v1051	SES172	-1.6853	4.7869	6.4722
spk_ver/v10/v1052	SES172	-1.39695	4.47499	5.87194
spk_ver/v10/v1053	SES172	-2.02474	4.85774	6.88248
spk_ver/v10/v1054	SES172	-1.36972	5.40665	6.77637
spk_ver/v10/v1055	SES189	1.0191	7.44607	6.42697
spk_ver/v10/v1056	SES172	-3.42496	2.83345	6.25841
spk_ver/v10/v1057	SES172	-0.866285	4.81302	5.6793
spk_ver/v10/v1058	SES172	-0.0398622	5.8681	5.90796
spk_ver/v10/v1059	SES172	-3.59889	2.13174	5.73062
spk_ver/v10/v1060	SES029	0.744979	8.05311	7.30813
spk_ver/v10/v1061	SES175	-7.31349	-4.09299	3.2205
spk_ver/v10/v1062	SES187	0.674299	7.31891	6.64461
spk_ver/v10/v1063	SES019	3.20911	5.97687	2.76775
spk_ver/v10/v1064	SES175	-3.39809	1.74906	5.14714
spk_ver/v10/v1065	SES175	-5.29849	0.0156651	5.31416
spk_ver/v10/v1066	SES175	-5.84678	-1.76615	4.08063
spk_ver/v10/v1067	SES175	-2.56831	2.41309	4.9814
spk_ver/v10/v1068	SES175	-1.73866	4.30036	6.03902
spk_ver/v10/v1069	SES016	1.888	8.76125	6.87325
spk_ver/v10/v1070	SES175	-1.65088	4.57425	6.22513
spk_ver/v10/v1071	SES175	-1.85943	5.37782	7.23725
spk_ver/v10/v1072	SES175	-3.51111	2.19276	5.70388
spk_ver/v10/v1073	SES029	0.11846	6.7445	6.62604
spk_ver/v10/v1074	SES175	-1.93539	3.26482	5.20021
spk_ver/v10/v1075	SES175	-1.96676	5.07079	7.03755
spk_ver/v10/v1076	SES175	-0.585055	6.6875	7.27256
spk_ver/v10/v1077	SES175	-1.83142	5.44757	7.27899
spk_ver/v10/v1078	SES127	0.621302	7.56272	6.94142
spk_ver/v10/v1079	SES175	-3.69612	2.0838	5.77992
spk_ver/v10/v1080	SES175	-2.19292	3.43648	5.6294
spk_ver/v10/v1081	SES175	-5.45731	-1.16896	4.28835
spk_ver/v10/v1082	SES175	-3.48945	1.8378	5.32725
spk_ver/v10/v1083	SES007	0.0745015	5.41214	5.33764
spk_ver/v10/v1084	SES068	0.508785	6.89142	6.38264
spk_ver/v10/v1085	SES008	1.01057	7.97725	6.96667
spk_ver/v10/v1086	SES175	-0.842597	6.79586	7.63845
spk_ver/v10/v1087	SES175	-1.82618	4.28957	6.11574
spk_ver/v10/v1088	SES008	1.49661	7.51911	6.02251
spk_ver/v10/v1089	SES177	-2.03435	5.53957	7.57392
spk_ver/v10/v1090	SES177	-4.1844	1.28927	5.47367
spk_ver/v10/v1091	SES177	-5.21444	-0.759401	4.45504
spk_ver/v10/v1092	SES177	-0.564561	5.50651	6.07107
spk_ver/v10/v1093	SES177	-4.8323	-0.230205	4.60209
spk_ver/v10/v1094	SES002	1.37698	6.51783	5.14084
spk_ver/v10/v1095	SES104	1.03683	6.62288	5.58605
spk_ver/v10/v1096	SES177	-1.89592	4.14182	6.03774
spk_ver/v10/v1097	SES177	-2.82382	2.10367	4.9275
spk_ver/v10/v1098	SES177	-2.37176	3.81101	6.18277
spk_ver/v10/v1099	SES177	-0.244064	6.98753	7.23159
spk_ver/v11/v1100	SES177	-2.17189	2.54234	4.71423
spk_ver/v11/v1101	SES085	0.0673637	7.21491	7.14755
spk_ver/v11/v1102	SES187	1.17209	6.75524	5.58315
spk_ver/v11/v1103	SES177	-0.852897	4.87179	5.72468
spk_ver/v11/v1104	SES177	0.490144	6.48032	5.99017
spk_ver/v11/v1105	SES177	-0.696957	5.98985	6.6868
spk_ver/v11/v1106	SES177	-2.73282	3.86842	6.60124
spk_ver/v11/v1107	SES177	-1.41848	5.50233	6.92081
spk_ver/v11/v1108	SES177	-1.24949	5.23063	6.48012
spk_ver/v11/v1109	SES125	1.08894	7.02931	5.94037
spk_ver/v11/v1110	SES177	-2.62806	4.17925	6.80731
spk_ver/v11/v1111	SES177	-1.62128	4.90362	6.5249
spk_ver/v11/v1112	SES177	-3.16471	3.29733	6.46204
spk_ver/v11/v1113	SES177	-5.16857	0.375555	5.54412
spk_ver/v11/v1114	SES177	-1.65864	4.06824	5.72688
spk_ver/v11/v1115	SES177	-2.18946	4.47673	6.66618
spk_ver/v11/v1116	SES085	0.980096	8.36814	7.38805
spk_ver/v11/v1117	SES147	0.28516	6.47971	6.19455
spk_ver/v11/v1118	SES177	-0.727285	5.17882	5.9061
spk_ver/v11/v1119	SES177	-4.00466	1.73599	5.74065
spk_ver/v11/v1120	SES180	-6.15547	-1.50018	4.65529
spk_ver/v11/v1121	SES189	-0.330873	6.46989	6.80076
spk_ver/v11/v1122	SES117	1.58145	5.48986	3.90842
spk_ver/v11/v1123	SES129	1.58347	8.84034	7.25687
spk_ver/v11/v1124	SES180	-0.635579	4.5124	5.14798
spk_ver/v11/v1125	SES180	-0.567343	6.19509	6.76243
spk_ver/v11/v1126	SES180	-1.03354	5.50141	6.53495
spk_ver/v11/v1127	SES180	-3.89746	2.13714	6.03459
spk_ver/v11/v1128	SES016	0.888567	7.20983	6.32126
spk_ver/v11/v1129	SES158	0.37324	6.1454	5.77216
spk_ver/v11/v1130	SES180	-2.40806	4.21096	6.61902
spk_ver/v11/v1131	SES180	-3.41999	3.91311	7.3331
spk_ver/v11/v1132	SES180	-1.13035	5.1702	6.30055
spk_ver/v11/v1133	SES180	-4.28797	1.78955	6.07752
spk_ver/v11/v1134	SES180	-3.11021	2.34651	5.45672
spk_ver/v11/v1135	SES180	-2.28926	4.53593	6.82519
spk_ver/v11/v1136	SES180	-7.02649	-4.27472	2.75178
spk_ver/v11/v1137	SES148	0.0481024	6.70914	6.66104
spk_ver/v11/v1138	SES104	1.63215	9.05054	7.41839
spk_ver/v11/v1139	SES180	-3.89277	2.77506	6.66783
spk_ver/v11/v1140	SES083	0.952541	7.36643	6.41389
spk_ver/v11/v1141	SES180	-5.20646	-0.908607	4.29785
spk_ver/v11/v1142	SES180	-2.95322	3.59137	6.54459
spk_ver/v11/v1143	SES180	-2.79733	1.89243	4.68977
spk_ver/v11/v1144	SES099	0.704006	4.83749	4.13348
spk_ver/v11/v1145	SES180	-1.72602	3.81748	5.54351
spk_ver/v11/v1146	SES183	-3.29078	2.16267	5.45345
spk_ver/v11/v1147	SES183	-1.83331	5.26523	7.09854
spk_ver/v11/v1148	SES183	-5.66645	-0.64419	5.02226
spk_ver/v11/v1149	SES183	-8.83964	-4.4172	4.42244
spk_ver/v11/v1150	SES183	-8.11755	-5.12285	2.9947
spk_ver/v11/v1151	SES082	1.57583	6.7891	5.21327
spk_ver/v11/v1152	SES183	-3.01795	2.16275	5.1807
spk_ver/v11/v1153	SES183	-1.83516	3.9841	5.81926
spk_ver/v11/v1154	SES002	1.24772	7.5488	6.30108
spk_ver/v11/v1155	SES183	-2.11795	3.81002	5.92797
spk_ver/v11/v1156	SES183	-7.01076	-3.33863	3.67213
spk_ver/v11/v1157	SES183	-3.83763	3.36124	7.19886
spk_ver/v11/v1158	SES183	-1.30637	6.05244	7.35882
spk_ver/v11/v1159	SES183	-1.80451	4.29363	6.09814
spk_ver/v11/v1160	SES183	-4.66975	0.921036	5.59078
spk_ver/v11/v1161	SES183	-4.55921	-0.0506644	4.50854
spk_ver/v11/v1162	SES105	1.55251	7.25278	5.70027
spk_ver/v11/v1163	SES183	-5.9057	-0.810835	5.09487
spk_ver/v11/v1164	SES259	1.70604	7.77334	6.0673
spk_ver/v11/v1165	SES183	-2.0472	2.81851	4.86571
spk_ver/v11/v1166	SES183	-5.88435	0.615278	6.49963
spk_ver/v11/v1167	SES183	-0.848018	5.24837	6.09639
spk_ver/v11/v1168	SES183	-2.13456	4.79766	6.93221
spk_ver/v11/v1169	SES183	-6.93773	-0.44031	6.49742
spk_ver/v11/v1170	SES183	-3.27869	3.56587	6.84455
spk_ver/v11/v1171	SES183	-10.2877	-7.46779	2.8199
spk_ver/v11/v1172	SES187	-2.54812	3.0839	5.63202
spk_ver/v11/v1173	SES019	2.92937	6.06286	3.13349
spk_ver/v11/v1174	SES187	-3.55975	-0.891037	2.66872
spk_ver/v11/v1175	SES187	-1.77491	4.95543	6.73034
spk_ver/v11/v1176	SES083	0.743571	7.99214	7.24857
spk_ver/v11/v1177	SES187	-5.59635	-2.15261	3.44374
spk_ver/v11/v1178	SES187	-4.30074	0.564076	4.86481
spk_ver/v11/v1179	SES187	-1.78969	3.71068	5.50036
spk_ver/v11/v1180	SES187	-1.26341	4.42134	5.68475
spk_ver/v11/v1181	SES187	-3.7543	2.30135	6.05565
spk_ver/v11/v1182	SES187	-1.08547	5.99726	7.08273
spk_ver/v11/v1183	SES187	-2.79897	3.3959	6.19487
spk_ver/v11/v1184	SES187	-0.377892	5.97146	6.34935
spk_ver/v11/v1185	SES127	1.42424	7.76122	6.33698
spk_ver/v11/v1186	SES187	-0.626472	5.98043	6.6069
spk_ver/v11/v1187	SES187	-1.07861	6.08845	7.16707
spk_ver/v11/v1188	SES187	-2.23811	2.57323	4.81134
spk_ver/v11/v1189	SES042	0.732051	7.49632	6.76427
spk_ver/v11/v1190	SES187	-1.6799	4.33986	6.01976
spk_ver/v11/v1191	SES187	-4.1921	-0.288998	3.9031
spk_ver/v11/v1192	SES187	-3.72757	0.647773	4.37535
spk_ver/v11/v1193	SES183	0.962741	6.47412	5.51138
spk_ver/v11/v1194	SES187	-2.84448	2.13479	4.97926
spk_ver/v11/v1195	SES187	-3.9333	0.0440253	3.97732
spk_ver/v11/v1196	SES146	0.594151	6.11617	5.52202
spk_ver/v11/v1197	SES189	-4.64905	1.42308	6.07213
spk_ver/v11/v1198	SES175	0.751417	7.18595	6.43453
spk_ver/v11/v1199	SES189	-4.89398	0.245801	5.13978
spk_ver/v12/v1200	SES189	-1.37746	6.43134	7.80879
spk_ver/v12/v1201	SES177	0.673567	7.15252	6.47896
spk_ver/v12/v1202	SES189	-2.11781	3.54858	5.66639
spk_ver/v12/v1203	SES143	0.814455	7.1532	6.33875
spk_ver/v12/v1204	SES189	-1.52853	4.68874	6.21727
spk_ver/v12/v1205	SES189	-1.22582	5.37301	6.59883
spk_ver/v12/v1206	SES189	-4.20589	0.907261	5.11315
spk_ver/v12/v1207	SES189	-2.91503	3.63511	6.55014
spk_ver/v12/v1208	SES189	-2.46425	4.49252	6.95677
spk_ver/v12/v1209	SES189	-5.64121	-1.61107	4.03014
spk_ver/v12/v1210	SES189	-1.63265	4.6727	6.30535
spk_ver/v12/v1211	SES062	1.19692	9.11927	7.92235
spk_ver/v12/v1212	SES189	-2.1507	4.30127	6.45198
spk_ver/v12/v1213	SES048	0.939434	7.38115	6.44171
spk_ver/v12/v1214	SES042	2.305	9.6528	7.34781
spk_ver/v12/v1215	SES008	1.3169	8.28138	6.96448
spk_ver/v12/v1216	SES202	-5.07935	1.27412	6.35347
spk_ver/v12/v1217	SES202	-2.3459	3.46828	5.81418
spk_ver/v12/v1218	SES085	1.42222	9.03839	7.61617
spk_ver/v12/v1219	SES202	-2.09973	4.49225	6.59198
spk_ver/v12/v1220	SES202	-1.33725	5.89155	7.2288
spk_ver/v12/v1221	SES202	-1.44535	3.51838	4.96373
spk_ver/v12/v1222	SES202	-7.90244	-4.67914	3.2233
spk_ver/v12/v1223	SES158	0.740547	6.49202	5.75147
spk_ver/v12/v1224	SES202	-2.35945	3.10914	5.46858
spk_ver/v12/v1225	SES202	-2.39916	4.07555	6.47471
spk_ver/v12/v1226	SES202	-2.05002	3.94898	5.99899
spk_ver/v12/v1227	SES202	-2.76831	2.73051	5.49882
spk_ver/v12/v1228	SES177	0.992713	6.50197	5.50925
spk_ver/v12/v1229	SES202	-2.94081	2.9816	5.92242
spk_ver/v12/v1230	SES202	-2.62868	4.32752	6.9562
spk_ver/v12/v1231	SES202	-2.79305	3.43812	6.23117
spk_ver/v12/v1232	SES202	-3.47844	1.66686	5.1453
spk_ver/v12/v1233	SES206	0.873651	7.3431	6.46945
spk_ver/v12/v1234	SES202	-6.51043	-1.93559	4.57484
spk_ver/v12/v1235	SES202	-1.76984	4.58441	6.35426
spk_ver/v12/v1236	SES125	2.07339	7.54941	5.47602
spk_ver/v12/v1237	SES127	0.56592	8.10043	7.53451
spk_ver/v12/v1238	SES202	1.56058	8.53501	6.97443
spk_ver/v12/v1239	SES167	1.43104	8.5755	7.14446
spk_ver/v12/v1240	SES206	-4.3878	2.81344	7.20125
spk_ver/v12/v1241	SES206	-5.7105	0.282214	5.99271
spk_ver/v12/v1242	SES206	-0.786283	4.38895	5.17523
spk_ver/v12/v1243	SES206	-3.63048	0.0482554	3.67874
spk_ver/v12/v1244	SES259	1.33143	6.67416	5.34273
spk_ver/v12/v1245	SES206	-3.1786	3.35541	6.53401
spk_ver/v12/v1246	SES206	-2.97603	3.51562	6.49165
spk_ver/v12/v1247	SES206	-0.975501	5.38402	6.35952
spk_ver/v12/v1248	SES206	-5.5821	-0.221973	5.36013
spk_ver/v12/v1249	SES270	2.62518	5.59022	2.96504
spk_ver/v12/v1250	SES206	-3.55277	3.46746	7.02023
spk_ver/v12/v1251	SES206	-2.66629	4.33643	7.00272
spk_ver/v12/v1252	SES206	-2.59924	3.00884	5.60808
spk_ver/v12/v1253	SES206	-1.34948	3.64021	4.98969
spk_ver/v12/v1254	SES206	-1.53715	2.92045	4.4576
spk_ver/v12/v1255	SES125	1.24484	7.54563	6.30079
spk_ver/v12/v1256	SES206	-7.55345	-1.27122	6.28223
spk_ver/v12/v1257	SES206	-5.75293	1.69763	7.45057
spk_ver/v12/v1258	SES206	-3.14367	0.909342	4.05301
spk_ver/v12/v1259	SES206	-7.4405	-0.949069	6.49143
spk_ver/v12/v1260	SES206	-5.19493	0.900085	6.09501
spk_ver/v12/v1261	SES206	-6.87033	-0.66309	6.20724
spk_ver/v12/v1262	SES206	-5.97446	0.559939	6.5344
spk_ver/v12/v1263	SES206	-2.2522	4.27261	6.52481
spk_ver/v12/v1264	SES149	0.767657	7.28893	6.52128
spk_ver/v12/v1265	SES206	-1.20382	3.23549	4.43931
spk_ver/v12/v1266	SES206	-6.64366	-0.490136	6.15352
spk_ver/v12/v1267	SES206	-1.89704	1.80654	3.70358
spk_ver/v12/v1268	SES206	-2.71016	2.98571	5.69587
spk_ver/v12/v1269	SES206	-7.70035	-1.59613	6.10422
spk_ver/v12/v1270	SES206	-5.5413	-0.549571	4.99172
spk_ver/v12/v1271	SES226	-5.08827	0.471953	5.56022
spk_ver/v12/v1272	SES226	-0.716055	5.4641	6.18015
spk_ver/v12/v1273	SES226	-5.82178	1.62547	7.44724
spk_ver/v12/v1274	SES226	-6.11923	-0.497683	5.62154
spk_ver/v12/v1275	SES226	-0.446427	3.65597	4.1024
spk_ver/v12/v1276	SES226	-6.32936	-0.847324	5.48204
spk_ver/v12/v1277	SES226	-0.624921	5.41477	6.03969
spk_ver/v12/v1278	SES226	-0.555499	4.53577	5.09127
spk_ver/v12/v1279	SES226	-6.01453	1.53357	7.5481
spk_ver/v12/v1280	SES226	-3.0443	3.95269	6.99699
spk_ver/v12/v1281	SES226	-1.59336	1.97875	3.57211
spk_ver/v12/v1282	SES226	-2.63572	3.04032	5.67604
spk_ver/v12/v1283	SES143	1.32983	6.77904	5.4492
spk_ver/v12/v1284	SES226	-4.34831	2.9887	7.33701
spk_ver/v12/v1285	SES226	-1.02043	3.88874	4.90917
spk_ver/v12/v1286	SES226	-2.01322	2.53935	4.55257
spk_ver/v12/v1287	SES226	-4.10299	2.73733	6.84033
spk_ver/v12/v1288	SES226	-6.37987	1.0345	7.41438
spk_ver/v12/v1289	SES104	0.778303	5.99766	5.21936
spk_ver/v12/v1290	SES008	1.868	6.48619	4.61818
spk_ver/v12/v1291	SES226	-0.780905	5.91731	6.69822
spk_ver/v12/v1292	SES259	-5.24903	-1.28593	3.9631
spk_ver/v12/v1293	SES062	1.08467	7.78777	6.7031
spk_ver/v12/v1294	SES099	0.649703	5.29625	4.64655
spk_ver/v12/v1295	SES158	0.368663	5.26519	4.89653
spk_ver/v12/v1296	SES259	-7.34042	-0.602657	6.73776
spk_ver/v12/v1297	SES259	-10.6433	-5.13889	5.50443
spk_ver/v12/v1298	SES259	-3.1267	1.71247	4.83918
spk_ver/v12/v1299	SES259	-9.31355	-3.7774	5.53615
spk_ver/v13/v1300	SES120	1.02881	6.71921	5.6904
spk_ver/v13/v1301	SES259	-11.2075	-5.67768	5.52977
spk_ver/v13/v1302	SES259	-9.5004	-3.50735	5.99305
spk_ver/v13/v1303	SES129	1.7109	7.66251	5.95161
spk_ver/v13/v1304	SES259	-3.95813	2.08541	6.04354
spk_ver/v13/v1305	SES259	-8.17779	-2.2867	5.89109
spk_ver/v13/v1306	SES106	0.503269	5.94622	5.44295
spk_ver/v13/v1307	SES259	-7.28267	-2.00795	5.27472
spk_ver/v13/v1308	SES259	-2.22095	3.52426	5.74521
spk_ver/v13/v1309	SES259	-9.51037	-2.86837	6.64199
spk_ver/v13/v1310	SES259	-7.81842	-1.521	6.29743
spk_ver/v13/v1311	SES259	-6.46992	0.531484	7.0014
spk_ver/v13/v1312	SES259	-3.11935	4.08592	7.20527
spk_ver/v13/v1313	SES144	0.775136	7.27052	6.49539
spk_ver/v13/v1314	SES259	-9.64967	-5.10947	4.5402
spk_ver/v13/v1315	SES162	0.934525	6.92782	5.9933
spk_ver/v13/v1316	SES206	0.820452	7.1591	6.33865
spk_ver/v13/v1317	SES175	0.221537	6.48791	6.26637
spk_ver/v13/v1318	SES259	-8.03976	-1.47346	6.5663
spk_ver/v13/v1319	SES259	-8.16531	-1.71747	6.44784
spk_ver/v13/v1320	SES270	-0.419872	4.33609	4.75596
spk_ver/v13/v1321	SES101	0.368694	6.81463	6.44594
spk_ver/v13/v1322	SES177	0.667488	6.80976	6.14227
spk_ver/v13/v1323	SES127	0.531178	7.43603	6.90485
spk_ver/v13/v1324	SES270	-4.6856	1.39368	6.07928
spk_ver/v13/v1325	SES062	0.77885	7.53682	6.75797
spk_ver/v13/v1326	SES270	0.18084	4.7005	4.51966
spk_ver/v13/v1327	SES120	-0.418316	4.6798	5.09811
spk_ver/v13/v1328	SES270	-8.54686	-3.67274	4.87412
spk_ver/v13/v1329	SES270	-5.41166	2.59054	8.0022
spk_ver/v13/v1330	SES270	-0.331853	3.15894	3.49079
spk_ver/v13/v1331	SES270	-5.28361	1.55769	6.8413
spk_ver/v13/v1332	SES270	-1.73482	4.60739	6.34221
spk_ver/v13/v1333	SES270	-1.38072	3.88777	5.26849
spk_ver/v13/v1334	SES270	-4.15423	2.8888	7.04303
spk_ver/v13/v1335	SES270	-0.104982	5.54771	5.65269
spk_ver/v13/v1336	SES270	-1.26873	3.55925	4.82798
spk_ver/v13/v1337	SES016	1.59149	7.85168	6.26019
spk_ver/v13/v1338	SES270	-4.31692	2.36064	6.67756
spk_ver/v13/v1339	SES002	1.02824	7.46377	6.43553
spk_ver/v13/v1340	SES105	1.58921	6.72188	5.13267
spk_ver/v13/v1341	SES275	-1.54289	4.77142	6.31432
spk_ver/v13/v1342	SES187	1.46958	8.02319	6.55361
spk_ver/v13/v1343	SES275	-1.29362	4.76234	6.05596
spk_ver/v13/v1344	SES275	-4.02873	0.585772	4.61451
spk_ver/v13/v1345	SES275	-2.27331	3.08072	5.35403
spk_ver/v13/v1346	SES275	-4.17583	-0.109059	4.06677
spk_ver/v13/v1347	SES275	-2.52049	2.95924	5.47974
spk_ver/v13/v1348	SES180	0.299067	7.58885	7.28978
spk_ver/v13/v1349	SES275	-2.07533	2.85944	4.93477
spk_ver/v13/v1350	SES275	-1.60006	5.09441	6.69448
spk_ver/v13/v1351	SES275	-3.15842	0.9489	4.10732
spk_ver/v13/v1352	SES275	-1.06622	5.16833	6.23455
spk_ver/v13/v1353	SES275	-2.72835	1.69383	4.42218
spk_ver/v13/v1354	SES189	0.157173	7.02678	6.86961
spk_ver/v13/v1355	SES068	0.542112	8.28818	7.74606
spk_ver/v13/v1356	SES275	-3.10311	0.706795	3.8099
spk_ver/v13/v1357	SES048	0.00832081	5.80479	5.79647
spk_ver/v13/v1358	SES226	1.29221	7.91746	6.62524
spk_ver/v13/v1359	SES016	0.973486	7.60731	6.63383
spk_ver/v13/v1360	SES275	-2.56631	2.29298	4.85929
spk_ver/v13/v1361	SES068	1.03581	8.28976	7.25395
spk_ver/v13/v1362	SES275	-4.43652	0.841912	5.27843
spk_ver/v13/v1363	SES275	-3.55372	1.77384	5.32755
spk_ver/v13/v1364	SES275	-3.28884	0.657138	3.94597
spk_ver/v13/v1365	SES275	-1.34791	5.73166	7.07956
spk_ver/v13/v1366	SES187	0.443825	6.96027	6.51644
spk_ver/v13/v1367	SES275	-4.47367	0.335555	4.80922
spk_ver/v13/v1368	SES125	0.411632	6.0402	5.62857
spk_ver/v13/v1369	SES275	-2.7505	1.75028	4.50078
spk_ver/v13/v1370	SES292	-2.51173	3.68847	6.20019
spk_ver/v13/v1371	SES292	-1.63286	5.10624	6.7391
spk_ver/v13/v1372	SES292	-0.871575	2.86688	3.73846
spk_ver/v13/v1373	SES292	-3.18086	2.23002	5.41088
spk_ver/v13/v1374	SES101	1.46283	6.53449	5.07165
spk_ver/v13/v1375	SES292	-1.90053	4.49788	6.39841
spk_ver/v13/v1376	SES292	-3.19074	3.31557	6.50631
spk_ver/v13/v1377	SES292	-3.24863	2.33026	5.57889
spk_ver/v13/v1378	SES292	-1.53694	5.02836	6.5653
spk_ver/v13/v1379	SES292	-1.71093	3.43942	5.15035
spk_ver/v13/v1380	SES292	-2.49846	3.73522	6.23368
spk_ver/v13/v1381	SES292	-1.08873	6.56903	7.65775
spk_ver/v13/v1382	SES292	-1.02214	5.15762	6.17977
spk_ver/v13/v1383	SES292	-1.75997	4.00208	5.76204
spk_ver/v13/v1384	SES292	-1.08943	5.49189	6.58132
spk_ver/v13/v1385	SES292	-0.961812	5.14708	6.10889
spk_ver/v13/v1386	SES292	-0.709374	5.65807	6.36744
spk_ver/v13/v1387	SES158	1.31928	4.7049	3.38563
spk_ver/v13/v1388	SES292	-0.866911	6.00058	6.86749
spk_ver/v13/v1389	SES292	-1.18553	6.58682	7.77235
spk_ver/v13/v1390	SES292	-1.09421	4.26867	5.36287
spk_ver/v13/v1391	SES292	-1.96513	4.70832	6.67345
spk_ver/v13/v1392	SES292	-3.97203	1.1758	5.14783
spk_ver/v13/v1393	SES292	-1.78785	4.39883	6.18668
spk_ver/v13/v1394	SES292	-2.03546	4.55352	6.58898
spk_ver/v13/v1395	SES292	-1.55503	5.02763	6.58266
spk_ver/v13/v1396	SES117	1.47812	6.10601	4.62789
spk_ver/v13/v1397	SES292	-3.21853	1.95261	5.17114
spk_ver/v13/v1398	SES292	-2.35574	3.97534	6.33107
spk_ver/v13/v1399	SES292	0.115594	5.86103	5.74543
