BLOCK00/SES002/SA002S12	SES002	1.15983	5.80822	4.64839
BLOCK00/SES002/SA002S13	SES002	2.06387	6.18896	4.12509
BLOCK00/SES002/SA002S23	SES002	1.66591	6.22225	4.55634
BLOCK00/SES002/SA002S26	SES002	1.64813	6.07167	4.42354
BLOCK00/SES002/SA002S28	SES002	1.29153	6.6835	5.39198
BLOCK00/SES007/SA007S14	SES007	1.15645	8.03244	6.87598
BLOCK00/SES007/SA007S15	SES007	0.57194	6.91774	6.3458
BLOCK00/SES007/SA007S24	SES007	0.617996	6.79377	6.17578
BLOCK00/SES007/SA007S27	SES007	0.892007	6.04875	5.15674
BLOCK00/SES007/SA007S29	SES007	0.360116	7.36509	7.00497
BLOCK00/SES008/SA008S11	SES008	1.3354	6.99973	5.66434
BLOCK00/SES008/SA008S12	SES008	0.0926147	5.90207	5.80946
BLOCK00/SES008/SA008S19	SES008	2.01348	8.73086	6.71739
BLOCK00/SES008/SA008S22	SES008	0.875856	6.10688	5.23103
BLOCK00/SES008/SA008S29	SES008	1.7229	7.81892	6.09603
BLOCK01/SES014/SA014S10	SES014	1.30085	6.88234	5.58149
BLOCK01/SES014/SA014S12	SES014	2.01533	8.80614	6.79081
BLOCK01/SES014/SA014S24	SES014	1.13657	7.04815	5.91158
BLOCK01/SES014/SA014S26	SES014	1.43856	8.76481	7.32625
BLOCK01/SES014/SA014S28	SES014	2.43975	9.2482	6.80845
BLOCK01/SES016/SA016S12	SES016	1.13725	5.81392	4.67666
BLOCK01/SES016/SA016S13	SES016	1.62637	7.50794	5.88157
BLOCK01/SES016/SA016S22	SES016	1.48246	8.09935	6.61688
BLOCK01/SES016/SA016S25	SES016	2.04155	9.25849	7.21694
BLOCK01/SES016/SA016S27	SES016	1.96824	8.34874	6.3805
BLOCK01/SES019/SA019S13	SES019	3.29263	6.51714	3.22451
BLOCK01/SES019/SA019S14	SES019	1.84781	5.805	3.95718
BLOCK01/SES019/SA019S22	SES019	3.18025	5.93204	2.75179
BLOCK01/SES019/SA019S25	SES019	3.45111	6.44639	2.99527
BLOCK01/SES019/SA019S29	SES019	3.49792	6.28863	2.79071
BLOCK02/SES029/SA029S11	SES029	1.48278	8.69014	7.20736
BLOCK02/SES029/SA029S12	SES029	0.798114	7.67123	6.87311
BLOCK02/SES029/SA029S20	SES029	0.918908	7.72282	6.80391
BLOCK02/SES029/SA029S25	SES029	0.783628	7.64712	6.86349
BLOCK02/SES029/SA029S28	SES029	0.590114	7.25707	6.66696
BLOCK04/SES042/SA042S12	SES042	1.73202	7.61338	5.88136
BLOCK04/SES042/SA042S15	SES042	1.4505	8.45228	7.00178
BLOCK04/SES042/SA042S22	SES042	1.54663	8.35438	6.80775
BLOCK04/SES042/SA042S25	SES042	0.989182	5.87414	4.88496
BLOCK04/SES042/SA042S27	SES042	1.06961	7.17464	6.10503
BLOCK04/SES048/SA048S11	SES048	0.957114	7.49217	6.53505
BLOCK04/SES048/SA048S12	SES048	0.376236	6.20259	5.82635
BLOCK04/SES048/SA048S20	SES048	0.198513	7.52081	7.3223
BLOCK04/SES048/SA048S23	SES048	1.00386	7.04004	6.03618
BLOCK04/SES048/SA048S27	SES048	0.673079	7.6419	6.96883
BLOCK06/SES060/SA060S11	SES060	1.95428	7.86148	5.9072
BLOCK06/SES060/SA060S12	SES060	0.971052	7.46114	6.49009
BLOCK06/SES060/SA060S22	SES060	-0.299575	5.78501	6.08459
BLOCK06/SES060/SA060S24	SES060	1.97039	8.84639	6.876
BLOCK06/SES060/SA060S28	SES060	1.1995	8.43569	7.23619
BLOCK06/SES062/SA062S10	SES062	0.221374	7.00181	6.78043
BLOCK06/SES062/SA062S11	SES062	0.950677	7.70172	6.75104
BLOCK06/SES062/SA062S21	SES062	1.29046	9.41347	8.12301
BLOCK06/SES062/SA062S26	SES062	0.979925	8.28267	7.30275
BLOCK06/SES062/SA062S29	SES062	1.45938	8.65514	7.19577
BLOCK06/SES068/SA068S14	SES068	0.3251	6.61094	6.28584
BLOCK06/SES068/SA068S15	SES068	1.3989	7.81134	6.41244
BLOCK06/SES068/SA068S23	SES068	0.913058	7.12008	6.20703
BLOCK06/SES068/SA068S27	SES068	1.73895	7.54903	5.81008
BLOCK06/SES068/SA068S29	SES068	0.676216	7.34225	6.66604
BLOCK08/SES082/SA082S12	SES082	-0.0478725	4.95283	5.00071
BLOCK08/SES082/SA082S14	SES082	-0.70563	4.38126	5.08689
BLOCK08/SES082/SA082S21	SES082	0.665508	5.77756	5.11205
BLOCK08/SES082/SA082S24	SES082	-0.00933266	6.30259	6.31193
BLOCK08/SES082/SA082S28	SES082	0.979702	6.20417	5.22447
BLOCK08/SES083/SA083S14	SES083	0.198345	7.1674	6.96906
BLOCK08/SES083/SA083S15	SES083	0.418582	7.24672	6.82814
BLOCK08/SES083/SA083S24	SES083	0.607298	7.17557	6.56827
BLOCK08/SES083/SA083S26	SES083	0.200117	6.08386	5.88374
BLOCK08/SES083/SA083S29	SES083	0.249804	6.91774	6.66793
BLOCK08/SES085/SA085S10	SES085	0.471283	7.78763	7.31635
BLOCK08/SES085/SA085S13	SES085	0.348125	7.17719	6.82907
BLOCK08/SES085/SA085S22	SES085	0.0934725	6.73601	6.64254
BLOCK08/SES085/SA085S26	SES085	0.585071	7.4652	6.88013
BLOCK08/SES085/SA085S28	SES085	1.27677	8.24294	6.96617
BLOCK08/SES087/SA087S15	SES087	1.40785	7.53474	6.12689
BLOCK08/SES087/SA087S16	SES087	1.13472	6.34579	5.21106
BLOCK08/SES087/SA087S24	SES087	1.06095	7.18599	6.12505
BLOCK08/SES087/SA087S26	SES087	0.973075	7.96539	6.99232
BLOCK08/SES087/SA087S29	SES087	1.64318	7.86012	6.21694
BLOCK09/SES099/SA099S15	SES099	1.26412	6.02714	4.76303
BLOCK09/SES099/SA099S16	SES099	0.734122	5.67651	4.94239
BLOCK09/SES099/SA099S24	SES099	0.728369	6.61017	5.8818
BLOCK09/SES099/SA099S26	SES099	0.961217	6.77761	5.81639
BLOCK09/SES099/SA099S29	SES099	1.28943	6.86756	5.57813
BLOCK10/SES101/SA101S11	SES101	0.445698	7.24856	6.80286
BLOCK10/SES101/SA101S13	SES101	1.04096	7.78299	6.74203
BLOCK10/SES101/SA101S22	SES101	1.33569	6.48197	5.14627
BLOCK10/SES101/SA101S24	SES101	2.05611	7.68431	5.6282
BLOCK10/SES101/SA101S28	SES101	0.895698	7.24066	6.34496
BLOCK10/SES104/SA104S11	SES104	1.35158	8.12017	6.76859
BLOCK10/SES104/SA104S12	SES104	1.28573	7.7403	6.45457
BLOCK10/SES104/SA104S21	SES104	1.28624	6.82767	5.54143
BLOCK10/SES104/SA104S24	SES104	1.02302	6.37282	5.34981
BLOCK10/SES104/SA104S28	SES104	0.845388	6.97514	6.12975
BLOCK10/SES105/SA105S12	SES105	0.680459	5.80852	5.12806
BLOCK10/SES105/SA105S13	SES105	1.29277	6.41959	5.12682
BLOCK10/SES105/SA105S22	SES105	0.281268	4.72363	4.44236
BLOCK10/SES105/SA105S26	SES105	1.4946	6.69285	5.19826
BLOCK10/SES105/SA105S29	SES105	1.49654	7.19269	5.69615
BLOCK10/SES106/SA106S09	SES106	1.5796	5.50956	3.92996
BLOCK10/SES106/SA106S11	SES106	1.07317	6.56916	5.49599
BLOCK10/SES106/SA106S22	SES106	3.18655	6.22678	3.04023
BLOCK10/SES106/SA106S27	SES106	0.743977	6.28007	5.53609
BLOCK10/SES106/SA106S29	SES106	0.474437	6.53753	6.06309
BLOCK11/SES117/SA117S12	SES117	1.80205	6.8733	5.07125
BLOCK11/SES117/SA117S13	SES117	0.735592	7.14075	6.40516
BLOCK11/SES117/SA117S23	SES117	1.54623	6.24326	4.69704
BLOCK11/SES117/SA117S25	SES117	1.44604	5.59368	4.14764
BLOCK11/SES117/SA117S28	SES117	0.787827	5.5917	4.80387
BLOCK12/SES120/SA120S08	SES120	0.882342	5.72113	4.83879
BLOCK12/SES120/SA120S11	SES120	0.553248	4.22178	3.66853
BLOCK12/SES120/SA120S22	SES120	0.336026	6.61994	6.28391
BLOCK12/SES120/SA120S24	SES120	0.431604	5.59452	5.16292
BLOCK12/SES120/SA120S28	SES120	-0.55543	4.05877	4.6142
BLOCK12/SES125/SA125S13	SES125	2.15537	8.04768	5.89232
BLOCK12/SES125/SA125S14	SES125	0.921356	6.49958	5.57822
BLOCK12/SES125/SA125S25	SES125	1.60467	7.23652	5.63184
BLOCK12/SES125/SA125S27	SES125	1.86858	8.51885	6.65027
BLOCK12/SES125/SA125S29	SES125	1.13803	7.1634	6.02537
BLOCK12/SES127/SA127S11	SES127	0.769987	6.76159	5.9916
BLOCK12/SES127/SA127S12	SES127	0.335128	8.29135	7.95622
BLOCK12/SES127/SA127S23	SES127	0.575546	7.05448	6.47893
BLOCK12/SES127/SA127S25	SES127	0.703568	6.64356	5.94
BLOCK12/SES127/SA127S27	SES127	0.973769	6.66248	5.68871
BLOCK12/SES129/SA129S11	SES129	1.62341	8.67125	7.04785
BLOCK12/SES129/SA129S12	SES129	1.28468	7.89786	6.61318
BLOCK12/SES129/SA129S22	SES129	1.34427	7.21428	5.87001
BLOCK12/SES129/SA129S27	SES129	0.956644	7.21287	6.25622
BLOCK12/SES129/SA129S29	SES129	1.7711	8.30435	6.53326
BLOCK14/SES142/SA142S11	SES142	1.25818	6.98001	5.72183
BLOCK14/SES142/SA142S12	SES142	1.07381	7.26816	6.19435
BLOCK14/SES142/SA142S24	SES142	1.24321	7.55658	6.31338
BLOCK14/SES142/SA142S27	SES142	1.35913	7.99335	6.63422
BLOCK14/SES142/SA142S29	SES142	1.47959	8.17573	6.69614
BLOCK14/SES143/SA143S12	SES143	0.853434	6.5959	5.74247
BLOCK14/SES143/SA143S13	SES143	0.402578	6.19225	5.78967
BLOCK14/SES143/SA143S23	SES143	1.18753	7.3435	6.15597
BLOCK14/SES143/SA143S25	SES143	1.08499	7.51648	6.43149
BLOCK14/SES143/SA143S28	SES143	0.833031	6.72549	5.89246
BLOCK14/SES144/SA144S09	SES144	1.00195	7.29461	6.29266
BLOCK14/SES144/SA144S11	SES144	0.893897	6.89349	5.9996
BLOCK14/SES144/SA144S21	SES144	-0.272443	5.44656	5.719
BLOCK14/SES144/SA144S25	SES144	0.436417	6.94268	6.50626
BLOCK14/SES144/SA144S29	SES144	0.0523567	5.90815	5.8558
BLOCK14/SES146/SA146S14	SES146	0.37406	5.67621	5.30215
BLOCK14/SES146/SA146S15	SES146	-0.01582	5.76307	5.77889
BLOCK14/SES146/SA146S24	SES146	0.907632	5.98994	5.08231
BLOCK14/SES146/SA146S26	SES146	1.4435	6.8564	5.41291
BLOCK14/SES146/SA146S29	SES146	-0.163308	5.08547	5.24878
BLOCK14/SES147/SA147S11	SES147	1.25143	7.43451	6.18309
BLOCK14/SES147/SA147S13	SES147	1.28822	7.7424	6.45418
BLOCK14/SES147/SA147S23	SES147	0.466739	6.46732	6.00058
BLOCK14/SES147/SA147S26	SES147	0.666749	6.02835	5.3616
BLOCK14/SES147/SA147S28	SES147	1.19033	7.11453	5.92419
BLOCK14/SES148/SA148S10	SES148	0.689776	7.69696	7.00719
BLOCK14/SES148/SA148S12	SES148	0.112411	5.33929	5.22688
BLOCK14/SES148/SA148S22	SES148	0.793507	7.62295	6.82944
BLOCK14/SES148/SA148S26	SES148	0.3424	7.25304	6.91064
BLOCK14/SES148/SA148S29	SES148	0.248956	6.35292	6.10396
BLOCK14/SES149/SA149S13	SES149	0.296073	5.72228	5.42621
BLOCK14/SES149/SA149S14	SES149	0.597234	7.1836	6.58637
BLOCK14/SES149/SA149S24	SES149	1.41101	7.72973	6.31872
BLOCK14/SES149/SA149S26	SES149	1.90115	8.76531	6.86416
BLOCK14/SES149/SA149S28	SES149	2.20862	8.7772	6.56858
BLOCK15/SES158/SA158S13	SES158	0.942709	5.82921	4.88651
BLOCK15/SES158/SA158S14	SES158	1.53659	6.03307	4.49648
BLOCK15/SES158/SA158S23	SES158	1.1241	6.66803	5.54393
BLOCK15/SES158/SA158S26	SES158	2.09809	6.04061	3.94252
BLOCK15/SES158/SA158S28	SES158	0.653979	5.86442	5.21044
BLOCK16/SES162/SA162S10	SES162	0.321305	6.1104	5.7891
BLOCK16/SES162/SA162S11	SES162	1.05033	7.35873	6.3084
BLOCK16/SES162/SA162S21	SES162	1.59102	7.26472	5.6737
BLOCK16/SES162/SA162S24	SES162	0.765515	6.78605	6.02053
BLOCK16/SES162/SA162S27	SES162	1.35642	6.22184	4.86541
BLOCK16/SES167/SA167S14	SES167	1.09987	8.74948	7.64961
BLOCK16/SES167/SA167S15	SES167	1.18623	8.28316	7.09694
BLOCK16/SES167/SA167S21	SES167	1.61411	8.64369	7.02959
BLOCK16/SES167/SA167S25	SES167	1.89872	8.64159	6.74286
BLOCK16/SES167/SA167S29	SES167	2.4904	9.73647	7.24608
BLOCK17/SES172/SA172S12	SES172	1.50368	6.44829	4.94461
BLOCK17/SES172/SA172S13	SES172	1.47874	7.36483	5.88609
BLOCK17/SES172/SA172S23	SES172	0.879219	7.43673	6.55751
BLOCK17/SES172/SA172S27	SES172	1.07173	6.82785	5.75611
BLOCK17/SES172/SA172S29	SES172	1.89727	7.65195	5.75468
BLOCK17/SES175/SA175S11	SES175	0.365107	7.03544	6.67033
BLOCK17/SES175/SA175S13	SES175	0.622077	7.8476	7.22552
BLOCK17/SES175/SA175S23	SES175	0.845984	7.83943	6.99345
BLOCK17/SES175/SA175S25	SES175	0.702996	5.52109	4.81809
BLOCK17/SES175/SA175S28	SES175	0.272001	7.38697	7.11497
BLOCK17/SES177/SA177S15	SES177	0.52551	6.3385	5.81299
BLOCK17/SES177/SA177S17	SES177	0.160676	5.79423	5.63355
BLOCK17/SES177/SA177S23	SES177	-0.564201	4.93713	5.50133
BLOCK17/SES177/SA177S26	SES177	1.20754	8.28298	7.07544
BLOCK17/SES177/SA177S28	SES177	0.702011	6.63813	5.93612
BLOCK18/SES180/SA180S13	SES180	-0.286775	5.52588	5.81266
BLOCK18/SES180/SA180S15	SES180	0.19956	6.0996	5.90004
BLOCK18/SES180/SA180S24	SES180	1.03635	7.58156	6.54521
BLOCK18/SES180/SA180S26	SES180	1.11787	7.0927	5.97483
BLOCK18/SES180/SA180S29	SES180	1.00038	7.26311	6.26273
BLOCK18/SES183/SA183S13	SES183	1.59829	6.74745	5.14916
BLOCK18/SES183/SA183S14	SES183	0.536462	6.23466	5.6982
BLOCK18/SES183/SA183S24	SES183	1.69985	5.75334	4.05349
BLOCK18/SES183/SA183S27	SES183	1.61459	6.7945	5.17991
BLOCK18/SES183/SA183S29	SES183	1.21217	6.35857	5.1464
BLOCK18/SES187/SA187S13	SES187	0.722506	6.28916	5.56665
BLOCK18/SES187/SA187S14	SES187	0.262223	5.62934	5.36711
BLOCK18/SES187/SA187S24	SES187	1.71533	7.33607	5.62073
BLOCK18/SES187/SA187S27	SES187	1.28861	6.4191	5.13049
BLOCK18/SES187/SA187S29	SES187	1.13662	6.09831	4.96169
BLOCK18/SES189/SA189S10	SES189	1.34311	6.81853	5.47542
BLOCK18/SES189/SA189S13	SES189	0.873788	5.67858	4.80479
BLOCK18/SES189/SA189S24	SES189	0.922582	7.43407	6.51149
BLOCK18/SES189/SA189S26	SES189	0.876522	8.02714	7.15062
BLOCK18/SES189/SA189S29	SES189	1.40704	7.33846	5.93142
BLOCK20/SES202/SA202S12	SES202	0.906762	7.28613	6.37936
BLOCK20/SES202/SA202S14	SES202	2.28223	7.91641	5.63418
BLOCK20/SES202/SA202S24	SES202	1.08675	7.20481	6.11806
BLOCK20/SES202/SA202S27	SES202	1.07987	8.09452	7.01466
BLOCK20/SES202/SA202S29	SES202	1.3117	8.32844	7.01674
BLOCK20/SES206/SA206S15	SES206	-0.411703	5.97718	6.38889
BLOCK20/SES206/SA206S17	SES206	1.24957	6.73428	5.48471
BLOCK20/SES206/SA206S24	SES206	1.73822	8.27654	6.53832
BLOCK20/SES206/SA206S27	SES206	1.57858	6.79854	5.21996
BLOCK20/SES206/SA206S29	SES206	1.03422	8.02636	6.99214
BLOCK22/SES226/SA226S12	SES226	0.935855	6.11405	5.17819
BLOCK22/SES226/SA226S13	SES226	-0.218414	5.21154	5.42995
BLOCK22/SES226/SA226S20	SES226	1.2692	6.31964	5.05045
BLOCK22/SES226/SA226S23	SES226	1.37409	7.15868	5.78459
BLOCK22/SES226/SA226S28	SES226	1.79867	7.68198	5.88331
BLOCK25/SES259/SA259S13	SES259	2.56133	8.06028	5.49895
BLOCK25/SES259/SA259S14	SES259	2.24141	7.55217	5.31075
BLOCK25/SES259/SA259S22	SES259	1.80576	7.59548	5.78972
BLOCK25/SES259/SA259S24	SES259	1.40691	7.3034	5.89649
BLOCK25/SES259/SA259S28	SES259	2.17184	7.68023	5.50839
BLOCK27/SES270/SA270S14	SES270	2.80456	5.09916	2.29461
BLOCK27/SES270/SA270S16	SES270	0.580165	5.48005	4.89989
BLOCK27/SES270/SA270S22	SES270	2.8104	6.39659	3.58619
BLOCK27/SES270/SA270S26	SES270	0.566772	4.69956	4.13278
BLOCK27/SES270/SA270S28	SES270	0.952733	5.34821	4.39547
BLOCK27/SES275/SA275S17	SES275	1.42797	7.50967	6.08171
BLOCK27/SES275/SA275S18	SES275	0.17665	6.86022	6.68357
BLOCK27/SES275/SA275S24	SES275	0.807223	5.92644	5.11922
BLOCK27/SES275/SA275S26	SES275	1.09246	7.30393	6.21147
BLOCK27/SES275/SA275S28	SES275	0.839392	6.48919	5.6498
BLOCK29/SES292/SA292S10	SES292	-0.0678983	7.23896	7.30686
BLOCK29/SES292/SA292S12	SES292	0.507255	6.00863	5.50138
BLOCK29/SES292/SA292S22	SES292	0.827759	7.19951	6.37175
BLOCK29/SES292/SA292S24	SES292	0.392913	6.79133	6.39842
BLOCK29/SES292/SA292S27	SES292	-0.0104575	6.26614	6.2766
BLOCK00/SES001/SA001S14	SES062	-2.83288	3.33711	6.16999
BLOCK00/SES001/SA001S14	SES082	-1.28426	4.88574	6.16999
BLOCK00/SES001/SA001S14	SES106	-1.74546	4.42453	6.16999
BLOCK00/SES001/SA001S14	SES206	-1.64688	4.52311	6.16999
BLOCK00/SES001/SA001S15	SES062	-1.63511	5.21962	6.85474
BLOCK00/SES001/SA001S15	SES104	-2.35349	4.50125	6.85474
BLOCK00/SES001/SA001S15	SES106	-2.40028	4.45446	6.85474
BLOCK00/SES001/SA001S15	SES206	-1.50934	5.3454	6.85474
BLOCK00/SES001/SA001S24	SES062	-2.9315	2.96354	5.89504
BLOCK00/SES001/SA001S24	SES082	-0.47568	5.41936	5.89504
BLOCK00/SES001/SA001S24	SES087	-1.86962	4.02542	5.89504
BLOCK00/SES001/SA001S24	SES206	0.20214	6.09718	5.89504
BLOCK00/SES001/SA001S27	SES062	-1.81144	5.79193	7.60337
BLOCK00/SES001/SA001S27	SES082	-1.2078	6.39557	7.60337
BLOCK00/SES001/SA001S27	SES087	-0.872563	6.73081	7.60337
BLOCK00/SES001/SA001S27	SES206	-0.645061	6.95831	7.60337
BLOCK00/SES001/SA001S29	SES062	-3.25684	3.02227	6.27911
BLOCK00/SES001/SA001S29	SES082	-1.16751	5.1116	6.27911
BLOCK00/SES001/SA001S29	SES158	-1.31707	4.96205	6.27911
BLOCK00/SES001/SA001S29	SES206	-1.50407	4.77504	6.27911
BLOCK00/SES003/SA003S11	SES002	-1.097	4.00944	5.10644
BLOCK00/SES003/SA003S11	SES019	-1.52556	3.58087	5.10644
BLOCK00/SES003/SA003S11	SES082	-1.6629	3.44353	5.10644
BLOCK00/SES003/SA003S11	SES125	-2.1538	2.95263	5.10644
BLOCK00/SES003/SA003S15	SES016	-1.75936	4.72291	6.48227
BLOCK00/SES003/SA003S15	SES019	-2.27707	4.2052	6.48227
BLOCK00/SES003/SA003S15	SES062	-0.895643	5.58663	6.48227
BLOCK00/SES003/SA003S15	SES206	-1.96424	4.51803	6.48227
BLOCK00/SES003/SA003S22	SES002	-2.22324	3.5109	5.73414
BLOCK00/SES003/SA003S22	SES062	-1.4569	4.27724	5.73414
BLOCK00/SES003/SA003S22	SES082	-2.10668	3.62746	5.73414
BLOCK00/SES003/SA003S22	SES087	-2.14359	3.59055	5.73414
BLOCK00/SES003/SA003S25	SES062	-3.0549	2.78739	5.84229
BLOCK00/SES003/SA003S25	SES082	-2.08504	3.75725	5.84229
BLOCK00/SES003/SA003S25	SES087	-1.13598	4.70631	5.84229
BLOCK00/SES003/SA003S25	SES206	-0.996767	4.84552	5.84229
BLOCK00/SES003/SA003S29	SES002	-2.50784	3.04829	5.55613
BLOCK00/SES003/SA003S29	SES062	-2.8058	2.75033	5.55613
BLOCK00/SES003/SA003S29	SES082	-1.67173	3.8844	5.55613
BLOCK00/SES003/SA003S29	SES087	-2.54436	3.01177	5.55613
BLOCK00/SES004/SA004S12	SES083	-1.04386	5.28826	6.33212
BLOCK00/SES004/SA004S12	SES148	-1.70622	4.6259	6.33212
BLOCK00/SES004/SA004S12	SES172	0.0509963	6.38312	6.33212
BLOCK00/SES004/SA004S12	SES292	-1.63283	4.69929	6.33212
BLOCK00/SES004/SA004S17	SES083	-0.909106	5.49573	6.40484
BLOCK00/SES004/SA004S17	SES162	-0.918157	5.48668	6.40484
BLOCK00/SES004/SA004S17	SES172	-0.450397	5.95444	6.40484
BLOCK00/SES004/SA004S17	SES292	-1.58833	4.81651	6.40484
BLOCK00/SES004/SA004S24	SES083	-1.3918	5.41064	6.80243
BLOCK00/SES004/SA004S24	SES148	-2.02249	4.77995	6.80243
BLOCK00/SES004/SA004S24	SES172	-0.390627	6.41181	6.80243
BLOCK00/SES004/SA004S24	SES292	-1.20801	5.59443	6.80243
BLOCK00/SES004/SA004S26	SES083	-1.36764	4.66723	6.03488
BLOCK00/SES004/SA004S26	SES127	-1.16953	4.86535	6.03488
BLOCK00/SES004/SA004S26	SES148	-2.66955	3.36533	6.03488
BLOCK00/SES004/SA004S26	SES292	-1.94549	4.08939	6.03488
BLOCK00/SES004/SA004S28	SES083	-0.992193	5.38399	6.37618
BLOCK00/SES004/SA004S28	SES127	-0.313637	6.06255	6.37618
BLOCK00/SES004/SA004S28	SES187	-0.37308	6.00311	6.37618
BLOCK00/SES004/SA004S28	SES292	-1.93879	4.4374	6.37618
BLOCK00/SES006/SA006S10	SES014	-2.61054	0.279321	2.88987
BLOCK00/SES006/SA006S10	SES158	-0.98515	1.90472	2.88987
BLOCK00/SES006/SA006S10	SES226	-3.8464	-0.95653	2.88987
BLOCK00/SES006/SA006S10	SES270	0.0456591	2.93552	2.88987
BLOCK00/SES006/SA006S11	SES158	-1.40781	1.86177	3.26958
BLOCK00/SES006/SA006S11	SES226	-2.70049	0.56909	3.26958
BLOCK00/SES006/SA006S11	SES270	-0.442076	2.8275	3.26958
BLOCK00/SES006/SA006S11	SES275	-3.61845	-0.348872	3.26958
BLOCK00/SES006/SA006S23	SES062	-4.28471	-0.0153295	4.26938
BLOCK00/SES006/SA006S23	SES105	-3.50664	0.762734	4.26938
BLOCK00/SES006/SA006S23	SES158	-1.31224	2.95714	4.26938
BLOCK00/SES006/SA006S23	SES275	-2.67396	1.59542	4.26938
BLOCK00/SES006/SA006S26	SES104	-2.77751	1.45239	4.2299
BLOCK00/SES006/SA006S26	SES158	-0.860979	3.36892	4.2299
BLOCK00/SES006/SA006S26	SES270	0.355865	4.58576	4.2299
BLOCK00/SES006/SA006S26	SES275	-4.06696	0.16294	4.2299
BLOCK00/SES006/SA006S28	SES007	-3.9098	-0.82372	3.08608
BLOCK00/SES006/SA006S28	SES105	-2.84	0.246077	3.08608
BLOCK00/SES006/SA006S28	SES158	-1.84121	1.24487	3.08608
BLOCK00/SES006/SA006S28	SES275	-3.68583	-0.599753	3.08608
BLOCK00/SES009/SA009S12	SES083	-3.64837	2.78069	6.42906
BLOCK00/SES009/SA009S12	SES148	-1.51674	4.91232	6.42906
BLOCK00/SES009/SA009S12	SES177	-0.508987	5.92007	6.42906
BLOCK00/SES009/SA009S12	SES292	-1.9689	4.46016	6.42906
BLOCK00/SES009/SA009S15	SES007	-0.259896	6.46313	6.72303
BLOCK00/SES009/SA009S15	SES099	-3.41306	3.30997	6.72303
BLOCK00/SES009/SA009S15	SES148	-1.06066	5.66236	6.72303
BLOCK00/SES009/SA009S15	SES172	-1.3537	5.36933	6.72303
BLOCK00/SES009/SA009S24	SES146	-0.886977	5.55723	6.4442
BLOCK00/SES009/SA009S24	SES148	-1.71958	4.72463	6.4442
BLOCK00/SES009/SA009S24	SES177	-0.0534663	6.39074	6.4442
BLOCK00/SES009/SA009S24	SES292	-1.45401	4.99019	6.4442
BLOCK00/SES009/SA009S26	SES083	-2.7461	2.94114	5.68724
BLOCK00/SES009/SA009S26	SES101	-2.97286	2.71438	5.68724
BLOCK00/SES009/SA009S26	SES120	-1.20846	4.47878	5.68724
BLOCK00/SES009/SA009S26	SES177	-0.90087	4.78637	5.68724
BLOCK00/SES009/SA009S29	SES083	-1.90305	4.38834	6.29139
BLOCK00/SES009/SA009S29	SES101	-1.80938	4.48201	6.29139
BLOCK00/SES009/SA009S29	SES177	0.146595	6.43798	6.29139
BLOCK00/SES009/SA009S29	SES292	-1.29142	4.99997	6.29139
BLOCK01/SES011/SA011S10	SES019	-1.94672	2.70421	4.65093
BLOCK01/SES011/SA011S10	SES042	0.600466	5.25139	4.65093
BLOCK01/SES011/SA011S10	SES082	-2.81343	1.8375	4.65093
BLOCK01/SES011/SA011S10	SES206	-1.72298	2.92795	4.65093
BLOCK01/SES011/SA011S11	SES019	-2.61173	2.275	4.88672
BLOCK01/SES011/SA011S11	SES042	-0.655822	4.2309	4.88672
BLOCK01/SES011/SA011S11	SES082	-1.90648	2.98025	4.88672
BLOCK01/SES011/SA011S11	SES206	-1.85897	3.02776	4.88672
BLOCK01/SES011/SA011S22	SES019	-1.15435	3.9103	5.06465
BLOCK01/SES011/SA011S22	SES042	0.729981	5.79463	5.06465
BLOCK01/SES011/SA011S22	SES082	-2.45626	2.6084	5.06465
BLOCK01/SES011/SA011S22	SES206	-1.94539	3.11926	5.06465
BLOCK01/SES011/SA011S24	SES019	-1.46517	4.10765	5.57282
BLOCK01/SES011/SA011S24	SES042	1.07584	6.64866	5.57282
BLOCK01/SES011/SA011S24	SES104	-1.77661	3.79621	5.57282
BLOCK01/SES011/SA011S24	SES206	-0.41257	5.16025	5.57282
BLOCK01/SES011/SA011S27	SES082	-0.542227	5.15695	5.69918
BLOCK01/SES011/SA011S27	SES087	-1.62213	4.07705	5.69918
BLOCK01/SES011/SA011S27	SES125	-0.819782	4.87939	5.69918
BLOCK01/SES011/SA011S27	SES206	-0.741255	4.95792	5.69918
BLOCK01/SES012/SA012S11	SES007	-1.08208	5.91982	7.0019
BLOCK01/SES012/SA012S11	SES082	-2.17145	4.83045	7.0019
BLOCK01/SES012/SA012S11	SES083	-2.72115	4.28075	7.0019
BLOCK01/SES012/SA012S11	SES206	-2.04162	4.96028	7.0019
BLOCK01/SES012/SA012S14	SES082	-0.9081	5.32342	6.23152
BLOCK01/SES012/SA012S14	SES087	-1.95915	4.27237	6.23152
BLOCK01/SES012/SA012S14	SES206	-1.28741	4.94412	6.23152
BLOCK01/SES012/SA012S14	SES292	-1.50412	4.7274	6.23152
BLOCK01/SES012/SA012S24	SES082	-0.962384	4.11682	5.0792
BLOCK01/SES012/SA012S24	SES087	-2.35214	2.72706	5.0792
BLOCK01/SES012/SA012S24	SES120	-2.68781	2.39139	5.0792
BLOCK01/SES012/SA012S24	SES206	-1.42753	3.65167	5.0792
BLOCK01/SES012/SA012S26	SES019	-4.45282	1.70552	6.15835
BLOCK01/SES012/SA012S26	SES082	-2.62598	3.53236	6.15835
BLOCK01/SES012/SA012S26	SES206	-1.29834	4.86001	6.15835
BLOCK01/SES012/SA012S26	SES292	-1.42589	4.73246	6.15835
BLOCK01/SES012/SA012S29	SES062	-1.08661	4.83856	5.92517
BLOCK01/SES012/SA012S29	SES082	-1.31991	4.60525	5.92517
BLOCK01/SES012/SA012S29	SES083	-4.16832	1.75685	5.92517
BLOCK01/SES012/SA012S29	SES206	-2.39935	3.52582	5.92517
BLOCK01/SES013/SA013S16	SES062	-4.10899	0.995682	5.10467
BLOCK01/SES013/SA013S16	SES106	-1.54947	3.5552	5.10467
BLOCK01/SES013/SA013S16	SES206	-1.5323	3.57237	5.10467
BLOCK01/SES013/SA013S16	SES226	-1.36391	3.74076	5.10467
BLOCK01/SES013/SA013S17	SES062	-2.39764	4.04913	6.44677
BLOCK01/SES013/SA013S17	SES106	-2.02327	4.4235	6.44677
BLOCK01/SES013/SA013S17	SES206	-0.277871	6.1689	6.44677
BLOCK01/SES013/SA013S17	SES226	-0.487411	5.95936	6.44677
BLOCK01/SES013/SA013S23	SES104	-1.80197	2.02697	3.82894
BLOCK01/SES013/SA013S23	SES106	-1.04865	2.78029	3.82894
BLOCK01/SES013/SA013S23	SES206	-1.29853	2.53042	3.82894
BLOCK01/SES013/SA013S23	SES270	0.203552	4.0325	3.82894
BLOCK01/SES013/SA013S25	SES042	-2.4193	3.1105	5.52979
BLOCK01/SES013/SA013S25	SES104	-2.07677	3.45302	5.52979
BLOCK01/SES013/SA013S25	SES106	-1.49882	4.03097	5.52979
BLOCK01/SES013/SA013S25	SES206	-2.27587	3.25392	5.52979
BLOCK01/SES013/SA013S29	SES062	-5.00297	0.179133	5.18211
BLOCK01/SES013/SA013S29	SES104	-2.47898	2.70313	5.18211
BLOCK01/SES013/SA013S29	SES106	-1.2761	3.90601	5.18211
BLOCK01/SES013/SA013S29	SES206	-2.2512	2.93091	5.18211
BLOCK02/SES021/SA021S13	SES016	-3.31862	2.58673	5.90535
BLOCK02/SES021/SA021S13	SES029	-1.55374	4.35161	5.90535
BLOCK02/SES021/SA021S13	SES087	-2.28637	3.61898	5.90535
BLOCK02/SES021/SA021S13	SES206	-1.74092	4.16444	5.90535
BLOCK02/SES021/SA021S15	SES087	-1.25925	5.97884	7.23809
BLOCK02/SES021/SA021S15	SES125	-1.58658	5.65151	7.23809
BLOCK02/SES021/SA021S15	SES206	-1.08962	6.14847	7.23809
BLOCK02/SES021/SA021S15	SES226	-2.20274	5.03535	7.23809
BLOCK02/SES021/SA021S23	SES062	-3.52223	1.85848	5.3807
BLOCK02/SES021/SA021S23	SES087	-1.73761	3.6431	5.3807
BLOCK02/SES021/SA021S23	SES206	-1.37978	4.00092	5.3807
BLOCK02/SES021/SA021S23	SES226	-1.47099	3.90972	5.3807
BLOCK02/SES021/SA021S27	SES002	-1.4984	5.35189	6.8503
BLOCK02/SES021/SA021S27	SES016	-4.82073	2.02956	6.8503
BLOCK02/SES021/SA021S27	SES019	-1.01101	5.83928	6.8503
BLOCK02/SES021/SA021S27	SES062	-1.28414	5.56616	6.8503
BLOCK02/SES021/SA021S29	SES087	-1.27694	4.37702	5.65396
BLOCK02/SES021/SA021S29	SES125	-1.48965	4.16432	5.65396
BLOCK02/SES021/SA021S29	SES206	-0.102045	5.55192	5.65396
BLOCK02/SES021/SA021S29	SES226	-1.91321	3.74075	5.65396
BLOCK04/SES043/SA043S09	SES083	-0.666352	4.93844	5.60479
BLOCK04/SES043/SA043S09	SES101	-1.04754	4.55725	5.60479
BLOCK04/SES043/SA043S09	SES144	-0.303505	5.30128	5.60479
BLOCK04/SES043/SA043S09	SES172	-1.49548	4.10931	5.60479
BLOCK04/SES043/SA043S11	SES083	-0.28226	5.97535	6.25761
BLOCK04/SES043/SA043S11	SES101	-0.912079	5.34553	6.25761
BLOCK04/SES043/SA043S11	SES144	0.286383	6.54399	6.25761
BLOCK04/SES043/SA043S11	SES172	-0.609684	5.64792	6.25761
BLOCK04/SES043/SA043S23	SES083	-0.841737	5.29328	6.13501
BLOCK04/SES043/SA043S23	SES144	0.154963	6.28998	6.13501
BLOCK04/SES043/SA043S23	SES177	-1.44469	4.69032	6.13501
BLOCK04/SES043/SA043S23	SES275	-1.204	4.93101	6.13501
BLOCK04/SES043/SA043S26	SES083	-0.906561	5.0467	5.95326
BLOCK04/SES043/SA043S26	SES101	-1.29347	4.65979	5.95326
BLOCK04/SES043/SA043S26	SES144	0.23576	6.18902	5.95326
BLOCK04/SES043/SA043S26	SES177	-0.954526	4.99874	5.95326
BLOCK04/SES043/SA043S28	SES016	-2.3189	3.87663	6.19553
BLOCK04/SES043/SA043S28	SES083	-0.590492	5.60503	6.19553
BLOCK04/SES043/SA043S28	SES101	-0.753612	5.44191	6.19553
BLOCK04/SES043/SA043S28	SES144	-0.389764	5.80576	6.19553
BLOCK04/SES044/SA044S10	SES127	-1.96996	3.16014	5.1301
BLOCK04/SES044/SA044S10	SES144	-0.299829	4.83027	5.1301
BLOCK04/SES044/SA044S10	SES147	-4.06457	1.06553	5.1301
BLOCK04/SES044/SA044S10	SES148	-2.54708	2.58302	5.1301
BLOCK04/SES044/SA044S11	SES101	-0.940446	4.83993	5.78037
BLOCK04/SES044/SA044S11	SES144	0.504307	6.28468	5.78037
BLOCK04/SES044/SA044S11	SES147	-2.17154	3.60883	5.78037
BLOCK04/SES044/SA044S11	SES177	-1.85533	3.92504	5.78037
BLOCK04/SES044/SA044S24	SES007	-2.24029	3.00171	5.242
BLOCK04/SES044/SA044S24	SES101	-0.22943	5.01257	5.242
BLOCK04/SES044/SA044S24	SES147	-1.96263	3.27937	5.242
BLOCK04/SES044/SA044S24	SES177	-0.731506	4.5105	5.242
BLOCK04/SES044/SA044S26	SES007	-2.27812	3.26201	5.54013
BLOCK04/SES044/SA044S26	SES016	-1.47551	4.06462	5.54013
BLOCK04/SES044/SA044S26	SES101	-0.275657	5.26447	5.54013
BLOCK04/SES044/SA044S26	SES147	-1.31658	4.22355	5.54013
BLOCK04/SES044/SA044S29	SES007	-1.87227	4.44809	6.32036
BLOCK04/SES044/SA044S29	SES101	-0.381431	5.93893	6.32036
BLOCK04/SES044/SA044S29	SES147	-1.6046	4.71576	6.32036
BLOCK04/SES044/SA044S29	SES177	-1.51264	4.80772	6.32036
BLOCK04/SES046/SA046S13	SES101	-0.917138	4.41806	5.3352
BLOCK04/SES046/SA046S13	SES144	-0.410315	4.92488	5.3352
BLOCK04/SES046/SA046S13	SES147	-2.1923	3.1429	5.3352
BLOCK04/SES046/SA046S13	SES177	-1.98016	3.35503	5.3352
BLOCK04/SES046/SA046S15	SES048	-0.698516	5.98529	6.6838
BLOCK04/SES046/SA046S15	SES083	-0.294491	6.38931	6.6838
BLOCK04/SES046/SA046S15	SES120	-3.2974	3.3864	6.6838
BLOCK04/SES046/SA046S15	SES148	-1.45225	5.23155	6.6838
BLOCK04/SES046/SA046S22	SES101	-0.726807	5.00618	5.73299
BLOCK04/SES046/SA046S22	SES144	-0.287861	5.44513	5.73299
BLOCK04/SES046/SA046S22	SES147	-2.58384	3.14914	5.73299
BLOCK04/SES046/SA046S22	SES172	-0.730911	5.00208	5.73299
BLOCK04/SES046/SA046S25	SES083	-1.15624	4.63686	5.79309
BLOCK04/SES046/SA046S25	SES127	-1.91136	3.88173	5.79309
BLOCK04/SES046/SA046S25	SES144	-0.664735	5.12836	5.79309
BLOCK04/SES046/SA046S25	SES148	-1.53027	4.26282	5.79309
BLOCK04/SES046/SA046S28	SES007	-1.79084	4.33917	6.13001
BLOCK04/SES046/SA046S28	SES105	-1.41878	4.71123	6.13001
BLOCK04/SES046/SA046S28	SES147	-1.81653	4.31349	6.13001
BLOCK04/SES046/SA046S28	SES148	-0.972537	5.15748	6.13001
BLOCK04/SES049/SA049S16	SES104	-1.36917	3.36494	4.73411
BLOCK04/SES049/SA049S16	SES106	-2.21571	2.5184	4.73411
BLOCK04/SES049/SA049S16	SES120	-2.37561	2.3585	4.73411
BLOCK04/SES049/SA049S16	SES206	-2.24622	2.4879	4.73411
BLOCK04/SES049/SA049S18	SES099	-1.17702	2.87625	4.05327
BLOCK04/SES049/SA049S18	SES104	-2.41786	1.63542	4.05327
BLOCK04/SES049/SA049S18	SES125	-3.12276	0.930515	4.05327
BLOCK04/SES049/SA049S18	SES206	-2.21756	1.83572	4.05327
BLOCK04/SES049/SA049S25	SES087	-2.09522	2.28019	4.37541
BLOCK04/SES049/SA049S25	SES104	-0.976324	3.39909	4.37541
BLOCK04/SES049/SA049S25	SES125	-1.98195	2.39346	4.37541
BLOCK04/SES049/SA049S25	SES206	-0.728691	3.64672	4.37541
BLOCK04/SES049/SA049S27	SES099	-0.230139	4.48347	4.71361
BLOCK04/SES049/SA049S27	SES104	0.305088	5.0187	4.71361
BLOCK04/SES049/SA049S27	SES125	-2.44181	2.2718	4.71361
BLOCK04/SES049/SA049S27	SES206	-1.11401	3.5996	4.71361
BLOCK04/SES049/SA049S29	SES099	-0.380784	5.45212	5.8329
BLOCK04/SES049/SA049S29	SES104	0.077085	5.90999	5.8329
BLOCK04/SES049/SA049S29	SES125	-0.965448	4.86745	5.8329
BLOCK04/SES049/SA049S29	SES206	-0.315722	5.51718	5.8329
BLOCK06/SES063/SA063S09	SES068	-1.35351	5.01528	6.36879
BLOCK06/SES063/SA063S09	SES083	-0.469403	5.89939	6.36879
BLOCK06/SES063/SA063S09	SES177	-1.18087	5.18791	6.36879
BLOCK06/SES063/SA063S09	SES187	-1.64751	4.72128	6.36879
BLOCK06/SES063/SA063S10	SES068	-1.77834	4.42701	6.20536
BLOCK06/SES063/SA063S10	SES083	0.00480986	6.21017	6.20536
BLOCK06/SES063/SA063S10	SES172	-0.0516295	6.15373	6.20536
BLOCK06/SES063/SA063S10	SES187	-1.26688	4.93847	6.20536
BLOCK06/SES063/SA063S20	SES068	-2.42075	3.9509	6.37165
BLOCK06/SES063/SA063S20	SES083	-0.953892	5.41775	6.37165
BLOCK06/SES063/SA063S20	SES172	-0.115789	6.25586	6.37165
BLOCK06/SES063/SA063S20	SES187	-0.901244	5.4704	6.37165
BLOCK06/SES063/SA063S24	SES029	-2.93795	3.56524	6.50319
BLOCK06/SES063/SA063S24	SES083	-0.609175	5.89401	6.50319
BLOCK06/SES063/SA063S24	SES177	-0.730064	5.77312	6.50319
BLOCK06/SES063/SA063S24	SES189	0.174956	6.67814	6.50319
BLOCK06/SES063/SA063S27	SES083	0.217504	6.39991	6.18241
BLOCK06/SES063/SA063S27	SES172	-0.625149	5.55726	6.18241
BLOCK06/SES063/SA063S27	SES187	-0.898715	5.28369	6.18241
BLOCK06/SES063/SA063S27	SES292	-2.11836	4.06405	6.18241
BLOCK06/SES067/SA067S12	SES083	-0.554771	6.671	7.22577
BLOCK06/SES067/SA067S12	SES172	-1.16478	6.06099	7.22577
BLOCK06/SES067/SA067S12	SES202	-0.47078	6.75499	7.22577
BLOCK06/SES067/SA067S12	SES292	-1.69562	5.53015	7.22577
BLOCK06/SES067/SA067S14	SES085	-1.81876	6.13332	7.95209
BLOCK06/SES067/SA067S14	SES177	-1.46611	6.48598	7.95209
BLOCK06/SES067/SA067S14	SES183	-0.0600739	7.89201	7.95209
BLOCK06/SES067/SA067S14	SES202	-0.453203	7.49888	7.95209
BLOCK06/SES067/SA067S21	SES144	-0.445927	5.8995	6.34543
BLOCK06/SES067/SA067S21	SES177	-0.188096	6.15733	6.34543
BLOCK06/SES067/SA067S21	SES183	-0.468956	5.87647	6.34543
BLOCK06/SES067/SA067S21	SES189	-0.784577	5.56085	6.34543
BLOCK06/SES067/SA067S25	SES085	-2.08961	4.22748	6.3171
BLOCK06/SES067/SA067S25	SES177	-1.33856	4.97853	6.3171
BLOCK06/SES067/SA067S25	SES183	0.0379496	6.35505	6.3171
BLOCK06/SES067/SA067S25	SES202	-1.78998	4.52712	6.3171
BLOCK06/SES067/SA067S29	SES085	-2.2347	4.49102	6.72572
BLOCK06/SES067/SA067S29	SES177	-1.28873	5.437	6.72572
BLOCK06/SES067/SA067S29	SES183	-0.550437	6.17529	6.72572
BLOCK06/SES067/SA067S29	SES202	0.513381	7.2391	6.72572
BLOCK06/SES069/SA069S12	SES029	-3.22676	2.71053	5.93729
BLOCK06/SES069/SA069S12	SES082	-0.627034	5.31025	5.93729
BLOCK06/SES069/SA069S12	SES087	-1.78441	4.15288	5.93729
BLOCK06/SES069/SA069S12	SES206	-0.993168	4.94412	5.93729
BLOCK06/SES069/SA069S13	SES029	-3.85364	2.169	6.02264
BLOCK06/SES069/SA069S13	SES087	-0.868233	5.15441	6.02264
BLOCK06/SES069/SA069S13	SES206	-0.748958	5.27368	6.02264
BLOCK06/SES069/SA069S13	SES226	0.16517	6.18781	6.02264
BLOCK06/SES069/SA069S23	SES029	-1.61739	5.16509	6.78249
BLOCK06/SES069/SA069S23	SES087	-0.874002	5.90848	6.78249
BLOCK06/SES069/SA069S23	SES206	-0.74663	6.03586	6.78249
BLOCK06/SES069/SA069S23	SES226	-0.0478439	6.73464	6.78249
BLOCK06/SES069/SA069S25	SES087	-1.42545	6.23496	7.66041
BLOCK06/SES069/SA069S25	SES206	-1.98369	5.67672	7.66041
BLOCK06/SES069/SA069S25	SES226	-0.211167	7.44924	7.66041
BLOCK06/SES069/SA069S25	SES270	-2.26365	5.39676	7.66041
BLOCK06/SES069/SA069S27	SES087	-2.43953	4.05453	6.49406
BLOCK06/SES069/SA069S27	SES206	-1.18758	5.30647	6.49406
BLOCK06/SES069/SA069S27	SES226	-0.179369	6.31469	6.49406
BLOCK06/SES069/SA069S27	SES270	-1.74718	4.74688	6.49406
BLOCK08/SES081/SA081S11	SES060	-2.03612	4.29865	6.33477
BLOCK08/SES081/SA081S11	SES062	-1.67033	4.66444	6.33477
BLOCK08/SES081/SA081S11	SES117	-3.07463	3.26014	6.33477
BLOCK08/SES081/SA081S11	SES162	-2.59637	3.7384	6.33477
BLOCK08/SES081/SA081S13	SES016	-0.913107	6.13971	7.05282
BLOCK08/SES081/SA081S13	SES060	-0.120729	6.93209	7.05282
BLOCK08/SES081/SA081S13	SES068	-0.413324	6.6395	7.05282
BLOCK08/SES081/SA081S13	SES129	-1.31854	5.73428	7.05282
BLOCK08/SES081/SA081S24	SES060	-0.475186	6.02895	6.50414
BLOCK08/SES081/SA081S24	SES068	-0.651211	5.85292	6.50414
BLOCK08/SES081/SA081S24	SES117	-2.54498	3.95916	6.50414
BLOCK08/SES081/SA081S24	SES275	-1.74477	4.75937	6.50414
BLOCK08/SES081/SA081S27	SES007	-0.880601	5.12377	6.00437
BLOCK08/SES081/SA081S27	SES060	-1.80312	4.20125	6.00437
BLOCK08/SES081/SA081S27	SES117	-1.3497	4.65468	6.00437
BLOCK08/SES081/SA081S27	SES275	-1.21623	4.78814	6.00437
BLOCK08/SES081/SA081S29	SES007	-1.06688	5.33864	6.40552
BLOCK08/SES081/SA081S29	SES060	-0.909968	5.49556	6.40552
BLOCK08/SES081/SA081S29	SES117	-1.87979	4.52573	6.40552
BLOCK08/SES081/SA081S29	SES275	-1.79311	4.61241	6.40552
BLOCK08/SES086/SA086S11	SES029	-4.31852	0.173752	4.49227
BLOCK08/SES086/SA086S11	SES082	-1.61823	2.87404	4.49227
BLOCK08/SES086/SA086S11	SES087	-1.28518	3.20709	4.49227
BLOCK08/SES086/SA086S11	SES206	-1.73836	2.75392	4.49227
BLOCK08/SES086/SA086S12	SES029	-3.54584	2.18875	5.73459
BLOCK08/SES086/SA086S12	SES082	-1.85368	3.88091	5.73459
BLOCK08/SES086/SA086S12	SES087	-0.500507	5.23409	5.73459
BLOCK08/SES086/SA086S12	SES206	-0.863542	4.87105	5.73459
BLOCK08/SES086/SA086S20	SES029	-3.81389	3.04007	6.85397
BLOCK08/SES086/SA086S20	SES082	-1.42876	5.4252	6.85397
BLOCK08/SES086/SA086S20	SES087	0.633583	7.48755	6.85397
BLOCK08/SES086/SA086S20	SES206	-0.46818	6.38579	6.85397
BLOCK08/SES086/SA086S24	SES087	-0.74367	3.79314	4.53681
BLOCK08/SES086/SA086S24	SES104	-1.69769	2.83912	4.53681
BLOCK08/SES086/SA086S24	SES120	-1.77995	2.75686	4.53681
BLOCK08/SES086/SA086S24	SES206	-0.759099	3.77771	4.53681
BLOCK08/SES086/SA086S28	SES029	-3.74933	2.55186	6.30119
BLOCK08/SES086/SA086S28	SES082	-1.69757	4.60362	6.30119
BLOCK08/SES086/SA086S28	SES087	-0.933648	5.36754	6.30119
BLOCK08/SES086/SA086S28	SES206	-1.2278	5.07339	6.30119
BLOCK08/SES089/SA089S13	SES087	-1.75711	3.88532	5.64243
BLOCK08/SES089/SA089S13	SES206	-1.49933	4.1431	5.64243
BLOCK08/SES089/SA089S13	SES226	-1.4409	4.20154	5.64243
BLOCK08/SES089/SA089S13	SES270	-2.41086	3.23157	5.64243
BLOCK08/SES089/SA089S14	SES062	-2.20369	4.09178	6.29548
BLOCK08/SES089/SA089S14	SES087	-0.178858	6.11662	6.29548
BLOCK08/SES089/SA089S14	SES206	-1.4783	4.81718	6.29548
BLOCK08/SES089/SA089S14	SES226	-1.66004	4.63544	6.29548
BLOCK08/SES089/SA089S23	SES087	-0.959331	3.71451	4.67385
BLOCK08/SES089/SA089S23	SES206	-1.02755	3.6463	4.67385
BLOCK08/SES089/SA089S23	SES226	-1.56695	3.1069	4.67385
BLOCK08/SES089/SA089S23	SES270	-2.31958	2.35426	4.67385
BLOCK08/SES089/SA089S25	SES062	-2.22948	4.00939	6.23887
BLOCK08/SES089/SA089S25	SES087	-0.391674	5.8472	6.23887
BLOCK08/SES089/SA089S25	SES206	-2.40316	3.83571	6.23887
BLOCK08/SES089/SA089S25	SES226	-1.5209	4.71797	6.23887
BLOCK08/SES089/SA089S28	SES062	-1.65243	4.49787	6.1503
BLOCK08/SES089/SA089S28	SES087	-0.718692	5.43161	6.1503
BLOCK08/SES089/SA089S28	SES206	-1.08121	5.06909	6.1503
BLOCK08/SES089/SA089S28	SES226	-1.38584	4.76446	6.1503
BLOCK09/SES097/SA097S11	SES099	0.130528	5.19608	5.06555
BLOCK09/SES097/SA097S11	SES125	-2.78716	2.27839	5.06555
BLOCK09/SES097/SA097S11	SES206	-1.33337	3.73218	5.06555
BLOCK09/SES097/SA097S11	SES226	0.256046	5.3216	5.06555
BLOCK09/SES097/SA097S14	SES062	-2.40627	3.04811	5.45438
BLOCK09/SES097/SA097S14	SES099	-0.767433	4.68695	5.45438
BLOCK09/SES097/SA097S14	SES104	-1.2604	4.19397	5.45438
BLOCK09/SES097/SA097S14	SES206	-2.05072	3.40366	5.45438
BLOCK09/SES097/SA097S22	SES099	-0.0805817	4.84736	4.92794
BLOCK09/SES097/SA097S22	SES206	-1.31002	3.61792	4.92794
BLOCK09/SES097/SA097S22	SES226	-2.06818	2.85977	4.92794
BLOCK09/SES097/SA097S22	SES270	-0.502714	4.42523	4.92794
BLOCK09/SES097/SA097S26	SES099	-0.356265	4.59443	4.95069
BLOCK09/SES097/SA097S26	SES120	-1.3199	3.6308	4.95069
BLOCK09/SES097/SA097S26	SES206	-1.88657	3.06412	4.95069
BLOCK09/SES097/SA097S26	SES226	-1.76253	3.18817	4.95069
BLOCK09/SES097/SA097S28	SES099	-0.896204	4.99868	5.89489
BLOCK09/SES097/SA097S28	SES120	-1.67336	4.22152	5.89489
BLOCK09/SES097/SA097S28	SES206	-2.16183	3.73305	5.89489
BLOCK09/SES097/SA097S28	SES226	-2.19346	3.70143	5.89489
BLOCK09/SES098/SA098S11	SES127	-1.21992	4.50154	5.72146
BLOCK09/SES098/SA098S11	SES144	-0.983481	4.73798	5.72146
BLOCK09/SES098/SA098S11	SES147	-0.488755	5.2327	5.72146
BLOCK09/SES098/SA098S11	SES148	-3.54612	2.17534	5.72146
BLOCK09/SES098/SA098S12	SES127	-3.03782	1.43821	4.47603
BLOCK09/SES098/SA098S12	SES144	-2.29939	2.17664	4.47603
BLOCK09/SES098/SA098S12	SES147	-1.78803	2.688	4.47603
BLOCK09/SES098/SA098S12	SES189	-2.5902	1.88582	4.47603
BLOCK09/SES098/SA098S20	SES127	-2.97684	2.40131	5.37814
BLOCK09/SES098/SA098S20	SES147	-2.206	3.17214	5.37814
BLOCK09/SES098/SA098S20	SES148	-2.88338	2.49476	5.37814
BLOCK09/SES098/SA098S20	SES292	-1.5531	3.82505	5.37814
BLOCK09/SES098/SA098S23	SES127	-1.48892	3.73846	5.22738
BLOCK09/SES098/SA098S23	SES147	-1.25737	3.97001	5.22738
BLOCK09/SES098/SA098S23	SES187	-1.35333	3.87405	5.22738
BLOCK09/SES098/SA098S23	SES292	-1.38126	3.84612	5.22738
BLOCK09/SES098/SA098S27	SES127	-3.13448	2.42833	5.56281
BLOCK09/SES098/SA098S27	SES147	-3.05373	2.50908	5.56281
BLOCK09/SES098/SA098S27	SES148	-3.86227	1.70054	5.56281
BLOCK09/SES098/SA098S27	SES292	-0.361467	5.20134	5.56281
BLOCK10/SES102/SA102S13	SES101	-0.921109	4.48997	5.41108
BLOCK10/SES102/SA102S13	SES105	-1.0267	4.38438	5.41108
BLOCK10/SES102/SA102S13	SES120	-1.84721	3.56387	5.41108
BLOCK10/SES102/SA102S13	SES158	-2.69332	2.71776	5.41108
BLOCK10/SES102/SA102S14	SES007	-0.269536	7.05026	7.31979
BLOCK10/SES102/SA102S14	SES101	-0.543629	6.77617	7.31979
BLOCK10/SES102/SA102S14	SES105	-0.190915	7.12888	7.31979
BLOCK10/SES102/SA102S14	SES147	-2.89267	4.42712	7.31979
BLOCK10/SES102/SA102S22	SES007	-1.69992	4.60545	6.30537
BLOCK10/SES102/SA102S22	SES101	-0.444909	5.86046	6.30537
BLOCK10/SES102/SA102S22	SES105	-0.816814	5.48855	6.30537
BLOCK10/SES102/SA102S22	SES158	-2.70343	3.60194	6.30537
BLOCK10/SES102/SA102S25	SES007	-0.881968	5.55735	6.43932
BLOCK10/SES102/SA102S25	SES101	-0.176497	6.26282	6.43932
BLOCK10/SES102/SA102S25	SES105	-0.832779	5.60654	6.43932
BLOCK10/SES102/SA102S25	SES147	-2.88369	3.55563	6.43932
BLOCK10/SES102/SA102S27	SES007	-1.33467	4.55838	5.89305
BLOCK10/SES102/SA102S27	SES101	-0.437803	5.45525	5.89305
BLOCK10/SES102/SA102S27	SES105	-1.15293	4.74012	5.89305
BLOCK10/SES102/SA102S27	SES147	-2.84208	3.05097	5.89305
BLOCK10/SES103/SA103S14	SES105	-2.8397	1.3346	4.17431
BLOCK10/SES103/SA103S14	SES106	-1.77005	2.40425	4.17431
BLOCK10/SES103/SA103S14	SES120	-2.46984	1.70447	4.17431
BLOCK10/SES103/SA103S14	SES206	-2.66371	1.51059	4.17431
BLOCK10/SES103/SA103S15	SES099	-2.05186	1.20685	3.2587
BLOCK10/SES103/SA103S15	SES101	-4.44961	-1.1909	3.2587
BLOCK10/SES103/SA103S15	SES104	-2.07088	1.18782	3.2587
BLOCK10/SES103/SA103S15	SES125	-2.94793	0.310776	3.2587
BLOCK10/SES103/SA103S24	SES104	-2.37584	1.84679	4.22264
BLOCK10/SES103/SA103S24	SES125	-3.58265	0.639992	4.22264
BLOCK10/SES103/SA103S24	SES148	-3.68298	0.539661	4.22264
BLOCK10/SES103/SA103S24	SES158	-1.75642	2.46622	4.22264
BLOCK10/SES103/SA103S26	SES104	-1.75025	2.61317	4.36342
BLOCK10/SES103/SA103S26	SES106	-0.798815	3.5646	4.36342
BLOCK10/SES103/SA103S26	SES125	-2.27883	2.08459	4.36342
BLOCK10/SES103/SA103S26	SES148	-3.17746	1.18595	4.36342
BLOCK10/SES103/SA103S28	SES104	-1.70578	2.46432	4.1701
BLOCK10/SES103/SA103S28	SES106	-1.27945	2.89065	4.1701
BLOCK10/SES103/SA103S28	SES125	-1.7766	2.3935	4.1701
BLOCK10/SES103/SA103S28	SES206	-2.96365	1.20645	4.1701
BLOCK12/SES121/SA121S12	SES042	-1.84307	2.14615	3.98922
BLOCK12/SES121/SA121S12	SES087	-1.99622	1.993	3.98922
BLOCK12/SES121/SA121S12	SES105	-1.48107	2.50815	3.98922
BLOCK12/SES121/SA121S12	SES206	-1.1464	2.84282	3.98922
BLOCK12/SES121/SA121S14	SES007	-2.63065	0.424662	3.05531
BLOCK12/SES121/SA121S14	SES105	-3.74845	-0.693134	3.05531
BLOCK12/SES121/SA121S14	SES106	-2.90143	0.153882	3.05531
BLOCK12/SES121/SA121S14	SES206	-1.85451	1.2008	3.05531
BLOCK12/SES121/SA121S23	SES105	-3.48237	-0.188799	3.29357
BLOCK12/SES121/SA121S23	SES106	-1.99524	1.29833	3.29357
BLOCK12/SES121/SA121S23	SES120	-2.57469	0.718887	3.29357
BLOCK12/SES121/SA121S23	SES206	-0.759361	2.53421	3.29357
BLOCK12/SES121/SA121S25	SES007	-2.65913	0.137097	2.79623
BLOCK12/SES121/SA121S25	SES105	-3.99076	-1.19454	2.79623
BLOCK12/SES121/SA121S25	SES106	-3.49745	-0.701229	2.79623
BLOCK12/SES121/SA121S25	SES206	-2.04656	0.749669	2.79623
BLOCK12/SES121/SA121S27	SES087	-1.25074	2.72562	3.97636
BLOCK12/SES121/SA121S27	SES105	-4.60738	-0.63102	3.97636
BLOCK12/SES121/SA121S27	SES120	-1.06927	2.9071	3.97636
BLOCK12/SES121/SA121S27	SES206	-0.13869	3.83767	3.97636
BLOCK12/SES124/SA124S16	SES042	-0.566471	5.42049	5.98696
BLOCK12/SES124/SA124S16	SES082	-1.59892	4.38804	5.98696
BLOCK12/SES124/SA124S16	SES183	-2.78408	3.20288	5.98696
BLOCK12/SES124/SA124S16	SES206	-1.70312	4.28384	5.98696
BLOCK12/SES124/SA124S17	SES105	-2.05767	2.79712	4.85479
BLOCK12/SES124/SA124S17	SES149	-3.49891	1.35588	4.85479
BLOCK12/SES124/SA124S17	SES158	-3.67491	1.17988	4.85479
BLOCK12/SES124/SA124S17	SES275	-1.47054	3.38425	4.85479
BLOCK12/SES124/SA124S23	SES105	-2.14366	5.24894	7.3926
BLOCK12/SES124/SA124S23	SES125	-0.0979757	7.29462	7.3926
BLOCK12/SES124/SA124S23	SES129	-4.07372	3.31888	7.3926
BLOCK12/SES124/SA124S23	SES158	-0.466356	6.92624	7.3926
BLOCK12/SES124/SA124S26	SES105	-3.61256	2.53872	6.15128
BLOCK12/SES124/SA124S26	SES125	-0.93331	5.21797	6.15128
BLOCK12/SES124/SA124S26	SES129	-4.72226	1.42902	6.15128
BLOCK12/SES124/SA124S26	SES158	-1.82453	4.32675	6.15128
BLOCK12/SES124/SA124S28	SES104	-0.259914	5.99854	6.25845
BLOCK12/SES124/SA124S28	SES106	-1.67722	4.58124	6.25845
BLOCK12/SES124/SA124S28	SES125	-1.18669	5.07176	6.25845
BLOCK12/SES124/SA124S28	SES275	-2.29923	3.95923	6.25845
BLOCK12/SES126/SA126S13	SES007	-1.49852	4.57915	6.07767
BLOCK12/SES126/SA126S13	SES162	-1.74685	4.33082	6.07767
BLOCK12/SES126/SA126S13	SES177	-0.786423	5.29125	6.07767
BLOCK12/SES126/SA126S13	SES180	-1.87016	4.20751	6.07767
BLOCK12/SES126/SA126S14	SES144	-1.1495	5.68207	6.83158
BLOCK12/SES126/SA126S14	SES148	-2.05047	4.7811	6.83158
BLOCK12/SES126/SA126S14	SES177	-0.415575	6.416	6.83158
BLOCK12/SES126/SA126S14	SES180	-1.72013	5.11145	6.83158
BLOCK12/SES126/SA126S20	SES007	-0.693444	6.16961	6.86306
BLOCK12/SES126/SA126S20	SES162	-1.83655	5.02651	6.86306
BLOCK12/SES126/SA126S20	SES172	-2.01498	4.84807	6.86306
BLOCK12/SES126/SA126S20	SES180	-2.3737	4.48935	6.86306
BLOCK12/SES126/SA126S24	SES120	-0.187896	6.20576	6.39366
BLOCK12/SES126/SA126S24	SES162	-1.51329	4.88037	6.39366
BLOCK12/SES126/SA126S24	SES177	-0.260268	6.13339	6.39366
BLOCK12/SES126/SA126S24	SES180	-1.30531	5.08835	6.39366
BLOCK12/SES126/SA126S26	SES120	-0.808622	4.86862	5.67724
BLOCK12/SES126/SA126S26	SES177	-0.96386	4.71338	5.67724
BLOCK12/SES126/SA126S26	SES180	-1.85394	3.82331	5.67724
BLOCK12/SES126/SA126S26	SES202	-1.58387	4.09337	5.67724
BLOCK12/SES128/SA128S10	SES087	-3.45615	1.6694	5.12555
BLOCK12/SES128/SA128S10	SES206	-1.87753	3.24802	5.12555
BLOCK12/SES128/SA128S10	SES226	-0.94046	4.18509	5.12555
BLOCK12/SES128/SA128S10	SES270	-0.722049	4.4035	5.12555
BLOCK12/SES128/SA128S12	SES120	-2.2016	3.34482	5.54642
BLOCK12/SES128/SA128S12	SES158	-2.40461	3.14181	5.54642
BLOCK12/SES128/SA128S12	SES206	-1.88258	3.66384	5.54642
BLOCK12/SES128/SA128S12	SES226	-2.42754	3.11888	5.54642
BLOCK12/SES128/SA128S21	SES106	-1.95885	3.01189	4.97074
BLOCK12/SES128/SA128S21	SES120	-2.67595	2.29479	4.97074
BLOCK12/SES128/SA128S21	SES206	-2.04782	2.92292	4.97074
BLOCK12/SES128/SA128S21	SES226	-0.376143	4.59459	4.97074
BLOCK12/SES128/SA128S24	SES087	-1.81447	3.69271	5.50718
BLOCK12/SES128/SA128S24	SES120	-1.74199	3.76519	5.50718
BLOCK12/SES128/SA128S24	SES206	-1.05283	4.45435	5.50718
BLOCK12/SES128/SA128S24	SES226	-2.11744	3.38974	5.50718
BLOCK12/SES128/SA128S27	SES099	-0.470792	5.72949	6.20029
BLOCK12/SES128/SA128S27	SES120	-0.951849	5.24844	6.20029
BLOCK12/SES128/SA128S27	SES206	-0.645809	5.55448	6.20029
BLOCK12/SES128/SA128S27	SES226	-0.987794	5.21249	6.20029
BLOCK13/SES130/SA130S13	SES143	-0.941887	3.83997	4.78186
BLOCK13/SES130/SA130S13	SES144	-0.222594	4.55926	4.78186
BLOCK13/SES130/SA130S13	SES146	-2.22925	2.5526	4.78186
BLOCK13/SES130/SA130S13	SES275	-2.5371	2.24476	4.78186
BLOCK13/SES130/SA130S15	SES143	-1.65839	4.99274	6.65114
BLOCK13/SES130/SA130S15	SES144	0.547081	7.19822	6.65114
BLOCK13/SES130/SA130S15	SES146	-0.616017	6.03512	6.65114
BLOCK13/SES130/SA130S15	SES275	-0.961093	5.69004	6.65114
BLOCK13/SES130/SA130S23	SES127	-2.08262	3.08441	5.16704
BLOCK13/SES130/SA130S23	SES144	-0.962966	4.20407	5.16704
BLOCK13/SES130/SA130S23	SES146	-1.67427	3.49276	5.16704
BLOCK13/SES130/SA130S23	SES162	-0.504565	4.66247	5.16704
BLOCK13/SES130/SA130S25	SES127	-0.765403	5.13778	5.90319
BLOCK13/SES130/SA130S25	SES144	-0.317318	5.58587	5.90319
BLOCK13/SES130/SA130S25	SES146	-1.2294	4.67379	5.90319
BLOCK13/SES130/SA130S25	SES275	-1.00783	4.89536	5.90319
BLOCK13/SES130/SA130S28	SES127	-1.6926	4.05497	5.74756
BLOCK13/SES130/SA130S28	SES144	-0.826179	4.92138	5.74756
BLOCK13/SES130/SA130S28	SES146	-0.84535	4.90221	5.74756
BLOCK13/SES130/SA130S28	SES275	-0.718649	5.02891	5.74756
BLOCK13/SES131/SA131S13	SES002	-2.08661	1.38313	3.46974
BLOCK13/SES131/SA131S13	SES007	-2.65318	0.816565	3.46974
BLOCK13/SES131/SA131S13	SES099	-1.32304	2.1467	3.46974
BLOCK13/SES131/SA131S13	SES105	-2.54964	0.920103	3.46974
BLOCK13/SES131/SA131S14	SES104	-1.11307	4.77799	5.89105
BLOCK13/SES131/SA131S14	SES106	-1.53958	4.35147	5.89105
BLOCK13/SES131/SA131S14	SES125	-2.22045	3.67061	5.89105
BLOCK13/SES131/SA131S14	SES148	-1.26178	4.62927	5.89105
BLOCK13/SES131/SA131S20	SES104	-2.37565	1.74419	4.11984
BLOCK13/SES131/SA131S20	SES106	-1.99961	2.12023	4.11984
BLOCK13/SES131/SA131S20	SES125	-3.10303	1.01681	4.11984
BLOCK13/SES131/SA131S20	SES148	-3.57692	0.542923	4.11984
BLOCK13/SES131/SA131S22	SES099	-1.1409	4.80958	5.95048
BLOCK13/SES131/SA131S22	SES104	-1.5029	4.44758	5.95048
BLOCK13/SES131/SA131S22	SES125	-3.13006	2.82042	5.95048
BLOCK13/SES131/SA131S22	SES206	-2.00359	3.94689	5.95048
BLOCK13/SES131/SA131S29	SES087	-2.01952	2.32729	4.34681
BLOCK13/SES131/SA131S29	SES104	-2.77497	1.57184	4.34681
BLOCK13/SES131/SA131S29	SES125	-3.34246	1.00435	4.34681
BLOCK13/SES131/SA131S29	SES206	-1.84784	2.49897	4.34681
BLOCK13/SES132/SA132S11	SES083	-2.59952	3.6604	6.25992
BLOCK13/SES132/SA132S11	SES120	-0.0627828	6.19714	6.25992
BLOCK13/SES132/SA132S11	SES127	-1.72934	4.53058	6.25992
BLOCK13/SES132/SA132S11	SES275	-1.55094	4.70898	6.25992
BLOCK13/SES132/SA132S12	SES083	-2.40121	4.89812	7.29933
BLOCK13/SES132/SA132S12	SES143	-2.31511	4.98423	7.29933
BLOCK13/SES132/SA132S12	SES144	-1.34651	5.95282	7.29933
BLOCK13/SES132/SA132S12	SES148	-0.633471	6.66586	7.29933
BLOCK13/SES132/SA132S22	SES062	-1.04936	4.64881	5.69817
BLOCK13/SES132/SA132S22	SES083	-2.79831	2.89986	5.69817
BLOCK13/SES132/SA132S22	SES127	-1.72079	3.97738	5.69817
BLOCK13/SES132/SA132S22	SES275	-0.834276	4.86389	5.69817
BLOCK13/SES132/SA132S24	SES007	-0.976614	6.13578	7.11239
BLOCK13/SES132/SA132S24	SES083	-2.90682	4.20557	7.11239
BLOCK13/SES132/SA132S24	SES127	-2.58087	4.53153	7.11239
BLOCK13/SES132/SA132S24	SES275	-0.87852	6.23387	7.11239
BLOCK13/SES132/SA132S27	SES083	-3.33718	2.00972	5.3469
BLOCK13/SES132/SA132S27	SES120	-0.15956	5.18734	5.3469
BLOCK13/SES132/SA132S27	SES127	-2.42138	2.92551	5.3469
BLOCK13/SES132/SA132S27	SES275	-2.05016	3.29674	5.3469
BLOCK14/SES141/SA141S09	SES143	-1.60048	5.43624	7.03673
BLOCK14/SES141/SA141S09	SES144	-0.973444	6.06329	7.03673
BLOCK14/SES141/SA141S09	SES162	-1.43861	5.59812	7.03673
BLOCK14/SES141/SA141S09	SES180	-1.62426	5.41247	7.03673
BLOCK14/SES141/SA141S15	SES127	-1.90232	4.82717	6.72949
BLOCK14/SES141/SA141S15	SES144	-1.21075	5.51874	6.72949
BLOCK14/SES141/SA141S15	SES162	-1.92147	4.80802	6.72949
BLOCK14/SES141/SA141S15	SES180	-1.51723	5.21226	6.72949
BLOCK14/SES141/SA141S24	SES127	-1.30058	5.58945	6.89003
BLOCK14/SES141/SA141S24	SES144	-1.30958	5.58046	6.89003
BLOCK14/SES141/SA141S24	SES162	-1.60155	5.28848	6.89003
BLOCK14/SES141/SA141S24	SES183	-2.15434	4.73569	6.89003
BLOCK14/SES141/SA141S26	SES142	-1.55283	4.46382	6.01665
BLOCK14/SES141/SA141S26	SES144	-1.22723	4.78942	6.01665
BLOCK14/SES141/SA141S26	SES172	-0.943066	5.07358	6.01665
BLOCK14/SES141/SA141S26	SES180	-1.4916	4.52505	6.01665
BLOCK14/SES141/SA141S29	SES127	-0.686235	6.18667	6.87291
BLOCK14/SES141/SA141S29	SES142	-0.691884	6.18102	6.87291
BLOCK14/SES141/SA141S29	SES144	-0.998091	5.87481	6.87291
BLOCK14/SES141/SA141S29	SES180	-1.41523	5.45767	6.87291
BLOCK15/SES157/SA157S08	SES083	-1.70664	4.76987	6.47651
BLOCK15/SES157/SA157S08	SES127	-1.44604	5.03047	6.47651
BLOCK15/SES157/SA157S08	SES148	-0.808612	5.6679	6.47651
BLOCK15/SES157/SA157S08	SES292	-2.46005	4.01646	6.47651
BLOCK15/SES157/SA157S11	SES083	-2.05572	4.15749	6.21321
BLOCK15/SES157/SA157S11	SES127	-1.00156	5.21165	6.21321
BLOCK15/SES157/SA157S11	SES148	-1.41041	4.8028	6.21321
BLOCK15/SES157/SA157S11	SES292	-2.1592	4.05401	6.21321
BLOCK15/SES157/SA157S21	SES127	-0.613419	5.80771	6.42113
BLOCK15/SES157/SA157S21	SES148	-0.482779	5.93835	6.42113
BLOCK15/SES157/SA157S21	SES158	-5.48387	0.937261	6.42113
BLOCK15/SES157/SA157S21	SES292	-1.70896	4.71217	6.42113
BLOCK15/SES157/SA157S24	SES127	-1.04454	5.4602	6.50474
BLOCK15/SES157/SA157S24	SES148	-0.895876	5.60886	6.50474
BLOCK15/SES157/SA157S24	SES183	-1.36344	5.1413	6.50474
BLOCK15/SES157/SA157S24	SES292	-2.16499	4.33975	6.50474
BLOCK15/SES157/SA157S26	SES007	-0.868072	5.78074	6.64881
BLOCK15/SES157/SA157S26	SES127	-0.711157	5.93766	6.64881
BLOCK15/SES157/SA157S26	SES147	-1.87786	4.77095	6.64881
BLOCK15/SES157/SA157S26	SES148	-0.9064	5.74241	6.64881
BLOCK16/SES161/SA161S10	SES007	-1.87142	3.27878	5.1502
BLOCK16/SES161/SA161S10	SES105	-1.96826	3.18193	5.1502
BLOCK16/SES161/SA161S10	SES158	-2.52802	2.62217	5.1502
BLOCK16/SES161/SA161S10	SES275	-1.53507	3.61513	5.1502
BLOCK16/SES161/SA161S12	SES007	-2.44751	2.70063	5.14814
BLOCK16/SES161/SA161S12	SES105	-2.45605	2.6921	5.14814
BLOCK16/SES161/SA161S12	SES158	-1.47085	3.67729	5.14814
BLOCK16/SES161/SA161S12	SES275	-1.22318	3.92496	5.14814
BLOCK16/SES161/SA161S20	SES007	-2.02788	2.50393	4.53181
BLOCK16/SES161/SA161S20	SES105	-3.73976	0.792049	4.53181
BLOCK16/SES161/SA161S20	SES158	-1.36137	3.17044	4.53181
BLOCK16/SES161/SA161S20	SES275	-2.58254	1.94927	4.53181
BLOCK16/SES161/SA161S23	SES007	-2.48975	2.79091	5.28066
BLOCK16/SES161/SA161S23	SES105	-1.28808	3.99257	5.28066
BLOCK16/SES161/SA161S23	SES148	-2.12189	3.15877	5.28066
BLOCK16/SES161/SA161S23	SES158	-1.96024	3.32041	5.28066
BLOCK16/SES161/SA161S28	SES007	-2.44442	2.70087	5.14529
BLOCK16/SES161/SA161S28	SES105	-3.10073	2.04456	5.14529
BLOCK16/SES161/SA161S28	SES158	-0.871661	4.27363	5.14529
BLOCK16/SES161/SA161S28	SES206	-1.05898	4.08631	5.14529
BLOCK16/SES164/SA164S11	SES104	-2.14579	2.56683	4.71263
BLOCK16/SES164/SA164S11	SES125	-2.22435	2.48827	4.71263
BLOCK16/SES164/SA164S11	SES158	0.18137	4.894	4.71263
BLOCK16/SES164/SA164S11	SES206	-2.84246	1.87017	4.71263
BLOCK16/SES164/SA164S13	SES099	-1.93811	2.16385	4.10196
BLOCK16/SES164/SA164S13	SES104	-1.99794	2.10402	4.10196
BLOCK16/SES164/SA164S13	SES125	-2.87133	1.23063	4.10196
BLOCK16/SES164/SA164S13	SES206	-2.42027	1.68169	4.10196
BLOCK16/SES164/SA164S24	SES002	-0.182907	3.98937	4.17228
BLOCK16/SES164/SA164S24	SES099	-1.00822	3.16406	4.17228
BLOCK16/SES164/SA164S24	SES125	-3.13745	1.03483	4.17228
BLOCK16/SES164/SA164S24	SES226	-0.310264	3.86202	4.17228
BLOCK16/SES164/SA164S27	SES087	-2.54556	0.927806	3.47336
BLOCK16/SES164/SA164S27	SES125	-1.94749	1.52587	3.47336
BLOCK16/SES164/SA164S27	SES206	-2.48098	0.99238	3.47336
BLOCK16/SES164/SA164S27	SES226	-0.831171	2.64219	3.47336
BLOCK16/SES164/SA164S29	SES002	0.525199	3.95399	3.42879
BLOCK16/SES164/SA164S29	SES019	-2.24023	1.18857	3.42879
BLOCK16/SES164/SA164S29	SES125	-2.30349	1.1253	3.42879
BLOCK16/SES164/SA164S29	SES226	-1.30673	2.12206	3.42879
BLOCK16/SES169/SA169S13	SES117	-0.9008	5.15442	6.05522
BLOCK16/SES169/SA169S13	SES144	-0.973598	5.08162	6.05522
BLOCK16/SES169/SA169S13	SES146	-1.28382	4.77139	6.05522
BLOCK16/SES169/SA169S13	SES162	-0.949257	5.10596	6.05522
BLOCK16/SES169/SA169S14	SES144	-1.20572	6.32862	7.53434
BLOCK16/SES169/SA169S14	SES148	-1.36866	6.16568	7.53434
BLOCK16/SES169/SA169S14	SES177	-0.251515	7.28283	7.53434
BLOCK16/SES169/SA169S14	SES180	-1.94066	5.59368	7.53434
BLOCK16/SES169/SA169S24	SES117	-1.63375	3.21157	4.84532
BLOCK16/SES169/SA169S24	SES144	-1.30718	3.53814	4.84532
BLOCK16/SES169/SA169S24	SES146	-1.14666	3.69866	4.84532
BLOCK16/SES169/SA169S24	SES162	-1.46972	3.3756	4.84532
BLOCK16/SES169/SA169S27	SES127	-1.52575	4.1401	5.66585
BLOCK16/SES169/SA169S27	SES129	-1.24095	4.4249	5.66585
BLOCK16/SES169/SA169S27	SES144	-1.62831	4.03754	5.66585
BLOCK16/SES169/SA169S27	SES146	-0.574018	5.09184	5.66585
BLOCK16/SES169/SA169S29	SES144	-0.306478	6.89438	7.20085
BLOCK16/SES169/SA169S29	SES162	-0.346135	6.85472	7.20085
BLOCK16/SES169/SA169S29	SES177	-1.17881	6.02205	7.20085
BLOCK16/SES169/SA169S29	SES180	-1.14124	6.05961	7.20085
BLOCK17/SES171/SA171S12	SES083	-1.73047	2.92313	4.6536
BLOCK17/SES171/SA171S12	SES148	-2.04615	2.60745	4.6536
BLOCK17/SES171/SA171S12	SES172	-1.24552	3.40808	4.6536
BLOCK17/SES171/SA171S12	SES292	-3.82037	0.833227	4.6536
BLOCK17/SES171/SA171S15	SES148	-1.15729	4.20044	5.35773
BLOCK17/SES171/SA171S15	SES177	-1.12945	4.22828	5.35773
BLOCK17/SES171/SA171S15	SES180	-2.66339	2.69434	5.35773
BLOCK17/SES171/SA171S15	SES292	-1.90032	3.45741	5.35773
BLOCK17/SES171/SA171S22	SES007	-1.92669	5.22037	7.14707
BLOCK17/SES171/SA171S22	SES148	-1.45361	5.69345	7.14707
BLOCK17/SES171/SA171S22	SES177	-0.945223	6.20184	7.14707
BLOCK17/SES171/SA171S22	SES180	-3.0083	4.13877	7.14707
BLOCK17/SES171/SA171S25	SES101	-1.17475	4.19935	5.3741
BLOCK17/SES171/SA171S25	SES120	-3.60452	1.76958	5.3741
BLOCK17/SES171/SA171S25	SES177	-1.44398	3.93012	5.3741
BLOCK17/SES171/SA171S25	SES180	-2.30459	3.06951	5.3741
BLOCK17/SES171/SA171S27	SES177	-0.671554	4.80347	5.47503
BLOCK17/SES171/SA171S27	SES180	-2.43973	3.0353	5.47503
BLOCK17/SES171/SA171S27	SES189	-0.180394	5.29463	5.47503
BLOCK17/SES171/SA171S27	SES292	-2.48599	2.98903	5.47503
BLOCK17/SES173/SA173S13	SES162	-4.7052	1.50518	6.21038
BLOCK17/SES173/SA173S13	SES177	-2.05984	4.15054	6.21038
BLOCK17/SES173/SA173S13	SES180	-4.65435	1.55603	6.21038
BLOCK17/SES173/SA173S13	SES292	-0.755037	5.45534	6.21038
BLOCK17/SES173/SA173S14	SES007	-1.02663	5.33415	6.36078
BLOCK17/SES173/SA173S14	SES162	-4.02994	2.33084	6.36078
BLOCK17/SES173/SA173S14	SES177	-1.44538	4.9154	6.36078
BLOCK17/SES173/SA173S14	SES180	-4.23838	2.1224	6.36078
BLOCK17/SES173/SA173S24	SES144	-2.20647	3.14522	5.35168
BLOCK17/SES173/SA173S24	SES162	-3.42774	1.92394	5.35168
BLOCK17/SES173/SA173S24	SES177	-1.06241	4.28927	5.35168
BLOCK17/SES173/SA173S24	SES180	-3.99128	1.3604	5.35168
BLOCK17/SES173/SA173S27	SES162	-4.16681	2.22401	6.39082
BLOCK17/SES173/SA173S27	SES177	-1.76266	4.62816	6.39082
BLOCK17/SES173/SA173S27	SES180	-2.54317	3.84765	6.39082
BLOCK17/SES173/SA173S27	SES292	-0.836877	5.55394	6.39082
BLOCK17/SES173/SA173S29	SES162	-3.55979	2.1087	5.66849
BLOCK17/SES173/SA173S29	SES175	-1.31265	4.35584	5.66849
BLOCK17/SES173/SA173S29	SES177	-0.848584	4.8199	5.66849
BLOCK17/SES173/SA173S29	SES292	-2.19479	3.4737	5.66849
BLOCK18/SES182/SA182S10	SES144	-1.09805	4.59687	5.69492
BLOCK18/SES182/SA182S10	SES177	-1.78422	3.9107	5.69492
BLOCK18/SES182/SA182S10	SES180	-3.01444	2.68049	5.69492
BLOCK18/SES182/SA182S10	SES275	-1.0007	4.69422	5.69492
BLOCK18/SES182/SA182S12	SES144	-0.291722	6.85488	7.1466
BLOCK18/SES182/SA182S12	SES177	-0.831152	6.31545	7.1466
BLOCK18/SES182/SA182S12	SES180	-1.27457	5.87203	7.1466
BLOCK18/SES182/SA182S12	SES275	-0.266005	6.8806	7.1466
BLOCK18/SES182/SA182S21	SES117	-1.6432	3.51722	5.16042
BLOCK18/SES182/SA182S21	SES144	-1.31827	3.84215	5.16042
BLOCK18/SES182/SA182S21	SES162	-1.21712	3.9433	5.16042
BLOCK18/SES182/SA182S21	SES180	-3.13092	2.0295	5.16042
BLOCK18/SES182/SA182S23	SES117	-1.78378	3.31518	5.09896
BLOCK18/SES182/SA182S23	SES144	-1.54794	3.55102	5.09896
BLOCK18/SES182/SA182S23	SES180	-2.5997	2.49926	5.09896
BLOCK18/SES182/SA182S23	SES275	0.537735	5.6367	5.09896
BLOCK18/SES182/SA182S25	SES007	-0.193764	4.70028	4.89405
BLOCK18/SES182/SA182S25	SES162	-0.822219	4.07183	4.89405
BLOCK18/SES182/SA182S25	SES177	-0.927923	3.96612	4.89405
BLOCK18/SES182/SA182S25	SES180	-2.59855	2.29549	4.89405
BLOCK18/SES184/SA184S12	SES177	-2.45925	3.12483	5.58408
BLOCK18/SES184/SA184S12	SES180	-1.66146	3.92262	5.58408
BLOCK18/SES184/SA184S12	SES189	-1.05583	4.52824	5.58408
BLOCK18/SES184/SA184S12	SES292	-1.15841	4.42567	5.58408
BLOCK18/SES184/SA184S13	SES101	-1.47668	4.21135	5.68803
BLOCK18/SES184/SA184S13	SES177	-1.37623	4.3118	5.68803
BLOCK18/SES184/SA184S13	SES180	-1.8257	3.86233	5.68803
BLOCK18/SES184/SA184S13	SES292	-1.53613	4.1519	5.68803
BLOCK18/SES184/SA184S22	SES177	-2.53644	3.06299	5.59942
BLOCK18/SES184/SA184S22	SES180	-1.45708	4.14234	5.59942
BLOCK18/SES184/SA184S22	SES189	-1.69136	3.90806	5.59942
BLOCK18/SES184/SA184S22	SES292	-2.19924	3.40018	5.59942
BLOCK18/SES184/SA184S25	SES101	-1.08775	5.67305	6.7608
BLOCK18/SES184/SA184S25	SES177	-2.52651	4.23429	6.7608
BLOCK18/SES184/SA184S25	SES180	-1.91666	4.84414	6.7608
BLOCK18/SES184/SA184S25	SES292	-1.51779	5.24301	6.7608
BLOCK18/SES184/SA184S27	SES083	-1.20794	4.55408	5.76202
BLOCK18/SES184/SA184S27	SES177	-0.850849	4.91117	5.76202
BLOCK18/SES184/SA184S27	SES202	-1.32024	4.44178	5.76202
BLOCK18/SES184/SA184S27	SES292	-1.12414	4.63788	5.76202
BLOCK20/SES204/SA204S12	SES062	-0.801117	5.81088	6.612
BLOCK20/SES204/SA204S12	SES083	-3.04384	3.56816	6.612
BLOCK20/SES204/SA204S12	SES206	-0.608118	6.00388	6.612
BLOCK20/SES204/SA204S12	SES226	-1.98044	4.63156	6.612
BLOCK20/SES204/SA204S14	SES068	-0.79088	6.76445	7.55533
BLOCK20/SES204/SA204S14	SES087	0.127969	7.6833	7.55533
BLOCK20/SES204/SA204S14	SES206	-1.07867	6.47666	7.55533
BLOCK20/SES204/SA204S14	SES226	-1.75469	5.80063	7.55533
BLOCK20/SES204/SA204S22	SES068	-1.05129	5.8491	6.90039
BLOCK20/SES204/SA204S22	SES082	-2.92495	3.97544	6.90039
BLOCK20/SES204/SA204S22	SES083	-2.82214	4.07825	6.90039
BLOCK20/SES204/SA204S22	SES206	-1.20467	5.69572	6.90039
BLOCK20/SES204/SA204S25	SES062	-1.33681	5.89209	7.2289
BLOCK20/SES204/SA204S25	SES083	-2.67927	4.54962	7.2289
BLOCK20/SES204/SA204S25	SES206	-1.00753	6.22136	7.2289
BLOCK20/SES204/SA204S25	SES226	-2.40095	4.82795	7.2289
BLOCK20/SES204/SA204S27	SES068	-1.79992	4.60464	6.40455
BLOCK20/SES204/SA204S27	SES082	-2.56701	3.83755	6.40455
BLOCK20/SES204/SA204S27	SES087	-1.14926	5.25529	6.40455
BLOCK20/SES204/SA204S27	SES206	-1.89641	4.50814	6.40455
BLOCK20/SES207/SA207S10	SES127	-1.34486	4.53576	5.88062
BLOCK20/SES207/SA207S10	SES183	-0.601812	5.27881	5.88062
BLOCK20/SES207/SA207S10	SES189	-0.754961	5.12566	5.88062
BLOCK20/SES207/SA207S10	SES292	-2.14752	3.7331	5.88062
BLOCK20/SES207/SA207S11	SES127	-2.49321	3.34265	5.83587
BLOCK20/SES207/SA207S11	SES183	-1.18101	4.65485	5.83587
BLOCK20/SES207/SA207S11	SES187	-1.30652	4.52935	5.83587
BLOCK20/SES207/SA207S11	SES292	-0.969921	4.86594	5.83587
BLOCK20/SES207/SA207S25	SES068	-1.17496	4.40195	5.57691
BLOCK20/SES207/SA207S25	SES083	-1.46468	4.11223	5.57691
BLOCK20/SES207/SA207S25	SES127	-1.17807	4.39885	5.57691
BLOCK20/SES207/SA207S25	SES187	-0.763917	4.81299	5.57691
BLOCK20/SES207/SA207S27	SES127	-1.75099	3.46832	5.21932
BLOCK20/SES207/SA207S27	SES183	-1.05918	4.16014	5.21932
BLOCK20/SES207/SA207S27	SES187	-1.23135	3.98797	5.21932
BLOCK20/SES207/SA207S27	SES292	-1.90777	3.31155	5.21932
BLOCK20/SES207/SA207S29	SES083	-2.16804	4.00382	6.17187
BLOCK20/SES207/SA207S29	SES085	-2.24701	3.92485	6.17187
BLOCK20/SES207/SA207S29	SES172	-0.929041	5.24283	6.17187
BLOCK20/SES207/SA207S29	SES189	-1.84543	4.32644	6.17187
BLOCK22/SES221/SA221S12	SES068	-0.251169	6.82519	7.07636
BLOCK22/SES221/SA221S12	SES143	-2.44349	4.63287	7.07636
BLOCK22/SES221/SA221S12	SES175	-1.52685	5.54951	7.07636
BLOCK22/SES221/SA221S12	SES202	-1.10954	5.96681	7.07636
BLOCK22/SES221/SA221S15	SES085	-1.21182	5.46837	6.68019
BLOCK22/SES221/SA221S15	SES143	-3.0512	3.62899	6.68019
BLOCK22/SES221/SA221S15	SES175	-1.42912	5.25107	6.68019
BLOCK22/SES221/SA221S15	SES187	-1.74011	4.94008	6.68019
BLOCK22/SES221/SA221S23	SES068	-0.0936866	6.75327	6.84696
BLOCK22/SES221/SA221S23	SES143	-2.34462	4.50233	6.84696
BLOCK22/SES221/SA221S23	SES175	-0.808395	6.03856	6.84696
BLOCK22/SES221/SA221S23	SES189	-1.24879	5.59816	6.84696
BLOCK22/SES221/SA221S27	SES085	-0.488597	6.00409	6.49268
BLOCK22/SES221/SA221S27	SES143	-2.39799	4.09469	6.49268
BLOCK22/SES221/SA221S27	SES175	-1.31509	5.17759	6.49268
BLOCK22/SES221/SA221S27	SES189	-0.273229	6.21945	6.49268
BLOCK22/SES221/SA221S29	SES085	-0.726512	6.26515	6.99166
BLOCK22/SES221/SA221S29	SES143	-1.86048	5.13118	6.99166
BLOCK22/SES221/SA221S29	SES175	-1.08287	5.90879	6.99166
BLOCK22/SES221/SA221S29	SES187	-1.86314	5.12852	6.99166
BLOCK22/SES223/SA223S11	SES143	-1.26078	4.3837	5.64448
BLOCK22/SES223/SA223S11	SES144	-2.47224	3.17225	5.64448
BLOCK22/SES223/SA223S11	SES175	-1.42014	4.22434	5.64448
BLOCK22/SES223/SA223S11	SES187	-1.74823	3.89626	5.64448
BLOCK22/SES223/SA223S13	SES068	-0.0358644	5.7544	5.79026
BLOCK22/SES223/SA223S13	SES143	-3.11921	2.67106	5.79026
BLOCK22/SES223/SA223S13	SES146	-2.7344	3.05587	5.79026
BLOCK22/SES223/SA223S13	SES202	-3.74953	2.04074	5.79026
BLOCK22/SES223/SA223S22	SES143	-2.24043	3.05841	5.29885
BLOCK22/SES223/SA223S22	SES144	-2.84227	2.45658	5.29885
BLOCK22/SES223/SA223S22	SES175	-0.905241	4.3936	5.29885
BLOCK22/SES223/SA223S22	SES187	-1.79879	3.50005	5.29885
BLOCK22/SES223/SA223S25	SES068	-0.569343	5.2214	5.79074
BLOCK22/SES223/SA223S25	SES143	-1.96636	3.82438	5.79074
BLOCK22/SES223/SA223S25	SES175	-1.3542	4.43654	5.79074
BLOCK22/SES223/SA223S25	SES187	-1.56764	4.2231	5.79074
BLOCK22/SES223/SA223S27	SES143	-1.17794	4.22069	5.39863
BLOCK22/SES223/SA223S27	SES146	-1.33527	4.06335	5.39863
BLOCK22/SES223/SA223S27	SES187	-1.79396	3.60467	5.39863
BLOCK22/SES223/SA223S27	SES292	0.0665483	5.46518	5.39863
BLOCK27/SES273/SA273S12	SES099	-0.633095	5.91855	6.55165
BLOCK27/SES273/SA273S12	SES104	-0.522557	6.02909	6.55165
BLOCK27/SES273/SA273S12	SES125	-2.4521	4.09955	6.55165
BLOCK27/SES273/SA273S12	SES206	-1.03852	5.51313	6.55165
BLOCK27/SES273/SA273S13	SES099	-0.714859	5.9693	6.68415
BLOCK27/SES273/SA273S13	SES104	-0.93724	5.74691	6.68415
BLOCK27/SES273/SA273S13	SES206	-1.08028	5.60387	6.68415
BLOCK27/SES273/SA273S13	SES292	-1.40404	5.28012	6.68415
BLOCK27/SES273/SA273S21	SES099	-0.928936	5.1943	6.12324
BLOCK27/SES273/SA273S21	SES148	-2.31889	3.80434	6.12324
BLOCK27/SES273/SA273S21	SES149	-1.04679	5.07645	6.12324
BLOCK27/SES273/SA273S21	SES177	-1.96618	4.15705	6.12324
BLOCK27/SES273/SA273S25	SES104	-0.969003	4.67259	5.6416
BLOCK27/SES273/SA273S25	SES125	-3.07939	2.56221	5.6416
BLOCK27/SES273/SA273S25	SES158	-0.16649	5.47511	5.6416
BLOCK27/SES273/SA273S25	SES206	-0.892373	4.74922	5.6416
BLOCK27/SES273/SA273S27	SES099	-0.33021	6.4098	6.74001
BLOCK27/SES273/SA273S27	SES104	-0.95952	5.78049	6.74001
BLOCK27/SES273/SA273S27	SES149	-0.972594	5.76742	6.74001
BLOCK27/SES273/SA273S27	SES275	-1.4231	5.31692	6.74001
BLOCK27/SES274/SA274S10	SES105	-1.99833	4.9309	6.92924
BLOCK27/SES274/SA274S10	SES125	-2.96418	3.96506	6.92924
BLOCK27/SES274/SA274S10	SES129	-0.508486	6.42075	6.92924
BLOCK27/SES274/SA274S10	SES158	-3.51625	3.41298	6.92924
BLOCK27/SES274/SA274S11	SES105	-1.25126	6.46155	7.71281
BLOCK27/SES274/SA274S11	SES149	-2.54399	5.16882	7.71281
BLOCK27/SES274/SA274S11	SES158	-1.99485	5.71796	7.71281
BLOCK27/SES274/SA274S11	SES275	-0.731481	6.98133	7.71281
BLOCK27/SES274/SA274S21	SES105	-1.99403	5.81959	7.81363
BLOCK27/SES274/SA274S21	SES129	-0.832113	6.98152	7.81363
BLOCK27/SES274/SA274S21	SES149	-1.7496	6.06403	7.81363
BLOCK27/SES274/SA274S21	SES158	-3.67037	4.14326	7.81363
BLOCK27/SES274/SA274S24	SES105	-2.02642	4.8448	6.87122
BLOCK27/SES274/SA274S24	SES129	-0.805567	6.06566	6.87122
BLOCK27/SES274/SA274S24	SES149	-3.75713	3.11409	6.87122
BLOCK27/SES274/SA274S24	SES158	-5.18897	1.68225	6.87122
BLOCK27/SES274/SA274S29	SES105	-1.6218	4.92626	6.54806
BLOCK27/SES274/SA274S29	SES106	-2.10941	4.43864	6.54806
BLOCK27/SES274/SA274S29	SES120	-1.27248	5.27557	6.54806
BLOCK27/SES274/SA274S29	SES275	-0.966103	5.58195	6.54806
BLOCK27/SES276/SA276S16	SES148	-1.82088	4.48427	6.30515
BLOCK27/SES276/SA276S16	SES172	-0.780768	5.52438	6.30515
BLOCK27/SES276/SA276S16	SES180	-3.20436	3.10079	6.30515
BLOCK27/SES276/SA276S16	SES292	-1.55103	4.75412	6.30515
BLOCK27/SES276/SA276S17	SES101	-1.44472	4.77334	6.21805
BLOCK27/SES276/SA276S17	SES177	-1.93574	4.28232	6.21805
BLOCK27/SES276/SA276S17	SES180	-2.18108	4.03698	6.21805
BLOCK27/SES276/SA276S17	SES292	-1.7509	4.46715	6.21805
BLOCK27/SES276/SA276S24	SES101	-0.109518	6.62125	6.73077
BLOCK27/SES276/SA276S24	SES177	-1.5182	5.21257	6.73077
BLOCK27/SES276/SA276S24	SES180	-2.4344	4.29637	6.73077
BLOCK27/SES276/SA276S24	SES292	-1.99535	4.73542	6.73077
BLOCK27/SES276/SA276S26	SES101	-1.3109	5.66927	6.98017
BLOCK27/SES276/SA276S26	SES177	-0.812752	6.16742	6.98017
BLOCK27/SES276/SA276S26	SES180	-0.544179	6.43599	6.98017
BLOCK27/SES276/SA276S26	SES292	-0.546806	6.43337	6.98017
BLOCK27/SES276/SA276S28	SES101	-0.372556	6.40502	6.77758
BLOCK27/SES276/SA276S28	SES177	-1.04337	5.73421	6.77758
BLOCK27/SES276/SA276S28	SES180	-0.335554	6.44203	6.77758
BLOCK27/SES276/SA276S28	SES292	-0.921213	5.85637	6.77758
BLOCK27/SES277/SA277S12	SES101	-0.187312	4.51524	4.70255
BLOCK27/SES277/SA277S12	SES177	-1.89039	2.81216	4.70255
BLOCK27/SES277/SA277S12	SES180	-3.36727	1.33528	4.70255
BLOCK27/SES277/SA277S12	SES292	-3.62415	1.0784	4.70255
BLOCK27/SES277/SA277S14	SES177	-0.921328	3.23256	4.15388
BLOCK27/SES277/SA277S14	SES180	-3.33876	0.81512	4.15388
BLOCK27/SES277/SA277S14	SES189	-0.454933	3.69895	4.15388
BLOCK27/SES277/SA277S14	SES292	-2.7836	1.37028	4.15388
BLOCK27/SES277/SA277S21	SES177	-0.789847	4.61115	5.401
BLOCK27/SES277/SA277S21	SES180	-2.25066	3.15034	5.401
BLOCK27/SES277/SA277S21	SES189	0.31234	5.71334	5.401
BLOCK27/SES277/SA277S21	SES292	-3.05701	2.34399	5.401
BLOCK27/SES277/SA277S24	SES144	-1.12644	2.21387	3.34031
BLOCK27/SES277/SA277S24	SES177	-1.73288	1.60743	3.34031
BLOCK27/SES277/SA277S24	SES180	-3.77564	-0.435334	3.34031
BLOCK27/SES277/SA277S24	SES189	-0.469149	2.87116	3.34031
BLOCK27/SES277/SA277S29	SES177	-1.74087	4.16128	5.90215
BLOCK27/SES277/SA277S29	SES180	-2.58253	3.31963	5.90215
BLOCK27/SES277/SA277S29	SES202	-1.959	3.94315	5.90215
BLOCK27/SES277/SA277S29	SES292	-3.19275	2.70941	5.90215
BLOCK27/SES279/SA279S09	SES120	-1.6885	4.3815	6.07001
BLOCK27/SES279/SA279S09	SES146	-2.42673	3.64328	6.07001
BLOCK27/SES279/SA279S09	SES206	-1.89203	4.17798	6.07001
BLOCK27/SES279/SA279S09	SES226	-2.55713	3.51288	6.07001
BLOCK27/SES279/SA279S10	SES099	-0.773669	5.17792	5.95159
BLOCK27/SES279/SA279S10	SES206	-1.23487	4.71672	5.95159
BLOCK27/SES279/SA279S10	SES226	-2.44053	3.51105	5.95159
BLOCK27/SES279/SA279S10	SES292	-1.2005	4.75108	5.95159
BLOCK27/SES279/SA279S20	SES099	-2.40493	2.74707	5.15199
BLOCK27/SES279/SA279S20	SES206	-1.61215	3.53984	5.15199
BLOCK27/SES279/SA279S20	SES226	-3.07653	2.07546	5.15199
BLOCK27/SES279/SA279S20	SES292	-0.594793	4.5572	5.15199
BLOCK27/SES279/SA279S26	SES099	-1.63887	4.03638	5.67525
BLOCK27/SES279/SA279S26	SES206	-1.47364	4.20161	5.67525
BLOCK27/SES279/SA279S26	SES226	-2.21388	3.46137	5.67525
BLOCK27/SES279/SA279S26	SES292	-0.502932	5.17232	5.67525
BLOCK27/SES279/SA279S28	SES099	-0.97878	6.723	7.70179
BLOCK27/SES279/SA279S28	SES120	-1.06268	6.6391	7.70179
BLOCK27/SES279/SA279S28	SES177	-1.57901	6.12277	7.70179
BLOCK27/SES279/SA279S28	SES206	-0.860813	6.84097	7.70179
BLOCK29/SES290/SA290S12	SES162	-0.551437	7.50561	8.05704
BLOCK29/SES290/SA290S12	SES177	-0.348148	7.7089	8.05704
BLOCK29/SES290/SA290S12	SES180	-1.21703	6.84002	8.05704
BLOCK29/SES290/SA290S12	SES292	-1.85616	6.20089	8.05704
BLOCK29/SES290/SA290S13	SES007	-0.604525	6.28793	6.89246
BLOCK29/SES290/SA290S13	SES162	-1.74378	5.14868	6.89246
BLOCK29/SES290/SA290S13	SES177	-0.879732	6.01272	6.89246
BLOCK29/SES290/SA290S13	SES180	-0.850819	6.04164	6.89246
BLOCK29/SES290/SA290S22	SES177	-1.25537	5.5845	6.83987
BLOCK29/SES290/SA290S22	SES180	-1.21085	5.62902	6.83987
BLOCK29/SES290/SA290S22	SES202	-1.6434	5.19647	6.83987
BLOCK29/SES290/SA290S22	SES292	-1.33886	5.50101	6.83987
BLOCK29/SES290/SA290S25	SES162	-0.797404	6.69286	7.49027
BLOCK29/SES290/SA290S25	SES177	-0.907518	6.58275	7.49027
BLOCK29/SES290/SA290S25	SES180	-0.925746	6.56452	7.49027
BLOCK29/SES290/SA290S25	SES292	-0.547272	6.94299	7.49027
BLOCK29/SES290/SA290S29	SES177	-0.849951	5.88071	6.73066
BLOCK29/SES290/SA290S29	SES180	-0.921883	5.80878	6.73066
BLOCK29/SES290/SA290S29	SES275	-1.0901	5.64056	6.73066
BLOCK29/SES290/SA290S29	SES292	-0.895616	5.83505	6.73066
BLOCK29/SES291/SA291S11	SES105	-3.59974	1.32023	4.91997
BLOCK29/SES291/SA291S11	SES125	-2.06247	2.85749	4.91997
BLOCK29/SES291/SA291S11	SES158	-1.02978	3.89019	4.91997
BLOCK29/SES291/SA291S11	SES275	-2.69732	2.22265	4.91997
BLOCK29/SES291/SA291S12	SES158	0.347713	5.7709	5.42319
BLOCK29/SES291/SA291S12	SES226	-1.92596	3.49723	5.42319
BLOCK29/SES291/SA291S12	SES270	0.889563	6.31275	5.42319
BLOCK29/SES291/SA291S12	SES275	-4.3517	1.07149	5.42319
BLOCK29/SES291/SA291S22	SES082	-1.77265	3.88309	5.65574
BLOCK29/SES291/SA291S22	SES158	-1.32233	4.33342	5.65574
BLOCK29/SES291/SA291S22	SES259	-2.30828	3.34746	5.65574
BLOCK29/SES291/SA291S22	SES275	-2.65632	2.99943	5.65574
BLOCK29/SES291/SA291S24	SES104	-0.467368	6.27724	6.74461
BLOCK29/SES291/SA291S24	SES125	-0.774039	5.97057	6.74461
BLOCK29/SES291/SA291S24	SES158	-0.315216	6.42939	6.74461
BLOCK29/SES291/SA291S24	SES275	-3.11556	3.62905	6.74461
BLOCK29/SES291/SA291S27	SES158	-0.084559	6.1743	6.25886
BLOCK29/SES291/SA291S27	SES172	-4.46328	1.79558	6.25886
BLOCK29/SES291/SA291S27	SES275	-3.09973	3.15913	6.25886
BLOCK29/SES291/SA291S27	SES292	-1.83084	4.42802	6.25886
