BLOCK00/SES002/SA002S12	SES002	0.725766	-7.71136	-8.43713
BLOCK00/SES002/SA002S13	SES002	1.17555	-8.08013	-9.25568
BLOCK00/SES002/SA002S23	SES002	0.759676	-7.6461	-8.40577
BLOCK00/SES002/SA002S26	SES002	0.524816	-8.75083	-9.27564
BLOCK00/SES002/SA002S28	SES002	0.383141	-8.20855	-8.59169
BLOCK00/SES007/SA007S14	SES007	0.752945	-6.48104	-7.23398
BLOCK00/SES007/SA007S15	SES007	0.482884	-7.2202	-7.70308
BLOCK00/SES007/SA007S24	SES007	0.209499	-7.18103	-7.39053
BLOCK00/SES007/SA007S27	SES007	-0.0897598	-8.29873	-8.20897
BLOCK00/SES007/SA007S29	SES007	0.306206	-6.93918	-7.24539
BLOCK00/SES008/SA008S11	SES008	1.08225	-6.71972	-7.80197
BLOCK00/SES008/SA008S12	SES008	-0.0759172	-7.30087	-7.22495
BLOCK00/SES008/SA008S19	SES008	1.1629	-6.54252	-7.70542
BLOCK00/SES008/SA008S22	SES008	0.683202	-7.42712	-8.11032
BLOCK00/SES008/SA008S29	SES008	0.962974	-6.65913	-7.6221
BLOCK01/SES014/SA014S10	SES014	0.649993	-7.31774	-7.96773
BLOCK01/SES014/SA014S12	SES014	1.15149	-6.65106	-7.80255
BLOCK01/SES014/SA014S24	SES014	1.00408	-7.26223	-8.26631
BLOCK01/SES014/SA014S26	SES014	1.35237	-6.37523	-7.7276
BLOCK01/SES014/SA014S28	SES014	1.75173	-5.75159	-7.50332
BLOCK01/SES016/SA016S12	SES016	0.912132	-8.71046	-9.62259
BLOCK01/SES016/SA016S13	SES016	0.596462	-7.22665	-7.82311
BLOCK01/SES016/SA016S22	SES016	0.775179	-6.99065	-7.76583
BLOCK01/SES016/SA016S25	SES016	1.21197	-5.54509	-6.75705
BLOCK01/SES016/SA016S27	SES016	1.19732	-6.67338	-7.87069
BLOCK01/SES019/SA019S13	SES019	3.47285	-6.22082	-9.69367
BLOCK01/SES019/SA019S14	SES019	1.46574	-8.04253	-9.50827
BLOCK01/SES019/SA019S22	SES019	1.99989	-6.67018	-8.67007
BLOCK01/SES019/SA019S25	SES019	2.22434	-6.81399	-9.03834
BLOCK01/SES019/SA019S29	SES019	4.22239	-6.76162	-10.984
BLOCK02/SES029/SA029S11	SES029	0.411746	-6.72906	-7.1408
BLOCK02/SES029/SA029S12	SES029	0.0753002	-7.24171	-7.31701
BLOCK02/SES029/SA029S20	SES029	0.335315	-6.68343	-7.01874
BLOCK02/SES029/SA029S25	SES029	0.230155	-7.48218	-7.71234
BLOCK02/SES029/SA029S28	SES029	0.184917	-7.03139	-7.21631
BLOCK04/SES042/SA042S12	SES042	0.757833	-6.99139	-7.74923
BLOCK04/SES042/SA042S15	SES042	0.948426	-6.45749	-7.40592
BLOCK04/SES042/SA042S22	SES042	1.5478	-7.23052	-8.77832
BLOCK04/SES042/SA042S25	SES042	-0.234608	-9.36195	-9.12735
BLOCK04/SES042/SA042S27	SES042	1.35121	-7.38452	-8.73574
BLOCK04/SES048/SA048S11	SES048	0.568839	-6.60075	-7.16959
BLOCK04/SES048/SA048S12	SES048	0.23839	-7.72117	-7.95956
BLOCK04/SES048/SA048S20	SES048	0.471267	-6.61046	-7.08172
BLOCK04/SES048/SA048S23	SES048	0.797163	-6.97322	-7.77038
BLOCK04/SES048/SA048S27	SES048	0.143656	-7.6544	-7.79806
BLOCK06/SES060/SA060S11	SES060	0.709494	-7.21316	-7.92266
BLOCK06/SES060/SA060S12	SES060	0.80355	-7.88814	-8.69169
BLOCK06/SES060/SA060S22	SES060	-1.80159	-10.08	-8.27839
BLOCK06/SES060/SA060S24	SES060	0.87851	-6.05136	-6.92987
BLOCK06/SES060/SA060S28	SES060	0.502335	-6.35198	-6.85431
BLOCK06/SES062/SA062S10	SES062	0.168581	-7.21752	-7.3861
BLOCK06/SES062/SA062S11	SES062	-0.019659	-8.30215	-8.28249
BLOCK06/SES062/SA062S21	SES062	0.832026	-5.83041	-6.66243
BLOCK06/SES062/SA062S26	SES062	0.310486	-7.49435	-7.80483
BLOCK06/SES062/SA062S29	SES062	0.589983	-6.63662	-7.2266
BLOCK06/SES068/SA068S14	SES068	0.192064	-7.65155	-7.84362
BLOCK06/SES068/SA068S15	SES068	0.531681	-7.28843	-7.82011
BLOCK06/SES068/SA068S23	SES068	0.150512	-7.7772	-7.92771
BLOCK06/SES068/SA068S27	SES068	1.23186	-6.67576	-7.90762
BLOCK06/SES068/SA068S29	SES068	0.315131	-7.36532	-7.68045
BLOCK08/SES082/SA082S12	SES082	-0.045351	-8.40693	-8.36158
BLOCK08/SES082/SA082S14	SES082	0.201814	-8.3816	-8.58342
BLOCK08/SES082/SA082S21	SES082	0.353114	-7.37581	-7.72892
BLOCK08/SES082/SA082S24	SES082	-0.311684	-8.39324	-8.08155
BLOCK08/SES082/SA082S28	SES082	0.193327	-8.03387	-8.22719
BLOCK08/SES083/SA083S14	SES083	0.223597	-7.18591	-7.4095
BLOCK08/SES083/SA083S15	SES083	0.512691	-7.27452	-7.78721
BLOCK08/SES083/SA083S24	SES083	0.324946	-7.48458	-7.80952
BLOCK08/SES083/SA083S26	SES083	0.369767	-8.15694	-8.52671
BLOCK08/SES083/SA083S29	SES083	-0.0074296	-7.95683	-7.9494
BLOCK08/SES085/SA085S10	SES085	0.879604	-6.39269	-7.27229
BLOCK08/SES085/SA085S13	SES085	-0.132483	-8.21495	-8.08246
BLOCK08/SES085/SA085S22	SES085	0.644297	-7.0953	-7.73959
BLOCK08/SES085/SA085S26	SES085	0.0475645	-7.5846	-7.63217
BLOCK08/SES085/SA085S28	SES085	0.119581	-7.56035	-7.67993
BLOCK08/SES087/SA087S15	SES087	0.959165	-7.82214	-8.7813
BLOCK08/SES087/SA087S16	SES087	1.13252	-7.70644	-8.83896
BLOCK08/SES087/SA087S24	SES087	0.907113	-7.57901	-8.48612
BLOCK08/SES087/SA087S26	SES087	0.868294	-6.95502	-7.82332
BLOCK08/SES087/SA087S29	SES087	1.22682	-6.84311	-8.06993
BLOCK09/SES099/SA099S15	SES099	0.360465	-8.15067	-8.51114
BLOCK09/SES099/SA099S16	SES099	0.735273	-7.49662	-8.23189
BLOCK09/SES099/SA099S24	SES099	0.318674	-7.94457	-8.26324
BLOCK09/SES099/SA099S26	SES099	0.715252	-7.17718	-7.89243
BLOCK09/SES099/SA099S29	SES099	0.446705	-7.8055	-8.25221
BLOCK10/SES101/SA101S11	SES101	0.689246	-6.66624	-7.35549
BLOCK10/SES101/SA101S13	SES101	0.35945	-6.32565	-6.6851
BLOCK10/SES101/SA101S22	SES101	0.467133	-7.84062	-8.30775
BLOCK10/SES101/SA101S24	SES101	0.649837	-7.01455	-7.66439
BLOCK10/SES101/SA101S28	SES101	0.614184	-7.34928	-7.96346
BLOCK10/SES104/SA104S11	SES104	0.423217	-7.04071	-7.46393
BLOCK10/SES104/SA104S12	SES104	0.366519	-7.72269	-8.08921
BLOCK10/SES104/SA104S21	SES104	0.487842	-7.7483	-8.23615
BLOCK10/SES104/SA104S24	SES104	-0.0282898	-8.26578	-8.23749
BLOCK10/SES104/SA104S28	SES104	0.735843	-7.50089	-8.23673
BLOCK10/SES105/SA105S12	SES105	0.733879	-8.05644	-8.79032
BLOCK10/SES105/SA105S13	SES105	-0.0803308	-7.9408	-7.86047
BLOCK10/SES105/SA105S22	SES105	0.378573	-8.80516	-9.18373
BLOCK10/SES105/SA105S26	SES105	0.832286	-8.26085	-9.09313
BLOCK10/SES105/SA105S29	SES105	0.788634	-6.87043	-7.65906
BLOCK10/SES106/SA106S09	SES106	0.478306	-8.14633	-8.62464
BLOCK10/SES106/SA106S11	SES106	0.93414	-6.91805	-7.85219
BLOCK10/SES106/SA106S22	SES106	1.45948	-7.70076	-9.16024
BLOCK10/SES106/SA106S27	SES106	0.648162	-7.18407	-7.83223
BLOCK10/SES106/SA106S29	SES106	0.371136	-6.55294	-6.92408
BLOCK11/SES117/SA117S12	SES117	0.548517	-7.81528	-8.3638
BLOCK11/SES117/SA117S13	SES117	-0.305175	-8.4485	-8.14333
BLOCK11/SES117/SA117S23	SES117	0.966455	-8.19579	-9.16224
BLOCK11/SES117/SA117S25	SES117	0.519166	-7.85604	-8.37521
BLOCK11/SES117/SA117S28	SES117	0.949519	-7.57406	-8.52358
BLOCK12/SES120/SA120S08	SES120	0.157168	-7.9173	-8.07446
BLOCK12/SES120/SA120S11	SES120	0.770942	-10.3226	-11.0935
BLOCK12/SES120/SA120S22	SES120	0.0351391	-7.40633	-7.44147
BLOCK12/SES120/SA120S24	SES120	-0.147141	-8.61902	-8.47188
BLOCK12/SES120/SA120S28	SES120	0.0248814	-8.13114	-8.15602
BLOCK12/SES125/SA125S13	SES125	0.523593	-7.19015	-7.71375
BLOCK12/SES125/SA125S14	SES125	0.417067	-7.63825	-8.05532
BLOCK12/SES125/SA125S25	SES125	0.603312	-7.82258	-8.42589
BLOCK12/SES125/SA125S27	SES125	0.869377	-6.68705	-7.55643
BLOCK12/SES125/SA125S29	SES125	0.170685	-7.47134	-7.64203
BLOCK12/SES127/SA127S11	SES127	0.217194	-7.95249	-8.16969
BLOCK12/SES127/SA127S12	SES127	0.271396	-6.55125	-6.82265
BLOCK12/SES127/SA127S23	SES127	0.172144	-6.84392	-7.01607
BLOCK12/SES127/SA127S25	SES127	0.495193	-6.95763	-7.45282
BLOCK12/SES127/SA127S27	SES127	0.891881	-6.91039	-7.80228
BLOCK12/SES129/SA129S11	SES129	1.18227	-6.14549	-7.32777
BLOCK12/SES129/SA129S12	SES129	0.65211	-6.34417	-6.99628
BLOCK12/SES129/SA129S22	SES129	1.14764	-6.737	-7.88464
BLOCK12/SES129/SA129S27	SES129	0.911832	-7.14287	-8.0547
BLOCK12/SES129/SA129S29	SES129	0.255182	-8.12425	-8.37943
BLOCK14/SES142/SA142S11	SES142	0.785085	-6.59463	-7.37971
BLOCK14/SES142/SA142S12	SES142	0.0416536	-7.65543	-7.69708
BLOCK14/SES142/SA142S24	SES142	0.602086	-6.51022	-7.1123
BLOCK14/SES142/SA142S27	SES142	0.610135	-6.64095	-7.25108
BLOCK14/SES142/SA142S29	SES142	0.94813	-6.15749	-7.10562
BLOCK14/SES143/SA143S12	SES143	0.647142	-7.17967	-7.82681
BLOCK14/SES143/SA143S13	SES143	0.554807	-7.49813	-8.05294
BLOCK14/SES143/SA143S23	SES143	0.195549	-7.5404	-7.73595
BLOCK14/SES143/SA143S25	SES143	0.169604	-7.96027	-8.12988
BLOCK14/SES143/SA143S28	SES143	0.507408	-7.33454	-7.84194
BLOCK14/SES144/SA144S09	SES144	0.03444	-7.64767	-7.68211
BLOCK14/SES144/SA144S11	SES144	-0.0363111	-7.5022	-7.46589
BLOCK14/SES144/SA144S21	SES144	-0.232652	-7.98342	-7.75077
BLOCK14/SES144/SA144S25	SES144	0.383773	-7.25215	-7.63592
BLOCK14/SES144/SA144S29	SES144	-0.701707	-8.6003	-7.89859
BLOCK14/SES146/SA146S14	SES146	0.0983572	-8.1653	-8.26366
BLOCK14/SES146/SA146S15	SES146	0.103726	-8.01021	-8.11394
BLOCK14/SES146/SA146S24	SES146	0.258785	-7.63802	-7.8968
BLOCK14/SES146/SA146S26	SES146	0.108034	-7.82176	-7.9298
BLOCK14/SES146/SA146S29	SES146	0.200093	-8.22075	-8.42084
BLOCK14/SES147/SA147S11	SES147	0.069036	-7.59539	-7.66442
BLOCK14/SES147/SA147S13	SES147	0.514345	-6.82684	-7.34119
BLOCK14/SES147/SA147S23	SES147	0.355281	-7.49314	-7.84842
BLOCK14/SES147/SA147S26	SES147	0.821277	-7.31701	-8.13829
BLOCK14/SES147/SA147S28	SES147	1.10654	-6.68536	-7.79191
BLOCK14/SES148/SA148S10	SES148	0.340488	-6.67624	-7.01673
BLOCK14/SES148/SA148S12	SES148	-0.601552	-8.41207	-7.81051
BLOCK14/SES148/SA148S22	SES148	0.515729	-6.83402	-7.34975
BLOCK14/SES148/SA148S26	SES148	0.447363	-6.41663	-6.86399
BLOCK14/SES148/SA148S29	SES148	0.289598	-7.60868	-7.89828
BLOCK14/SES149/SA149S13	SES149	0.0545087	-7.29299	-7.3475
BLOCK14/SES149/SA149S14	SES149	0.0318556	-7.01899	-7.05085
BLOCK14/SES149/SA149S24	SES149	0.367586	-7.34488	-7.71247
BLOCK14/SES149/SA149S26	SES149	0.564865	-6.5697	-7.13456
BLOCK14/SES149/SA149S28	SES149	1.2593	-5.73084	-6.99014
BLOCK15/SES158/SA158S13	SES158	0.69633	-7.442	-8.13833
BLOCK15/SES158/SA158S14	SES158	0.311961	-8.54858	-8.86054
BLOCK15/SES158/SA158S23	SES158	0.430986	-6.89206	-7.32304
BLOCK15/SES158/SA158S26	SES158	1.06829	-7.63692	-8.7052
BLOCK15/SES158/SA158S28	SES158	0.275161	-7.99421	-8.26937
BLOCK16/SES162/SA162S10	SES162	0.189798	-8.13607	-8.32587
BLOCK16/SES162/SA162S11	SES162	0.471919	-6.89495	-7.36687
BLOCK16/SES162/SA162S21	SES162	0.778849	-6.92423	-7.70308
BLOCK16/SES162/SA162S24	SES162	0.672095	-7.38113	-8.05323
BLOCK16/SES162/SA162S27	SES162	1.31279	-7.77843	-9.09122
BLOCK16/SES167/SA167S14	SES167	0.540933	-6.55596	-7.09689
BLOCK16/SES167/SA167S15	SES167	0.970468	-6.09891	-7.06938
BLOCK16/SES167/SA167S21	SES167	0.950841	-6.07726	-7.02811
BLOCK16/SES167/SA167S25	SES167	1.02871	-6.43442	-7.46312
BLOCK16/SES167/SA167S29	SES167	1.48416	-5.56599	-7.05016
BLOCK17/SES172/SA172S12	SES172	1.00305	-7.94985	-8.9529
BLOCK17/SES172/SA172S13	SES172	1.23783	-7.54168	-8.77951
BLOCK17/SES172/SA172S23	SES172	0.885866	-7.0389	-7.92477
BLOCK17/SES172/SA172S27	SES172	0.635083	-8.72896	-9.36404
BLOCK17/SES172/SA172S29	SES172	1.5413	-7.05874	-8.60004
BLOCK17/SES175/SA175S11	SES175	0.0661178	-7.89184	-7.95796
BLOCK17/SES175/SA175S13	SES175	0.59622	-6.00073	-6.59695
BLOCK17/SES175/SA175S23	SES175	0.586138	-6.66227	-7.24841
BLOCK17/SES175/SA175S25	SES175	-0.107382	-8.31532	-8.20794
BLOCK17/SES175/SA175S28	SES175	0.2804	-6.98496	-7.26536
BLOCK17/SES177/SA177S15	SES177	0.130852	-8.40253	-8.53339
BLOCK17/SES177/SA177S17	SES177	0.0600271	-8.09045	-8.15047
BLOCK17/SES177/SA177S23	SES177	-0.118556	-8.33165	-8.21309
BLOCK17/SES177/SA177S26	SES177	0.356696	-6.51401	-6.8707
BLOCK17/SES177/SA177S28	SES177	0.682571	-7.72724	-8.40981
BLOCK18/SES180/SA180S13	SES180	-0.088131	-8.28764	-8.19951
BLOCK18/SES180/SA180S15	SES180	0.408054	-7.23459	-7.64264
BLOCK18/SES180/SA180S24	SES180	0.47721	-6.72348	-7.20069
BLOCK18/SES180/SA180S26	SES180	0.23534	-7.12354	-7.35888
BLOCK18/SES180/SA180S29	SES180	-0.123244	-8.12	-7.99676
BLOCK18/SES183/SA183S13	SES183	0.738244	-7.17808	-7.91633
BLOCK18/SES183/SA183S14	SES183	0.134838	-7.61393	-7.74877
BLOCK18/SES183/SA183S24	SES183	0.975004	-7.59817	-8.57317
BLOCK18/SES183/SA183S27	SES183	0.993879	-7.74558	-8.73946
BLOCK18/SES183/SA183S29	SES183	0.873211	-7.20048	-8.07369
BLOCK18/SES187/SA187S13	SES187	-0.362379	-8.97606	-8.61368
BLOCK18/SES187/SA187S14	SES187	0.175924	-8.28901	-8.46494
BLOCK18/SES187/SA187S24	SES187	0.682741	-8.23978	-8.92253
BLOCK18/SES187/SA187S27	SES187	0.666343	-7.95426	-8.6206
BLOCK18/SES187/SA187S29	SES187	0.0118589	-8.70916	-8.72102
BLOCK18/SES189/SA189S10	SES189	0.869932	-8.00597	-8.8759
BLOCK18/SES189/SA189S13	SES189	0.966135	-8.81671	-9.78285
BLOCK18/SES189/SA189S24	SES189	0.422968	-7.29341	-7.71638
BLOCK18/SES189/SA189S26	SES189	0.868736	-7.49707	-8.36581
BLOCK18/SES189/SA189S29	SES189	0.738069	-7.17784	-7.91591
BLOCK20/SES202/SA202S12	SES202	0.751405	-7.1681	-7.9195
BLOCK20/SES202/SA202S14	SES202	0.923876	-7.04948	-7.97335
BLOCK20/SES202/SA202S24	SES202	0.259957	-8.16883	-8.42879
BLOCK20/SES202/SA202S27	SES202	0.684482	-6.95208	-7.63656
BLOCK20/SES202/SA202S29	SES202	0.764849	-7.06439	-7.82924
BLOCK20/SES206/SA206S15	SES206	-0.370622	-7.67394	-7.30331
BLOCK20/SES206/SA206S17	SES206	0.304736	-7.68987	-7.99461
BLOCK20/SES206/SA206S24	SES206	0.780711	-6.73638	-7.51709
BLOCK20/SES206/SA206S27	SES206	0.936104	-7.60293	-8.53903
BLOCK20/SES206/SA206S29	SES206	0.974328	-6.37891	-7.35324
BLOCK22/SES226/SA226S12	SES226	0.702949	-7.6623	-8.36525
BLOCK22/SES226/SA226S13	SES226	-0.099288	-8.54403	-8.44474
BLOCK22/SES226/SA226S20	SES226	0.450702	-7.76493	-8.21563
BLOCK22/SES226/SA226S23	SES226	0.514579	-7.22963	-7.74421
BLOCK22/SES226/SA226S28	SES226	0.897607	-7.02533	-7.92293
BLOCK25/SES259/SA259S13	SES259	1.30582	-7.03782	-8.34364
BLOCK25/SES259/SA259S14	SES259	0.920128	-6.86155	-7.78168
BLOCK25/SES259/SA259S22	SES259	1.03619	-6.63964	-7.67583
BLOCK25/SES259/SA259S24	SES259	0.965122	-6.91782	-7.88294
BLOCK25/SES259/SA259S28	SES259	0.608173	-7.23517	-7.84335
BLOCK27/SES270/SA270S14	SES270	1.47438	-7.48323	-8.95761
BLOCK27/SES270/SA270S16	SES270	0.578503	-7.22429	-7.8028
BLOCK27/SES270/SA270S22	SES270	1.70886	-6.8106	-8.51946
BLOCK27/SES270/SA270S26	SES270	0.650936	-7.77578	-8.42672
BLOCK27/SES270/SA270S28	SES270	0.883985	-7.27878	-8.16276
BLOCK27/SES275/SA275S17	SES275	0.46774	-6.94815	-7.41589
BLOCK27/SES275/SA275S18	SES275	0.201255	-7.41396	-7.61521
BLOCK27/SES275/SA275S24	SES275	0.440113	-7.81816	-8.25827
BLOCK27/SES275/SA275S26	SES275	0.85254	-7.03815	-7.89069
BLOCK27/SES275/SA275S28	SES275	0.597291	-7.50876	-8.10605
BLOCK29/SES292/SA292S10	SES292	-0.0559168	-7.43351	-7.37759
BLOCK29/SES292/SA292S12	SES292	0.413787	-8.30807	-8.72186
BLOCK29/SES292/SA292S22	SES292	-0.0326357	-7.92248	-7.88985
BLOCK29/SES292/SA292S24	SES292	-0.317262	-8.02568	-7.70842
BLOCK29/SES292/SA292S27	SES292	-0.430801	-7.86289	-7.43209
BLOCK00/SES001/SA001S14	SES062	-2.14994	-10.3754	-8.22547
BLOCK00/SES001/SA001S14	SES082	-0.821152	-9.04662	-8.22547
BLOCK00/SES001/SA001S14	SES106	-1.08512	-9.31059	-8.22547
BLOCK00/SES001/SA001S14	SES206	-1.52655	-9.75202	-8.22547
BLOCK00/SES001/SA001S15	SES062	-1.26104	-8.79832	-7.53728
BLOCK00/SES001/SA001S15	SES104	-1.28637	-8.82365	-7.53728
BLOCK00/SES001/SA001S15	SES106	-1.2741	-8.81138	-7.53728
BLOCK00/SES001/SA001S15	SES206	-1.44502	-8.9823	-7.53728
BLOCK00/SES001/SA001S24	SES062	-0.659651	-8.57518	-7.91553
BLOCK00/SES001/SA001S24	SES082	-0.378803	-8.29434	-7.91553
BLOCK00/SES001/SA001S24	SES087	-0.48129	-8.39682	-7.91553
BLOCK00/SES001/SA001S24	SES206	-0.102412	-8.01794	-7.91553
BLOCK00/SES001/SA001S27	SES062	-0.718476	-7.26247	-6.544
BLOCK00/SES001/SA001S27	SES082	-0.174533	-6.71853	-6.544
BLOCK00/SES001/SA001S27	SES087	-0.427621	-6.97162	-6.544
BLOCK00/SES001/SA001S27	SES206	-0.92015	-7.46415	-6.544
BLOCK00/SES001/SA001S29	SES062	-1.79251	-9.63469	-7.84218
BLOCK00/SES001/SA001S29	SES082	-0.578887	-8.42107	-7.84218
BLOCK00/SES001/SA001S29	SES158	-0.926332	-8.76852	-7.84218
BLOCK00/SES001/SA001S29	SES206	-1.15378	-8.99597	-7.84218
BLOCK00/SES003/SA003S11	SES002	-0.337842	-8.61463	-8.27678
BLOCK00/SES003/SA003S11	SES019	-1.51885	-9.79564	-8.27678
BLOCK00/SES003/SA003S11	SES082	-0.120506	-8.39729	-8.27678
BLOCK00/SES003/SA003S11	SES125	-0.934722	-9.21151	-8.27678
BLOCK00/SES003/SA003S15	SES016	-1.42848	-9.01963	-7.59116
BLOCK00/SES003/SA003S15	SES019	-2.79147	-10.3826	-7.59116
BLOCK00/SES003/SA003S15	SES062	0.000157356	-7.591	-7.59116
BLOCK00/SES003/SA003S15	SES206	-0.498329	-8.08949	-7.59116
BLOCK00/SES003/SA003S22	SES002	-0.138436	-8.1349	-7.99647
BLOCK00/SES003/SA003S22	SES062	0.146032	-7.85044	-7.99647
BLOCK00/SES003/SA003S22	SES082	-0.0870352	-8.0835	-7.99647
BLOCK00/SES003/SA003S22	SES087	-0.189297	-8.18576	-7.99647
BLOCK00/SES003/SA003S25	SES062	-1.46318	-10.4108	-8.94758
BLOCK00/SES003/SA003S25	SES082	-1.23485	-10.1824	-8.94758
BLOCK00/SES003/SA003S25	SES087	-1.44301	-10.3906	-8.94758
BLOCK00/SES003/SA003S25	SES206	-1.87242	-10.82	-8.94758
BLOCK00/SES003/SA003S29	SES002	-0.876888	-9.0503	-8.17341
BLOCK00/SES003/SA003S29	SES062	-1.79455	-9.96796	-8.17341
BLOCK00/SES003/SA003S29	SES082	-1.12106	-9.29447	-8.17341
BLOCK00/SES003/SA003S29	SES087	-1.63913	-9.81254	-8.17341
BLOCK00/SES004/SA004S12	SES083	-1.06981	-8.24934	-7.17953
BLOCK00/SES004/SA004S12	SES148	-0.547457	-7.72699	-7.17953
BLOCK00/SES004/SA004S12	SES172	0.0752764	-7.10425	-7.17953
BLOCK00/SES004/SA004S12	SES292	-1.07265	-8.25218	-7.17953
BLOCK00/SES004/SA004S17	SES083	-0.767168	-8.30951	-7.54234
BLOCK00/SES004/SA004S17	SES162	-0.949862	-8.49221	-7.54234
BLOCK00/SES004/SA004S17	SES172	-0.367123	-7.90947	-7.54234
BLOCK00/SES004/SA004S17	SES292	-0.869534	-8.41188	-7.54234
BLOCK00/SES004/SA004S24	SES083	-0.819373	-8.03365	-7.21428
BLOCK00/SES004/SA004S24	SES148	-1.241	-8.45528	-7.21428
BLOCK00/SES004/SA004S24	SES172	-0.285901	-7.50018	-7.21428
BLOCK00/SES004/SA004S24	SES292	-0.698277	-7.91255	-7.21428
BLOCK00/SES004/SA004S26	SES083	-1.09879	-9.09022	-7.99143
BLOCK00/SES004/SA004S26	SES127	-0.317862	-8.30929	-7.99143
BLOCK00/SES004/SA004S26	SES148	-1.97626	-9.96769	-7.99143
BLOCK00/SES004/SA004S26	SES292	-1.04557	-9.037	-7.99143
BLOCK00/SES004/SA004S28	SES083	-0.680358	-8.08461	-7.40426
BLOCK00/SES004/SA004S28	SES127	0.207735	-7.19652	-7.40426
BLOCK00/SES004/SA004S28	SES187	-0.264877	-7.66913	-7.40426
BLOCK00/SES004/SA004S28	SES292	-1.22261	-8.62687	-7.40426
BLOCK00/SES006/SA006S10	SES014	-0.846126	-10.4813	-9.63517
BLOCK00/SES006/SA006S10	SES158	-1.01119	-10.6464	-9.63517
BLOCK00/SES006/SA006S10	SES226	-2.97267	-12.6078	-9.63517
BLOCK00/SES006/SA006S10	SES270	0.559915	-9.07526	-9.63517
BLOCK00/SES006/SA006S11	SES158	-1.19097	-10.2294	-9.03845
BLOCK00/SES006/SA006S11	SES226	-1.73737	-10.7758	-9.03845
BLOCK00/SES006/SA006S11	SES270	0.440866	-8.59759	-9.03845
BLOCK00/SES006/SA006S11	SES275	-1.8571	-10.8956	-9.03845
BLOCK00/SES006/SA006S23	SES062	-3.7035	-12.2989	-8.59538
BLOCK00/SES006/SA006S23	SES105	-3.84518	-12.4406	-8.59538
BLOCK00/SES006/SA006S23	SES158	-1.92525	-10.5206	-8.59538
BLOCK00/SES006/SA006S23	SES275	-3.22987	-11.8252	-8.59538
BLOCK00/SES006/SA006S26	SES104	-2.47486	-11.2999	-8.82506
BLOCK00/SES006/SA006S26	SES158	-1.66247	-10.4875	-8.82506
BLOCK00/SES006/SA006S26	SES270	-0.299356	-9.12441	-8.82506
BLOCK00/SES006/SA006S26	SES275	-2.70003	-11.5251	-8.82506
BLOCK00/SES006/SA006S28	SES007	-1.8968	-11.3295	-9.43274
BLOCK00/SES006/SA006S28	SES105	-3.31971	-12.7524	-9.43274
BLOCK00/SES006/SA006S28	SES158	-1.53185	-10.9646	-9.43274
BLOCK00/SES006/SA006S28	SES275	-2.16696	-11.5997	-9.43274
BLOCK00/SES009/SA009S12	SES083	-2.07228	-9.85382	-7.78154
BLOCK00/SES009/SA009S12	SES148	-1.30023	-9.08177	-7.78154
BLOCK00/SES009/SA009S12	SES177	-0.634913	-8.41645	-7.78154
BLOCK00/SES009/SA009S12	SES292	-0.704886	-8.48643	-7.78154
BLOCK00/SES009/SA009S15	SES007	0.0267339	-7.43401	-7.46074
BLOCK00/SES009/SA009S15	SES099	-3.06435	-10.5251	-7.46074
BLOCK00/SES009/SA009S15	SES148	-1.30995	-8.77069	-7.46074
BLOCK00/SES009/SA009S15	SES172	-0.736688	-8.19743	-7.46074
BLOCK00/SES009/SA009S24	SES146	-0.381941	-8.34756	-7.96562
BLOCK00/SES009/SA009S24	SES148	-1.66078	-9.6264	-7.96562
BLOCK00/SES009/SA009S24	SES177	-0.29022	-8.25584	-7.96562
BLOCK00/SES009/SA009S24	SES292	-0.617312	-8.58293	-7.96562
BLOCK00/SES009/SA009S26	SES083	-2.22976	-10.0704	-7.84064
BLOCK00/SES009/SA009S26	SES101	-2.0447	-9.88534	-7.84064
BLOCK00/SES009/SA009S26	SES120	-0.653258	-8.4939	-7.84064
BLOCK00/SES009/SA009S26	SES177	-0.843563	-8.6842	-7.84064
BLOCK00/SES009/SA009S29	SES083	-1.47076	-9.2597	-7.78894
BLOCK00/SES009/SA009S29	SES101	-1.12469	-8.91362	-7.78894
BLOCK00/SES009/SA009S29	SES177	-0.746436	-8.53537	-7.78894
BLOCK00/SES009/SA009S29	SES292	-0.796721	-8.58566	-7.78894
BLOCK01/SES011/SA011S10	SES019	-3.73427	-12.5247	-8.79046
BLOCK01/SES011/SA011S10	SES042	0.319574	-8.47089	-8.79046
BLOCK01/SES011/SA011S10	SES082	-0.757377	-9.54784	-8.79046
BLOCK01/SES011/SA011S10	SES206	-0.564335	-9.3548	-8.79046
BLOCK01/SES011/SA011S11	SES019	-2.16261	-10.8357	-8.67307
BLOCK01/SES011/SA011S11	SES042	0.492961	-8.1801	-8.67307
BLOCK01/SES011/SA011S11	SES082	-0.190022	-8.86309	-8.67307
BLOCK01/SES011/SA011S11	SES206	-0.415928	-9.08899	-8.67307
BLOCK01/SES011/SA011S22	SES019	-2.17596	-10.9561	-8.78019
BLOCK01/SES011/SA011S22	SES042	0.429442	-8.35075	-8.78019
BLOCK01/SES011/SA011S22	SES082	-1.01052	-9.79071	-8.78019
BLOCK01/SES011/SA011S22	SES206	-1.31216	-10.0923	-8.78019
BLOCK01/SES011/SA011S24	SES019	-2.17928	-10.4141	-8.23478
BLOCK01/SES011/SA011S24	SES042	0.933057	-7.30173	-8.23478
BLOCK01/SES011/SA011S24	SES104	0.165769	-8.06902	-8.23478
BLOCK01/SES011/SA011S24	SES206	0.0967426	-8.13804	-8.23478
BLOCK01/SES011/SA011S27	SES082	-0.0905638	-8.23894	-8.14838
BLOCK01/SES011/SA011S27	SES087	-1.30191	-9.45029	-8.14838
BLOCK01/SES011/SA011S27	SES125	-0.18942	-8.3378	-8.14838
BLOCK01/SES011/SA011S27	SES206	-0.574595	-8.72297	-8.14838
BLOCK01/SES012/SA012S11	SES007	-0.0972605	-7.40552	-7.30826
BLOCK01/SES012/SA012S11	SES082	-0.143216	-7.45148	-7.30826
BLOCK01/SES012/SA012S11	SES083	-1.16929	-8.47755	-7.30826
BLOCK01/SES012/SA012S11	SES206	-0.569648	-7.87791	-7.30826
BLOCK01/SES012/SA012S14	SES082	-0.355569	-8.45626	-8.10069
BLOCK01/SES012/SA012S14	SES087	-1.10355	-9.20424	-8.10069
BLOCK01/SES012/SA012S14	SES206	-0.262926	-8.36362	-8.10069
BLOCK01/SES012/SA012S14	SES292	-1.02639	-9.12708	-8.10069
BLOCK01/SES012/SA012S24	SES082	-0.337326	-9.20468	-8.86735
BLOCK01/SES012/SA012S24	SES087	-1.21329	-10.0806	-8.86735
BLOCK01/SES012/SA012S24	SES120	-1.53817	-10.4055	-8.86735
BLOCK01/SES012/SA012S24	SES206	-0.694388	-9.56174	-8.86735
BLOCK01/SES012/SA012S26	SES019	-6.86245	-15.5958	-8.73336
BLOCK01/SES012/SA012S26	SES082	-1.55503	-10.2884	-8.73336
BLOCK01/SES012/SA012S26	SES206	0.31626	-8.4171	-8.73336
BLOCK01/SES012/SA012S26	SES292	-1.00894	-9.7423	-8.73336
BLOCK01/SES012/SA012S29	SES062	-0.668093	-7.64375	-6.97566
BLOCK01/SES012/SA012S29	SES082	0.0144982	-6.96116	-6.97566
BLOCK01/SES012/SA012S29	SES083	-1.60514	-8.5808	-6.97566
BLOCK01/SES012/SA012S29	SES206	-0.186599	-7.16226	-6.97566
BLOCK01/SES013/SA013S16	SES062	-2.98552	-11.8456	-8.86007
BLOCK01/SES013/SA013S16	SES106	-0.952337	-9.81241	-8.86007
BLOCK01/SES013/SA013S16	SES206	-1.21526	-10.0753	-8.86007
BLOCK01/SES013/SA013S16	SES226	-0.941484	-9.80155	-8.86007
BLOCK01/SES013/SA013S17	SES062	-1.32437	-9.45335	-8.12898
BLOCK01/SES013/SA013S17	SES106	-0.818929	-8.9479	-8.12898
BLOCK01/SES013/SA013S17	SES206	-0.447523	-8.5765	-8.12898
BLOCK01/SES013/SA013S17	SES226	-0.455242	-8.58422	-8.12898
BLOCK01/SES013/SA013S23	SES104	-1.04022	-10.1913	-9.15107
BLOCK01/SES013/SA013S23	SES106	0.121449	-9.02962	-9.15107
BLOCK01/SES013/SA013S23	SES206	-1.58803	-10.7391	-9.15107
BLOCK01/SES013/SA013S23	SES270	-0.3634	-9.51447	-9.15107
BLOCK01/SES013/SA013S25	SES042	-2.35501	-10.9565	-8.60145
BLOCK01/SES013/SA013S25	SES104	-0.498309	-9.09976	-8.60145
BLOCK01/SES013/SA013S25	SES106	-0.127112	-8.72856	-8.60145
BLOCK01/SES013/SA013S25	SES206	-1.8159	-10.4174	-8.60145
BLOCK01/SES013/SA013S29	SES062	-3.1176	-11.824	-8.70644
BLOCK01/SES013/SA013S29	SES104	-0.9018	-9.60824	-8.70644
BLOCK01/SES013/SA013S29	SES106	0.0446348	-8.66181	-8.70644
BLOCK01/SES013/SA013S29	SES206	-2.72174	-11.4282	-8.70644
BLOCK02/SES021/SA021S13	SES016	-2.40024	-10.5745	-8.17424
BLOCK02/SES021/SA021S13	SES029	-0.719999	-8.89424	-8.17424
BLOCK02/SES021/SA021S13	SES087	-2.38383	-10.5581	-8.17424
BLOCK02/SES021/SA021S13	SES206	-1.19884	-9.37308	-8.17424
BLOCK02/SES021/SA021S15	SES087	-1.0449	-8.63539	-7.5905
BLOCK02/SES021/SA021S15	SES125	-1.00219	-8.59269	-7.5905
BLOCK02/SES021/SA021S15	SES206	-1.1345	-8.72499	-7.5905
BLOCK02/SES021/SA021S15	SES226	-0.838328	-8.42882	-7.5905
BLOCK02/SES021/SA021S23	SES062	-2.13422	-11.0383	-8.90407
BLOCK02/SES021/SA021S23	SES087	-0.789811	-9.69388	-8.90407
BLOCK02/SES021/SA021S23	SES206	-0.969941	-9.87401	-8.90407
BLOCK02/SES021/SA021S23	SES226	-0.985378	-9.88945	-8.90407
BLOCK02/SES021/SA021S27	SES002	-0.747095	-8.2995	-7.55241
BLOCK02/SES021/SA021S27	SES016	-3.10418	-10.6566	-7.55241
BLOCK02/SES021/SA021S27	SES019	-1.19186	-8.74427	-7.55241
BLOCK02/SES021/SA021S27	SES062	-0.813574	-8.36598	-7.55241
BLOCK02/SES021/SA021S29	SES087	-1.30056	-9.50958	-8.20902
BLOCK02/SES021/SA021S29	SES125	-1.90056	-10.1096	-8.20902
BLOCK02/SES021/SA021S29	SES206	-0.541707	-8.75073	-8.20902
BLOCK02/SES021/SA021S29	SES226	-1.06032	-9.26934	-8.20902
BLOCK04/SES043/SA043S09	SES083	-0.247683	-8.79097	-8.54328
BLOCK04/SES043/SA043S09	SES101	-0.367264	-8.91055	-8.54328
BLOCK04/SES043/SA043S09	SES144	0.0230198	-8.52026	-8.54328
BLOCK04/SES043/SA043S09	SES172	-1.29581	-9.83909	-8.54328
BLOCK04/SES043/SA043S11	SES083	0.24509	-7.274	-7.51909
BLOCK04/SES043/SA043S11	SES101	-0.0476108	-7.5667	-7.51909
BLOCK04/SES043/SA043S11	SES144	0.409244	-7.10985	-7.51909
BLOCK04/SES043/SA043S11	SES172	-0.327702	-7.84679	-7.51909
BLOCK04/SES043/SA043S23	SES083	0.0359569	-7.9909	-8.02685
BLOCK04/SES043/SA043S23	SES144	0.00821018	-8.01864	-8.02685
BLOCK04/SES043/SA043S23	SES177	-0.447854	-8.47471	-8.02685
BLOCK04/SES043/SA043S23	SES275	-0.601785	-8.62864	-8.02685
BLOCK04/SES043/SA043S26	SES083	-0.425178	-9.29335	-8.86817
BLOCK04/SES043/SA043S26	SES101	-0.183979	-9.05215	-8.86817
BLOCK04/SES043/SA043S26	SES144	0.0977345	-8.77044	-8.86817
BLOCK04/SES043/SA043S26	SES177	-0.730895	-9.59907	-8.86817
BLOCK04/SES043/SA043S28	SES016	-1.15932	-9.06344	-7.90413
BLOCK04/SES043/SA043S28	SES083	-0.422542	-8.32667	-7.90413
BLOCK04/SES043/SA043S28	SES101	-0.321793	-8.22592	-7.90413
BLOCK04/SES043/SA043S28	SES144	-0.53429	-8.43842	-7.90413
BLOCK04/SES044/SA044S10	SES127	-3.30567	-11.8984	-8.59273
BLOCK04/SES044/SA044S10	SES144	-0.670014	-9.26274	-8.59273
BLOCK04/SES044/SA044S10	SES147	-3.76313	-12.3559	-8.59273
BLOCK04/SES044/SA044S10	SES148	-3.93718	-12.5299	-8.59273
BLOCK04/SES044/SA044S11	SES101	-0.27437	-8.11849	-7.84412
BLOCK04/SES044/SA044S11	SES144	-0.0109019	-7.85502	-7.84412
BLOCK04/SES044/SA044S11	SES147	-1.88767	-9.73179	-7.84412
BLOCK04/SES044/SA044S11	SES177	-0.883424	-8.72754	-7.84412
BLOCK04/SES044/SA044S24	SES007	-1.87793	-10.2001	-8.32219
BLOCK04/SES044/SA044S24	SES101	0.193819	-8.12837	-8.32219
BLOCK04/SES044/SA044S24	SES147	-1.52954	-9.85173	-8.32219
BLOCK04/SES044/SA044S24	SES177	-0.329105	-8.65129	-8.32219
BLOCK04/SES044/SA044S26	SES007	-1.14666	-8.81097	-7.6643
BLOCK04/SES044/SA044S26	SES016	-0.749886	-8.41419	-7.6643
BLOCK04/SES044/SA044S26	SES101	-0.328973	-7.99328	-7.6643
BLOCK04/SES044/SA044S26	SES147	-0.401127	-8.06543	-7.6643
BLOCK04/SES044/SA044S29	SES007	-1.89313	-9.39176	-7.49863
BLOCK04/SES044/SA044S29	SES101	-0.121372	-7.62001	-7.49863
BLOCK04/SES044/SA044S29	SES147	-0.935496	-8.43413	-7.49863
BLOCK04/SES044/SA044S29	SES177	-2.00538	-9.50402	-7.49863
BLOCK04/SES046/SA046S13	SES101	-0.254358	-9.05536	-8.801
BLOCK04/SES046/SA046S13	SES144	-0.155696	-8.9567	-8.801
BLOCK04/SES046/SA046S13	SES147	-2.13934	-10.9403	-8.801
BLOCK04/SES046/SA046S13	SES177	-1.08863	-9.88963	-8.801
BLOCK04/SES046/SA046S15	SES048	-0.119786	-6.84518	-6.7254
BLOCK04/SES046/SA046S15	SES083	-0.749074	-7.47447	-6.7254
BLOCK04/SES046/SA046S15	SES120	-2.46037	-9.18576	-6.7254
BLOCK04/SES046/SA046S15	SES148	-0.971359	-7.69675	-6.7254
BLOCK04/SES046/SA046S22	SES101	-0.161222	-8.30526	-8.14404
BLOCK04/SES046/SA046S22	SES144	-0.0643377	-8.20838	-8.14404
BLOCK04/SES046/SA046S22	SES147	-1.745	-9.88904	-8.14404
BLOCK04/SES046/SA046S22	SES172	-0.038868	-8.18291	-8.14404
BLOCK04/SES046/SA046S25	SES083	-0.235557	-7.95711	-7.72155
BLOCK04/SES046/SA046S25	SES127	-0.772185	-8.49373	-7.72155
BLOCK04/SES046/SA046S25	SES144	-0.0945449	-7.81609	-7.72155
BLOCK04/SES046/SA046S25	SES148	-1.37028	-9.09183	-7.72155
BLOCK04/SES046/SA046S28	SES007	-0.908171	-8.67733	-7.76915
BLOCK04/SES046/SA046S28	SES105	-1.30937	-9.07852	-7.76915
BLOCK04/SES046/SA046S28	SES147	-0.876782	-8.64594	-7.76915
BLOCK04/SES046/SA046S28	SES148	-1.98982	-9.75897	-7.76915
BLOCK04/SES049/SA049S16	SES104	-1.10389	-10.3607	-9.25685
BLOCK04/SES049/SA049S16	SES106	-2.18078	-11.4376	-9.25685
BLOCK04/SES049/SA049S16	SES120	-1.89722	-11.1541	-9.25685
BLOCK04/SES049/SA049S16	SES206	-2.42614	-11.683	-9.25685
BLOCK04/SES049/SA049S18	SES099	-0.24516	-9.05325	-8.80809
BLOCK04/SES049/SA049S18	SES104	-1.22817	-10.0363	-8.80809
BLOCK04/SES049/SA049S18	SES125	-1.44081	-10.2489	-8.80809
BLOCK04/SES049/SA049S18	SES206	-2.15919	-10.9673	-8.80809
BLOCK04/SES049/SA049S25	SES087	-2.74942	-12.1545	-9.40507
BLOCK04/SES049/SA049S25	SES104	-1.33605	-10.7411	-9.40507
BLOCK04/SES049/SA049S25	SES125	-1.60016	-11.0052	-9.40507
BLOCK04/SES049/SA049S25	SES206	-1.37208	-10.7771	-9.40507
BLOCK04/SES049/SA049S27	SES099	-0.444648	-9.01047	-8.56582
BLOCK04/SES049/SA049S27	SES104	0.070713	-8.4951	-8.56582
BLOCK04/SES049/SA049S27	SES125	-1.25598	-9.82179	-8.56582
BLOCK04/SES049/SA049S27	SES206	-1.71089	-10.2767	-8.56582
BLOCK04/SES049/SA049S29	SES099	-0.347187	-8.37015	-8.02296
BLOCK04/SES049/SA049S29	SES104	0.0115871	-8.01137	-8.02296
BLOCK04/SES049/SA049S29	SES125	-0.128036	-8.15099	-8.02296
BLOCK04/SES049/SA049S29	SES206	-1.78024	-9.8032	-8.02296
BLOCK06/SES063/SA063S09	SES068	-2.10001	-11.3713	-9.27127
BLOCK06/SES063/SA063S09	SES083	-0.293292	-9.56456	-9.27127
BLOCK06/SES063/SA063S09	SES177	-0.34397	-9.61524	-9.27127
BLOCK06/SES063/SA063S09	SES187	-0.978795	-10.2501	-9.27127
BLOCK06/SES063/SA063S10	SES068	-1.41827	-10.0778	-8.65953
BLOCK06/SES063/SA063S10	SES083	-0.577555	-9.23708	-8.65953
BLOCK06/SES063/SA063S10	SES172	-0.892184	-9.55171	-8.65953
BLOCK06/SES063/SA063S10	SES187	-1.3898	-10.0493	-8.65953
BLOCK06/SES063/SA063S20	SES068	-2.35222	-11.0216	-8.66938
BLOCK06/SES063/SA063S20	SES083	-0.985608	-9.65498	-8.66938
BLOCK06/SES063/SA063S20	SES172	-0.705718	-9.37509	-8.66938
BLOCK06/SES063/SA063S20	SES187	-1.21474	-9.88412	-8.66938
BLOCK06/SES063/SA063S24	SES029	-2.00911	-12.1347	-10.1256
BLOCK06/SES063/SA063S24	SES083	-0.26145	-10.3871	-10.1256
BLOCK06/SES063/SA063S24	SES177	-0.326693	-10.4523	-10.1256
BLOCK06/SES063/SA063S24	SES189	0.88989	-9.23573	-10.1256
BLOCK06/SES063/SA063S27	SES083	-0.241792	-8.97431	-8.73251
BLOCK06/SES063/SA063S27	SES172	-1.41687	-10.1494	-8.73251
BLOCK06/SES063/SA063S27	SES187	-1.03424	-9.76675	-8.73251
BLOCK06/SES063/SA063S27	SES292	-0.869931	-9.60244	-8.73251
BLOCK06/SES067/SA067S12	SES083	-0.5488	-7.72477	-7.17597
BLOCK06/SES067/SA067S12	SES172	-1.17567	-8.35164	-7.17597
BLOCK06/SES067/SA067S12	SES202	-0.595722	-7.7717	-7.17597
BLOCK06/SES067/SA067S12	SES292	-0.944074	-8.12005	-7.17597
BLOCK06/SES067/SA067S14	SES085	-0.0712385	-6.33039	-6.25915
BLOCK06/SES067/SA067S14	SES177	-0.87655	-7.1357	-6.25915
BLOCK06/SES067/SA067S14	SES183	0.0431113	-6.21604	-6.25915
BLOCK06/SES067/SA067S14	SES202	0.0247483	-6.2344	-6.25915
BLOCK06/SES067/SA067S21	SES144	-1.3262	-9.25883	-7.93263
BLOCK06/SES067/SA067S21	SES177	-1.50322	-9.43585	-7.93263
BLOCK06/SES067/SA067S21	SES183	-1.57979	-9.51242	-7.93263
BLOCK06/SES067/SA067S21	SES189	-1.46497	-9.3976	-7.93263
BLOCK06/SES067/SA067S25	SES085	-2.01981	-9.2427	-7.22289
BLOCK06/SES067/SA067S25	SES177	-1.13437	-8.35726	-7.22289
BLOCK06/SES067/SA067S25	SES183	-1.06741	-8.2903	-7.22289
BLOCK06/SES067/SA067S25	SES202	-1.30841	-8.5313	-7.22289
BLOCK06/SES067/SA067S29	SES085	-1.73398	-9.59354	-7.85956
BLOCK06/SES067/SA067S29	SES177	-1.67084	-9.5304	-7.85956
BLOCK06/SES067/SA067S29	SES183	-1.13569	-8.99524	-7.85956
BLOCK06/SES067/SA067S29	SES202	-0.268748	-8.12831	-7.85956
BLOCK06/SES069/SA069S12	SES029	-2.09425	-9.81672	-7.72247
BLOCK06/SES069/SA069S12	SES082	-0.472332	-8.1948	-7.72247
BLOCK06/SES069/SA069S12	SES087	-1.24787	-8.97033	-7.72247
BLOCK06/SES069/SA069S12	SES206	-0.406656	-8.12912	-7.72247
BLOCK06/SES069/SA069S13	SES029	-2.72957	-10.2208	-7.49123
BLOCK06/SES069/SA069S13	SES087	-1.28425	-8.77548	-7.49123
BLOCK06/SES069/SA069S13	SES206	-1.60082	-9.09205	-7.49123
BLOCK06/SES069/SA069S13	SES226	0.405907	-7.08532	-7.49123
BLOCK06/SES069/SA069S23	SES029	-0.713312	-8.02816	-7.31485
BLOCK06/SES069/SA069S23	SES087	-0.24612	-7.56097	-7.31485
BLOCK06/SES069/SA069S23	SES206	-0.871782	-8.18663	-7.31485
BLOCK06/SES069/SA069S23	SES226	-0.054163	-7.36901	-7.31485
BLOCK06/SES069/SA069S25	SES087	-1.08456	-8.75119	-7.66663
BLOCK06/SES069/SA069S25	SES206	-2.18469	-9.85132	-7.66663
BLOCK06/SES069/SA069S25	SES226	0.262102	-7.40453	-7.66663
BLOCK06/SES069/SA069S25	SES270	-1.18161	-8.84824	-7.66663
BLOCK06/SES069/SA069S27	SES087	-1.77479	-9.81522	-8.04043
BLOCK06/SES069/SA069S27	SES206	-0.73605	-8.77648	-8.04043
BLOCK06/SES069/SA069S27	SES226	0.31007	-7.73036	-8.04043
BLOCK06/SES069/SA069S27	SES270	-0.710155	-8.75058	-8.04043
BLOCK08/SES081/SA081S11	SES060	-2.28207	-10.2308	-7.94875
BLOCK08/SES081/SA081S11	SES062	-0.475667	-8.42442	-7.94875
BLOCK08/SES081/SA081S11	SES117	-2.313	-10.2617	-7.94875
BLOCK08/SES081/SA081S11	SES162	-1.83063	-9.77938	-7.94875
BLOCK08/SES081/SA081S13	SES016	-0.301223	-7.48573	-7.18451
BLOCK08/SES081/SA081S13	SES060	-0.195376	-7.37989	-7.18451
BLOCK08/SES081/SA081S13	SES068	-0.176234	-7.36074	-7.18451
BLOCK08/SES081/SA081S13	SES129	-1.3328	-8.51731	-7.18451
BLOCK08/SES081/SA081S24	SES060	-0.780776	-8.37935	-7.59857
BLOCK08/SES081/SA081S24	SES068	-0.677269	-8.27584	-7.59857
BLOCK08/SES081/SA081S24	SES117	-1.73295	-9.33152	-7.59857
BLOCK08/SES081/SA081S24	SES275	-0.778039	-8.37661	-7.59857
BLOCK08/SES081/SA081S27	SES007	-0.156605	-8.21662	-8.06001
BLOCK08/SES081/SA081S27	SES060	-1.16916	-9.22917	-8.06001
BLOCK08/SES081/SA081S27	SES117	-1.0503	-9.11031	-8.06001
BLOCK08/SES081/SA081S27	SES275	-1.18159	-9.2416	-8.06001
BLOCK08/SES081/SA081S29	SES007	-0.0951252	-8.80378	-8.70866
BLOCK08/SES081/SA081S29	SES060	-0.300037	-9.0087	-8.70866
BLOCK08/SES081/SA081S29	SES117	-1.08825	-9.7969	-8.70866
BLOCK08/SES081/SA081S29	SES275	-1.15158	-9.86024	-8.70866
BLOCK08/SES086/SA086S11	SES029	-3.30308	-12.5768	-9.27367
BLOCK08/SES086/SA086S11	SES082	-1.79278	-11.0665	-9.27367
BLOCK08/SES086/SA086S11	SES087	-0.478326	-9.752	-9.27367
BLOCK08/SES086/SA086S11	SES206	-1.76004	-11.0337	-9.27367
BLOCK08/SES086/SA086S12	SES029	-2.44062	-11.1132	-8.67255
BLOCK08/SES086/SA086S12	SES082	-1.51833	-10.1909	-8.67255
BLOCK08/SES086/SA086S12	SES087	0.6118	-8.06075	-8.67255
BLOCK08/SES086/SA086S12	SES206	-1.26019	-9.93274	-8.67255
BLOCK08/SES086/SA086S20	SES029	-2.23276	-10.4292	-8.19647
BLOCK08/SES086/SA086S20	SES082	-1.27942	-9.47589	-8.19647
BLOCK08/SES086/SA086S20	SES087	0.000790596	-8.19568	-8.19647
BLOCK08/SES086/SA086S20	SES206	-0.763428	-8.9599	-8.19647
BLOCK08/SES086/SA086S24	SES087	0.202684	-9.23592	-9.43861
BLOCK08/SES086/SA086S24	SES104	-1.44143	-10.88	-9.43861
BLOCK08/SES086/SA086S24	SES120	-0.570147	-10.0088	-9.43861
BLOCK08/SES086/SA086S24	SES206	-0.384506	-9.82311	-9.43861
BLOCK08/SES086/SA086S28	SES029	-1.79933	-9.87242	-8.07309
BLOCK08/SES086/SA086S28	SES082	-0.921693	-8.99479	-8.07309
BLOCK08/SES086/SA086S28	SES087	0.232857	-7.84024	-8.07309
BLOCK08/SES086/SA086S28	SES206	-0.411994	-8.48509	-8.07309
BLOCK08/SES089/SA089S13	SES087	-1.07019	-9.85496	-8.78477
BLOCK08/SES089/SA089S13	SES206	-1.30344	-10.0882	-8.78477
BLOCK08/SES089/SA089S13	SES226	-0.893096	-9.67786	-8.78477
BLOCK08/SES089/SA089S13	SES270	-1.31633	-10.1011	-8.78477
BLOCK08/SES089/SA089S14	SES062	-1.50002	-9.84217	-8.34216
BLOCK08/SES089/SA089S14	SES087	-0.233574	-8.57573	-8.34216
BLOCK08/SES089/SA089S14	SES206	-1.48905	-9.83121	-8.34216
BLOCK08/SES089/SA089S14	SES226	-1.3475	-9.68966	-8.34216
BLOCK08/SES089/SA089S23	SES087	-0.556883	-10.9871	-10.4303
BLOCK08/SES089/SA089S23	SES206	-1.50243	-11.9327	-10.4303
BLOCK08/SES089/SA089S23	SES226	-0.943406	-11.3737	-10.4303
BLOCK08/SES089/SA089S23	SES270	-2.93795	-13.3682	-10.4303
BLOCK08/SES089/SA089S25	SES062	-0.464086	-9.40184	-8.93775
BLOCK08/SES089/SA089S25	SES087	-0.261971	-9.19973	-8.93775
BLOCK08/SES089/SA089S25	SES206	-2.04011	-10.9779	-8.93775
BLOCK08/SES089/SA089S25	SES226	-0.853848	-9.7916	-8.93775
BLOCK08/SES089/SA089S28	SES062	-0.620927	-9.20859	-8.58767
BLOCK08/SES089/SA089S28	SES087	-0.187407	-8.77507	-8.58767
BLOCK08/SES089/SA089S28	SES206	-1.64911	-10.2368	-8.58767
BLOCK08/SES089/SA089S28	SES226	-0.488322	-9.07599	-8.58767
BLOCK09/SES097/SA097S11	SES099	-0.516349	-9.43582	-8.91947
BLOCK09/SES097/SA097S11	SES125	-1.82969	-10.7492	-8.91947
BLOCK09/SES097/SA097S11	SES206	-1.94421	-10.8637	-8.91947
BLOCK09/SES097/SA097S11	SES226	0.442636	-8.47683	-8.91947
BLOCK09/SES097/SA097S14	SES062	-2.61096	-10.9075	-8.29655
BLOCK09/SES097/SA097S14	SES099	-0.67644	-8.97299	-8.29655
BLOCK09/SES097/SA097S14	SES104	-0.836215	-9.13277	-8.29655
BLOCK09/SES097/SA097S14	SES206	-2.27982	-10.5764	-8.29655
BLOCK09/SES097/SA097S22	SES099	0.0572004	-8.83141	-8.88861
BLOCK09/SES097/SA097S22	SES206	-1.90933	-10.7979	-8.88861
BLOCK09/SES097/SA097S22	SES226	-0.383633	-9.27225	-8.88861
BLOCK09/SES097/SA097S22	SES270	-0.99021	-9.87882	-8.88861
BLOCK09/SES097/SA097S26	SES099	0.366619	-9.00404	-9.37066
BLOCK09/SES097/SA097S26	SES120	-0.800445	-10.1711	-9.37066
BLOCK09/SES097/SA097S26	SES206	-2.51325	-11.8839	-9.37066
BLOCK09/SES097/SA097S26	SES226	0.350437	-9.02022	-9.37066
BLOCK09/SES097/SA097S28	SES099	-0.404593	-8.38728	-7.98269
BLOCK09/SES097/SA097S28	SES120	-1.186	-9.16868	-7.98269
BLOCK09/SES097/SA097S28	SES206	-1.81361	-9.79629	-7.98269
BLOCK09/SES097/SA097S28	SES226	-0.769022	-8.75171	-7.98269
BLOCK09/SES098/SA098S11	SES127	-0.506699	-8.00563	-7.49893
BLOCK09/SES098/SA098S11	SES144	-0.218667	-7.7176	-7.49893
BLOCK09/SES098/SA098S11	SES147	-0.404869	-7.9038	-7.49893
BLOCK09/SES098/SA098S11	SES148	-1.72442	-9.22335	-7.49893
BLOCK09/SES098/SA098S12	SES127	-2.33022	-11.1607	-8.83044
BLOCK09/SES098/SA098S12	SES144	-1.15939	-9.98983	-8.83044
BLOCK09/SES098/SA098S12	SES147	-1.56006	-10.3905	-8.83044
BLOCK09/SES098/SA098S12	SES189	-1.49209	-10.3225	-8.83044
BLOCK09/SES098/SA098S20	SES127	-2.00154	-10.6832	-8.68163
BLOCK09/SES098/SA098S20	SES147	-1.02737	-9.709	-8.68163
BLOCK09/SES098/SA098S20	SES148	-3.39211	-12.0737	-8.68163
BLOCK09/SES098/SA098S20	SES292	-0.897363	-9.57899	-8.68163
BLOCK09/SES098/SA098S23	SES127	-1.39318	-9.49501	-8.10183
BLOCK09/SES098/SA098S23	SES147	-1.31955	-9.42138	-8.10183
BLOCK09/SES098/SA098S23	SES187	-1.11377	-9.2156	-8.10183
BLOCK09/SES098/SA098S23	SES292	-0.767016	-8.86885	-8.10183
BLOCK09/SES098/SA098S27	SES127	-2.44583	-10.6454	-8.19961
BLOCK09/SES098/SA098S27	SES147	-2.27599	-10.4756	-8.19961
BLOCK09/SES098/SA098S27	SES148	-3.50591	-11.7055	-8.19961
BLOCK09/SES098/SA098S27	SES292	-0.631078	-8.83069	-8.19961
BLOCK10/SES102/SA102S13	SES101	0.179885	-9.341	-9.52088
BLOCK10/SES102/SA102S13	SES105	-1.4766	-10.9975	-9.52088
BLOCK10/SES102/SA102S13	SES120	-2.88524	-12.4061	-9.52088
BLOCK10/SES102/SA102S13	SES158	-2.40488	-11.9258	-9.52088
BLOCK10/SES102/SA102S14	SES007	0.398486	-6.52892	-6.92741
BLOCK10/SES102/SA102S14	SES101	-0.13582	-7.06323	-6.92741
BLOCK10/SES102/SA102S14	SES105	-0.79414	-7.72155	-6.92741
BLOCK10/SES102/SA102S14	SES147	-1.53948	-8.46689	-6.92741
BLOCK10/SES102/SA102S22	SES007	-1.23533	-8.74378	-7.50844
BLOCK10/SES102/SA102S22	SES101	-0.466109	-7.97455	-7.50844
BLOCK10/SES102/SA102S22	SES105	-1.06673	-8.57517	-7.50844
BLOCK10/SES102/SA102S22	SES158	-2.23653	-9.74497	-7.50844
BLOCK10/SES102/SA102S25	SES007	-0.202762	-7.97778	-7.77501
BLOCK10/SES102/SA102S25	SES101	0.189333	-7.58568	-7.77501
BLOCK10/SES102/SA102S25	SES105	-1.05296	-8.82797	-7.77501
BLOCK10/SES102/SA102S25	SES147	-1.93795	-9.71296	-7.77501
BLOCK10/SES102/SA102S27	SES007	-0.584263	-8.54486	-7.96059
BLOCK10/SES102/SA102S27	SES101	0.398438	-7.56216	-7.96059
BLOCK10/SES102/SA102S27	SES105	-1.56044	-9.52103	-7.96059
BLOCK10/SES102/SA102S27	SES147	-1.9085	-9.8691	-7.96059
BLOCK10/SES103/SA103S14	SES105	-2.01538	-10.8265	-8.81108
BLOCK10/SES103/SA103S14	SES106	-2.12909	-10.9402	-8.81108
BLOCK10/SES103/SA103S14	SES120	-2.45503	-11.2661	-8.81108
BLOCK10/SES103/SA103S14	SES206	-1.74802	-10.5591	-8.81108
BLOCK10/SES103/SA103S15	SES099	-1.40823	-11.5235	-10.1153
BLOCK10/SES103/SA103S15	SES101	-3.23519	-13.3504	-10.1153
BLOCK10/SES103/SA103S15	SES104	-1.18452	-11.2998	-10.1153
BLOCK10/SES103/SA103S15	SES125	-1.42395	-11.5392	-10.1153
BLOCK10/SES103/SA103S24	SES104	-1.09286	-10.226	-9.13314
BLOCK10/SES103/SA103S24	SES125	-2.76282	-11.896	-9.13314
BLOCK10/SES103/SA103S24	SES148	-2.17898	-11.3121	-9.13314
BLOCK10/SES103/SA103S24	SES158	-1.77371	-10.9069	-9.13314
BLOCK10/SES103/SA103S26	SES104	-1.0253	-9.71638	-8.69107
BLOCK10/SES103/SA103S26	SES106	-2.13831	-10.8294	-8.69107
BLOCK10/SES103/SA103S26	SES125	-1.59491	-10.286	-8.69107
BLOCK10/SES103/SA103S26	SES148	-2.02206	-10.7131	-8.69107
BLOCK10/SES103/SA103S28	SES104	-0.626388	-9.60237	-8.97598
BLOCK10/SES103/SA103S28	SES106	-2.76353	-11.7395	-8.97598
BLOCK10/SES103/SA103S28	SES125	-2.31574	-11.2917	-8.97598
BLOCK10/SES103/SA103S28	SES206	-1.88324	-10.8592	-8.97598
BLOCK12/SES121/SA121S12	SES042	-1.28848	-10.2558	-8.96728
BLOCK12/SES121/SA121S12	SES087	-1.18102	-10.1483	-8.96728
BLOCK12/SES121/SA121S12	SES105	-0.222075	-9.18936	-8.96728
BLOCK12/SES121/SA121S12	SES206	-0.300433	-9.26771	-8.96728
BLOCK12/SES121/SA121S14	SES007	-2.5181	-13.6175	-11.0994
BLOCK12/SES121/SA121S14	SES105	-3.74956	-14.849	-11.0994
BLOCK12/SES121/SA121S14	SES106	-1.17233	-12.2717	-11.0994
BLOCK12/SES121/SA121S14	SES206	-1.52588	-12.6253	-11.0994
BLOCK12/SES121/SA121S23	SES105	-3.17991	-13.7961	-10.6162
BLOCK12/SES121/SA121S23	SES106	-1.54066	-12.1568	-10.6162
BLOCK12/SES121/SA121S23	SES120	-2.16659	-12.7828	-10.6162
BLOCK12/SES121/SA121S23	SES206	-0.471427	-11.0876	-10.6162
BLOCK12/SES121/SA121S25	SES007	-1.74392	-12.9648	-11.2209
BLOCK12/SES121/SA121S25	SES105	-3.68948	-14.9103	-11.2209
BLOCK12/SES121/SA121S25	SES106	-0.23345	-11.4543	-11.2209
BLOCK12/SES121/SA121S25	SES206	-1.13422	-12.3551	-11.2209
BLOCK12/SES121/SA121S27	SES087	0.555392	-9.78257	-10.338
BLOCK12/SES121/SA121S27	SES105	-4.37252	-14.7105	-10.338
BLOCK12/SES121/SA121S27	SES120	-0.488894	-10.8269	-10.338
BLOCK12/SES121/SA121S27	SES206	-0.735314	-11.0733	-10.338
BLOCK12/SES124/SA124S16	SES042	0.481051	-6.67531	-7.15636
BLOCK12/SES124/SA124S16	SES082	-0.368919	-7.52528	-7.15636
BLOCK12/SES124/SA124S16	SES183	-1.21902	-8.37538	-7.15636
BLOCK12/SES124/SA124S16	SES206	-0.798452	-7.95481	-7.15636
BLOCK12/SES124/SA124S17	SES105	-1.66786	-10.0563	-8.38842
BLOCK12/SES124/SA124S17	SES149	-1.05224	-9.44067	-8.38842
BLOCK12/SES124/SA124S17	SES158	-1.46827	-9.8567	-8.38842
BLOCK12/SES124/SA124S17	SES275	-1.47212	-9.86055	-8.38842
BLOCK12/SES124/SA124S23	SES105	-1.79838	-8.5493	-6.75092
BLOCK12/SES124/SA124S23	SES125	0.279281	-6.47164	-6.75092
BLOCK12/SES124/SA124S23	SES129	-2.38783	-9.13875	-6.75092
BLOCK12/SES124/SA124S23	SES158	-1.07928	-7.8302	-6.75092
BLOCK12/SES124/SA124S26	SES105	-2.0811	-10.3562	-8.27511
BLOCK12/SES124/SA124S26	SES125	-0.34711	-8.62222	-8.27511
BLOCK12/SES124/SA124S26	SES129	-2.30052	-10.5756	-8.27511
BLOCK12/SES124/SA124S26	SES158	-0.439974	-8.71508	-8.27511
BLOCK12/SES124/SA124S28	SES104	-0.520337	-7.90078	-7.38045
BLOCK12/SES124/SA124S28	SES106	-0.756959	-8.13741	-7.38045
BLOCK12/SES124/SA124S28	SES125	0.185805	-7.19464	-7.38045
BLOCK12/SES124/SA124S28	SES275	-1.0381	-8.41855	-7.38045
BLOCK12/SES126/SA126S13	SES007	-0.452426	-8.43677	-7.98434
BLOCK12/SES126/SA126S13	SES162	-1.52781	-9.51215	-7.98434
BLOCK12/SES126/SA126S13	SES177	-0.552902	-8.53725	-7.98434
BLOCK12/SES126/SA126S13	SES180	-1.39737	-9.38171	-7.98434
BLOCK12/SES126/SA126S14	SES144	-0.204525	-7.67845	-7.47393
BLOCK12/SES126/SA126S14	SES148	-1.83363	-9.30755	-7.47393
BLOCK12/SES126/SA126S14	SES177	-0.355235	-7.82916	-7.47393
BLOCK12/SES126/SA126S14	SES180	-1.36718	-8.8411	-7.47393
BLOCK12/SES126/SA126S20	SES007	-0.343911	-7.15308	-6.80917
BLOCK12/SES126/SA126S20	SES162	-1.32372	-8.13289	-6.80917
BLOCK12/SES126/SA126S20	SES172	-1.25448	-8.06365	-6.80917
BLOCK12/SES126/SA126S20	SES180	-1.00429	-7.81346	-6.80917
BLOCK12/SES126/SA126S24	SES120	-0.0542779	-7.484	-7.42972
BLOCK12/SES126/SA126S24	SES162	-1.03398	-8.46371	-7.42972
BLOCK12/SES126/SA126S24	SES177	-0.2138	-7.64352	-7.42972
BLOCK12/SES126/SA126S24	SES180	-0.561571	-7.99129	-7.42972
BLOCK12/SES126/SA126S26	SES120	0.0475135	-7.71634	-7.76386
BLOCK12/SES126/SA126S26	SES177	-0.731459	-8.49531	-7.76386
BLOCK12/SES126/SA126S26	SES180	-0.572866	-8.33672	-7.76386
BLOCK12/SES126/SA126S26	SES202	-1.079	-8.84285	-7.76386
BLOCK12/SES128/SA128S10	SES087	-2.37066	-10.5754	-8.20472
BLOCK12/SES128/SA128S10	SES206	-1.28892	-9.49364	-8.20472
BLOCK12/SES128/SA128S10	SES226	-0.349282	-8.554	-8.20472
BLOCK12/SES128/SA128S10	SES270	-0.926102	-9.13082	-8.20472
BLOCK12/SES128/SA128S12	SES120	-0.490391	-8.49189	-8.0015
BLOCK12/SES128/SA128S12	SES158	-0.746199	-8.74769	-8.0015
BLOCK12/SES128/SA128S12	SES206	-0.758411	-8.75991	-8.0015
BLOCK12/SES128/SA128S12	SES226	-1.79021	-9.79171	-8.0015
BLOCK12/SES128/SA128S21	SES106	-0.910824	-9.11148	-8.20066
BLOCK12/SES128/SA128S21	SES120	-1.13	-9.33066	-8.20066
BLOCK12/SES128/SA128S21	SES206	-1.27547	-9.47613	-8.20066
BLOCK12/SES128/SA128S21	SES226	0.576098	-7.62456	-8.20066
BLOCK12/SES128/SA128S24	SES087	-1.29925	-9.78836	-8.48911
BLOCK12/SES128/SA128S24	SES120	-0.835458	-9.32456	-8.48911
BLOCK12/SES128/SA128S24	SES206	-0.742231	-9.23134	-8.48911
BLOCK12/SES128/SA128S24	SES226	-1.21138	-9.70049	-8.48911
BLOCK12/SES128/SA128S27	SES099	-0.151624	-7.85294	-7.70131
BLOCK12/SES128/SA128S27	SES120	-0.0579553	-7.75927	-7.70131
BLOCK12/SES128/SA128S27	SES206	-0.499318	-8.20063	-7.70131
BLOCK12/SES128/SA128S27	SES226	-0.633822	-8.33514	-7.70131
BLOCK13/SES130/SA130S13	SES143	-0.457986	-9.52362	-9.06563
BLOCK13/SES130/SA130S13	SES144	0.492488	-8.57315	-9.06563
BLOCK13/SES130/SA130S13	SES146	-2.0958	-11.1614	-9.06563
BLOCK13/SES130/SA130S13	SES275	-2.55554	-11.6212	-9.06563
BLOCK13/SES130/SA130S15	SES143	-0.550227	-8.06616	-7.51593
BLOCK13/SES130/SA130S15	SES144	0.320055	-7.19588	-7.51593
BLOCK13/SES130/SA130S15	SES146	-0.434342	-7.95027	-7.51593
BLOCK13/SES130/SA130S15	SES275	-0.761816	-8.27775	-7.51593
BLOCK13/SES130/SA130S23	SES127	-0.79109	-9.18199	-8.3909
BLOCK13/SES130/SA130S23	SES144	-0.0463762	-8.43728	-8.3909
BLOCK13/SES130/SA130S23	SES146	-0.439981	-8.83088	-8.3909
BLOCK13/SES130/SA130S23	SES162	-0.71786	-9.10876	-8.3909
BLOCK13/SES130/SA130S25	SES127	-0.749769	-7.89694	-7.14717
BLOCK13/SES130/SA130S25	SES144	0.0532708	-7.0939	-7.14717
BLOCK13/SES130/SA130S25	SES146	-0.921704	-8.06887	-7.14717
BLOCK13/SES130/SA130S25	SES275	-1.26876	-8.41593	-7.14717
BLOCK13/SES130/SA130S28	SES127	-0.374618	-8.8894	-8.51478
BLOCK13/SES130/SA130S28	SES144	-0.319387	-8.83417	-8.51478
BLOCK13/SES130/SA130S28	SES146	-0.225819	-8.7406	-8.51478
BLOCK13/SES130/SA130S28	SES275	-0.638906	-9.15368	-8.51478
BLOCK13/SES131/SA131S13	SES002	-1.36341	-10.4089	-9.0455
BLOCK13/SES131/SA131S13	SES007	-1.66197	-10.7075	-9.0455
BLOCK13/SES131/SA131S13	SES099	0.082139	-8.96336	-9.0455
BLOCK13/SES131/SA131S13	SES105	-1.45012	-10.4956	-9.0455
BLOCK13/SES131/SA131S14	SES104	-0.42157	-7.45888	-7.03731
BLOCK13/SES131/SA131S14	SES106	-1.56954	-8.60685	-7.03731
BLOCK13/SES131/SA131S14	SES125	-1.39195	-8.42926	-7.03731
BLOCK13/SES131/SA131S14	SES148	-0.0536656	-7.09097	-7.03731
BLOCK13/SES131/SA131S20	SES104	-0.738583	-9.92484	-9.18626
BLOCK13/SES131/SA131S20	SES106	-1.41897	-10.6052	-9.18626
BLOCK13/SES131/SA131S20	SES125	-1.40646	-10.5927	-9.18626
BLOCK13/SES131/SA131S20	SES148	-1.70013	-10.8864	-9.18626
BLOCK13/SES131/SA131S22	SES099	-0.210596	-7.557	-7.34641
BLOCK13/SES131/SA131S22	SES104	-0.490173	-7.83658	-7.34641
BLOCK13/SES131/SA131S22	SES125	-0.413131	-7.75954	-7.34641
BLOCK13/SES131/SA131S22	SES206	-0.571562	-7.91797	-7.34641
BLOCK13/SES131/SA131S29	SES087	-1.42672	-10.3853	-8.95859
BLOCK13/SES131/SA131S29	SES104	-1.50251	-10.4611	-8.95859
BLOCK13/SES131/SA131S29	SES125	-3.99646	-12.955	-8.95859
BLOCK13/SES131/SA131S29	SES206	-1.74254	-10.7011	-8.95859
BLOCK13/SES132/SA132S11	SES083	-1.6053	-9.28386	-7.67856
BLOCK13/SES132/SA132S11	SES120	-0.166966	-7.84553	-7.67856
BLOCK13/SES132/SA132S11	SES127	-2.09027	-9.76883	-7.67856
BLOCK13/SES132/SA132S11	SES275	-1.43777	-9.11634	-7.67856
BLOCK13/SES132/SA132S12	SES083	-1.35875	-8.5258	-7.16705
BLOCK13/SES132/SA132S12	SES143	-1.6744	-8.84145	-7.16705
BLOCK13/SES132/SA132S12	SES144	-1.05157	-8.21862	-7.16705
BLOCK13/SES132/SA132S12	SES148	-1.38056	-8.54761	-7.16705
BLOCK13/SES132/SA132S22	SES062	-0.433543	-8.0376	-7.60406
BLOCK13/SES132/SA132S22	SES083	-1.92788	-9.53194	-7.60406
BLOCK13/SES132/SA132S22	SES127	-1.68884	-9.2929	-7.60406
BLOCK13/SES132/SA132S22	SES275	-0.984974	-8.58903	-7.60406
BLOCK13/SES132/SA132S24	SES007	-0.262967	-7.43707	-7.1741
BLOCK13/SES132/SA132S24	SES083	-1.51115	-8.68526	-7.1741
BLOCK13/SES132/SA132S24	SES127	-2.475	-9.6491	-7.1741
BLOCK13/SES132/SA132S24	SES275	-1.13893	-8.31303	-7.1741
BLOCK13/SES132/SA132S27	SES083	-2.5161	-11.0253	-8.50924
BLOCK13/SES132/SA132S27	SES120	0.220963	-8.28828	-8.50924
BLOCK13/SES132/SA132S27	SES127	-4.04978	-12.559	-8.50924
BLOCK13/SES132/SA132S27	SES275	-2.07209	-10.5813	-8.50924
BLOCK14/SES141/SA141S09	SES143	-0.778445	-7.7665	-6.98806
BLOCK14/SES141/SA141S09	SES144	-0.430599	-7.41866	-6.98806
BLOCK14/SES141/SA141S09	SES162	-0.896843	-7.8849	-6.98806
BLOCK14/SES141/SA141S09	SES180	-0.836062	-7.82412	-6.98806
BLOCK14/SES141/SA141S15	SES127	-2.10749	-9.83339	-7.72589
BLOCK14/SES141/SA141S15	SES144	-1.24986	-8.97575	-7.72589
BLOCK14/SES141/SA141S15	SES162	-1.77951	-9.50541	-7.72589
BLOCK14/SES141/SA141S15	SES180	-1.34686	-9.07276	-7.72589
BLOCK14/SES141/SA141S24	SES127	-1.77901	-9.37814	-7.59913
BLOCK14/SES141/SA141S24	SES144	-1.13635	-8.73548	-7.59913
BLOCK14/SES141/SA141S24	SES162	-1.5006	-9.09973	-7.59913
BLOCK14/SES141/SA141S24	SES183	-1.37597	-8.97511	-7.59913
BLOCK14/SES141/SA141S26	SES142	0.0570688	-8.17257	-8.22964
BLOCK14/SES141/SA141S26	SES144	-1.35083	-9.58047	-8.22964
BLOCK14/SES141/SA141S26	SES172	-1.04033	-9.26997	-8.22964
BLOCK14/SES141/SA141S26	SES180	-1.12706	-9.3567	-8.22964
BLOCK14/SES141/SA141S29	SES127	-1.13302	-8.27417	-7.14114
BLOCK14/SES141/SA141S29	SES142	-0.167835	-7.30898	-7.14114
BLOCK14/SES141/SA141S29	SES144	-0.378496	-7.51964	-7.14114
BLOCK14/SES141/SA141S29	SES180	-0.50768	-7.64883	-7.14114
BLOCK15/SES157/SA157S08	SES083	-0.796906	-8.33436	-7.53745
BLOCK15/SES157/SA157S08	SES127	-1.18588	-8.72333	-7.53745
BLOCK15/SES157/SA157S08	SES148	-0.295912	-7.83336	-7.53745
BLOCK15/SES157/SA157S08	SES292	-1.1894	-8.72685	-7.53745
BLOCK15/SES157/SA157S11	SES083	-0.727271	-9.12751	-8.40024
BLOCK15/SES157/SA157S11	SES127	-0.736615	-9.13686	-8.40024
BLOCK15/SES157/SA157S11	SES148	-1.24639	-9.64664	-8.40024
BLOCK15/SES157/SA157S11	SES292	-1.37397	-9.77421	-8.40024
BLOCK15/SES157/SA157S21	SES127	0.165707	-7.09386	-7.25957
BLOCK15/SES157/SA157S21	SES148	0.0475826	-7.21199	-7.25957
BLOCK15/SES157/SA157S21	SES158	-4.35625	-11.6158	-7.25957
BLOCK15/SES157/SA157S21	SES292	-1.11582	-8.37539	-7.25957
BLOCK15/SES157/SA157S24	SES127	-0.618332	-8.93951	-8.32118
BLOCK15/SES157/SA157S24	SES148	-0.733727	-9.05491	-8.32118
BLOCK15/SES157/SA157S24	SES183	-0.81439	-9.13557	-8.32118
BLOCK15/SES157/SA157S24	SES292	-1.51855	-9.83973	-8.32118
BLOCK15/SES157/SA157S26	SES007	-0.771734	-8.5062	-7.73447
BLOCK15/SES157/SA157S26	SES127	-0.680055	-8.41453	-7.73447
BLOCK15/SES157/SA157S26	SES147	-0.741126	-8.4756	-7.73447
BLOCK15/SES157/SA157S26	SES148	-0.946997	-8.68147	-7.73447
BLOCK16/SES161/SA161S10	SES007	-0.973507	-8.94924	-7.97573
BLOCK16/SES161/SA161S10	SES105	-0.887619	-8.86335	-7.97573
BLOCK16/SES161/SA161S10	SES158	-1.23035	-9.20608	-7.97573
BLOCK16/SES161/SA161S10	SES275	-0.782749	-8.75848	-7.97573
BLOCK16/SES161/SA161S12	SES007	-2.4664	-11.467	-9.00063
BLOCK16/SES161/SA161S12	SES105	-2.36183	-11.3625	-9.00063
BLOCK16/SES161/SA161S12	SES158	-1.49802	-10.4986	-9.00063
BLOCK16/SES161/SA161S12	SES275	-3.52309	-12.5237	-9.00063
BLOCK16/SES161/SA161S20	SES007	-0.909984	-10.1826	-9.27262
BLOCK16/SES161/SA161S20	SES105	-2.3723	-11.6449	-9.27262
BLOCK16/SES161/SA161S20	SES158	-0.18242	-9.45504	-9.27262
BLOCK16/SES161/SA161S20	SES275	-2.64762	-11.9202	-9.27262
BLOCK16/SES161/SA161S23	SES007	-2.78481	-11.9728	-9.18798
BLOCK16/SES161/SA161S23	SES105	-1.24168	-10.4297	-9.18798
BLOCK16/SES161/SA161S23	SES148	-2.6337	-11.8217	-9.18798
BLOCK16/SES161/SA161S23	SES158	-3.41211	-12.6001	-9.18798
BLOCK16/SES161/SA161S28	SES007	-1.38702	-9.86974	-8.48272
BLOCK16/SES161/SA161S28	SES105	-2.5804	-11.0631	-8.48272
BLOCK16/SES161/SA161S28	SES158	-0.303455	-8.78618	-8.48272
BLOCK16/SES161/SA161S28	SES206	-0.821657	-9.30438	-8.48272
BLOCK16/SES164/SA164S11	SES104	-1.44966	-9.4474	-7.99774
BLOCK16/SES164/SA164S11	SES125	-0.861042	-8.85878	-7.99774
BLOCK16/SES164/SA164S11	SES158	-1.75323	-9.75097	-7.99774
BLOCK16/SES164/SA164S11	SES206	-4.02397	-12.0217	-7.99774
BLOCK16/SES164/SA164S13	SES099	-1.62438	-10.1734	-8.549
BLOCK16/SES164/SA164S13	SES104	-0.97483	-9.52383	-8.549
BLOCK16/SES164/SA164S13	SES125	-1.77977	-10.3288	-8.549
BLOCK16/SES164/SA164S13	SES206	-2.50284	-11.0518	-8.549
BLOCK16/SES164/SA164S24	SES002	0.399538	-7.93832	-8.33786
BLOCK16/SES164/SA164S24	SES099	-0.657953	-8.99581	-8.33786
BLOCK16/SES164/SA164S24	SES125	-0.845023	-9.18288	-8.33786
BLOCK16/SES164/SA164S24	SES226	0.605935	-7.73193	-8.33786
BLOCK16/SES164/SA164S27	SES087	-2.72459	-11.4272	-8.70266
BLOCK16/SES164/SA164S27	SES125	-0.988884	-9.69154	-8.70266
BLOCK16/SES164/SA164S27	SES206	-3.20531	-11.908	-8.70266
BLOCK16/SES164/SA164S27	SES226	-0.0643854	-8.76704	-8.70266
BLOCK16/SES164/SA164S29	SES002	-0.23266	-8.59413	-8.36147
BLOCK16/SES164/SA164S29	SES019	-1.51744	-9.8789	-8.36147
BLOCK16/SES164/SA164S29	SES125	-0.679246	-9.04072	-8.36147
BLOCK16/SES164/SA164S29	SES226	-0.376053	-8.73752	-8.36147
BLOCK16/SES169/SA169S13	SES117	-1.22812	-9.33707	-8.10896
BLOCK16/SES169/SA169S13	SES144	-0.568637	-8.67759	-8.10896
BLOCK16/SES169/SA169S13	SES146	-0.422802	-8.53176	-8.10896
BLOCK16/SES169/SA169S13	SES162	-0.959521	-9.06848	-8.10896
BLOCK16/SES169/SA169S14	SES144	-0.293942	-7.06599	-6.77205
BLOCK16/SES169/SA169S14	SES148	-0.221098	-6.99314	-6.77205
BLOCK16/SES169/SA169S14	SES177	-0.29352	-7.06557	-6.77205
BLOCK16/SES169/SA169S14	SES180	-0.588416	-7.36046	-6.77205
BLOCK16/SES169/SA169S24	SES117	-1.23538	-9.86899	-8.63361
BLOCK16/SES169/SA169S24	SES144	-0.592176	-9.22579	-8.63361
BLOCK16/SES169/SA169S24	SES146	-0.937694	-9.5713	-8.63361
BLOCK16/SES169/SA169S24	SES162	-0.892762	-9.52637	-8.63361
BLOCK16/SES169/SA169S27	SES127	-0.5638	-8.40806	-7.84426
BLOCK16/SES169/SA169S27	SES129	-0.469764	-8.31402	-7.84426
BLOCK16/SES169/SA169S27	SES144	-0.4684	-8.31266	-7.84426
BLOCK16/SES169/SA169S27	SES146	-0.730143	-8.5744	-7.84426
BLOCK16/SES169/SA169S29	SES144	-0.298697	-7.15365	-6.85495
BLOCK16/SES169/SA169S29	SES162	-0.229205	-7.08416	-6.85495
BLOCK16/SES169/SA169S29	SES177	-0.679422	-7.53437	-6.85495
BLOCK16/SES169/SA169S29	SES180	-1.0869	-7.94185	-6.85495
BLOCK17/SES171/SA171S12	SES083	-0.877619	-9.91659	-9.03897
BLOCK17/SES171/SA171S12	SES148	-2.64037	-11.6793	-9.03897
BLOCK17/SES171/SA171S12	SES172	-1.15306	-10.192	-9.03897
BLOCK17/SES171/SA171S12	SES292	-3.34791	-12.3869	-9.03897
BLOCK17/SES171/SA171S15	SES148	-1.34329	-9.78444	-8.44115
BLOCK17/SES171/SA171S15	SES177	-1.00995	-9.4511	-8.44115
BLOCK17/SES171/SA171S15	SES180	-2.93381	-11.375	-8.44115
BLOCK17/SES171/SA171S15	SES292	-1.73237	-10.1735	-8.44115
BLOCK17/SES171/SA171S22	SES007	-0.492584	-7.50869	-7.0161
BLOCK17/SES171/SA171S22	SES148	-0.322039	-7.33814	-7.0161
BLOCK17/SES171/SA171S22	SES177	-0.219694	-7.2358	-7.0161
BLOCK17/SES171/SA171S22	SES180	-1.55956	-8.57566	-7.0161
BLOCK17/SES171/SA171S25	SES101	-1.57781	-10.0133	-8.43544
BLOCK17/SES171/SA171S25	SES120	-3.19061	-11.6261	-8.43544
BLOCK17/SES171/SA171S25	SES177	-1.24013	-9.67557	-8.43544
BLOCK17/SES171/SA171S25	SES180	-1.79941	-10.2349	-8.43544
BLOCK17/SES171/SA171S27	SES177	-0.802202	-9.41112	-8.60892
BLOCK17/SES171/SA171S27	SES180	-3.22616	-11.8351	-8.60892
BLOCK17/SES171/SA171S27	SES189	-0.511519	-9.12044	-8.60892
BLOCK17/SES171/SA171S27	SES292	-2.46148	-11.0704	-8.60892
BLOCK17/SES173/SA173S13	SES162	-2.4695	-10.4926	-8.02306
BLOCK17/SES173/SA173S13	SES177	-1.19073	-9.21379	-8.02306
BLOCK17/SES173/SA173S13	SES180	-1.60472	-9.62778	-8.02306
BLOCK17/SES173/SA173S13	SES292	-0.17613	-8.19919	-8.02306
BLOCK17/SES173/SA173S14	SES007	-0.656198	-8.54182	-7.88562
BLOCK17/SES173/SA173S14	SES162	-2.40133	-10.287	-7.88562
BLOCK17/SES173/SA173S14	SES177	-1.12601	-9.01164	-7.88562
BLOCK17/SES173/SA173S14	SES180	-1.86881	-9.75443	-7.88562
BLOCK17/SES173/SA173S24	SES144	-1.76451	-10.1228	-8.3583
BLOCK17/SES173/SA173S24	SES162	-2.46177	-10.8201	-8.3583
BLOCK17/SES173/SA173S24	SES177	-0.681674	-9.03997	-8.3583
BLOCK17/SES173/SA173S24	SES180	-2.28693	-10.6452	-8.3583
BLOCK17/SES173/SA173S27	SES162	-3.34343	-11.6889	-8.34547
BLOCK17/SES173/SA173S27	SES177	-1.13355	-9.47902	-8.34547
BLOCK17/SES173/SA173S27	SES180	-1.38068	-9.72615	-8.34547
BLOCK17/SES173/SA173S27	SES292	-0.241477	-8.58695	-8.34547
BLOCK17/SES173/SA173S29	SES162	-1.75544	-10.3914	-8.63601
BLOCK17/SES173/SA173S29	SES175	-1.22415	-9.86015	-8.63601
BLOCK17/SES173/SA173S29	SES177	-0.706054	-9.34206	-8.63601
BLOCK17/SES173/SA173S29	SES292	-1.27423	-9.91024	-8.63601
BLOCK18/SES182/SA182S10	SES144	-1.04254	-8.63257	-7.59003
BLOCK18/SES182/SA182S10	SES177	-1.17962	-8.76965	-7.59003
BLOCK18/SES182/SA182S10	SES180	-2.23022	-9.82025	-7.59003
BLOCK18/SES182/SA182S10	SES275	-0.573705	-8.16373	-7.59003
BLOCK18/SES182/SA182S12	SES144	-0.841259	-8.02429	-7.18303
BLOCK18/SES182/SA182S12	SES177	-0.714945	-7.89798	-7.18303
BLOCK18/SES182/SA182S12	SES180	-1.98465	-9.16768	-7.18303
BLOCK18/SES182/SA182S12	SES275	-0.515245	-7.69828	-7.18303
BLOCK18/SES182/SA182S21	SES117	-1.68409	-10.3408	-8.65667
BLOCK18/SES182/SA182S21	SES144	-1.12068	-9.77735	-8.65667
BLOCK18/SES182/SA182S21	SES162	-1.27877	-9.93544	-8.65667
BLOCK18/SES182/SA182S21	SES180	-2.40767	-11.0643	-8.65667
BLOCK18/SES182/SA182S23	SES117	-1.60037	-10.3572	-8.75688
BLOCK18/SES182/SA182S23	SES144	-2.08478	-10.8417	-8.75688
BLOCK18/SES182/SA182S23	SES180	-4.13979	-12.8967	-8.75688
BLOCK18/SES182/SA182S23	SES275	-1.96613	-10.723	-8.75688
BLOCK18/SES182/SA182S25	SES007	0.235854	-7.83066	-8.06651
BLOCK18/SES182/SA182S25	SES162	-0.882778	-8.94929	-8.06651
BLOCK18/SES182/SA182S25	SES177	-0.766411	-8.83292	-8.06651
BLOCK18/SES182/SA182S25	SES180	-2.17684	-10.2434	-8.06651
BLOCK18/SES184/SA184S12	SES177	-1.37313	-8.96485	-7.59172
BLOCK18/SES184/SA184S12	SES180	-0.566625	-8.15834	-7.59172
BLOCK18/SES184/SA184S12	SES189	-1.82727	-9.41898	-7.59172
BLOCK18/SES184/SA184S12	SES292	-0.303016	-7.89473	-7.59172
BLOCK18/SES184/SA184S13	SES101	-0.696568	-8.54851	-7.85194
BLOCK18/SES184/SA184S13	SES177	-0.840181	-8.69212	-7.85194
BLOCK18/SES184/SA184S13	SES180	-0.635206	-8.48714	-7.85194
BLOCK18/SES184/SA184S13	SES292	-0.71559	-8.56753	-7.85194
BLOCK18/SES184/SA184S22	SES177	-1.40825	-9.26475	-7.8565
BLOCK18/SES184/SA184S22	SES180	-0.705704	-8.5622	-7.8565
BLOCK18/SES184/SA184S22	SES189	-1.45411	-9.31061	-7.8565
BLOCK18/SES184/SA184S22	SES292	-0.919787	-8.77628	-7.8565
BLOCK18/SES184/SA184S25	SES101	-0.801597	-8.31134	-7.50974
BLOCK18/SES184/SA184S25	SES177	-1.44554	-8.95529	-7.50974
BLOCK18/SES184/SA184S25	SES180	-0.326792	-7.83654	-7.50974
BLOCK18/SES184/SA184S25	SES292	-0.820371	-8.33012	-7.50974
BLOCK18/SES184/SA184S27	SES083	-0.717087	-8.52736	-7.81027
BLOCK18/SES184/SA184S27	SES177	-0.512575	-8.32284	-7.81027
BLOCK18/SES184/SA184S27	SES202	-0.736685	-8.54695	-7.81027
BLOCK18/SES184/SA184S27	SES292	-0.898057	-8.70832	-7.81027
BLOCK20/SES204/SA204S12	SES062	-0.756998	-8.0949	-7.3379
BLOCK20/SES204/SA204S12	SES083	-1.7516	-9.08951	-7.3379
BLOCK20/SES204/SA204S12	SES206	-0.512253	-7.85016	-7.3379
BLOCK20/SES204/SA204S12	SES226	-0.746682	-8.08459	-7.3379
BLOCK20/SES204/SA204S14	SES068	-0.330522	-7.22545	-6.89492
BLOCK20/SES204/SA204S14	SES087	0.120732	-6.77419	-6.89492
BLOCK20/SES204/SA204S14	SES206	-0.530664	-7.42559	-6.89492
BLOCK20/SES204/SA204S14	SES226	-0.688712	-7.58364	-6.89492
BLOCK20/SES204/SA204S22	SES068	-0.617127	-8.18169	-7.56456
BLOCK20/SES204/SA204S22	SES082	-0.629794	-8.19436	-7.56456
BLOCK20/SES204/SA204S22	SES083	-2.03314	-9.59771	-7.56456
BLOCK20/SES204/SA204S22	SES206	-0.226817	-7.79138	-7.56456
BLOCK20/SES204/SA204S25	SES062	-0.598109	-7.80482	-7.20671
BLOCK20/SES204/SA204S25	SES083	-2.19748	-9.40419	-7.20671
BLOCK20/SES204/SA204S25	SES206	-0.114787	-7.3215	-7.20671
BLOCK20/SES204/SA204S25	SES226	-0.672658	-7.87937	-7.20671
BLOCK20/SES204/SA204S27	SES068	-0.560459	-8.53506	-7.9746
BLOCK20/SES204/SA204S27	SES082	-1.24404	-9.21864	-7.9746
BLOCK20/SES204/SA204S27	SES087	0.342257	-7.63234	-7.9746
BLOCK20/SES204/SA204S27	SES206	-1.50657	-9.48117	-7.9746
BLOCK20/SES207/SA207S10	SES127	-2.23406	-9.70368	-7.46962
BLOCK20/SES207/SA207S10	SES183	-1.2329	-8.70252	-7.46962
BLOCK20/SES207/SA207S10	SES189	-0.675972	-8.1456	-7.46962
BLOCK20/SES207/SA207S10	SES292	-1.18368	-8.6533	-7.46962
BLOCK20/SES207/SA207S11	SES127	-1.74185	-10.3032	-8.56133
BLOCK20/SES207/SA207S11	SES183	-1.98937	-10.5507	-8.56133
BLOCK20/SES207/SA207S11	SES187	-0.6418	-9.20313	-8.56133
BLOCK20/SES207/SA207S11	SES292	-0.362663	-8.92399	-8.56133
BLOCK20/SES207/SA207S25	SES068	-1.08038	-9.62819	-8.54781
BLOCK20/SES207/SA207S25	SES083	-1.6419	-10.1897	-8.54781
BLOCK20/SES207/SA207S25	SES127	-0.414169	-8.96198	-8.54781
BLOCK20/SES207/SA207S25	SES187	-0.97024	-9.51805	-8.54781
BLOCK20/SES207/SA207S27	SES127	-1.41196	-9.79604	-8.38408
BLOCK20/SES207/SA207S27	SES183	-1.35077	-9.73485	-8.38408
BLOCK20/SES207/SA207S27	SES187	-0.742883	-9.12696	-8.38408
BLOCK20/SES207/SA207S27	SES292	-1.19339	-9.57747	-8.38408
BLOCK20/SES207/SA207S29	SES083	-2.13575	-10.2891	-8.15331
BLOCK20/SES207/SA207S29	SES085	-0.862845	-9.01616	-8.15331
BLOCK20/SES207/SA207S29	SES172	-0.142404	-8.29572	-8.15331
BLOCK20/SES207/SA207S29	SES189	-1.64311	-9.79643	-8.15331
BLOCK22/SES221/SA221S12	SES068	-0.0464749	-7.1459	-7.09942
BLOCK22/SES221/SA221S12	SES143	-1.36008	-8.4595	-7.09942
BLOCK22/SES221/SA221S12	SES175	-0.323936	-7.42336	-7.09942
BLOCK22/SES221/SA221S12	SES202	-0.458947	-7.55837	-7.09942
BLOCK22/SES221/SA221S15	SES085	-0.48723	-7.86839	-7.38116
BLOCK22/SES221/SA221S15	SES143	-1.0306	-8.41176	-7.38116
BLOCK22/SES221/SA221S15	SES175	-0.554504	-7.93567	-7.38116
BLOCK22/SES221/SA221S15	SES187	-0.942195	-8.32336	-7.38116
BLOCK22/SES221/SA221S23	SES068	0.462099	-6.98712	-7.44922
BLOCK22/SES221/SA221S23	SES143	-1.33153	-8.78075	-7.44922
BLOCK22/SES221/SA221S23	SES175	-0.604319	-8.05354	-7.44922
BLOCK22/SES221/SA221S23	SES189	-1.37123	-8.82046	-7.44922
BLOCK22/SES221/SA221S27	SES085	0.207575	-7.5287	-7.73627
BLOCK22/SES221/SA221S27	SES143	-0.830241	-8.56651	-7.73627
BLOCK22/SES221/SA221S27	SES175	-0.895795	-8.63207	-7.73627
BLOCK22/SES221/SA221S27	SES189	-0.995874	-8.73214	-7.73627
BLOCK22/SES221/SA221S29	SES085	0.161842	-7.36422	-7.52606
BLOCK22/SES221/SA221S29	SES143	-0.390047	-7.91611	-7.52606
BLOCK22/SES221/SA221S29	SES175	-0.244413	-7.77048	-7.52606
BLOCK22/SES221/SA221S29	SES187	-1.29667	-8.82273	-7.52606
BLOCK22/SES223/SA223S11	SES143	-1.01632	-8.86636	-7.85004
BLOCK22/SES223/SA223S11	SES144	-1.91716	-9.7672	-7.85004
BLOCK22/SES223/SA223S11	SES175	-0.71066	-8.5607	-7.85004
BLOCK22/SES223/SA223S11	SES187	-1.4726	-9.32264	-7.85004
BLOCK22/SES223/SA223S13	SES068	0.101346	-7.66761	-7.76896
BLOCK22/SES223/SA223S13	SES143	-1.26922	-9.03817	-7.76896
BLOCK22/SES223/SA223S13	SES146	-0.72885	-8.49781	-7.76896
BLOCK22/SES223/SA223S13	SES202	-1.03866	-8.80762	-7.76896
BLOCK22/SES223/SA223S22	SES143	-0.314853	-8.03701	-7.72216
BLOCK22/SES223/SA223S22	SES144	-1.62713	-9.34929	-7.72216
BLOCK22/SES223/SA223S22	SES175	-0.328129	-8.05029	-7.72216
BLOCK22/SES223/SA223S22	SES187	-1.22858	-8.95074	-7.72216
BLOCK22/SES223/SA223S25	SES068	-0.771982	-8.71418	-7.9422
BLOCK22/SES223/SA223S25	SES143	-1.39878	-9.34098	-7.9422
BLOCK22/SES223/SA223S25	SES175	-0.44747	-8.38967	-7.9422
BLOCK22/SES223/SA223S25	SES187	-1.43663	-9.37883	-7.9422
BLOCK22/SES223/SA223S27	SES143	-0.628901	-8.92629	-8.29739
BLOCK22/SES223/SA223S27	SES146	-1.75766	-10.055	-8.29739
BLOCK22/SES223/SA223S27	SES187	-1.43413	-9.73151	-8.29739
BLOCK22/SES223/SA223S27	SES292	-0.4183	-8.71568	-8.29739
BLOCK27/SES273/SA273S12	SES099	-0.0452805	-7.75363	-7.70835
BLOCK27/SES273/SA273S12	SES104	0.23702	-7.47133	-7.70835
BLOCK27/SES273/SA273S12	SES125	-0.327169	-8.03552	-7.70835
BLOCK27/SES273/SA273S12	SES206	-0.121058	-7.82941	-7.70835
BLOCK27/SES273/SA273S13	SES099	-1.213	-8.42657	-7.21358
BLOCK27/SES273/SA273S13	SES104	-0.0929747	-7.30655	-7.21358
BLOCK27/SES273/SA273S13	SES206	-1.38785	-8.60142	-7.21358
BLOCK27/SES273/SA273S13	SES292	-0.948956	-8.16253	-7.21358
BLOCK27/SES273/SA273S21	SES099	-0.767076	-8.86968	-8.1026
BLOCK27/SES273/SA273S21	SES148	-1.84323	-9.94583	-8.1026
BLOCK27/SES273/SA273S21	SES149	-2.26432	-10.3669	-8.1026
BLOCK27/SES273/SA273S21	SES177	-1.95937	-10.062	-8.1026
BLOCK27/SES273/SA273S25	SES104	-0.0884008	-8.45222	-8.36382
BLOCK27/SES273/SA273S25	SES125	-0.761321	-9.12514	-8.36382
BLOCK27/SES273/SA273S25	SES158	0.164562	-8.19926	-8.36382
BLOCK27/SES273/SA273S25	SES206	-0.529988	-8.89381	-8.36382
BLOCK27/SES273/SA273S27	SES099	-0.603761	-7.44665	-6.84289
BLOCK27/SES273/SA273S27	SES104	-0.677065	-7.51995	-6.84289
BLOCK27/SES273/SA273S27	SES149	-1.05767	-7.90056	-6.84289
BLOCK27/SES273/SA273S27	SES275	-1.00043	-7.84332	-6.84289
BLOCK27/SES274/SA274S10	SES105	-1.41319	-8.45743	-7.04424
BLOCK27/SES274/SA274S10	SES125	-1.53139	-8.57563	-7.04424
BLOCK27/SES274/SA274S10	SES129	0.0645933	-6.97965	-7.04424
BLOCK27/SES274/SA274S10	SES158	-3.62386	-10.6681	-7.04424
BLOCK27/SES274/SA274S11	SES105	-0.93911	-8.09114	-7.15203
BLOCK27/SES274/SA274S11	SES149	-0.427378	-7.57941	-7.15203
BLOCK27/SES274/SA274S11	SES158	-1.29001	-8.44205	-7.15203
BLOCK27/SES274/SA274S11	SES275	-0.0835886	-7.23562	-7.15203
BLOCK27/SES274/SA274S21	SES105	-0.908149	-8.28934	-7.38119
BLOCK27/SES274/SA274S21	SES129	-0.0486889	-7.42988	-7.38119
BLOCK27/SES274/SA274S21	SES149	-1.8437	-9.2249	-7.38119
BLOCK27/SES274/SA274S21	SES158	-3.26724	-10.6484	-7.38119
BLOCK27/SES274/SA274S24	SES105	-1.49411	-9.52403	-8.02991
BLOCK27/SES274/SA274S24	SES129	0.382914	-7.647	-8.02991
BLOCK27/SES274/SA274S24	SES149	-2.20487	-10.2348	-8.02991
BLOCK27/SES274/SA274S24	SES158	-4.45772	-12.4876	-8.02991
BLOCK27/SES274/SA274S29	SES105	-1.29667	-8.84161	-7.54494
BLOCK27/SES274/SA274S29	SES106	-1.39299	-8.93793	-7.54494
BLOCK27/SES274/SA274S29	SES120	-0.808728	-8.35367	-7.54494
BLOCK27/SES274/SA274S29	SES275	-0.565165	-8.1101	-7.54494
BLOCK27/SES276/SA276S16	SES148	-0.113004	-7.51531	-7.40231
BLOCK27/SES276/SA276S16	SES172	-0.13356	-7.53587	-7.40231
BLOCK27/SES276/SA276S16	SES180	-0.637903	-8.04021	-7.40231
BLOCK27/SES276/SA276S16	SES292	-0.636508	-8.03882	-7.40231
BLOCK27/SES276/SA276S17	SES101	-0.861001	-8.76721	-7.90621
BLOCK27/SES276/SA276S17	SES177	-1.61806	-9.52427	-7.90621
BLOCK27/SES276/SA276S17	SES180	-1.01878	-8.92499	-7.90621
BLOCK27/SES276/SA276S17	SES292	-1.00363	-8.90984	-7.90621
BLOCK27/SES276/SA276S24	SES101	-0.247542	-7.47683	-7.22928
BLOCK27/SES276/SA276S24	SES177	-0.5866	-7.81588	-7.22928
BLOCK27/SES276/SA276S24	SES180	-0.743681	-7.97297	-7.22928
BLOCK27/SES276/SA276S24	SES292	-0.843127	-8.07241	-7.22928
BLOCK27/SES276/SA276S26	SES101	-0.465785	-7.88023	-7.41445
BLOCK27/SES276/SA276S26	SES177	-0.514749	-7.92919	-7.41445
BLOCK27/SES276/SA276S26	SES180	-0.409482	-7.82393	-7.41445
BLOCK27/SES276/SA276S26	SES292	-0.0454202	-7.45987	-7.41445
BLOCK27/SES276/SA276S28	SES101	-0.330567	-7.76553	-7.43496
BLOCK27/SES276/SA276S28	SES177	-0.960805	-8.39576	-7.43496
BLOCK27/SES276/SA276S28	SES180	-0.110174	-7.54513	-7.43496
BLOCK27/SES276/SA276S28	SES292	-0.20087	-7.63583	-7.43496
BLOCK27/SES277/SA277S12	SES101	-0.269514	-8.90249	-8.63297
BLOCK27/SES277/SA277S12	SES177	-1.75398	-10.387	-8.63297
BLOCK27/SES277/SA277S12	SES180	-2.01707	-10.65	-8.63297
BLOCK27/SES277/SA277S12	SES292	-1.33852	-9.97149	-8.63297
BLOCK27/SES277/SA277S14	SES177	-1.21274	-9.93021	-8.71748
BLOCK27/SES277/SA277S14	SES180	-1.62941	-10.3469	-8.71748
BLOCK27/SES277/SA277S14	SES189	-0.510466	-9.22794	-8.71748
BLOCK27/SES277/SA277S14	SES292	-2.16966	-10.8871	-8.71748
BLOCK27/SES277/SA277S21	SES177	-0.418757	-9.4648	-9.04604
BLOCK27/SES277/SA277S21	SES180	-0.882157	-9.9282	-9.04604
BLOCK27/SES277/SA277S21	SES189	-0.135257	-9.1813	-9.04604
BLOCK27/SES277/SA277S21	SES292	-2.27014	-11.3162	-9.04604
BLOCK27/SES277/SA277S24	SES144	-0.440413	-9.23576	-8.79534
BLOCK27/SES277/SA277S24	SES177	-1.41488	-10.2102	-8.79534
BLOCK27/SES277/SA277S24	SES180	-2.33765	-11.133	-8.79534
BLOCK27/SES277/SA277S24	SES189	-0.222668	-9.01801	-8.79534
BLOCK27/SES277/SA277S29	SES177	-0.485142	-7.33937	-6.85423
BLOCK27/SES277/SA277S29	SES180	-0.451077	-7.3053	-6.85423
BLOCK27/SES277/SA277S29	SES202	-0.315362	-7.16959	-6.85423
BLOCK27/SES277/SA277S29	SES292	-1.00301	-7.85723	-6.85423
BLOCK27/SES279/SA279S09	SES120	-0.990968	-8.18145	-7.19049
BLOCK27/SES279/SA279S09	SES146	-1.11242	-8.3029	-7.19049
BLOCK27/SES279/SA279S09	SES206	-0.479856	-7.67034	-7.19049
BLOCK27/SES279/SA279S09	SES226	-1.21485	-8.40533	-7.19049
BLOCK27/SES279/SA279S10	SES099	-1.09215	-8.7871	-7.69495
BLOCK27/SES279/SA279S10	SES206	-1.43088	-9.12583	-7.69495
BLOCK27/SES279/SA279S10	SES226	-2.38089	-10.0758	-7.69495
BLOCK27/SES279/SA279S10	SES292	-0.345193	-8.04014	-7.69495
BLOCK27/SES279/SA279S20	SES099	-1.68453	-9.66941	-7.98488
BLOCK27/SES279/SA279S20	SES206	-0.839595	-8.82448	-7.98488
BLOCK27/SES279/SA279S20	SES226	-2.4268	-10.4117	-7.98488
BLOCK27/SES279/SA279S20	SES292	-0.68701	-8.67189	-7.98488
BLOCK27/SES279/SA279S26	SES099	-0.843718	-9.16499	-8.32127
BLOCK27/SES279/SA279S26	SES206	-0.836776	-9.15804	-8.32127
BLOCK27/SES279/SA279S26	SES226	-1.96178	-10.283	-8.32127
BLOCK27/SES279/SA279S26	SES292	0.261104	-8.06016	-8.32127
BLOCK27/SES279/SA279S28	SES099	-0.784671	-7.78157	-6.9969
BLOCK27/SES279/SA279S28	SES120	-0.832887	-7.82979	-6.9969
BLOCK27/SES279/SA279S28	SES177	-2.17497	-9.17188	-6.9969
BLOCK27/SES279/SA279S28	SES206	-0.85636	-7.85326	-6.9969
BLOCK29/SES290/SA290S12	SES162	0.102713	-6.44917	-6.55189
BLOCK29/SES290/SA290S12	SES177	-0.44433	-6.99622	-6.55189
BLOCK29/SES290/SA290S12	SES180	-0.728212	-7.2801	-6.55189
BLOCK29/SES290/SA290S12	SES292	-1.08634	-7.63822	-6.55189
BLOCK29/SES290/SA290S13	SES007	-0.254953	-7.36788	-7.11293
BLOCK29/SES290/SA290S13	SES162	-0.93243	-8.04536	-7.11293
BLOCK29/SES290/SA290S13	SES177	-0.844882	-7.95781	-7.11293
BLOCK29/SES290/SA290S13	SES180	-0.32586	-7.43879	-7.11293
BLOCK29/SES290/SA290S22	SES177	-0.779724	-7.96626	-7.18654
BLOCK29/SES290/SA290S22	SES180	-0.433186	-7.61972	-7.18654
BLOCK29/SES290/SA290S22	SES202	-0.54606	-7.7326	-7.18654
BLOCK29/SES290/SA290S22	SES292	-0.390359	-7.57689	-7.18654
BLOCK29/SES290/SA290S25	SES162	-0.559183	-7.48612	-6.92694
BLOCK29/SES290/SA290S25	SES177	-0.528692	-7.45563	-6.92694
BLOCK29/SES290/SA290S25	SES180	-0.792842	-7.71978	-6.92694
BLOCK29/SES290/SA290S25	SES292	-0.390492	-7.31743	-6.92694
BLOCK29/SES290/SA290S29	SES177	-0.495848	-7.30482	-6.80898
BLOCK29/SES290/SA290S29	SES180	0.2008	-6.60818	-6.80898
BLOCK29/SES290/SA290S29	SES275	-0.649029	-7.458	-6.80898
BLOCK29/SES290/SA290S29	SES292	-0.4039	-7.21288	-6.80898
BLOCK29/SES291/SA291S11	SES105	-1.67748	-9.82117	-8.14369
BLOCK29/SES291/SA291S11	SES125	-1.107	-9.25069	-8.14369
BLOCK29/SES291/SA291S11	SES158	-0.650113	-8.7938	-8.14369
BLOCK29/SES291/SA291S11	SES275	-1.05922	-9.20291	-8.14369
BLOCK29/SES291/SA291S12	SES158	0.218027	-7.52737	-7.7454
BLOCK29/SES291/SA291S12	SES226	-1.03141	-8.77681	-7.7454
BLOCK29/SES291/SA291S12	SES270	-0.631171	-8.37657	-7.7454
BLOCK29/SES291/SA291S12	SES275	-2.22863	-9.97403	-7.7454
BLOCK29/SES291/SA291S22	SES082	-0.483442	-8.41857	-7.93513
BLOCK29/SES291/SA291S22	SES158	0.0843005	-7.85083	-7.93513
BLOCK29/SES291/SA291S22	SES259	-0.296849	-8.23198	-7.93513
BLOCK29/SES291/SA291S22	SES275	-1.69768	-9.63281	-7.93513
BLOCK29/SES291/SA291S24	SES104	0.188396	-7.24531	-7.4337
BLOCK29/SES291/SA291S24	SES125	-0.383992	-7.8177	-7.4337
BLOCK29/SES291/SA291S24	SES158	-0.0847311	-7.51844	-7.4337
BLOCK29/SES291/SA291S24	SES275	-1.52911	-8.96281	-7.4337
BLOCK29/SES291/SA291S27	SES158	0.23612	-7.43327	-7.66939
BLOCK29/SES291/SA291S27	SES172	-2.20188	-9.87127	-7.66939
BLOCK29/SES291/SA291S27	SES275	-1.43267	-9.10206	-7.66939
BLOCK29/SES291/SA291S27	SES292	-0.352486	-8.02187	-7.66939
