BLOCK00/SES002/SA002S12	SES002	0.853737	-48.3465	-49.2002
BLOCK00/SES002/SA002S13	SES002	2.06832	-47.3314	-49.3997
BLOCK00/SES002/SA002S23	SES002	1.45305	-47.5015	-48.9545
BLOCK00/SES002/SA002S26	SES002	1.81644	-47.5244	-49.3408
BLOCK00/SES002/SA002S28	SES002	1.1838	-48.5218	-49.7056
BLOCK00/SES007/SA007S14	SES007	2.04433	-47.1672	-49.2115
BLOCK00/SES007/SA007S15	SES007	1.09528	-49.0133	-50.1086
BLOCK00/SES007/SA007S24	SES007	1.12342	-48.9545	-50.0779
BLOCK00/SES007/SA007S27	SES007	0.873566	-49.4747	-50.3482
BLOCK00/SES007/SA007S29	SES007	1.10924	-47.973	-49.0823
BLOCK00/SES008/SA008S11	SES008	1.41973	-48.6667	-50.0864
BLOCK00/SES008/SA008S12	SES008	0.852425	-48.9968	-49.8492
BLOCK00/SES008/SA008S19	SES008	2.2355	-47.7453	-49.9808
BLOCK00/SES008/SA008S22	SES008	1.53007	-49.1182	-50.6483
BLOCK00/SES008/SA008S29	SES008	1.82462	-48.0399	-49.8645
BLOCK01/SES014/SA014S10	SES014	2.56208	-47.9842	-50.5463
BLOCK01/SES014/SA014S12	SES014	3.11767	-45.6393	-48.757
BLOCK01/SES014/SA014S24	SES014	1.59352	-47.3543	-48.9478
BLOCK01/SES014/SA014S26	SES014	2.37648	-45.2398	-47.6163
BLOCK01/SES014/SA014S28	SES014	3.12292	-45.7409	-48.8638
BLOCK01/SES016/SA016S12	SES016	1.86927	-50.2948	-52.164
BLOCK01/SES016/SA016S13	SES016	1.59018	-49.141	-50.7312
BLOCK01/SES016/SA016S22	SES016	0.900841	-49.9569	-50.8578
BLOCK01/SES016/SA016S25	SES016	1.88286	-46.8919	-48.7747
BLOCK01/SES016/SA016S27	SES016	1.99831	-47.0333	-49.0316
BLOCK01/SES019/SA019S13	SES019	2.97554	-48.3168	-51.2924
BLOCK01/SES019/SA019S14	SES019	2.26083	-48.3245	-50.5854
BLOCK01/SES019/SA019S22	SES019	2.86833	-47.8465	-50.7149
BLOCK01/SES019/SA019S25	SES019	2.51472	-48.3037	-50.8184
BLOCK01/SES019/SA019S29	SES019	3.32612	-47.8638	-51.1899
BLOCK02/SES029/SA029S11	SES029	1.68505	-48.4557	-50.1407
BLOCK02/SES029/SA029S12	SES029	0.662701	-49.1122	-49.7749
BLOCK02/SES029/SA029S20	SES029	0.563145	-50.1265	-50.6897
BLOCK02/SES029/SA029S25	SES029	0.735722	-48.603	-49.3387
BLOCK02/SES029/SA029S28	SES029	0.855469	-49.4032	-50.2587
BLOCK04/SES042/SA042S12	SES042	2.4633	-46.5233	-48.9866
BLOCK04/SES042/SA042S15	SES042	2.21215	-47.3628	-49.5749
BLOCK04/SES042/SA042S22	SES042	3.40979	-44.9596	-48.3693
BLOCK04/SES042/SA042S25	SES042	2.08412	-47.9633	-50.0475
BLOCK04/SES042/SA042S27	SES042	2.56606	-46.0289	-48.5949
BLOCK04/SES048/SA048S11	SES048	1.31321	-48.4372	-49.7504
BLOCK04/SES048/SA048S12	SES048	0.9179	-48.4046	-49.3225
BLOCK04/SES048/SA048S20	SES048	1.67498	-47.8505	-49.5255
BLOCK04/SES048/SA048S23	SES048	1.67613	-48.4266	-50.1027
BLOCK04/SES048/SA048S27	SES048	1.08379	-47.6075	-48.6913
BLOCK06/SES060/SA060S11	SES060	1.51972	-48.4067	-49.9264
BLOCK06/SES060/SA060S12	SES060	-1.10778	-51.3293	-50.2215
BLOCK06/SES060/SA060S22	SES060	-0.0208702	-50.8321	-50.8112
BLOCK06/SES060/SA060S24	SES060	1.17973	-48.4654	-49.6452
BLOCK06/SES060/SA060S28	SES060	1.74554	-46.4228	-48.1684
BLOCK06/SES062/SA062S10	SES062	1.45713	-48.3942	-49.8513
BLOCK06/SES062/SA062S11	SES062	1.51867	-48.2281	-49.7467
BLOCK06/SES062/SA062S21	SES062	2.66281	-45.6858	-48.3486
BLOCK06/SES062/SA062S26	SES062	0.918812	-47.6178	-48.5367
BLOCK06/SES062/SA062S29	SES062	1.81137	-46.8185	-48.6299
BLOCK06/SES068/SA068S14	SES068	1.01652	-48.8143	-49.8308
BLOCK06/SES068/SA068S15	SES068	1.4014	-47.4796	-48.881
BLOCK06/SES068/SA068S23	SES068	1.04897	-49.3508	-50.3998
BLOCK06/SES068/SA068S27	SES068	1.99053	-47.5459	-49.5364
BLOCK06/SES068/SA068S29	SES068	0.967003	-48.1549	-49.1219
BLOCK08/SES082/SA082S12	SES082	0.667786	-49.5533	-50.2211
BLOCK08/SES082/SA082S14	SES082	-0.00475693	-50.3265	-50.3218
BLOCK08/SES082/SA082S21	SES082	0.795673	-49.2211	-50.0168
BLOCK08/SES082/SA082S24	SES082	1.15446	-47.9955	-49.15
BLOCK08/SES082/SA082S28	SES082	0.171196	-49.7692	-49.9404
BLOCK08/SES083/SA083S14	SES083	-0.259895	-49.9263	-49.6664
BLOCK08/SES083/SA083S15	SES083	0.256519	-48.9854	-49.2419
BLOCK08/SES083/SA083S24	SES083	0.341339	-49.2813	-49.6226
BLOCK08/SES083/SA083S26	SES083	1.0642	-48.6063	-49.6706
BLOCK08/SES083/SA083S29	SES083	0.128479	-49.0414	-49.1699
BLOCK08/SES085/SA085S10	SES085	0.37883	-48.7931	-49.1719
BLOCK08/SES085/SA085S13	SES085	1.21198	-49.1231	-50.335
BLOCK08/SES085/SA085S22	SES085	-2.01788	-51.702	-49.6841
BLOCK08/SES085/SA085S26	SES085	-0.426891	-49.8565	-49.4296
BLOCK08/SES085/SA085S28	SES085	1.08772	-48.7224	-49.8101
BLOCK08/SES087/SA087S15	SES087	1.63587	-48.2375	-49.8733
BLOCK08/SES087/SA087S16	SES087	1.73514	-48.2202	-49.9553
BLOCK08/SES087/SA087S24	SES087	1.59341	-47.9733	-49.5667
BLOCK08/SES087/SA087S26	SES087	1.94825	-46.7892	-48.7374
BLOCK08/SES087/SA087S29	SES087	1.62043	-48.4309	-50.0513
BLOCK09/SES099/SA099S15	SES099	1.3937	-49.0666	-50.4603
BLOCK09/SES099/SA099S16	SES099	1.25614	-48.4195	-49.6756
BLOCK09/SES099/SA099S24	SES099	1.44668	-47.9729	-49.4195
BLOCK09/SES099/SA099S26	SES099	1.7347	-47.7834	-49.5181
BLOCK09/SES099/SA099S29	SES099	1.6214	-47.9106	-49.532
BLOCK10/SES101/SA101S11	SES101	0.611584	-48.6798	-49.2914
BLOCK10/SES101/SA101S13	SES101	1.99473	-47.3563	-49.351
BLOCK10/SES101/SA101S22	SES101	0.817757	-49.4212	-50.2389
BLOCK10/SES101/SA101S24	SES101	1.52751	-48.3898	-49.9173
BLOCK10/SES101/SA101S28	SES101	0.125858	-49.8143	-49.9402
BLOCK10/SES104/SA104S11	SES104	1.18331	-47.216	-48.3993
BLOCK10/SES104/SA104S12	SES104	1.64474	-47.1789	-48.8236
BLOCK10/SES104/SA104S21	SES104	0.940849	-48.4298	-49.3707
BLOCK10/SES104/SA104S24	SES104	0.894962	-48.8033	-49.6983
BLOCK10/SES104/SA104S28	SES104	1.38463	-47.7921	-49.1767
BLOCK10/SES105/SA105S12	SES105	0.646496	-49.7945	-50.441
BLOCK10/SES105/SA105S13	SES105	1.08328	-49.2874	-50.3707
BLOCK10/SES105/SA105S22	SES105	0.532574	-50.2215	-50.7541
BLOCK10/SES105/SA105S26	SES105	1.38244	-49.1167	-50.4991
BLOCK10/SES105/SA105S29	SES105	0.744286	-49.5833	-50.3276
BLOCK10/SES106/SA106S09	SES106	1.0517	-49.3188	-50.3705
BLOCK10/SES106/SA106S11	SES106	1.49026	-47.5636	-49.0539
BLOCK10/SES106/SA106S22	SES106	2.83286	-47.4724	-50.3052
BLOCK10/SES106/SA106S27	SES106	0.82373	-49.085	-49.9087
BLOCK10/SES106/SA106S29	SES106	0.728207	-48.6243	-49.3525
BLOCK11/SES117/SA117S12	SES117	0.2113	-50.2059	-50.4172
BLOCK11/SES117/SA117S13	SES117	0.30373	-49.6477	-49.9514
BLOCK11/SES117/SA117S23	SES117	1.7491	-50.3578	-52.1069
BLOCK11/SES117/SA117S25	SES117	1.28874	-49.9055	-51.1942
BLOCK11/SES117/SA117S28	SES117	1.21997	-50.1174	-51.3373
BLOCK12/SES120/SA120S08	SES120	1.5285	-50.5107	-52.0392
BLOCK12/SES120/SA120S11	SES120	0.257786	-52.2208	-52.4786
BLOCK12/SES120/SA120S22	SES120	0.626816	-49.3665	-49.9933
BLOCK12/SES120/SA120S24	SES120	1.16003	-49.5009	-50.6609
BLOCK12/SES120/SA120S28	SES120	1.09864	-50.8364	-51.9351
BLOCK12/SES125/SA125S13	SES125	2.72096	-46.6441	-49.3651
BLOCK12/SES125/SA125S14	SES125	1.51392	-48.0074	-49.5214
BLOCK12/SES125/SA125S25	SES125	1.68682	-47.619	-49.3058
BLOCK12/SES125/SA125S27	SES125	2.18912	-46.7369	-48.9261
BLOCK12/SES125/SA125S29	SES125	1.95784	-47.4386	-49.3965
BLOCK12/SES127/SA127S11	SES127	1.56459	-49.1322	-50.6968
BLOCK12/SES127/SA127S12	SES127	-0.278664	-49.4868	-49.2081
BLOCK12/SES127/SA127S23	SES127	0.51968	-49.6481	-50.1678
BLOCK12/SES127/SA127S25	SES127	0.0342369	-49.8171	-49.8513
BLOCK12/SES127/SA127S27	SES127	1.06146	-48.7278	-49.7893
BLOCK12/SES129/SA129S11	SES129	1.48343	-47.8841	-49.3675
BLOCK12/SES129/SA129S12	SES129	1.67542	-47.5284	-49.2038
BLOCK12/SES129/SA129S22	SES129	1.1588	-48.3425	-49.5013
BLOCK12/SES129/SA129S27	SES129	1.95895	-47.3639	-49.3229
BLOCK12/SES129/SA129S29	SES129	1.69845	-47.3385	-49.0369
BLOCK14/SES142/SA142S11	SES142	2.10488	-49.1457	-51.2506
BLOCK14/SES142/SA142S12	SES142	1.30926	-50.0517	-51.361
BLOCK14/SES142/SA142S24	SES142	2.34115	-48.7008	-51.042
BLOCK14/SES142/SA142S27	SES142	2.69112	-48.4638	-51.1549
BLOCK14/SES142/SA142S29	SES142	2.78683	-47.6066	-50.3934
BLOCK14/SES143/SA143S12	SES143	1.17102	-49.6414	-50.8124
BLOCK14/SES143/SA143S13	SES143	0.822762	-49.8409	-50.6637
BLOCK14/SES143/SA143S23	SES143	1.47188	-49.6221	-51.094
BLOCK14/SES143/SA143S25	SES143	1.09419	-49.511	-50.6052
BLOCK14/SES143/SA143S28	SES143	1.27134	-48.9935	-50.2648
BLOCK14/SES144/SA144S09	SES144	1.15825	-48.8459	-50.0041
BLOCK14/SES144/SA144S11	SES144	0.944149	-49.8144	-50.7586
BLOCK14/SES144/SA144S21	SES144	0.79948	-49.5483	-50.3478
BLOCK14/SES144/SA144S25	SES144	0.920063	-49.8468	-50.7668
BLOCK14/SES144/SA144S29	SES144	0.1856	-49.6322	-49.8178
BLOCK14/SES146/SA146S14	SES146	0.961231	-49.7607	-50.7219
BLOCK14/SES146/SA146S15	SES146	0.510262	-49.8843	-50.3945
BLOCK14/SES146/SA146S24	SES146	0.417164	-49.9866	-50.4037
BLOCK14/SES146/SA146S26	SES146	1.35752	-49.5856	-50.9431
BLOCK14/SES146/SA146S29	SES146	0.744152	-50.3737	-51.1179
BLOCK14/SES147/SA147S11	SES147	2.06087	-49.3951	-51.4559
BLOCK14/SES147/SA147S13	SES147	2.7742	-47.8951	-50.6693
BLOCK14/SES147/SA147S23	SES147	1.92104	-49.5297	-51.4508
BLOCK14/SES147/SA147S26	SES147	1.62207	-49.7019	-51.324
BLOCK14/SES147/SA147S28	SES147	2.4381	-48.3631	-50.8012
BLOCK14/SES148/SA148S10	SES148	1.53949	-48.4309	-49.9704
BLOCK14/SES148/SA148S12	SES148	1.06256	-49.5983	-50.6609
BLOCK14/SES148/SA148S22	SES148	1.14061	-48.1838	-49.3244
BLOCK14/SES148/SA148S26	SES148	0.520103	-48.9347	-49.4548
BLOCK14/SES148/SA148S29	SES148	0.996624	-49.4297	-50.4263
BLOCK14/SES149/SA149S13	SES149	0.726749	-48.9292	-49.6559
BLOCK14/SES149/SA149S14	SES149	0.470486	-48.7352	-49.2057
BLOCK14/SES149/SA149S24	SES149	1.15981	-48.5141	-49.6739
BLOCK14/SES149/SA149S26	SES149	2.10315	-47.3791	-49.4822
BLOCK14/SES149/SA149S28	SES149	2.82731	-46.695	-49.5224
BLOCK15/SES158/SA158S13	SES158	1.7182	-48.7106	-50.4288
BLOCK15/SES158/SA158S14	SES158	2.24882	-48.0717	-50.3205
BLOCK15/SES158/SA158S23	SES158	1.19165	-48.5481	-49.7398
BLOCK15/SES158/SA158S26	SES158	1.86145	-48.0664	-49.9278
BLOCK15/SES158/SA158S28	SES158	0.956669	-49.0268	-49.9835
BLOCK16/SES162/SA162S10	SES162	0.869732	-49.8755	-50.7452
BLOCK16/SES162/SA162S11	SES162	1.19714	-49.0158	-50.213
BLOCK16/SES162/SA162S21	SES162	1.91604	-48.904	-50.82
BLOCK16/SES162/SA162S24	SES162	1.43966	-49.3554	-50.795
BLOCK16/SES162/SA162S27	SES162	1.3812	-49.6244	-51.0056
BLOCK16/SES167/SA167S14	SES167	1.10134	-47.9867	-49.088
BLOCK16/SES167/SA167S15	SES167	1.60976	-48.5078	-50.1176
BLOCK16/SES167/SA167S21	SES167	1.15134	-48.0552	-49.2065
BLOCK16/SES167/SA167S25	SES167	1.7556	-48.732	-50.4876
BLOCK16/SES167/SA167S29	SES167	2.17741	-47.1711	-49.3485
BLOCK17/SES172/SA172S12	SES172	1.74	-48.5852	-50.3252
BLOCK17/SES172/SA172S13	SES172	2.05191	-49.1524	-51.2043
BLOCK17/SES172/SA172S23	SES172	0.97588	-48.0228	-48.9986
BLOCK17/SES172/SA172S27	SES172	0.911781	-49.2528	-50.1646
BLOCK17/SES172/SA172S29	SES172	1.65821	-48.4349	-50.0931
BLOCK17/SES175/SA175S11	SES175	1.75094	-48.9073	-50.6582
BLOCK17/SES175/SA175S13	SES175	1.57144	-48.6229	-50.1943
BLOCK17/SES175/SA175S23	SES175	1.91559	-48.78	-50.6955
BLOCK17/SES175/SA175S25	SES175	1.21245	-50.7463	-51.9587
BLOCK17/SES175/SA175S28	SES175	1.77664	-48.3665	-50.1431
BLOCK17/SES177/SA177S15	SES177	0.437389	-49.5711	-50.0085
BLOCK17/SES177/SA177S17	SES177	0.886524	-49.1916	-50.0781
BLOCK17/SES177/SA177S23	SES177	0.187592	-50.033	-50.2206
BLOCK17/SES177/SA177S26	SES177	0.912052	-47.6189	-48.5309
BLOCK17/SES177/SA177S28	SES177	1.02924	-48.4706	-49.4998
BLOCK18/SES180/SA180S13	SES180	0.887077	-49.1452	-50.0323
BLOCK18/SES180/SA180S15	SES180	0.950916	-49.6631	-50.614
BLOCK18/SES180/SA180S24	SES180	1.3802	-47.6929	-49.0731
BLOCK18/SES180/SA180S26	SES180	1.35672	-48.4987	-49.8554
BLOCK18/SES180/SA180S29	SES180	1.35025	-49.2673	-50.6176
BLOCK18/SES183/SA183S13	SES183	1.27872	-49.7769	-51.0556
BLOCK18/SES183/SA183S14	SES183	0.70047	-49.744	-50.4445
BLOCK18/SES183/SA183S24	SES183	1.42402	-49.9305	-51.3546
BLOCK18/SES183/SA183S27	SES183	1.26191	-49.1271	-50.389
BLOCK18/SES183/SA183S29	SES183	1.30607	-48.8573	-50.1634
BLOCK18/SES187/SA187S13	SES187	0.876553	-50.1263	-51.0028
BLOCK18/SES187/SA187S14	SES187	1.16411	-49.9905	-51.1546
BLOCK18/SES187/SA187S24	SES187	1.31792	-49.4755	-50.7934
BLOCK18/SES187/SA187S27	SES187	1.44569	-49.1838	-50.6295
BLOCK18/SES187/SA187S29	SES187	1.30107	-49.4591	-50.7602
BLOCK18/SES189/SA189S10	SES189	1.6867	-51.142	-52.8286
BLOCK18/SES189/SA189S13	SES189	2.59983	-51.1624	-53.7622
BLOCK18/SES189/SA189S24	SES189	3.11585	-50.1205	-53.2363
BLOCK18/SES189/SA189S26	SES189	1.2757	-50.2427	-51.5184
BLOCK18/SES189/SA189S29	SES189	2.78735	-49.7771	-52.5645
BLOCK20/SES202/SA202S12	SES202	1.97414	-50.205	-52.1792
BLOCK20/SES202/SA202S14	SES202	2.9018	-48.0556	-50.9574
BLOCK20/SES202/SA202S24	SES202	1.84258	-49.5155	-51.3581
BLOCK20/SES202/SA202S27	SES202	2.15381	-47.7896	-49.9435
BLOCK20/SES202/SA202S29	SES202	2.93875	-47.5801	-50.5188
BLOCK20/SES206/SA206S15	SES206	0.252304	-48.5741	-48.8264
BLOCK20/SES206/SA206S17	SES206	1.99973	-46.9314	-48.9312
BLOCK20/SES206/SA206S24	SES206	1.74955	-47.0047	-48.7542
BLOCK20/SES206/SA206S27	SES206	1.85566	-47.7636	-49.6193
BLOCK20/SES206/SA206S29	SES206	1.59938	-46.8869	-48.4863
BLOCK22/SES226/SA226S12	SES226	1.32967	-48.8525	-50.1822
BLOCK22/SES226/SA226S13	SES226	-0.256767	-49.6273	-49.3705
BLOCK22/SES226/SA226S20	SES226	1.25943	-48.8747	-50.1341
BLOCK22/SES226/SA226S23	SES226	1.22058	-48.5149	-49.7355
BLOCK22/SES226/SA226S28	SES226	1.7894	-47.8614	-49.6508
BLOCK25/SES259/SA259S13	SES259	3.03379	-46.7437	-49.7775
BLOCK25/SES259/SA259S14	SES259	2.0434	-47.8858	-49.9293
BLOCK25/SES259/SA259S22	SES259	1.8355	-47.9213	-49.7568
BLOCK25/SES259/SA259S24	SES259	2.05655	-46.8541	-48.9107
BLOCK25/SES259/SA259S28	SES259	1.8306	-47.2034	-49.034
BLOCK27/SES270/SA270S14	SES270	1.95317	-48.6787	-50.6319
BLOCK27/SES270/SA270S16	SES270	0.919979	-49.045	-49.9649
BLOCK27/SES270/SA270S22	SES270	1.90156	-48.2116	-50.1132
BLOCK27/SES270/SA270S26	SES270	1.63255	-49.2642	-50.8967
BLOCK27/SES270/SA270S28	SES270	1.12935	-48.4717	-49.6011
BLOCK27/SES275/SA275S17	SES275	1.47287	-49.4917	-50.9646
BLOCK27/SES275/SA275S18	SES275	0.30022	-49.8199	-50.1201
BLOCK27/SES275/SA275S24	SES275	1.01627	-50.4808	-51.497
BLOCK27/SES275/SA275S26	SES275	1.24083	-48.8584	-50.0992
BLOCK27/SES275/SA275S28	SES275	0.521957	-49.1953	-49.7172
BLOCK29/SES292/SA292S10	SES292	0.93214	-49.4009	-50.3331
BLOCK29/SES292/SA292S12	SES292	0.322552	-50.3962	-50.7187
BLOCK29/SES292/SA292S22	SES292	1.28539	-48.4959	-49.7813
BLOCK29/SES292/SA292S24	SES292	0.483299	-49.2014	-49.6847
BLOCK29/SES292/SA292S27	SES292	0.179371	-49.0339	-49.2133
BLOCK00/SES001/SA001S14	SES062	-2.28525	-52.5354	-50.2501
BLOCK00/SES001/SA001S14	SES082	-3.41301	-53.6631	-50.2501
BLOCK00/SES001/SA001S14	SES106	-2.94274	-53.1928	-50.2501
BLOCK00/SES001/SA001S14	SES206	-4.00044	-54.2505	-50.2501
BLOCK00/SES001/SA001S15	SES062	-2.37175	-51.4392	-49.0675
BLOCK00/SES001/SA001S15	SES104	-3.29525	-52.3627	-49.0675
BLOCK00/SES001/SA001S15	SES106	-2.49688	-51.5644	-49.0675
BLOCK00/SES001/SA001S15	SES206	-3.39955	-52.467	-49.0675
BLOCK00/SES001/SA001S24	SES062	-4.06447	-54.6259	-50.5615
BLOCK00/SES001/SA001S24	SES082	-3.52721	-54.0887	-50.5615
BLOCK00/SES001/SA001S24	SES087	-4.1015	-54.663	-50.5615
BLOCK00/SES001/SA001S24	SES206	-3.16251	-53.724	-50.5615
BLOCK00/SES001/SA001S27	SES062	-2.27698	-51.3717	-49.0947
BLOCK00/SES001/SA001S27	SES082	-2.78828	-51.883	-49.0947
BLOCK00/SES001/SA001S27	SES087	-4.14263	-53.2374	-49.0947
BLOCK00/SES001/SA001S27	SES206	-4.25653	-53.3513	-49.0947
BLOCK00/SES001/SA001S29	SES062	-3.75525	-54.0803	-50.3251
BLOCK00/SES001/SA001S29	SES082	-2.84241	-53.1675	-50.3251
BLOCK00/SES001/SA001S29	SES158	-1.78207	-52.1071	-50.3251
BLOCK00/SES001/SA001S29	SES206	-4.67493	-55	-50.3251
BLOCK00/SES003/SA003S11	SES002	-1.28171	-51.0407	-49.759
BLOCK00/SES003/SA003S11	SES019	-1.34345	-51.1025	-49.759
BLOCK00/SES003/SA003S11	SES082	-0.0531464	-49.8122	-49.759
BLOCK00/SES003/SA003S11	SES125	-1.25235	-51.0114	-49.759
BLOCK00/SES003/SA003S15	SES016	-3.78842	-52.8932	-49.1048
BLOCK00/SES003/SA003S15	SES019	-1.67737	-50.7821	-49.1048
BLOCK00/SES003/SA003S15	SES062	-2.28014	-51.3849	-49.1048
BLOCK00/SES003/SA003S15	SES206	-1.28638	-50.3911	-49.1048
BLOCK00/SES003/SA003S22	SES002	-2.06486	-51.5566	-49.4918
BLOCK00/SES003/SA003S22	SES062	-1.94606	-51.4378	-49.4918
BLOCK00/SES003/SA003S22	SES082	-1.09059	-50.5824	-49.4918
BLOCK00/SES003/SA003S22	SES087	-1.97437	-51.4661	-49.4918
BLOCK00/SES003/SA003S25	SES062	-4.13927	-53.5825	-49.4433
BLOCK00/SES003/SA003S25	SES082	-1.0986	-50.5419	-49.4433
BLOCK00/SES003/SA003S25	SES087	-1.83368	-51.2769	-49.4433
BLOCK00/SES003/SA003S25	SES206	-1.90809	-51.3513	-49.4433
BLOCK00/SES003/SA003S29	SES002	-2.5101	-52.4543	-49.9442
BLOCK00/SES003/SA003S29	SES062	-2.67893	-52.6231	-49.9442
BLOCK00/SES003/SA003S29	SES082	-0.636765	-50.581	-49.9442
BLOCK00/SES003/SA003S29	SES087	-1.84562	-51.7898	-49.9442
BLOCK00/SES004/SA004S12	SES083	-2.09181	-53.0628	-50.9709
BLOCK00/SES004/SA004S12	SES148	-1.51534	-52.4863	-50.9709
BLOCK00/SES004/SA004S12	SES172	-1.97543	-52.9464	-50.9709
BLOCK00/SES004/SA004S12	SES292	-2.41645	-53.3874	-50.9709
BLOCK00/SES004/SA004S17	SES083	-2.13647	-53.126	-50.9895
BLOCK00/SES004/SA004S17	SES162	-1.52175	-52.5113	-50.9895
BLOCK00/SES004/SA004S17	SES172	-2.1007	-53.0902	-50.9895
BLOCK00/SES004/SA004S17	SES292	-1.79585	-52.7854	-50.9895
BLOCK00/SES004/SA004S24	SES083	-1.55257	-52.3359	-50.7833
BLOCK00/SES004/SA004S24	SES148	-1.99244	-52.7757	-50.7833
BLOCK00/SES004/SA004S24	SES172	-1.33089	-52.1142	-50.7833
BLOCK00/SES004/SA004S24	SES292	-1.01638	-51.7997	-50.7833
BLOCK00/SES004/SA004S26	SES083	-1.39521	-51.87	-50.4748
BLOCK00/SES004/SA004S26	SES127	-1.29506	-51.7698	-50.4748
BLOCK00/SES004/SA004S26	SES148	-2.54248	-53.0173	-50.4748
BLOCK00/SES004/SA004S26	SES292	-1.92947	-52.4043	-50.4748
BLOCK00/SES004/SA004S28	SES083	-1.33593	-51.0544	-49.7184
BLOCK00/SES004/SA004S28	SES127	-1.32241	-51.0408	-49.7184
BLOCK00/SES004/SA004S28	SES187	-1.03595	-50.7544	-49.7184
BLOCK00/SES004/SA004S28	SES292	-2.91167	-52.6301	-49.7184
BLOCK00/SES006/SA006S10	SES014	-2.96287	-55.2547	-52.2918
BLOCK00/SES006/SA006S10	SES158	-0.569172	-52.861	-52.2918
BLOCK00/SES006/SA006S10	SES226	-4.16121	-56.453	-52.2918
BLOCK00/SES006/SA006S10	SES270	-0.143673	-52.4355	-52.2918
BLOCK00/SES006/SA006S11	SES158	-1.23617	-53.2322	-51.996
BLOCK00/SES006/SA006S11	SES226	-3.08855	-55.0845	-51.996
BLOCK00/SES006/SA006S11	SES270	-0.453232	-52.4492	-51.996
BLOCK00/SES006/SA006S11	SES275	-3.18877	-55.1848	-51.996
BLOCK00/SES006/SA006S23	SES062	-3.6398	-54.0937	-50.4539
BLOCK00/SES006/SA006S23	SES105	-2.92802	-53.3819	-50.4539
BLOCK00/SES006/SA006S23	SES158	-1.20737	-51.6613	-50.4539
BLOCK00/SES006/SA006S23	SES275	-2.52716	-52.9811	-50.4539
BLOCK00/SES006/SA006S26	SES104	-2.66893	-52.7595	-50.0905
BLOCK00/SES006/SA006S26	SES158	-0.376366	-50.4669	-50.0905
BLOCK00/SES006/SA006S26	SES270	0.313477	-49.7771	-50.0905
BLOCK00/SES006/SA006S26	SES275	-3.67447	-53.765	-50.0905
BLOCK00/SES006/SA006S28	SES007	-2.74195	-54.6476	-51.9056
BLOCK00/SES006/SA006S28	SES105	-2.96995	-54.8756	-51.9056
BLOCK00/SES006/SA006S28	SES158	-1.12954	-53.0351	-51.9056
BLOCK00/SES006/SA006S28	SES275	-3.86166	-55.7673	-51.9056
BLOCK00/SES009/SA009S12	SES083	-1.84925	-51.8226	-49.9733
BLOCK00/SES009/SA009S12	SES148	-1.16043	-51.1337	-49.9733
BLOCK00/SES009/SA009S12	SES177	-1.4873	-51.4606	-49.9733
BLOCK00/SES009/SA009S12	SES292	-1.14236	-51.1157	-49.9733
BLOCK00/SES009/SA009S15	SES007	0.425724	-48.742	-49.1678
BLOCK00/SES009/SA009S15	SES099	-7.78091	-56.9487	-49.1678
BLOCK00/SES009/SA009S15	SES148	-1.2547	-50.4225	-49.1678
BLOCK00/SES009/SA009S15	SES172	-1.51246	-50.6802	-49.1678
BLOCK00/SES009/SA009S24	SES146	-0.557022	-50.1117	-49.5547
BLOCK00/SES009/SA009S24	SES148	-1.20176	-50.7565	-49.5547
BLOCK00/SES009/SA009S24	SES177	-0.872753	-50.4274	-49.5547
BLOCK00/SES009/SA009S24	SES292	-0.753189	-50.3079	-49.5547
BLOCK00/SES009/SA009S26	SES083	-1.80737	-51.6606	-49.8532
BLOCK00/SES009/SA009S26	SES101	-1.29109	-51.1443	-49.8532
BLOCK00/SES009/SA009S26	SES120	-0.866131	-50.7193	-49.8532
BLOCK00/SES009/SA009S26	SES177	-1.54626	-51.3995	-49.8532
BLOCK00/SES009/SA009S29	SES083	-1.29551	-50.6582	-49.3627
BLOCK00/SES009/SA009S29	SES101	-0.956501	-50.3192	-49.3627
BLOCK00/SES009/SA009S29	SES177	-1.40912	-50.7719	-49.3627
BLOCK00/SES009/SA009S29	SES292	-0.821846	-50.1846	-49.3627
BLOCK01/SES011/SA011S10	SES019	-0.957722	-50.6792	-49.7215
BLOCK01/SES011/SA011S10	SES042	-0.419556	-50.141	-49.7215
BLOCK01/SES011/SA011S10	SES082	-1.9301	-51.6516	-49.7215
BLOCK01/SES011/SA011S10	SES206	-0.835384	-50.5568	-49.7215
BLOCK01/SES011/SA011S11	SES019	-1.43607	-52.1988	-50.7627
BLOCK01/SES011/SA011S11	SES042	-1.13762	-51.9003	-50.7627
BLOCK01/SES011/SA011S11	SES082	-2.6185	-53.3812	-50.7627
BLOCK01/SES011/SA011S11	SES206	-0.761646	-51.5243	-50.7627
BLOCK01/SES011/SA011S22	SES019	-0.215847	-50.7388	-50.523
BLOCK01/SES011/SA011S22	SES042	-1.05534	-51.5783	-50.523
BLOCK01/SES011/SA011S22	SES082	-1.52736	-52.0503	-50.523
BLOCK01/SES011/SA011S22	SES206	-0.875641	-51.3986	-50.523
BLOCK01/SES011/SA011S24	SES019	-0.478764	-50.2035	-49.7248
BLOCK01/SES011/SA011S24	SES042	-0.419773	-50.1445	-49.7248
BLOCK01/SES011/SA011S24	SES104	-1.83296	-51.5577	-49.7248
BLOCK01/SES011/SA011S24	SES206	-0.220158	-49.9449	-49.7248
BLOCK01/SES011/SA011S27	SES082	0.0924301	-49.5499	-49.6423
BLOCK01/SES011/SA011S27	SES087	-1.6159	-51.2582	-49.6423
BLOCK01/SES011/SA011S27	SES125	-0.23	-49.8723	-49.6423
BLOCK01/SES011/SA011S27	SES206	-0.558121	-50.2005	-49.6423
BLOCK01/SES012/SA012S11	SES007	-2.44178	-50.9338	-48.492
BLOCK01/SES012/SA012S11	SES082	-1.14955	-49.6416	-48.492
BLOCK01/SES012/SA012S11	SES083	-2.41164	-50.9037	-48.492
BLOCK01/SES012/SA012S11	SES206	-0.843559	-49.3356	-48.492
BLOCK01/SES012/SA012S14	SES082	-1.12289	-50.4669	-49.3441
BLOCK01/SES012/SA012S14	SES087	-1.59069	-50.9347	-49.3441
BLOCK01/SES012/SA012S14	SES206	-0.895931	-50.24	-49.3441
BLOCK01/SES012/SA012S14	SES292	-3.40115	-52.7452	-49.3441
BLOCK01/SES012/SA012S24	SES082	0.0744667	-50.1254	-50.1998
BLOCK01/SES012/SA012S24	SES087	-1.44493	-51.6448	-50.1998
BLOCK01/SES012/SA012S24	SES120	-5.00015	-55.2	-50.1998
BLOCK01/SES012/SA012S24	SES206	-0.580147	-50.78	-50.1998
BLOCK01/SES012/SA012S26	SES019	-2.237	-51.2875	-49.0505
BLOCK01/SES012/SA012S26	SES082	-1.66779	-50.7183	-49.0505
BLOCK01/SES012/SA012S26	SES206	-0.255379	-49.3059	-49.0505
BLOCK01/SES012/SA012S26	SES292	-3.3462	-52.3967	-49.0505
BLOCK01/SES012/SA012S29	SES062	-1.71302	-50.6852	-48.9722
BLOCK01/SES012/SA012S29	SES082	-0.491653	-49.4639	-48.9722
BLOCK01/SES012/SA012S29	SES083	-2.37072	-51.3429	-48.9722
BLOCK01/SES012/SA012S29	SES206	-1.27879	-50.251	-48.9722
BLOCK01/SES013/SA013S16	SES062	-4.5383	-54.1599	-49.6216
BLOCK01/SES013/SA013S16	SES106	-1.0432	-50.6648	-49.6216
BLOCK01/SES013/SA013S16	SES206	-1.43903	-51.0606	-49.6216
BLOCK01/SES013/SA013S16	SES226	-0.175377	-49.797	-49.6216
BLOCK01/SES013/SA013S17	SES062	-3.8554	-52.5947	-48.7393
BLOCK01/SES013/SA013S17	SES106	-1.67105	-50.4104	-48.7393
BLOCK01/SES013/SA013S17	SES206	-0.497139	-49.2364	-48.7393
BLOCK01/SES013/SA013S17	SES226	0.0300636	-48.7092	-48.7393
BLOCK01/SES013/SA013S23	SES104	-1.89709	-51.6817	-49.7846
BLOCK01/SES013/SA013S23	SES106	-0.829063	-50.6137	-49.7846
BLOCK01/SES013/SA013S23	SES206	-1.17646	-50.9611	-49.7846
BLOCK01/SES013/SA013S23	SES270	-0.484329	-50.2689	-49.7846
BLOCK01/SES013/SA013S25	SES042	-1.60992	-50.541	-48.931
BLOCK01/SES013/SA013S25	SES104	-1.66395	-50.595	-48.931
BLOCK01/SES013/SA013S25	SES106	-0.443527	-49.3746	-48.931
BLOCK01/SES013/SA013S25	SES206	-1.12333	-50.0544	-48.931
BLOCK01/SES013/SA013S29	SES062	-4.74793	-54.1357	-49.3877
BLOCK01/SES013/SA013S29	SES104	-2.05586	-51.4436	-49.3877
BLOCK01/SES013/SA013S29	SES106	-0.831562	-50.2193	-49.3877
BLOCK01/SES013/SA013S29	SES206	-1.46232	-50.8501	-49.3877
BLOCK02/SES021/SA021S13	SES016	-4.67376	-53.8614	-49.1877
BLOCK02/SES021/SA021S13	SES029	-2.58149	-51.7692	-49.1877
BLOCK02/SES021/SA021S13	SES087	-1.82111	-51.0088	-49.1877
BLOCK02/SES021/SA021S13	SES206	-0.645725	-49.8334	-49.1877
BLOCK02/SES021/SA021S15	SES087	-0.637352	-48.3049	-47.6676
BLOCK02/SES021/SA021S15	SES125	0.34967	-47.3179	-47.6676
BLOCK02/SES021/SA021S15	SES206	-0.0815392	-47.7491	-47.6676
BLOCK02/SES021/SA021S15	SES226	-1.27626	-48.9438	-47.6676
BLOCK02/SES021/SA021S23	SES062	-3.75149	-53.7203	-49.9688
BLOCK02/SES021/SA021S23	SES087	-1.58105	-51.5498	-49.9688
BLOCK02/SES021/SA021S23	SES206	-1.52978	-51.4986	-49.9688
BLOCK02/SES021/SA021S23	SES226	-1.18561	-51.1544	-49.9688
BLOCK02/SES021/SA021S27	SES002	-2.03656	-50.5441	-48.5076
BLOCK02/SES021/SA021S27	SES016	-4.42432	-52.9319	-48.5076
BLOCK02/SES021/SA021S27	SES019	-1.97151	-50.4791	-48.5076
BLOCK02/SES021/SA021S27	SES062	-1.69247	-50.2	-48.5076
BLOCK02/SES021/SA021S29	SES087	-1.41706	-49.7879	-48.3709
BLOCK02/SES021/SA021S29	SES125	-0.454292	-48.8252	-48.3709
BLOCK02/SES021/SA021S29	SES206	-0.682247	-49.0531	-48.3709
BLOCK02/SES021/SA021S29	SES226	-1.72356	-50.0944	-48.3709
BLOCK04/SES043/SA043S09	SES083	-2.18958	-52.9881	-50.7986
BLOCK04/SES043/SA043S09	SES101	-2.31873	-53.1173	-50.7986
BLOCK04/SES043/SA043S09	SES144	-0.926346	-51.7249	-50.7986
BLOCK04/SES043/SA043S09	SES172	-4.18391	-54.9825	-50.7986
BLOCK04/SES043/SA043S11	SES083	-0.895294	-50.4259	-49.5306
BLOCK04/SES043/SA043S11	SES101	-1.38289	-50.9135	-49.5306
BLOCK04/SES043/SA043S11	SES144	-0.567806	-50.0984	-49.5306
BLOCK04/SES043/SA043S11	SES172	-1.83041	-51.361	-49.5306
BLOCK04/SES043/SA043S23	SES083	-0.676281	-50.8434	-50.1671
BLOCK04/SES043/SA043S23	SES144	-0.144283	-50.3114	-50.1671
BLOCK04/SES043/SA043S23	SES177	-2.60796	-52.7751	-50.1671
BLOCK04/SES043/SA043S23	SES275	-0.454945	-50.6221	-50.1671
BLOCK04/SES043/SA043S26	SES083	-0.764748	-50.8996	-50.1349
BLOCK04/SES043/SA043S26	SES101	-1.14725	-51.2821	-50.1349
BLOCK04/SES043/SA043S26	SES144	-0.491245	-50.6261	-50.1349
BLOCK04/SES043/SA043S26	SES177	-2.21473	-52.3496	-50.1349
BLOCK04/SES043/SA043S28	SES016	-1.47832	-50.9663	-49.488
BLOCK04/SES043/SA043S28	SES083	-0.790401	-50.2784	-49.488
BLOCK04/SES043/SA043S28	SES101	-0.917374	-50.4053	-49.488
BLOCK04/SES043/SA043S28	SES144	-0.779259	-50.2672	-49.488
BLOCK04/SES044/SA044S10	SES127	-3.59594	-56.9389	-53.343
BLOCK04/SES044/SA044S10	SES144	-0.530277	-53.8733	-53.343
BLOCK04/SES044/SA044S10	SES147	-3.82669	-57.1697	-53.343
BLOCK04/SES044/SA044S10	SES148	-2.70368	-56.0467	-53.343
BLOCK04/SES044/SA044S11	SES101	-1.87764	-54.0582	-52.1806
BLOCK04/SES044/SA044S11	SES144	0.0506973	-52.1299	-52.1806
BLOCK04/SES044/SA044S11	SES147	-2.81805	-54.9986	-52.1806
BLOCK04/SES044/SA044S11	SES177	-2.31422	-54.4948	-52.1806
BLOCK04/SES044/SA044S24	SES007	-3.064	-54.2546	-51.1906
BLOCK04/SES044/SA044S24	SES101	-1.96929	-53.1598	-51.1906
BLOCK04/SES044/SA044S24	SES147	-3.08344	-54.274	-51.1906
BLOCK04/SES044/SA044S24	SES177	-2.60149	-53.792	-51.1906
BLOCK04/SES044/SA044S26	SES007	-2.12094	-52.8403	-50.7193
BLOCK04/SES044/SA044S26	SES016	-0.860901	-51.5802	-50.7193
BLOCK04/SES044/SA044S26	SES101	-1.66504	-52.3844	-50.7193
BLOCK04/SES044/SA044S26	SES147	-1.42189	-52.1412	-50.7193
BLOCK04/SES044/SA044S29	SES007	-2.16388	-52.3559	-50.192
BLOCK04/SES044/SA044S29	SES101	-0.433384	-50.6254	-50.192
BLOCK04/SES044/SA044S29	SES147	-2.41539	-52.6074	-50.192
BLOCK04/SES044/SA044S29	SES177	-2.0532	-52.2452	-50.192
BLOCK04/SES046/SA046S13	SES101	-3.65597	-54.682	-51.0261
BLOCK04/SES046/SA046S13	SES144	-1.59198	-52.618	-51.0261
BLOCK04/SES046/SA046S13	SES147	-3.99622	-55.0223	-51.0261
BLOCK04/SES046/SA046S13	SES177	-1.61406	-52.6401	-51.0261
BLOCK04/SES046/SA046S15	SES048	-2.85287	-52.4854	-49.6325
BLOCK04/SES046/SA046S15	SES083	-1.1681	-50.8006	-49.6325
BLOCK04/SES046/SA046S15	SES120	-2.3956	-52.0281	-49.6325
BLOCK04/SES046/SA046S15	SES148	-1.57285	-51.2054	-49.6325
BLOCK04/SES046/SA046S22	SES101	-0.866482	-51.552	-50.6856
BLOCK04/SES046/SA046S22	SES144	-1.16301	-51.8486	-50.6856
BLOCK04/SES046/SA046S22	SES147	-3.19651	-53.8821	-50.6856
BLOCK04/SES046/SA046S22	SES172	-1.75574	-52.4413	-50.6856
BLOCK04/SES046/SA046S25	SES083	-1.49632	-51.9109	-50.4146
BLOCK04/SES046/SA046S25	SES127	-1.78359	-52.1981	-50.4146
BLOCK04/SES046/SA046S25	SES144	-1.51872	-51.9333	-50.4146
BLOCK04/SES046/SA046S25	SES148	-1.10791	-51.5225	-50.4146
BLOCK04/SES046/SA046S28	SES007	-4.54703	-55.6337	-51.0867
BLOCK04/SES046/SA046S28	SES105	-1.96062	-53.0473	-51.0867
BLOCK04/SES046/SA046S28	SES147	-2.51027	-53.597	-51.0867
BLOCK04/SES046/SA046S28	SES148	-1.64253	-52.7293	-51.0867
BLOCK04/SES049/SA049S16	SES104	-1.94416	-52.3263	-50.3822
BLOCK04/SES049/SA049S16	SES106	-1.33648	-51.7186	-50.3822
BLOCK04/SES049/SA049S16	SES120	-3.90136	-54.2835	-50.3822
BLOCK04/SES049/SA049S16	SES206	-1.18735	-51.5695	-50.3822
BLOCK04/SES049/SA049S18	SES099	-0.274403	-51.8355	-51.5611
BLOCK04/SES049/SA049S18	SES104	-2.35699	-53.9181	-51.5611
BLOCK04/SES049/SA049S18	SES125	-2.00195	-53.5631	-51.5611
BLOCK04/SES049/SA049S18	SES206	-1.98732	-53.5485	-51.5611
BLOCK04/SES049/SA049S25	SES087	-1.1162	-51.0556	-49.9394
BLOCK04/SES049/SA049S25	SES104	-1.13877	-51.0781	-49.9394
BLOCK04/SES049/SA049S25	SES125	-1.48135	-51.4207	-49.9394
BLOCK04/SES049/SA049S25	SES206	-0.835648	-50.775	-49.9394
BLOCK04/SES049/SA049S27	SES099	-0.403214	-50.2983	-49.8951
BLOCK04/SES049/SA049S27	SES104	-0.646366	-50.5415	-49.8951
BLOCK04/SES049/SA049S27	SES125	-1.24485	-51.1399	-49.8951
BLOCK04/SES049/SA049S27	SES206	-1.28576	-51.1809	-49.8951
BLOCK04/SES049/SA049S29	SES099	0.208897	-48.8695	-49.0784
BLOCK04/SES049/SA049S29	SES104	-0.31665	-49.3951	-49.0784
BLOCK04/SES049/SA049S29	SES125	-0.422565	-49.501	-49.0784
BLOCK04/SES049/SA049S29	SES206	-0.147152	-49.2256	-49.0784
BLOCK06/SES063/SA063S09	SES068	-1.71333	-51.8223	-50.109
BLOCK06/SES063/SA063S09	SES083	-0.801479	-50.9105	-50.109
BLOCK06/SES063/SA063S09	SES177	-0.964195	-51.0732	-50.109
BLOCK06/SES063/SA063S09	SES187	-1.57885	-51.6879	-50.109
BLOCK06/SES063/SA063S10	SES068	-2.13455	-52.9132	-50.7787
BLOCK06/SES063/SA063S10	SES083	-0.4408	-51.2195	-50.7787
BLOCK06/SES063/SA063S10	SES172	-0.709969	-51.4887	-50.7787
BLOCK06/SES063/SA063S10	SES187	-1.25224	-52.0309	-50.7787
BLOCK06/SES063/SA063S20	SES068	-3.14646	-53.7349	-50.5885
BLOCK06/SES063/SA063S20	SES083	-0.894836	-51.4833	-50.5885
BLOCK06/SES063/SA063S20	SES172	-1.4525	-52.041	-50.5885
BLOCK06/SES063/SA063S20	SES187	-0.518921	-51.1074	-50.5885
BLOCK06/SES063/SA063S24	SES029	-2.3719	-51.8838	-49.5119
BLOCK06/SES063/SA063S24	SES083	-0.306801	-49.8187	-49.5119
BLOCK06/SES063/SA063S24	SES177	-0.883656	-50.3956	-49.5119
BLOCK06/SES063/SA063S24	SES189	-1.14706	-50.659	-49.5119
BLOCK06/SES063/SA063S27	SES083	-0.732727	-51.5455	-50.8127
BLOCK06/SES063/SA063S27	SES172	-1.05917	-51.8719	-50.8127
BLOCK06/SES063/SA063S27	SES187	-1.36391	-52.1766	-50.8127
BLOCK06/SES063/SA063S27	SES292	-2.44685	-53.2596	-50.8127
BLOCK06/SES067/SA067S12	SES083	-2.01019	-52.0625	-50.0523
BLOCK06/SES067/SA067S12	SES172	-3.16998	-53.2222	-50.0523
BLOCK06/SES067/SA067S12	SES202	-0.0465164	-50.0988	-50.0523
BLOCK06/SES067/SA067S12	SES292	-1.71841	-51.7707	-50.0523
BLOCK06/SES067/SA067S14	SES085	-1.80388	-51.2804	-49.4765
BLOCK06/SES067/SA067S14	SES177	-1.24124	-50.7177	-49.4765
BLOCK06/SES067/SA067S14	SES183	-2.03932	-51.5158	-49.4765
BLOCK06/SES067/SA067S14	SES202	-0.568024	-50.0445	-49.4765
BLOCK06/SES067/SA067S21	SES144	-1.19427	-52.1102	-50.916
BLOCK06/SES067/SA067S21	SES177	-1.01879	-51.9348	-50.916
BLOCK06/SES067/SA067S21	SES183	-4.06392	-54.9799	-50.916
BLOCK06/SES067/SA067S21	SES189	-0.592751	-51.5087	-50.916
BLOCK06/SES067/SA067S25	SES085	-1.01624	-51.4346	-50.4183
BLOCK06/SES067/SA067S25	SES177	-0.737049	-51.1554	-50.4183
BLOCK06/SES067/SA067S25	SES183	-2.17522	-52.5936	-50.4183
BLOCK06/SES067/SA067S25	SES202	-0.333004	-50.7513	-50.4183
BLOCK06/SES067/SA067S29	SES085	-1.36742	-51.4506	-50.0831
BLOCK06/SES067/SA067S29	SES177	-1.63091	-51.714	-50.0831
BLOCK06/SES067/SA067S29	SES183	-2.47312	-52.5563	-50.0831
BLOCK06/SES067/SA067S29	SES202	0.1269	-49.9562	-50.0831
BLOCK06/SES069/SA069S12	SES029	-3.27882	-52.4441	-49.1653
BLOCK06/SES069/SA069S12	SES082	-0.496731	-49.662	-49.1653
BLOCK06/SES069/SA069S12	SES087	-1.82001	-50.9853	-49.1653
BLOCK06/SES069/SA069S12	SES206	-1.37795	-50.5433	-49.1653
BLOCK06/SES069/SA069S13	SES029	-3.46916	-52.8791	-49.4099
BLOCK06/SES069/SA069S13	SES087	-2.58494	-51.9949	-49.4099
BLOCK06/SES069/SA069S13	SES206	-2.65918	-52.0691	-49.4099
BLOCK06/SES069/SA069S13	SES226	-1.80299	-51.2129	-49.4099
BLOCK06/SES069/SA069S23	SES029	-1.75016	-49.7456	-47.9955
BLOCK06/SES069/SA069S23	SES087	-1.62044	-49.6159	-47.9955
BLOCK06/SES069/SA069S23	SES206	-1.56953	-49.565	-47.9955
BLOCK06/SES069/SA069S23	SES226	-0.792294	-48.7878	-47.9955
BLOCK06/SES069/SA069S25	SES087	-1.73466	-50.0021	-48.2675
BLOCK06/SES069/SA069S25	SES206	-2.43596	-50.7034	-48.2675
BLOCK06/SES069/SA069S25	SES226	-1.52982	-49.7973	-48.2675
BLOCK06/SES069/SA069S25	SES270	-1.62262	-49.8901	-48.2675
BLOCK06/SES069/SA069S27	SES087	-1.99938	-50.2811	-48.2817
BLOCK06/SES069/SA069S27	SES206	-0.946453	-49.2282	-48.2817
BLOCK06/SES069/SA069S27	SES226	-0.204742	-48.4865	-48.2817
BLOCK06/SES069/SA069S27	SES270	-1.11432	-49.3961	-48.2817
BLOCK08/SES081/SA081S11	SES060	-1.72202	-51.8838	-50.1618
BLOCK08/SES081/SA081S11	SES062	-3.07252	-53.2343	-50.1618
BLOCK08/SES081/SA081S11	SES117	-2.39446	-52.5563	-50.1618
BLOCK08/SES081/SA081S11	SES162	-1.7911	-51.9529	-50.1618
BLOCK08/SES081/SA081S13	SES016	-1.20175	-50.211	-49.0093
BLOCK08/SES081/SA081S13	SES060	-0.75119	-49.7604	-49.0093
BLOCK08/SES081/SA081S13	SES068	-0.333599	-49.3428	-49.0093
BLOCK08/SES081/SA081S13	SES129	-1.80668	-50.8159	-49.0093
BLOCK08/SES081/SA081S24	SES060	-1.09578	-50.63	-49.5342
BLOCK08/SES081/SA081S24	SES068	-1.63771	-51.1719	-49.5342
BLOCK08/SES081/SA081S24	SES117	-2.08562	-51.6198	-49.5342
BLOCK08/SES081/SA081S24	SES275	-2.31995	-51.8541	-49.5342
BLOCK08/SES081/SA081S27	SES007	-2.10028	-52.031	-49.9307
BLOCK08/SES081/SA081S27	SES060	-1.7862	-51.7169	-49.9307
BLOCK08/SES081/SA081S27	SES117	-0.636246	-50.5669	-49.9307
BLOCK08/SES081/SA081S27	SES275	-2.11523	-52.0459	-49.9307
BLOCK08/SES081/SA081S29	SES007	-1.34793	-50.7329	-49.385
BLOCK08/SES081/SA081S29	SES060	-0.819145	-50.2042	-49.385
BLOCK08/SES081/SA081S29	SES117	-1.203	-50.588	-49.385
BLOCK08/SES081/SA081S29	SES275	-2.21184	-51.5969	-49.385
BLOCK08/SES086/SA086S11	SES029	-6.01583	-57.0274	-51.0116
BLOCK08/SES086/SA086S11	SES082	-1.47028	-52.4818	-51.0116
BLOCK08/SES086/SA086S11	SES087	-1.64501	-52.6566	-51.0116
BLOCK08/SES086/SA086S11	SES206	-2.35036	-53.3619	-51.0116
BLOCK08/SES086/SA086S12	SES029	-5.38607	-55.8039	-50.4178
BLOCK08/SES086/SA086S12	SES082	-1.56686	-51.9847	-50.4178
BLOCK08/SES086/SA086S12	SES087	0.0377998	-50.38	-50.4178
BLOCK08/SES086/SA086S12	SES206	-1.16623	-51.5841	-50.4178
BLOCK08/SES086/SA086S20	SES029	-5.32227	-54.5914	-49.2692
BLOCK08/SES086/SA086S20	SES082	-1.4193	-50.6885	-49.2692
BLOCK08/SES086/SA086S20	SES087	0.0383568	-49.2308	-49.2692
BLOCK08/SES086/SA086S20	SES206	0.112144	-49.157	-49.2692
BLOCK08/SES086/SA086S24	SES087	-0.0464478	-50.3224	-50.276
BLOCK08/SES086/SA086S24	SES104	-1.48119	-51.7572	-50.276
BLOCK08/SES086/SA086S24	SES120	-4.61933	-54.8953	-50.276
BLOCK08/SES086/SA086S24	SES206	0.199532	-50.0765	-50.276
BLOCK08/SES086/SA086S28	SES029	-4.033	-53.0595	-49.0265
BLOCK08/SES086/SA086S28	SES082	-1.04612	-50.0726	-49.0265
BLOCK08/SES086/SA086S28	SES087	-0.242996	-49.2695	-49.0265
BLOCK08/SES086/SA086S28	SES206	-0.518131	-49.5446	-49.0265
BLOCK08/SES089/SA089S13	SES087	-2.47693	-52.1811	-49.7042
BLOCK08/SES089/SA089S13	SES206	-2.72579	-52.43	-49.7042
BLOCK08/SES089/SA089S13	SES226	-2.39328	-52.0975	-49.7042
BLOCK08/SES089/SA089S13	SES270	-2.47056	-52.1748	-49.7042
BLOCK08/SES089/SA089S14	SES062	-2.28121	-51.7499	-49.4687
BLOCK08/SES089/SA089S14	SES087	-0.294003	-49.7627	-49.4687
BLOCK08/SES089/SA089S14	SES206	-0.745205	-50.2139	-49.4687
BLOCK08/SES089/SA089S14	SES226	-0.819321	-50.288	-49.4687
BLOCK08/SES089/SA089S23	SES087	-1.37761	-51.5774	-50.1998
BLOCK08/SES089/SA089S23	SES206	-1.40054	-51.6003	-50.1998
BLOCK08/SES089/SA089S23	SES226	-2.03298	-52.2327	-50.1998
BLOCK08/SES089/SA089S23	SES270	-2.20618	-52.4059	-50.1998
BLOCK08/SES089/SA089S25	SES062	-2.61554	-51.9162	-49.3007
BLOCK08/SES089/SA089S25	SES087	-0.483833	-49.7845	-49.3007
BLOCK08/SES089/SA089S25	SES206	-1.63559	-50.9363	-49.3007
BLOCK08/SES089/SA089S25	SES226	-0.532539	-49.8332	-49.3007
BLOCK08/SES089/SA089S28	SES062	-2.42369	-51.8773	-49.4536
BLOCK08/SES089/SA089S28	SES087	-0.700535	-50.1541	-49.4536
BLOCK08/SES089/SA089S28	SES206	-0.607246	-50.0609	-49.4536
BLOCK08/SES089/SA089S28	SES226	-0.507408	-49.961	-49.4536
BLOCK09/SES097/SA097S11	SES099	-0.659695	-50.8205	-50.1608
BLOCK09/SES097/SA097S11	SES125	-2.09562	-52.2565	-50.1608
BLOCK09/SES097/SA097S11	SES206	-1.97363	-52.1345	-50.1608
BLOCK09/SES097/SA097S11	SES226	-0.861553	-51.0224	-50.1608
BLOCK09/SES097/SA097S14	SES062	-3.59622	-53.3	-49.7038
BLOCK09/SES097/SA097S14	SES099	-0.902313	-50.6061	-49.7038
BLOCK09/SES097/SA097S14	SES104	-1.48323	-51.187	-49.7038
BLOCK09/SES097/SA097S14	SES206	-1.46646	-51.1702	-49.7038
BLOCK09/SES097/SA097S22	SES099	0.0587654	-49.7624	-49.8212
BLOCK09/SES097/SA097S22	SES206	-1.18888	-51.0101	-49.8212
BLOCK09/SES097/SA097S22	SES226	-1.20718	-51.0284	-49.8212
BLOCK09/SES097/SA097S22	SES270	0.220173	-49.601	-49.8212
BLOCK09/SES097/SA097S26	SES099	0.201187	-48.8471	-49.0483
BLOCK09/SES097/SA097S26	SES120	-4.16271	-53.211	-49.0483
BLOCK09/SES097/SA097S26	SES206	-0.737526	-49.7858	-49.0483
BLOCK09/SES097/SA097S26	SES226	-1.36186	-50.4101	-49.0483
BLOCK09/SES097/SA097S28	SES099	-0.520668	-50.2563	-49.7356
BLOCK09/SES097/SA097S28	SES120	-3.21337	-52.949	-49.7356
BLOCK09/SES097/SA097S28	SES206	-2.19621	-51.9318	-49.7356
BLOCK09/SES097/SA097S28	SES226	-2.06033	-51.7959	-49.7356
BLOCK09/SES098/SA098S11	SES127	-2.92759	-54.6632	-51.7356
BLOCK09/SES098/SA098S11	SES144	-1.35275	-53.0884	-51.7356
BLOCK09/SES098/SA098S11	SES147	-1.12209	-52.8577	-51.7356
BLOCK09/SES098/SA098S11	SES148	-3.06629	-54.8019	-51.7356
BLOCK09/SES098/SA098S12	SES127	-5.48399	-58.3737	-52.8897
BLOCK09/SES098/SA098S12	SES144	-1.82453	-54.7143	-52.8897
BLOCK09/SES098/SA098S12	SES147	-2.12287	-55.0126	-52.8897
BLOCK09/SES098/SA098S12	SES189	-1.27071	-54.1605	-52.8897
BLOCK09/SES098/SA098S20	SES127	-3.53202	-55.583	-52.051
BLOCK09/SES098/SA098S20	SES147	-1.8371	-53.8881	-52.051
BLOCK09/SES098/SA098S20	SES148	-3.85225	-55.9033	-52.051
BLOCK09/SES098/SA098S20	SES292	-3.34277	-55.3938	-52.051
BLOCK09/SES098/SA098S23	SES127	-1.86859	-53.2409	-51.3723
BLOCK09/SES098/SA098S23	SES147	-1.5631	-52.9354	-51.3723
BLOCK09/SES098/SA098S23	SES187	-0.98497	-52.3573	-51.3723
BLOCK09/SES098/SA098S23	SES292	-2.2941	-53.6664	-51.3723
BLOCK09/SES098/SA098S27	SES127	-3.69441	-55.0762	-51.3817
BLOCK09/SES098/SA098S27	SES147	-2.56346	-53.9452	-51.3817
BLOCK09/SES098/SA098S27	SES148	-4.19791	-55.5797	-51.3817
BLOCK09/SES098/SA098S27	SES292	-3.42192	-54.8037	-51.3817
BLOCK10/SES102/SA102S13	SES101	-0.501816	-52.1044	-51.6026
BLOCK10/SES102/SA102S13	SES105	-1.96689	-53.5694	-51.6026
BLOCK10/SES102/SA102S13	SES120	-1.65813	-53.2607	-51.6026
BLOCK10/SES102/SA102S13	SES158	-7.25982	-58.8624	-51.6026
BLOCK10/SES102/SA102S14	SES007	-0.0177193	-49.8156	-49.7979
BLOCK10/SES102/SA102S14	SES101	0.163185	-49.6347	-49.7979
BLOCK10/SES102/SA102S14	SES105	-0.286366	-50.0843	-49.7979
BLOCK10/SES102/SA102S14	SES147	-2.41972	-52.2176	-49.7979
BLOCK10/SES102/SA102S22	SES007	-1.21605	-51.0158	-49.7998
BLOCK10/SES102/SA102S22	SES101	-0.122314	-49.9221	-49.7998
BLOCK10/SES102/SA102S22	SES105	-0.374458	-50.1743	-49.7998
BLOCK10/SES102/SA102S22	SES158	-4.4963	-54.2961	-49.7998
BLOCK10/SES102/SA102S25	SES007	-0.820763	-50.647	-49.8262
BLOCK10/SES102/SA102S25	SES101	0.0435562	-49.7827	-49.8262
BLOCK10/SES102/SA102S25	SES105	-0.644863	-50.4711	-49.8262
BLOCK10/SES102/SA102S25	SES147	-2.75831	-52.5845	-49.8262
BLOCK10/SES102/SA102S27	SES007	-1.29137	-51.7945	-50.5031
BLOCK10/SES102/SA102S27	SES101	-0.257126	-50.7603	-50.5031
BLOCK10/SES102/SA102S27	SES105	-0.596916	-51.1001	-50.5031
BLOCK10/SES102/SA102S27	SES147	-2.11612	-52.6193	-50.5031
BLOCK10/SES103/SA103S14	SES105	-3.22667	-54.4399	-51.2133
BLOCK10/SES103/SA103S14	SES106	-1.13532	-52.3486	-51.2133
BLOCK10/SES103/SA103S14	SES120	-4.80166	-56.0149	-51.2133
BLOCK10/SES103/SA103S14	SES206	-1.79604	-53.0093	-51.2133
BLOCK10/SES103/SA103S15	SES099	-0.845932	-52.6443	-51.7984
BLOCK10/SES103/SA103S15	SES101	-4.25213	-56.0505	-51.7984
BLOCK10/SES103/SA103S15	SES104	-1.418	-53.2164	-51.7984
BLOCK10/SES103/SA103S15	SES125	-1.47203	-53.2704	-51.7984
BLOCK10/SES103/SA103S24	SES104	-2.01707	-52.4894	-50.4723
BLOCK10/SES103/SA103S24	SES125	-1.53058	-52.0029	-50.4723
BLOCK10/SES103/SA103S24	SES148	-3.48155	-53.9539	-50.4723
BLOCK10/SES103/SA103S24	SES158	-0.742668	-51.215	-50.4723
BLOCK10/SES103/SA103S26	SES104	-2.27806	-53.5723	-51.2943
BLOCK10/SES103/SA103S26	SES106	-1.15553	-52.4498	-51.2943
BLOCK10/SES103/SA103S26	SES125	-2.18477	-53.479	-51.2943
BLOCK10/SES103/SA103S26	SES148	-3.75547	-55.0497	-51.2943
BLOCK10/SES103/SA103S28	SES104	-3.23572	-55.0478	-51.812
BLOCK10/SES103/SA103S28	SES106	-1.94307	-53.7551	-51.812
BLOCK10/SES103/SA103S28	SES125	-3.25056	-55.0626	-51.812
BLOCK10/SES103/SA103S28	SES206	-3.55982	-55.3719	-51.812
BLOCK12/SES121/SA121S12	SES042	-2.61938	-54.8244	-52.205
BLOCK12/SES121/SA121S12	SES087	-1.66341	-53.8685	-52.205
BLOCK12/SES121/SA121S12	SES105	-1.96014	-54.1652	-52.205
BLOCK12/SES121/SA121S12	SES206	-0.954357	-53.1594	-52.205
BLOCK12/SES121/SA121S14	SES007	-3.95155	-56.3736	-52.422
BLOCK12/SES121/SA121S14	SES105	-3.43105	-55.8531	-52.422
BLOCK12/SES121/SA121S14	SES106	-2.00385	-54.4259	-52.422
BLOCK12/SES121/SA121S14	SES206	-1.96985	-54.3919	-52.422
BLOCK12/SES121/SA121S23	SES105	-3.15055	-55.7718	-52.6213
BLOCK12/SES121/SA121S23	SES106	-1.07376	-53.695	-52.6213
BLOCK12/SES121/SA121S23	SES120	-3.81633	-56.4376	-52.6213
BLOCK12/SES121/SA121S23	SES206	-1.66986	-54.2911	-52.6213
BLOCK12/SES121/SA121S25	SES007	-4.10507	-57.4295	-53.3244
BLOCK12/SES121/SA121S25	SES105	-3.58324	-56.9076	-53.3244
BLOCK12/SES121/SA121S25	SES106	-2.24164	-55.566	-53.3244
BLOCK12/SES121/SA121S25	SES206	-2.03971	-55.3641	-53.3244
BLOCK12/SES121/SA121S27	SES087	-0.890411	-52.3979	-51.5075
BLOCK12/SES121/SA121S27	SES105	-4.43964	-55.9471	-51.5075
BLOCK12/SES121/SA121S27	SES120	-3.69665	-55.2041	-51.5075
BLOCK12/SES121/SA121S27	SES206	-1.32766	-52.8351	-51.5075
BLOCK12/SES124/SA124S16	SES042	-0.848625	-51.2503	-50.4017
BLOCK12/SES124/SA124S16	SES082	-0.716114	-51.1178	-50.4017
BLOCK12/SES124/SA124S16	SES183	-4.14558	-54.5473	-50.4017
BLOCK12/SES124/SA124S16	SES206	-1.9239	-52.3256	-50.4017
BLOCK12/SES124/SA124S17	SES105	-3.03575	-54.3016	-51.2659
BLOCK12/SES124/SA124S17	SES149	-2.31317	-53.579	-51.2659
BLOCK12/SES124/SA124S17	SES158	-2.67801	-53.9439	-51.2659
BLOCK12/SES124/SA124S17	SES275	-4.27742	-55.5433	-51.2659
BLOCK12/SES124/SA124S23	SES105	-2.89464	-51.307	-48.4123
BLOCK12/SES124/SA124S23	SES125	-0.0280533	-48.4404	-48.4123
BLOCK12/SES124/SA124S23	SES129	-4.35959	-52.7719	-48.4123
BLOCK12/SES124/SA124S23	SES158	-0.210743	-48.6231	-48.4123
BLOCK12/SES124/SA124S26	SES105	-3.62209	-53.3346	-49.7125
BLOCK12/SES124/SA124S26	SES125	-0.175362	-49.8879	-49.7125
BLOCK12/SES124/SA124S26	SES129	-5.08815	-54.8007	-49.7125
BLOCK12/SES124/SA124S26	SES158	-0.747169	-50.4597	-49.7125
BLOCK12/SES124/SA124S28	SES104	-0.779171	-50.0897	-49.3106
BLOCK12/SES124/SA124S28	SES106	-0.262325	-49.5729	-49.3106
BLOCK12/SES124/SA124S28	SES125	-0.314468	-49.625	-49.3106
BLOCK12/SES124/SA124S28	SES275	-3.89786	-53.2084	-49.3106
BLOCK12/SES126/SA126S13	SES007	-2.42083	-55.3967	-52.9758
BLOCK12/SES126/SA126S13	SES162	-1.56211	-54.5379	-52.9758
BLOCK12/SES126/SA126S13	SES177	-1.18098	-54.1568	-52.9758
BLOCK12/SES126/SA126S13	SES180	-1.72082	-54.6966	-52.9758
BLOCK12/SES126/SA126S14	SES144	-1.05025	-51.7507	-50.7005
BLOCK12/SES126/SA126S14	SES148	-1.98494	-52.6854	-50.7005
BLOCK12/SES126/SA126S14	SES177	-0.367298	-51.0678	-50.7005
BLOCK12/SES126/SA126S14	SES180	-0.976143	-51.6766	-50.7005
BLOCK12/SES126/SA126S20	SES007	-3.25829	-53.9309	-50.6726
BLOCK12/SES126/SA126S20	SES162	-2.85996	-53.5326	-50.6726
BLOCK12/SES126/SA126S20	SES172	-5.25982	-55.9324	-50.6726
BLOCK12/SES126/SA126S20	SES180	-2.55044	-53.2231	-50.6726
BLOCK12/SES126/SA126S24	SES120	-1.23708	-51.6501	-50.413
BLOCK12/SES126/SA126S24	SES162	-1.47425	-51.8873	-50.413
BLOCK12/SES126/SA126S24	SES177	-0.933277	-51.3463	-50.413
BLOCK12/SES126/SA126S24	SES180	-0.67075	-51.0838	-50.413
BLOCK12/SES126/SA126S26	SES120	-1.31628	-52.5602	-51.2439
BLOCK12/SES126/SA126S26	SES177	-0.974178	-52.2181	-51.2439
BLOCK12/SES126/SA126S26	SES180	-1.06411	-52.308	-51.2439
BLOCK12/SES126/SA126S26	SES202	-2.90941	-54.1533	-51.2439
BLOCK12/SES128/SA128S10	SES087	-2.37885	-52.1155	-49.7367
BLOCK12/SES128/SA128S10	SES206	-1.9748	-51.7115	-49.7367
BLOCK12/SES128/SA128S10	SES226	-0.970646	-50.7073	-49.7367
BLOCK12/SES128/SA128S10	SES270	-0.950466	-50.6871	-49.7367
BLOCK12/SES128/SA128S12	SES120	-2.98382	-53.0177	-50.0339
BLOCK12/SES128/SA128S12	SES158	-1.78952	-51.8234	-50.0339
BLOCK12/SES128/SA128S12	SES206	-1.19579	-51.2297	-50.0339
BLOCK12/SES128/SA128S12	SES226	-1.41605	-51.45	-50.0339
BLOCK12/SES128/SA128S21	SES106	-2.86163	-53.3949	-50.5333
BLOCK12/SES128/SA128S21	SES120	-2.76268	-53.296	-50.5333
BLOCK12/SES128/SA128S21	SES206	-2.52944	-53.0628	-50.5333
BLOCK12/SES128/SA128S21	SES226	-2.0861	-52.6194	-50.5333
BLOCK12/SES128/SA128S24	SES087	-3.3976	-53.8458	-50.4482
BLOCK12/SES128/SA128S24	SES120	-1.65041	-52.0986	-50.4482
BLOCK12/SES128/SA128S24	SES206	-2.4953	-52.9435	-50.4482
BLOCK12/SES128/SA128S24	SES226	-2.30275	-52.7509	-50.4482
BLOCK12/SES128/SA128S27	SES099	-1.16302	-50.4761	-49.3131
BLOCK12/SES128/SA128S27	SES120	-2.1629	-51.476	-49.3131
BLOCK12/SES128/SA128S27	SES206	-2.0066	-51.3197	-49.3131
BLOCK12/SES128/SA128S27	SES226	-1.37534	-50.6884	-49.3131
BLOCK13/SES130/SA130S13	SES143	-2.18201	-54.052	-51.87
BLOCK13/SES130/SA130S13	SES144	-0.29583	-52.1658	-51.87
BLOCK13/SES130/SA130S13	SES146	-0.734051	-52.604	-51.87
BLOCK13/SES130/SA130S13	SES275	-3.07777	-54.9477	-51.87
BLOCK13/SES130/SA130S15	SES143	-1.90314	-52.3442	-50.4411
BLOCK13/SES130/SA130S15	SES144	-0.755894	-51.1969	-50.4411
BLOCK13/SES130/SA130S15	SES146	-0.817238	-51.2583	-50.4411
BLOCK13/SES130/SA130S15	SES275	-1.25244	-51.6935	-50.4411
BLOCK13/SES130/SA130S23	SES127	-2.71415	-54.9745	-52.2603
BLOCK13/SES130/SA130S23	SES144	-1.35632	-53.6166	-52.2603
BLOCK13/SES130/SA130S23	SES146	-0.895409	-53.1557	-52.2603
BLOCK13/SES130/SA130S23	SES162	-1.15207	-53.4124	-52.2603
BLOCK13/SES130/SA130S25	SES127	-1.73389	-51.9649	-50.231
BLOCK13/SES130/SA130S25	SES144	-0.183678	-50.4146	-50.231
BLOCK13/SES130/SA130S25	SES146	-0.552845	-50.7838	-50.231
BLOCK13/SES130/SA130S25	SES275	-0.77599	-51.007	-50.231
BLOCK13/SES130/SA130S28	SES127	-1.2884	-52.0676	-50.7792
BLOCK13/SES130/SA130S28	SES144	-0.701733	-51.481	-50.7792
BLOCK13/SES130/SA130S28	SES146	-0.741745	-51.521	-50.7792
BLOCK13/SES130/SA130S28	SES275	-0.170158	-50.9494	-50.7792
BLOCK13/SES131/SA131S13	SES002	-3.02441	-55.2507	-52.2263
BLOCK13/SES131/SA131S13	SES007	-4.93374	-57.16	-52.2263
BLOCK13/SES131/SA131S13	SES099	-2.52479	-54.7511	-52.2263
BLOCK13/SES131/SA131S13	SES105	-2.91069	-55.1369	-52.2263
BLOCK13/SES131/SA131S14	SES104	-1.38704	-52.0272	-50.6401
BLOCK13/SES131/SA131S14	SES106	-0.848366	-51.4885	-50.6401
BLOCK13/SES131/SA131S14	SES125	-1.62817	-52.2683	-50.6401
BLOCK13/SES131/SA131S14	SES148	-2.52522	-53.1653	-50.6401
BLOCK13/SES131/SA131S20	SES104	-2.11472	-53.9204	-51.8057
BLOCK13/SES131/SA131S20	SES106	-0.982872	-52.7885	-51.8057
BLOCK13/SES131/SA131S20	SES125	-2.11081	-53.9165	-51.8057
BLOCK13/SES131/SA131S20	SES148	-4.35149	-56.1572	-51.8057
BLOCK13/SES131/SA131S22	SES099	-1.67569	-52.2368	-50.5611
BLOCK13/SES131/SA131S22	SES104	-2.2934	-52.8545	-50.5611
BLOCK13/SES131/SA131S22	SES125	-2.00804	-52.5691	-50.5611
BLOCK13/SES131/SA131S22	SES206	-2.74372	-53.3048	-50.5611
BLOCK13/SES131/SA131S29	SES087	-1.77085	-53.2306	-51.4598
BLOCK13/SES131/SA131S29	SES104	-2.93225	-54.392	-51.4598
BLOCK13/SES131/SA131S29	SES125	-2.33482	-53.7946	-51.4598
BLOCK13/SES131/SA131S29	SES206	-2.18402	-53.6438	-51.4598
BLOCK13/SES132/SA132S11	SES083	-2.2439	-52.2514	-50.0075
BLOCK13/SES132/SA132S11	SES120	0.13538	-49.8721	-50.0075
BLOCK13/SES132/SA132S11	SES127	-1.07538	-51.0829	-50.0075
BLOCK13/SES132/SA132S11	SES275	-0.904541	-50.912	-50.0075
BLOCK13/SES132/SA132S12	SES083	-1.5536	-51.4744	-49.9208
BLOCK13/SES132/SA132S12	SES143	-1.57253	-51.4934	-49.9208
BLOCK13/SES132/SA132S12	SES144	-1.33086	-51.2517	-49.9208
BLOCK13/SES132/SA132S12	SES148	-1.46114	-51.382	-49.9208
BLOCK13/SES132/SA132S22	SES062	-0.709816	-50.4341	-49.7243
BLOCK13/SES132/SA132S22	SES083	-1.13627	-50.8606	-49.7243
BLOCK13/SES132/SA132S22	SES127	-0.777023	-50.5013	-49.7243
BLOCK13/SES132/SA132S22	SES275	-0.710487	-50.4348	-49.7243
BLOCK13/SES132/SA132S24	SES007	-0.527405	-50.3424	-49.815
BLOCK13/SES132/SA132S24	SES083	-1.78743	-51.6025	-49.815
BLOCK13/SES132/SA132S24	SES127	-1.61395	-51.429	-49.815
BLOCK13/SES132/SA132S24	SES275	-1.30764	-51.1227	-49.815
BLOCK13/SES132/SA132S27	SES083	-2.21485	-52.6057	-50.3908
BLOCK13/SES132/SA132S27	SES120	-0.309368	-50.7002	-50.3908
BLOCK13/SES132/SA132S27	SES127	-1.74557	-52.1364	-50.3908
BLOCK13/SES132/SA132S27	SES275	-1.72465	-52.1155	-50.3908
BLOCK14/SES141/SA141S09	SES143	-0.900505	-51.7673	-50.8668
BLOCK14/SES141/SA141S09	SES144	-0.903271	-51.7701	-50.8668
BLOCK14/SES141/SA141S09	SES162	-1.10829	-51.9751	-50.8668
BLOCK14/SES141/SA141S09	SES180	-0.911819	-51.7786	-50.8668
BLOCK14/SES141/SA141S15	SES127	-1.45525	-52.0177	-50.5625
BLOCK14/SES141/SA141S15	SES144	-0.836655	-51.3992	-50.5625
BLOCK14/SES141/SA141S15	SES162	-1.34611	-51.9086	-50.5625
BLOCK14/SES141/SA141S15	SES180	-0.907269	-51.4698	-50.5625
BLOCK14/SES141/SA141S24	SES127	-0.954666	-51.5151	-50.5604
BLOCK14/SES141/SA141S24	SES144	-1.46286	-52.0233	-50.5604
BLOCK14/SES141/SA141S24	SES162	-0.472088	-51.0325	-50.5604
BLOCK14/SES141/SA141S24	SES183	-2.58332	-53.1437	-50.5604
BLOCK14/SES141/SA141S26	SES142	-1.45044	-52.8676	-51.4172
BLOCK14/SES141/SA141S26	SES144	-1.23326	-52.6504	-51.4172
BLOCK14/SES141/SA141S26	SES172	-1.50497	-52.9222	-51.4172
BLOCK14/SES141/SA141S26	SES180	-0.70702	-52.1242	-51.4172
BLOCK14/SES141/SA141S29	SES127	-0.249928	-50.5545	-50.3046
BLOCK14/SES141/SA141S29	SES142	0.016655	-50.2879	-50.3046
BLOCK14/SES141/SA141S29	SES144	-1.05349	-51.358	-50.3046
BLOCK14/SES141/SA141S29	SES180	-0.353992	-50.6585	-50.3046
BLOCK15/SES157/SA157S08	SES083	-2.45816	-53.4117	-50.9535
BLOCK15/SES157/SA157S08	SES127	-1.71822	-52.6718	-50.9535
BLOCK15/SES157/SA157S08	SES148	-0.958611	-51.9122	-50.9535
BLOCK15/SES157/SA157S08	SES292	-2.53267	-53.4862	-50.9535
BLOCK15/SES157/SA157S11	SES083	-2.27744	-52.6674	-50.3899
BLOCK15/SES157/SA157S11	SES127	-2.38712	-52.7771	-50.3899
BLOCK15/SES157/SA157S11	SES148	-1.05861	-51.4485	-50.3899
BLOCK15/SES157/SA157S11	SES292	-1.90536	-52.2953	-50.3899
BLOCK15/SES157/SA157S21	SES127	-2.17224	-52.2668	-50.0946
BLOCK15/SES157/SA157S21	SES148	-0.798695	-50.8933	-50.0946
BLOCK15/SES157/SA157S21	SES158	-5.74379	-55.8384	-50.0946
BLOCK15/SES157/SA157S21	SES292	-1.56345	-51.658	-50.0946
BLOCK15/SES157/SA157S24	SES127	-1.74542	-52.3066	-50.5612
BLOCK15/SES157/SA157S24	SES148	-0.890682	-51.4519	-50.5612
BLOCK15/SES157/SA157S24	SES183	-1.47136	-52.0325	-50.5612
BLOCK15/SES157/SA157S24	SES292	-1.89725	-52.4584	-50.5612
BLOCK15/SES157/SA157S26	SES007	-0.892487	-51.0075	-50.115
BLOCK15/SES157/SA157S26	SES127	-1.04852	-51.1635	-50.115
BLOCK15/SES157/SA157S26	SES147	-2.35617	-52.4712	-50.115
BLOCK15/SES157/SA157S26	SES148	-0.930676	-51.0457	-50.115
BLOCK16/SES161/SA161S10	SES007	-2.72116	-54.4605	-51.7393
BLOCK16/SES161/SA161S10	SES105	-1.84727	-53.5866	-51.7393
BLOCK16/SES161/SA161S10	SES158	-2.99164	-54.7309	-51.7393
BLOCK16/SES161/SA161S10	SES275	-2.16335	-53.9026	-51.7393
BLOCK16/SES161/SA161S12	SES007	-1.90897	-53.0862	-51.1772
BLOCK16/SES161/SA161S12	SES105	-2.54507	-53.7223	-51.1772
BLOCK16/SES161/SA161S12	SES158	-2.04075	-53.218	-51.1772
BLOCK16/SES161/SA161S12	SES275	-1.94355	-53.1208	-51.1772
BLOCK16/SES161/SA161S20	SES007	-2.85669	-55.4765	-52.6198
BLOCK16/SES161/SA161S20	SES105	-3.01802	-55.6378	-52.6198
BLOCK16/SES161/SA161S20	SES158	-2.53864	-55.1584	-52.6198
BLOCK16/SES161/SA161S20	SES275	-3.13616	-55.7559	-52.6198
BLOCK16/SES161/SA161S23	SES007	-2.62768	-53.3784	-50.7507
BLOCK16/SES161/SA161S23	SES105	-1.7147	-52.4654	-50.7507
BLOCK16/SES161/SA161S23	SES148	-3.00037	-53.7511	-50.7507
BLOCK16/SES161/SA161S23	SES158	-1.50208	-52.2528	-50.7507
BLOCK16/SES161/SA161S28	SES007	-3.28489	-54.2522	-50.9673
BLOCK16/SES161/SA161S28	SES105	-2.92847	-53.8958	-50.9673
BLOCK16/SES161/SA161S28	SES158	-1.40701	-52.3743	-50.9673
BLOCK16/SES161/SA161S28	SES206	-2.23185	-53.1992	-50.9673
BLOCK16/SES164/SA164S11	SES104	-1.89036	-51.1466	-49.2562
BLOCK16/SES164/SA164S11	SES125	-1.02156	-50.2778	-49.2562
BLOCK16/SES164/SA164S11	SES158	-0.299294	-49.5555	-49.2562
BLOCK16/SES164/SA164S11	SES206	-2.26079	-51.517	-49.2562
BLOCK16/SES164/SA164S13	SES099	-1.45536	-51.8539	-50.3986
BLOCK16/SES164/SA164S13	SES104	-2.16948	-52.568	-50.3986
BLOCK16/SES164/SA164S13	SES125	-2.43814	-52.8367	-50.3986
BLOCK16/SES164/SA164S13	SES206	-2.54119	-52.9397	-50.3986
BLOCK16/SES164/SA164S24	SES002	-1.10835	-51.2163	-50.108
BLOCK16/SES164/SA164S24	SES099	-0.822781	-50.9307	-50.108
BLOCK16/SES164/SA164S24	SES125	-1.99121	-52.0992	-50.108
BLOCK16/SES164/SA164S24	SES226	-0.655018	-50.763	-50.108
BLOCK16/SES164/SA164S27	SES087	-2.53168	-52.6539	-50.1222
BLOCK16/SES164/SA164S27	SES125	-1.91977	-52.042	-50.1222
BLOCK16/SES164/SA164S27	SES206	-2.51722	-52.6394	-50.1222
BLOCK16/SES164/SA164S27	SES226	-1.53602	-51.6582	-50.1222
BLOCK16/SES164/SA164S29	SES002	-0.539902	-50.5204	-49.9805
BLOCK16/SES164/SA164S29	SES019	-1.57918	-51.5597	-49.9805
BLOCK16/SES164/SA164S29	SES125	-1.3556	-51.3361	-49.9805
BLOCK16/SES164/SA164S29	SES226	-1.6745	-51.655	-49.9805
BLOCK16/SES169/SA169S13	SES117	-1.25403	-51.934	-50.68
BLOCK16/SES169/SA169S13	SES144	-0.91888	-51.5989	-50.68
BLOCK16/SES169/SA169S13	SES146	-1.56854	-52.2485	-50.68
BLOCK16/SES169/SA169S13	SES162	-1.38033	-52.0603	-50.68
BLOCK16/SES169/SA169S14	SES144	-1.13921	-50.6806	-49.5414
BLOCK16/SES169/SA169S14	SES148	-1.0984	-50.6398	-49.5414
BLOCK16/SES169/SA169S14	SES177	-1.28886	-50.8303	-49.5414
BLOCK16/SES169/SA169S14	SES180	-1.99761	-51.539	-49.5414
BLOCK16/SES169/SA169S24	SES117	-1.3974	-52.6725	-51.2751
BLOCK16/SES169/SA169S24	SES144	-0.860741	-52.1359	-51.2751
BLOCK16/SES169/SA169S24	SES146	-1.40888	-52.684	-51.2751
BLOCK16/SES169/SA169S24	SES162	-1.59456	-52.8697	-51.2751
BLOCK16/SES169/SA169S27	SES127	-1.49356	-52.189	-50.6954
BLOCK16/SES169/SA169S27	SES129	-1.38961	-52.085	-50.6954
BLOCK16/SES169/SA169S27	SES144	-1.5321	-52.2275	-50.6954
BLOCK16/SES169/SA169S27	SES146	-0.460613	-51.156	-50.6954
BLOCK16/SES169/SA169S29	SES144	-0.828075	-51.0156	-50.1876
BLOCK16/SES169/SA169S29	SES162	-1.19085	-51.3784	-50.1876
BLOCK16/SES169/SA169S29	SES177	-2.41879	-52.6064	-50.1876
BLOCK16/SES169/SA169S29	SES180	-1.20874	-51.3963	-50.1876
BLOCK17/SES171/SA171S12	SES083	-1.79629	-53.2175	-51.4213
BLOCK17/SES171/SA171S12	SES148	-1.7991	-53.2204	-51.4213
BLOCK17/SES171/SA171S12	SES172	-1.93892	-53.3602	-51.4213
BLOCK17/SES171/SA171S12	SES292	-2.76531	-54.1866	-51.4213
BLOCK17/SES171/SA171S15	SES148	-2.24367	-53.8365	-51.5928
BLOCK17/SES171/SA171S15	SES177	-1.94957	-53.5424	-51.5928
BLOCK17/SES171/SA171S15	SES180	-3.47428	-55.0671	-51.5928
BLOCK17/SES171/SA171S15	SES292	-4.24165	-55.8345	-51.5928
BLOCK17/SES171/SA171S22	SES007	-1.96308	-52.702	-50.7389
BLOCK17/SES171/SA171S22	SES148	-1.14879	-51.8877	-50.7389
BLOCK17/SES171/SA171S22	SES177	-0.801617	-51.5406	-50.7389
BLOCK17/SES171/SA171S22	SES180	-1.59612	-52.3351	-50.7389
BLOCK17/SES171/SA171S25	SES101	-2.76937	-54.0365	-51.2672
BLOCK17/SES171/SA171S25	SES120	-3.23278	-54.4999	-51.2672
BLOCK17/SES171/SA171S25	SES177	-1.5169	-52.784	-51.2672
BLOCK17/SES171/SA171S25	SES180	-3.14201	-54.4092	-51.2672
BLOCK17/SES171/SA171S27	SES177	-0.895088	-51.9058	-51.0107
BLOCK17/SES171/SA171S27	SES180	-2.08562	-53.0963	-51.0107
BLOCK17/SES171/SA171S27	SES189	-0.85268	-51.8634	-51.0107
BLOCK17/SES171/SA171S27	SES292	-3.28259	-54.2933	-51.0107
BLOCK17/SES173/SA173S13	SES162	-2.97706	-55.0661	-52.0891
BLOCK17/SES173/SA173S13	SES177	-3.13767	-55.2267	-52.0891
BLOCK17/SES173/SA173S13	SES180	-2.93391	-55.023	-52.0891
BLOCK17/SES173/SA173S13	SES292	-3.02659	-55.1157	-52.0891
BLOCK17/SES173/SA173S14	SES007	-3.95543	-56.6304	-52.6749
BLOCK17/SES173/SA173S14	SES162	-2.96397	-55.6389	-52.6749
BLOCK17/SES173/SA173S14	SES177	-1.8229	-54.4978	-52.6749
BLOCK17/SES173/SA173S14	SES180	-3.24739	-55.9223	-52.6749
BLOCK17/SES173/SA173S24	SES144	-1.73851	-54.6869	-52.9484
BLOCK17/SES173/SA173S24	SES162	-3.07208	-56.0205	-52.9484
BLOCK17/SES173/SA173S24	SES177	-2.10956	-55.058	-52.9484
BLOCK17/SES173/SA173S24	SES180	-2.68531	-55.6337	-52.9484
BLOCK17/SES173/SA173S27	SES162	-3.29864	-55.2545	-51.9559
BLOCK17/SES173/SA173S27	SES177	-2.56154	-54.5174	-51.9559
BLOCK17/SES173/SA173S27	SES180	-2.34201	-54.2979	-51.9559
BLOCK17/SES173/SA173S27	SES292	-3.51052	-55.4664	-51.9559
BLOCK17/SES173/SA173S29	SES162	-2.92572	-55.0612	-52.1354
BLOCK17/SES173/SA173S29	SES175	-0.835148	-52.9706	-52.1354
BLOCK17/SES173/SA173S29	SES177	-1.59701	-53.7324	-52.1354
BLOCK17/SES173/SA173S29	SES292	-3.53743	-55.6729	-52.1354
BLOCK18/SES182/SA182S10	SES144	-1.19741	-51.6804	-50.483
BLOCK18/SES182/SA182S10	SES177	-1.7698	-52.2528	-50.483
BLOCK18/SES182/SA182S10	SES180	-2.29354	-52.7765	-50.483
BLOCK18/SES182/SA182S10	SES275	-0.630363	-51.1133	-50.483
BLOCK18/SES182/SA182S12	SES144	-0.78503	-51.1822	-50.3972
BLOCK18/SES182/SA182S12	SES177	-1.30933	-51.7065	-50.3972
BLOCK18/SES182/SA182S12	SES180	-0.989712	-51.3869	-50.3972
BLOCK18/SES182/SA182S12	SES275	-1.82512	-52.2223	-50.3972
BLOCK18/SES182/SA182S21	SES117	-2.02776	-53.2867	-51.2589
BLOCK18/SES182/SA182S21	SES144	-1.59174	-52.8506	-51.2589
BLOCK18/SES182/SA182S21	SES162	-1.00233	-52.2612	-51.2589
BLOCK18/SES182/SA182S21	SES180	-1.87851	-53.1374	-51.2589
BLOCK18/SES182/SA182S23	SES117	-1.41323	-52.267	-50.8538
BLOCK18/SES182/SA182S23	SES144	-1.50705	-52.3608	-50.8538
BLOCK18/SES182/SA182S23	SES180	-1.89192	-52.7457	-50.8538
BLOCK18/SES182/SA182S23	SES275	-1.52855	-52.3823	-50.8538
BLOCK18/SES182/SA182S25	SES007	-1.21861	-51.7665	-50.5479
BLOCK18/SES182/SA182S25	SES162	-1.02084	-51.5687	-50.5479
BLOCK18/SES182/SA182S25	SES177	-0.988861	-51.5368	-50.5479
BLOCK18/SES182/SA182S25	SES180	-1.60026	-52.1482	-50.5479
BLOCK18/SES184/SA184S12	SES177	-1.7558	-52.6016	-50.8458
BLOCK18/SES184/SA184S12	SES180	-1.44467	-52.2905	-50.8458
BLOCK18/SES184/SA184S12	SES189	-2.32964	-53.1755	-50.8458
BLOCK18/SES184/SA184S12	SES292	-2.35239	-53.1982	-50.8458
BLOCK18/SES184/SA184S13	SES101	-2.00629	-52.8408	-50.8346
BLOCK18/SES184/SA184S13	SES177	-1.56232	-52.3969	-50.8346
BLOCK18/SES184/SA184S13	SES180	-2.0406	-52.8752	-50.8346
BLOCK18/SES184/SA184S13	SES292	-1.86866	-52.7032	-50.8346
BLOCK18/SES184/SA184S22	SES177	-1.4428	-51.3787	-49.9359
BLOCK18/SES184/SA184S22	SES180	-2.11185	-52.0477	-49.9359
BLOCK18/SES184/SA184S22	SES189	-2.49176	-52.4276	-49.9359
BLOCK18/SES184/SA184S22	SES292	-2.1318	-52.0677	-49.9359
BLOCK18/SES184/SA184S25	SES101	-1.17995	-50.8311	-49.6511
BLOCK18/SES184/SA184S25	SES177	-1.58007	-51.2312	-49.6511
BLOCK18/SES184/SA184S25	SES180	-1.32943	-50.9805	-49.6511
BLOCK18/SES184/SA184S25	SES292	-0.827614	-50.4787	-49.6511
BLOCK18/SES184/SA184S27	SES083	-1.7234	-52.2293	-50.5059
BLOCK18/SES184/SA184S27	SES177	-1.3496	-51.8555	-50.5059
BLOCK18/SES184/SA184S27	SES202	-2.77729	-53.2832	-50.5059
BLOCK18/SES184/SA184S27	SES292	-1.28334	-51.7892	-50.5059
BLOCK20/SES204/SA204S12	SES062	-2.02931	-51.464	-49.4347
BLOCK20/SES204/SA204S12	SES083	-2.32902	-51.7638	-49.4347
BLOCK20/SES204/SA204S12	SES206	-0.745113	-50.1799	-49.4347
BLOCK20/SES204/SA204S12	SES226	-1.78106	-51.2158	-49.4347
BLOCK20/SES204/SA204S14	SES068	-2.76677	-51.21	-48.4432
BLOCK20/SES204/SA204S14	SES087	-0.61879	-49.062	-48.4432
BLOCK20/SES204/SA204S14	SES206	-1.29549	-49.7387	-48.4432
BLOCK20/SES204/SA204S14	SES226	-1.7823	-50.2255	-48.4432
BLOCK20/SES204/SA204S22	SES068	-3.54762	-52.8464	-49.2988
BLOCK20/SES204/SA204S22	SES082	-2.79364	-52.0925	-49.2988
BLOCK20/SES204/SA204S22	SES083	-3.16634	-52.4652	-49.2988
BLOCK20/SES204/SA204S22	SES206	-1.24683	-50.5457	-49.2988
BLOCK20/SES204/SA204S25	SES062	-2.94281	-52.2166	-49.2738
BLOCK20/SES204/SA204S25	SES083	-3.09052	-52.3643	-49.2738
BLOCK20/SES204/SA204S25	SES206	-1.17348	-50.4472	-49.2738
BLOCK20/SES204/SA204S25	SES226	-1.94713	-51.2209	-49.2738
BLOCK20/SES204/SA204S27	SES068	-4.22424	-53.8846	-49.6604
BLOCK20/SES204/SA204S27	SES082	-2.14618	-51.8065	-49.6604
BLOCK20/SES204/SA204S27	SES087	-1.02542	-50.6858	-49.6604
BLOCK20/SES204/SA204S27	SES206	-0.780804	-50.4412	-49.6604
BLOCK20/SES207/SA207S10	SES127	-1.46906	-52.4122	-50.9432
BLOCK20/SES207/SA207S10	SES183	-1.92722	-52.8704	-50.9432
BLOCK20/SES207/SA207S10	SES189	-1.63105	-52.5742	-50.9432
BLOCK20/SES207/SA207S10	SES292	-2.15742	-53.1006	-50.9432
BLOCK20/SES207/SA207S11	SES127	-2.95871	-53.4351	-50.4764
BLOCK20/SES207/SA207S11	SES183	-2.35786	-52.8343	-50.4764
BLOCK20/SES207/SA207S11	SES187	-1.05165	-51.5281	-50.4764
BLOCK20/SES207/SA207S11	SES292	-1.78708	-52.2635	-50.4764
BLOCK20/SES207/SA207S25	SES068	-1.98147	-52.8954	-50.9139
BLOCK20/SES207/SA207S25	SES083	-2.40688	-53.3208	-50.9139
BLOCK20/SES207/SA207S25	SES127	-1.28727	-52.2012	-50.9139
BLOCK20/SES207/SA207S25	SES187	-0.61842	-51.5323	-50.9139
BLOCK20/SES207/SA207S27	SES127	-1.71983	-53.1395	-51.4196
BLOCK20/SES207/SA207S27	SES183	-0.723392	-52.143	-51.4196
BLOCK20/SES207/SA207S27	SES187	-1.225	-52.6446	-51.4196
BLOCK20/SES207/SA207S27	SES292	-2.13013	-53.5497	-51.4196
BLOCK20/SES207/SA207S29	SES083	-2.13647	-52.6602	-50.5237
BLOCK20/SES207/SA207S29	SES085	-1.36236	-51.8861	-50.5237
BLOCK20/SES207/SA207S29	SES172	-1.73291	-52.2566	-50.5237
BLOCK20/SES207/SA207S29	SES189	-1.90399	-52.4277	-50.5237
BLOCK22/SES221/SA221S12	SES068	-2.11967	-52.6979	-50.5783
BLOCK22/SES221/SA221S12	SES143	-2.16571	-52.744	-50.5783
BLOCK22/SES221/SA221S12	SES175	-1.01866	-51.5969	-50.5783
BLOCK22/SES221/SA221S12	SES202	-0.705647	-51.2839	-50.5783
BLOCK22/SES221/SA221S15	SES085	-3.44174	-55.1344	-51.6927
BLOCK22/SES221/SA221S15	SES143	-3.41463	-55.1073	-51.6927
BLOCK22/SES221/SA221S15	SES175	-1.49473	-53.1874	-51.6927
BLOCK22/SES221/SA221S15	SES187	-1.4955	-53.1882	-51.6927
BLOCK22/SES221/SA221S23	SES068	-3.26351	-54.2627	-50.9992
BLOCK22/SES221/SA221S23	SES143	-2.29828	-53.2975	-50.9992
BLOCK22/SES221/SA221S23	SES175	-0.373146	-51.3723	-50.9992
BLOCK22/SES221/SA221S23	SES189	0.332443	-50.6667	-50.9992
BLOCK22/SES221/SA221S27	SES085	-4.71174	-55.4254	-50.7137
BLOCK22/SES221/SA221S27	SES143	-1.78186	-52.4956	-50.7137
BLOCK22/SES221/SA221S27	SES175	-1.00882	-51.7225	-50.7137
BLOCK22/SES221/SA221S27	SES189	0.26685	-50.4468	-50.7137
BLOCK22/SES221/SA221S29	SES085	-5.5442	-57.4878	-51.9436
BLOCK22/SES221/SA221S29	SES143	-2.86662	-54.8102	-51.9436
BLOCK22/SES221/SA221S29	SES175	-1.34745	-53.291	-51.9436
BLOCK22/SES221/SA221S29	SES187	-0.888584	-52.8322	-51.9436
BLOCK22/SES223/SA223S11	SES143	-1.56353	-53.6631	-52.0996
BLOCK22/SES223/SA223S11	SES144	-2.70027	-54.7999	-52.0996
BLOCK22/SES223/SA223S11	SES175	-0.924622	-53.0242	-52.0996
BLOCK22/SES223/SA223S11	SES187	-1.11563	-53.2152	-52.0996
BLOCK22/SES223/SA223S13	SES068	-2.51327	-55.2857	-52.7724
BLOCK22/SES223/SA223S13	SES143	-2.4585	-55.2309	-52.7724
BLOCK22/SES223/SA223S13	SES146	-3.42207	-56.1945	-52.7724
BLOCK22/SES223/SA223S13	SES202	-1.69528	-54.4677	-52.7724
BLOCK22/SES223/SA223S22	SES143	-1.6769	-53.1841	-51.5072
BLOCK22/SES223/SA223S22	SES144	-2.52141	-54.0286	-51.5072
BLOCK22/SES223/SA223S22	SES175	-1.49723	-53.0044	-51.5072
BLOCK22/SES223/SA223S22	SES187	-1.24282	-52.75	-51.5072
BLOCK22/SES223/SA223S25	SES068	-2.6924	-54.5519	-51.8595
BLOCK22/SES223/SA223S25	SES143	-2.14845	-54.0079	-51.8595
BLOCK22/SES223/SA223S25	SES175	-1.09982	-52.9593	-51.8595
BLOCK22/SES223/SA223S25	SES187	-1.16542	-53.0249	-51.8595
BLOCK22/SES223/SA223S27	SES143	-1.70709	-53.3605	-51.6534
BLOCK22/SES223/SA223S27	SES146	-2.61125	-54.2647	-51.6534
BLOCK22/SES223/SA223S27	SES187	-0.897469	-52.5509	-51.6534
BLOCK22/SES223/SA223S27	SES292	-2.40838	-54.0618	-51.6534
BLOCK27/SES273/SA273S12	SES099	-0.0895233	-48.4276	-48.3381
BLOCK27/SES273/SA273S12	SES104	-0.886124	-49.2242	-48.3381
BLOCK27/SES273/SA273S12	SES125	-0.573811	-48.9119	-48.3381
BLOCK27/SES273/SA273S12	SES206	-0.2216	-48.5597	-48.3381
BLOCK27/SES273/SA273S13	SES099	-0.995125	-49.1951	-48.1999
BLOCK27/SES273/SA273S13	SES104	-0.979656	-49.1796	-48.1999
BLOCK27/SES273/SA273S13	SES206	-0.86087	-49.0608	-48.1999
BLOCK27/SES273/SA273S13	SES292	-3.50611	-51.706	-48.1999
BLOCK27/SES273/SA273S21	SES099	-0.156216	-48.462	-48.3058
BLOCK27/SES273/SA273S21	SES148	-3.54247	-51.8483	-48.3058
BLOCK27/SES273/SA273S21	SES149	-0.332947	-48.6387	-48.3058
BLOCK27/SES273/SA273S21	SES177	-3.84955	-52.1553	-48.3058
BLOCK27/SES273/SA273S25	SES104	-1.01326	-49.7416	-48.7283
BLOCK27/SES273/SA273S25	SES125	-0.796124	-49.5244	-48.7283
BLOCK27/SES273/SA273S25	SES158	-1.08873	-49.817	-48.7283
BLOCK27/SES273/SA273S25	SES206	-0.0652008	-48.7935	-48.7283
BLOCK27/SES273/SA273S27	SES099	-0.439301	-49.0781	-48.6388
BLOCK27/SES273/SA273S27	SES104	-1.07816	-49.717	-48.6388
BLOCK27/SES273/SA273S27	SES149	-0.369946	-49.0088	-48.6388
BLOCK27/SES273/SA273S27	SES275	-1.80733	-50.4461	-48.6388
BLOCK27/SES274/SA274S10	SES105	-1.88031	-50.7272	-48.8469
BLOCK27/SES274/SA274S10	SES125	-1.22604	-50.073	-48.8469
BLOCK27/SES274/SA274S10	SES129	-1.46103	-50.3079	-48.8469
BLOCK27/SES274/SA274S10	SES158	-1.71778	-50.5647	-48.8469
BLOCK27/SES274/SA274S11	SES105	-2.35894	-51.3127	-48.9538
BLOCK27/SES274/SA274S11	SES149	-1.01427	-49.968	-48.9538
BLOCK27/SES274/SA274S11	SES158	-1.219	-50.1728	-48.9538
BLOCK27/SES274/SA274S11	SES275	-2.38506	-51.3388	-48.9538
BLOCK27/SES274/SA274S21	SES105	-1.88887	-51.4968	-49.6079
BLOCK27/SES274/SA274S21	SES129	-1.59071	-51.1986	-49.6079
BLOCK27/SES274/SA274S21	SES149	-1.07545	-50.6833	-49.6079
BLOCK27/SES274/SA274S21	SES158	-1.94808	-51.556	-49.6079
BLOCK27/SES274/SA274S24	SES105	-2.44282	-51.3772	-48.9344
BLOCK27/SES274/SA274S24	SES129	-2.68962	-51.624	-48.9344
BLOCK27/SES274/SA274S24	SES149	-1.43272	-50.3671	-48.9344
BLOCK27/SES274/SA274S24	SES158	-2.18423	-51.1186	-48.9344
BLOCK27/SES274/SA274S29	SES105	-2.61546	-51.8966	-49.2811
BLOCK27/SES274/SA274S29	SES106	-2.05772	-51.3388	-49.2811
BLOCK27/SES274/SA274S29	SES120	-2.49852	-51.7796	-49.2811
BLOCK27/SES274/SA274S29	SES275	-2.27701	-51.5581	-49.2811
BLOCK27/SES276/SA276S16	SES148	-1.5307	-52.2543	-50.7236
BLOCK27/SES276/SA276S16	SES172	-2.17413	-52.8977	-50.7236
BLOCK27/SES276/SA276S16	SES180	-2.82399	-53.5476	-50.7236
BLOCK27/SES276/SA276S16	SES292	-1.23287	-51.9564	-50.7236
BLOCK27/SES276/SA276S17	SES101	-1.37265	-51.7314	-50.3588
BLOCK27/SES276/SA276S17	SES177	-1.81847	-52.1773	-50.3588
BLOCK27/SES276/SA276S17	SES180	-1.98243	-52.3412	-50.3588
BLOCK27/SES276/SA276S17	SES292	-1.88275	-52.2415	-50.3588
BLOCK27/SES276/SA276S24	SES101	-0.753227	-50.3676	-49.6144
BLOCK27/SES276/SA276S24	SES177	-1.14339	-50.7578	-49.6144
BLOCK27/SES276/SA276S24	SES180	-1.29823	-50.9126	-49.6144
BLOCK27/SES276/SA276S24	SES292	-1.76225	-51.3766	-49.6144
BLOCK27/SES276/SA276S26	SES101	-1.80385	-51.5734	-49.7696
BLOCK27/SES276/SA276S26	SES177	-1.36198	-51.1316	-49.7696
BLOCK27/SES276/SA276S26	SES180	-1.44356	-51.2131	-49.7696
BLOCK27/SES276/SA276S26	SES292	-1.08014	-50.8497	-49.7696
BLOCK27/SES276/SA276S28	SES101	-1.94174	-51.8417	-49.9
BLOCK27/SES276/SA276S28	SES177	-1.7828	-51.6828	-49.9
BLOCK27/SES276/SA276S28	SES180	-1.19718	-51.0972	-49.9
BLOCK27/SES276/SA276S28	SES292	-1.98243	-51.8824	-49.9
BLOCK27/SES277/SA277S12	SES101	-1.15999	-52.3868	-51.2268
BLOCK27/SES277/SA277S12	SES177	-2.34798	-53.5747	-51.2268
BLOCK27/SES277/SA277S12	SES180	-2.44428	-53.671	-51.2268
BLOCK27/SES277/SA277S12	SES292	-3.29855	-54.5253	-51.2268
BLOCK27/SES277/SA277S14	SES177	-1.33425	-53.0514	-51.7171
BLOCK27/SES277/SA277S14	SES180	-1.91824	-53.6354	-51.7171
BLOCK27/SES277/SA277S14	SES189	-0.842403	-52.5595	-51.7171
BLOCK27/SES277/SA277S14	SES292	-4.30984	-56.027	-51.7171
BLOCK27/SES277/SA277S21	SES177	-0.973469	-51.2994	-50.326
BLOCK27/SES277/SA277S21	SES180	-1.96179	-52.2878	-50.326
BLOCK27/SES277/SA277S21	SES189	-0.982319	-51.3083	-50.326
BLOCK27/SES277/SA277S21	SES292	-2.74941	-53.0754	-50.326
BLOCK27/SES277/SA277S24	SES144	-1.45488	-53.0847	-51.6298
BLOCK27/SES277/SA277S24	SES177	-1.4165	-53.0463	-51.6298
BLOCK27/SES277/SA277S24	SES180	-2.61921	-54.249	-51.6298
BLOCK27/SES277/SA277S24	SES189	-1.36817	-52.998	-51.6298
BLOCK27/SES277/SA277S29	SES177	-0.793777	-50.2332	-49.4395
BLOCK27/SES277/SA277S29	SES180	-1.51955	-50.959	-49.4395
BLOCK27/SES277/SA277S29	SES202	-1.64048	-51.08	-49.4395
BLOCK27/SES277/SA277S29	SES292	-2.268	-51.7075	-49.4395
BLOCK27/SES279/SA279S09	SES120	-1.54039	-51.1978	-49.6574
BLOCK27/SES279/SA279S09	SES146	-1.18364	-50.8411	-49.6574
BLOCK27/SES279/SA279S09	SES206	-2.27413	-51.9316	-49.6574
BLOCK27/SES279/SA279S09	SES226	-2.68904	-52.3465	-49.6574
BLOCK27/SES279/SA279S10	SES099	-1.12545	-50.4064	-49.281
BLOCK27/SES279/SA279S10	SES206	-1.85765	-51.1386	-49.281
BLOCK27/SES279/SA279S10	SES226	-2.36625	-51.6472	-49.281
BLOCK27/SES279/SA279S10	SES292	-1.38842	-50.6694	-49.281
BLOCK27/SES279/SA279S20	SES099	-1.8767	-51.5159	-49.6392
BLOCK27/SES279/SA279S20	SES206	-1.54091	-51.1801	-49.6392
BLOCK27/SES279/SA279S20	SES226	-2.61176	-52.2509	-49.6392
BLOCK27/SES279/SA279S20	SES292	-0.70945	-50.3486	-49.6392
BLOCK27/SES279/SA279S26	SES099	-1.43707	-51.2255	-49.7884
BLOCK27/SES279/SA279S26	SES206	-1.36506	-51.1535	-49.7884
BLOCK27/SES279/SA279S26	SES226	-1.72457	-51.513	-49.7884
BLOCK27/SES279/SA279S26	SES292	-1.37218	-51.1606	-49.7884
BLOCK27/SES279/SA279S28	SES099	-2.13357	-50.3967	-48.2631
BLOCK27/SES279/SA279S28	SES120	-1.67583	-49.9389	-48.2631
BLOCK27/SES279/SA279S28	SES177	-3.30063	-51.5637	-48.2631
BLOCK27/SES279/SA279S28	SES206	-2.76144	-51.0245	-48.2631
BLOCK29/SES290/SA290S12	SES162	-2.28295	-52.5229	-50.24
BLOCK29/SES290/SA290S12	SES177	-1.72137	-51.9613	-50.24
BLOCK29/SES290/SA290S12	SES180	-1.8097	-52.0497	-50.24
BLOCK29/SES290/SA290S12	SES292	-3.1761	-53.4161	-50.24
BLOCK29/SES290/SA290S13	SES007	-3.88525	-55.0399	-51.1546
BLOCK29/SES290/SA290S13	SES162	-2.7654	-53.92	-51.1546
BLOCK29/SES290/SA290S13	SES177	-0.976082	-52.1307	-51.1546
BLOCK29/SES290/SA290S13	SES180	-1.36872	-52.5233	-51.1546
BLOCK29/SES290/SA290S22	SES177	-0.837662	-51.3283	-50.4906
BLOCK29/SES290/SA290S22	SES180	-0.972309	-51.4629	-50.4906
BLOCK29/SES290/SA290S22	SES202	-1.54837	-52.039	-50.4906
BLOCK29/SES290/SA290S22	SES292	-3.0997	-53.5903	-50.4906
BLOCK29/SES290/SA290S25	SES162	-1.60715	-51.8536	-50.2464
BLOCK29/SES290/SA290S25	SES177	-0.908371	-51.1548	-50.2464
BLOCK29/SES290/SA290S25	SES180	-1.1604	-51.4068	-50.2464
BLOCK29/SES290/SA290S25	SES292	-1.73082	-51.9773	-50.2464
BLOCK29/SES290/SA290S29	SES177	-0.279865	-50.3492	-50.0693
BLOCK29/SES290/SA290S29	SES180	-0.775902	-50.8452	-50.0693
BLOCK29/SES290/SA290S29	SES275	-2.13748	-52.2068	-50.0693
BLOCK29/SES290/SA290S29	SES292	-2.12294	-52.1922	-50.0693
BLOCK29/SES291/SA291S11	SES105	-3.90287	-53.9523	-50.0495
BLOCK29/SES291/SA291S11	SES125	-1.14258	-51.1921	-50.0495
BLOCK29/SES291/SA291S11	SES158	-1.66652	-51.716	-50.0495
BLOCK29/SES291/SA291S11	SES275	-4.63816	-54.6876	-50.0495
BLOCK29/SES291/SA291S12	SES158	-0.730389	-49.9451	-49.2147
BLOCK29/SES291/SA291S12	SES226	-1.48518	-50.6999	-49.2147
BLOCK29/SES291/SA291S12	SES270	-0.336082	-49.5508	-49.2147
BLOCK29/SES291/SA291S12	SES275	-5.62023	-54.8349	-49.2147
BLOCK29/SES291/SA291S22	SES082	-0.757004	-49.9782	-49.2212
BLOCK29/SES291/SA291S22	SES158	-1.21809	-50.4393	-49.2212
BLOCK29/SES291/SA291S22	SES259	-1.7321	-50.9533	-49.2212
BLOCK29/SES291/SA291S22	SES275	-4.04953	-53.2707	-49.2212
BLOCK29/SES291/SA291S24	SES104	-0.672859	-49.1138	-48.441
BLOCK29/SES291/SA291S24	SES125	-0.214447	-48.6554	-48.441
BLOCK29/SES291/SA291S24	SES158	-0.521049	-48.962	-48.441
BLOCK29/SES291/SA291S24	SES275	-4.33749	-52.7785	-48.441
BLOCK29/SES291/SA291S27	SES158	-0.431389	-49.1779	-48.7465
BLOCK29/SES291/SA291S27	SES172	-6.06611	-54.8126	-48.7465
BLOCK29/SES291/SA291S27	SES275	-4.46331	-53.2098	-48.7465
BLOCK29/SES291/SA291S27	SES292	-4.10282	-52.8493	-48.7465
